#
# A fatal error has been detected by the Java Runtime Environment:
#
#  SIGSEGV (0xb) at pc=0x00007fffdbcf305d, pid=3193, tid=0x0000000000000307
#
# JRE version: Java(TM) SE Runtime Environment (8.0_144-b01) (build 1.8.0_144-b01)
# Java VM: Java HotSpot(TM) 64-Bit Server VM (25.144-b01 mixed mode bsd-amd64 compressed oops)
# Problematic frame:
# C  [libobjc.A.dylib+0x705d]  objc_msgSend+0x1d
#
# Failed to write core dump. Core dumps have been disabled. To enable core dumping, try "ulimit -c unlimited" before starting Java again
#
# If you would like to submit a bug report, please visit:
#   http://bugreport.java.com/bugreport/crash.jsp
# The crash happened outside the Java Virtual Machine in native code.
# See problematic frame for where to report the bug.
#

---------------  T H R E A D  ---------------

Current thread (0x00007fe4731aa800):  JavaThread "AppKit Thread" daemon [_thread_in_native, id=775, stack(0x00007fff50c28000,0x00007fff51428000)]

siginfo: si_signo: 11 (SIGSEGV), si_code: 1 (SEGV_MAPERR), si_addr: 0x0000073000010020

Registers:
RAX=0x00007fe472cbe7d0, RBX=0x00007fe472eb3460, RCX=0x00007fe472c78df0, RDX=0x00007fe472cbe7d0
RSP=0x00007fff51422f58, RBP=0x00007fff51422f60, RSI=0x00007fffc55df843, RDI=0x00007fe472c78df0
R8 =0x000000000000003f, R9 =0x00007fe472ea9410, R10=0x0000073000010008, R11=0x00007fffc55df843
R12=0x0000000000000000, R13=0x00007fe472ea9410, R14=0x00007fe472cbe7d0, R15=0x0000000000000000
RIP=0x00007fffdbcf305d, EFLAGS=0x0000000000010202, ERR=0x0000000000000004
  TRAPNO=0x000000000000000e

Top of Stack: (sp=0x00007fff51422f58)
0x00007fff51422f58:   00007fffc6e7545c 00007fff51422fd0
0x00007fff51422f68:   00007fffc6e7535b 0000000000000000
0x00007fff51422f78:   00007fffe54e3060 00000000c2000000
0x00007fff51422f88:   00007fffc6e753b0 00007fffe1d58680
0x00007fff51422f98:   00007fe472ea9410 00007fe472cbe7d0
0x00007fff51422fa8:   00007fff51423798 00007fffdbcf3040
0x00007fff51422fb8:   00007fff514230a0 00007fe472ea9410
0x00007fff51422fc8:   00007fffc557705a 00007fff51423010
0x00007fff51422fd8:   00007fffc6e750c2 00007fff514235e0
0x00007fff51422fe8:   0000000000000001 00007fffdbcf3040
0x00007fff51422ff8:   00007fff514230a0 00007fff51423798
0x00007fff51423008:   00007fffc557705a 00007fff51423730
0x00007fff51423018:   00007fffc6e32523 0000000000000004
0x00007fff51423028:   0000000200000e80 0000000000000040
0x00007fff51423038:   000000010e7f8e00 00007fe472d0dd10
0x00007fff51423048:   00007fffe1d59cb0 0000000000000000
0x00007fff51423058:   00007fe4731b50d0 00007fe472d0dd01
0x00007fff51423068:   00007fe472eb8c60 00007fffe1e8c0e0
0x00007fff51423078:   0000000000000000 0000000000000000
0x00007fff51423088:   0000000000000000 00007fe472eb97c0
0x00007fff51423098:   00007fffe1d98900 00007fff514235e0
0x00007fff514230a8:   0000000000000002 0000000000000100
0x00007fff514230b8:   00007fe472e8c900 00007fff514234e0
0x00007fff514230c8:   0000000000000000 0000000000000100
0x00007fff514230d8:   00007fffe5450400 00007fff51423100
0x00007fff514230e8:   00007fffdbcf5591 0000000000000000
0x00007fff514230f8:   00007fe472e8c9e0 00007fff51423130
0x00007fff51423108:   00007fffc6e75d0c ffff801b8d173620
0x00007fff51423118:   00007fe472e8c9e0 00007fffe1e89640
0x00007fff51423128:   00007fe472e8c9e0 00007fff51423160
0x00007fff51423138:   00007fffc6e75d58 00000000000009c0
0x00007fff51423148:   ffff801b8d3a79c0 00007fe472c58640 

Instructions: (pc=0x00007fffdbcf305d)
0x00007fffdbcf303d:   0f 1f 00 48 85 ff 2e 74 62 40 f6 c7 01 2e 75 66
0x00007fffdbcf304d:   49 ba f8 ff ff ff ff 7f 00 00 4c 23 17 49 89 f3
0x00007fffdbcf305d:   45 23 5a 18 49 c1 e3 04 4d 03 5a 10 49 3b 33 75
0x00007fffdbcf306d:   04 41 ff 63 08 49 83 3b 01 76 0d 49 83 c3 10 49 

Register to memory mapping:

RAX=0x00007fe472cbe7d0 is an unknown value
RBX=0x00007fe472eb3460 is an unknown value
RCX=0x00007fe472c78df0 is an unknown value
RDX=0x00007fe472cbe7d0 is an unknown value
RSP=0x00007fff51422f58 is pointing into the stack for thread: 0x00007fe4731aa800
RBP=0x00007fff51422f60 is pointing into the stack for thread: 0x00007fe4731aa800
RSI=0x00007fffc55df843: __NSStyleNameIndexTable+0xe048b in /System/Library/Frameworks/AppKit.framework/Versions/C/AppKit at 0x00007fffc4912000
RDI=0x00007fe472c78df0 is an unknown value
R8 =0x000000000000003f is an unknown value
R9 =0x00007fe472ea9410 is an unknown value
R10=0x0000073000010008 is an unknown value
R11=0x00007fffc55df843: __NSStyleNameIndexTable+0xe048b in /System/Library/Frameworks/AppKit.framework/Versions/C/AppKit at 0x00007fffc4912000
R12=0x0000000000000000 is an unknown value
R13=0x00007fe472ea9410 is an unknown value
R14=0x00007fe472cbe7d0 is an unknown value
R15=0x0000000000000000 is an unknown value


Stack: [0x00007fff50c28000,0x00007fff51428000],  sp=0x00007fff51422f58,  free space=8171k
Native frames: (J=compiled Java code, j=interpreted, Vv=VM code, C=native code)
C  [libobjc.A.dylib+0x705d]  objc_msgSend+0x1d
C  [CoreFoundation+0x9d35b]  _CFXRegistrationPost+0x1ab
C  [CoreFoundation+0x9d0c2]  ___CFXNotificationPost_block_invoke+0x32
C  [CoreFoundation+0x5a523]  -[_CFXNotificationRegistrar find:object:observer:enumerator:]+0x723
C  [CoreFoundation+0x5955c]  _CFXNotificationPost+0x25c
C  [Foundation+0x6677]  -[NSNotificationCenter postNotificationName:object:userInfo:]+0x42
C  [AppKit+0x24ee3b]  -[NSSurface _disposeSurface]+0x98
C  [AppKit+0x24e9ea]  -[NSSurface setWindow:]+0x35
C  [AppKit+0x28960]  -[NSView _setWindow:]+0xa0f
C  [AppKit+0x2b587]  -[NSView removeFromSuperview]+0x1d1
C  [AppKit+0x14cd60]  -[NSView removeFromSuperviewWithoutNeedingDisplay]+0x26
C  [liblwjgl.dylib+0xa205]  +[MacOSXKeyableWindow destroyWindow]+0xb5
C  [Foundation+0x7152a]  __NSThreadPerformPerform+0x146
C  [CoreFoundation+0xa7321]  __CFRUNLOOP_IS_CALLING_OUT_TO_A_SOURCE0_PERFORM_FUNCTION__+0x11
C  [CoreFoundation+0x8821d]  __CFRunLoopDoSources0+0x22d
C  [CoreFoundation+0x87716]  __CFRunLoopRun+0x3a6
C  [CoreFoundation+0x87114]  CFRunLoopRunSpecific+0x1a4
C  [HIToolbox+0x30ebc]  RunCurrentEventLoopInMode+0xf0
C  [HIToolbox+0x30cf1]  ReceiveNextEventCommon+0x1b0
C  [HIToolbox+0x30b26]  _BlockUntilNextEventMatchingListInModeWithFilter+0x47
C  [AppKit+0x46a54]  _DPSNextEvent+0x460
C  [AppKit+0x7c27ee]  -[NSApplication(NSEvent) _nextEventMatchingEventMask:untilDate:inMode:dequeue:]+0xaec
C  [libosxapp.dylib+0x23aa]  -[NSApplicationAWT nextEventMatchingMask:untilDate:inMode:dequeue:]+0x7c
C  [AppKit+0x3b3db]  -[NSApplication run]+0x39e
C  [libosxapp.dylib+0x214d]  +[NSApplicationAWT runAWTLoopWithApp:]+0x9c
C  [libawt_lwawt.dylib+0x45edf]  -[AWTStarter starter:]+0x389
C  [Foundation+0x7152a]  __NSThreadPerformPerform+0x146
C  [CoreFoundation+0xa7321]  __CFRUNLOOP_IS_CALLING_OUT_TO_A_SOURCE0_PERFORM_FUNCTION__+0x11
C  [CoreFoundation+0x8821d]  __CFRunLoopDoSources0+0x22d
C  [CoreFoundation+0x87716]  __CFRunLoopRun+0x3a6
C  [CoreFoundation+0x87114]  CFRunLoopRunSpecific+0x1a4
C  [java+0x6465]  CreateExecutionEnvironment+0x367
C  [java+0x218c]  JLI_Launch+0x7a0
C  [java+0x84c2]  main+0x65
C  [java+0x19e4]  start+0x34
C  0x0000000000000006


---------------  P R O C E S S  ---------------

Java Threads: ( => current thread )
  0x00007fe474b18000 JavaThread "AWT-Shutdown" [_thread_blocked, id=29379, stack(0x00007000065df000,0x00007000066df000)]
=>0x00007fe4731aa800 JavaThread "AppKit Thread" daemon [_thread_in_native, id=775, stack(0x00007fff50c28000,0x00007fff51428000)]
  0x00007fe47386c800 JavaThread "Service Thread" daemon [_thread_blocked, id=18691, stack(0x000070000738c000,0x000070000748c000)]
  0x00007fe47402b800 JavaThread "C1 CompilerThread2" daemon [_thread_blocked, id=18179, stack(0x0000700007289000,0x0000700007389000)]
  0x00007fe473844000 JavaThread "C2 CompilerThread1" daemon [_thread_blocked, id=17667, stack(0x0000700007186000,0x0000700007286000)]
  0x00007fe473842800 JavaThread "C2 CompilerThread0" daemon [_thread_blocked, id=17155, stack(0x0000700007083000,0x0000700007183000)]
  0x00007fe474032000 JavaThread "Signal Dispatcher" daemon [_thread_blocked, id=16643, stack(0x0000700006f80000,0x0000700007080000)]
  0x00007fe473031000 JavaThread "Finalizer" daemon [_thread_blocked, id=12547, stack(0x0000700006e7d000,0x0000700006f7d000)]
  0x00007fe47302e800 JavaThread "Reference Handler" daemon [_thread_blocked, id=12035, stack(0x0000700006d7a000,0x0000700006e7a000)]
  0x00007fe473801000 JavaThread "main" [_thread_in_native, id=7171, stack(0x0000700006768000,0x0000700006868000)]

Other Threads:
  0x00007fe47302a000 VMThread [stack: 0x0000700006c77000,0x0000700006d77000] [id=11523]
  0x00007fe47480e000 WatcherThread [stack: 0x000070000748f000,0x000070000758f000] [id=19203]

VM state:not at safepoint (normal execution)

VM Mutex/Monitor currently owned by a thread: None

Heap:
 PSYoungGen      total 37888K, used 30890K [0x0000000795580000, 0x0000000798580000, 0x00000007c0000000)
  eden space 32768K, 78% used [0x0000000795580000,0x0000000796eae110,0x0000000797580000)
  from space 5120K, 99% used [0x0000000797600000,0x0000000797afc8f0,0x0000000797b00000)
  to   space 8192K, 0% used [0x0000000797d80000,0x0000000797d80000,0x0000000798580000)
 ParOldGen       total 87552K, used 5887K [0x0000000740000000, 0x0000000745580000, 0x0000000795580000)
  object space 87552K, 6% used [0x0000000740000000,0x00000007405bfde8,0x0000000745580000)
 Metaspace       used 7608K, capacity 7751K, committed 8064K, reserved 1056768K
  class space    used 764K, capacity 826K, committed 896K, reserved 1048576K

Card table byte_map: [0x0000000110567000,0x0000000110968000] byte_map_base: 0x000000010cb67000

Marking Bits: (ParMarkBitMap*) 0x000000010faf35d0
 Begin Bits: [0x0000000110c13000, 0x0000000112c13000)
 End Bits:   [0x0000000112c13000, 0x0000000114c13000)

Polling page: 0x000000010e898000

CodeCache: size=245760Kb used=4085Kb max_used=4096Kb free=241674Kb
 bounds [0x0000000119917000, 0x0000000119d27000, 0x0000000128917000]
 total_blobs=1423 nmethods=1029 adapters=308
 compilation: enabled

Compilation events (10 events):
Event: 62.797 Thread 0x00007fe47402b800 1030       3       java.nio.Bits::getLong (18 bytes)
Event: 62.798 Thread 0x00007fe47402b800 nmethod 1030 0x0000000119d00910 code [0x0000000119d00a80, 0x0000000119d00c78]
Event: 63.159 Thread 0x00007fe473844000 1031       4       java.util.HashMap$KeySet::iterator (12 bytes)
Event: 63.162 Thread 0x00007fe473842800 1032       4       java.util.HashMap::keySet (25 bytes)
Event: 63.166 Thread 0x00007fe473842800 nmethod 1032 0x0000000119cf76d0 code [0x0000000119cf7820, 0x0000000119cf7918]
Event: 63.168 Thread 0x00007fe473844000 nmethod 1031 0x0000000119d19410 code [0x0000000119d19580, 0x0000000119d19858]
Event: 64.802 Thread 0x00007fe47402b800 1033  s    3       java.util.Vector::addElement (38 bytes)
Event: 64.803 Thread 0x00007fe47402b800 nmethod 1033 0x0000000119d18b50 code [0x0000000119d18ce0, 0x0000000119d19208]
Event: 64.803 Thread 0x00007fe473842800 1034       4       java.nio.DirectByteBuffer::put (18 bytes)
Event: 64.805 Thread 0x00007fe473842800 nmethod 1034 0x0000000119cf7410 code [0x0000000119cf7560, 0x0000000119cf7618]

GC Heap History (10 events):
Event: 3.731 GC heap before
{Heap before GC invocations=1 (full 0):
 PSYoungGen      total 38400K, used 33280K [0x0000000795580000, 0x0000000798000000, 0x00000007c0000000)
  eden space 33280K, 100% used [0x0000000795580000,0x0000000797600000,0x0000000797600000)
  from space 5120K, 0% used [0x0000000797b00000,0x0000000797b00000,0x0000000798000000)
  to   space 5120K, 0% used [0x0000000797600000,0x0000000797600000,0x0000000797b00000)
 ParOldGen       total 87552K, used 0K [0x0000000740000000, 0x0000000745580000, 0x0000000795580000)
  object space 87552K, 0% used [0x0000000740000000,0x0000000740000000,0x0000000745580000)
 Metaspace       used 7530K, capacity 7687K, committed 7808K, reserved 1056768K
  class space    used 759K, capacity 826K, committed 896K, reserved 1048576K
Event: 3.740 GC heap after
Heap after GC invocations=1 (full 0):
 PSYoungGen      total 38400K, used 5106K [0x0000000795580000, 0x0000000798000000, 0x00000007c0000000)
  eden space 33280K, 0% used [0x0000000795580000,0x0000000795580000,0x0000000797600000)
  from space 5120K, 99% used [0x0000000797600000,0x0000000797afc8f0,0x0000000797b00000)
  to   space 5120K, 0% used [0x0000000797b00000,0x0000000797b00000,0x0000000798000000)
 ParOldGen       total 87552K, used 3047K [0x0000000740000000, 0x0000000745580000, 0x0000000795580000)
  object space 87552K, 3% used [0x0000000740000000,0x00000007402f9de8,0x0000000745580000)
 Metaspace       used 7530K, capacity 7687K, committed 7808K, reserved 1056768K
  class space    used 759K, capacity 826K, committed 896K, reserved 1048576K
}
Event: 13.148 GC heap before
{Heap before GC invocations=2 (full 0):
 PSYoungGen      total 38400K, used 38386K [0x0000000795580000, 0x0000000798000000, 0x00000007c0000000)
  eden space 33280K, 100% used [0x0000000795580000,0x0000000797600000,0x0000000797600000)
  from space 5120K, 99% used [0x0000000797600000,0x0000000797afc8f0,0x0000000797b00000)
  to   space 5120K, 0% used [0x0000000797b00000,0x0000000797b00000,0x0000000798000000)
 ParOldGen       total 87552K, used 3047K [0x0000000740000000, 0x0000000745580000, 0x0000000795580000)
  object space 87552K, 3% used [0x0000000740000000,0x00000007402f9de8,0x0000000745580000)
 Metaspace       used 7579K, capacity 7751K, committed 8064K, reserved 1056768K
  class space    used 764K, capacity 826K, committed 896K, reserved 1048576K
Event: 13.155 GC heap after
Heap after GC invocations=2 (full 0):
 PSYoungGen      total 38400K, used 5090K [0x0000000795580000, 0x0000000798000000, 0x00000007c0000000)
  eden space 33280K, 0% used [0x0000000795580000,0x0000000795580000,0x0000000797600000)
  from space 5120K, 99% used [0x0000000797b00000,0x0000000797ff8900,0x0000000798000000)
  to   space 5120K, 0% used [0x0000000797600000,0x0000000797600000,0x0000000797b00000)
 ParOldGen       total 87552K, used 3711K [0x0000000740000000, 0x0000000745580000, 0x0000000795580000)
  object space 87552K, 4% used [0x0000000740000000,0x000000074039fde8,0x0000000745580000)
 Metaspace       used 7579K, capacity 7751K, committed 8064K, reserved 1056768K
  class space    used 764K, capacity 826K, committed 896K, reserved 1048576K
}
Event: 20.123 GC heap before
{Heap before GC invocations=3 (full 0):
 PSYoungGen      total 38400K, used 38370K [0x0000000795580000, 0x0000000798000000, 0x00000007c0000000)
  eden space 33280K, 100% used [0x0000000795580000,0x0000000797600000,0x0000000797600000)
  from space 5120K, 99% used [0x0000000797b00000,0x0000000797ff8900,0x0000000798000000)
  to   space 5120K, 0% used [0x0000000797600000,0x0000000797600000,0x0000000797b00000)
 ParOldGen       total 87552K, used 3711K [0x0000000740000000, 0x0000000745580000, 0x0000000795580000)
  object space 87552K, 4% used [0x0000000740000000,0x000000074039fde8,0x0000000745580000)
 Metaspace       used 7583K, capacity 7751K, committed 8064K, reserved 1056768K
  class space    used 764K, capacity 826K, committed 896K, reserved 1048576K
Event: 20.128 GC heap after
Heap after GC invocations=3 (full 0):
 PSYoungGen      total 38400K, used 5106K [0x0000000795580000, 0x0000000798000000, 0x00000007c0000000)
  eden space 33280K, 0% used [0x0000000795580000,0x0000000795580000,0x0000000797600000)
  from space 5120K, 99% used [0x0000000797600000,0x0000000797afc910,0x0000000797b00000)
  to   space 5120K, 0% used [0x0000000797b00000,0x0000000797b00000,0x0000000798000000)
 ParOldGen       total 87552K, used 4407K [0x0000000740000000, 0x0000000745580000, 0x0000000795580000)
  object space 87552K, 5% used [0x0000000740000000,0x000000074044dde8,0x0000000745580000)
 Metaspace       used 7583K, capacity 7751K, committed 8064K, reserved 1056768K
  class space    used 764K, capacity 826K, committed 896K, reserved 1048576K
}
Event: 35.624 GC heap before
{Heap before GC invocations=4 (full 0):
 PSYoungGen      total 38400K, used 38386K [0x0000000795580000, 0x0000000798000000, 0x00000007c0000000)
  eden space 33280K, 100% used [0x0000000795580000,0x0000000797600000,0x0000000797600000)
  from space 5120K, 99% used [0x0000000797600000,0x0000000797afc910,0x0000000797b00000)
  to   space 5120K, 0% used [0x0000000797b00000,0x0000000797b00000,0x0000000798000000)
 ParOldGen       total 87552K, used 4407K [0x0000000740000000, 0x0000000745580000, 0x0000000795580000)
  object space 87552K, 5% used [0x0000000740000000,0x000000074044dde8,0x0000000745580000)
 Metaspace       used 7585K, capacity 7751K, committed 8064K, reserved 1056768K
  class space    used 764K, capacity 826K, committed 896K, reserved 1048576K
Event: 35.629 GC heap after
Heap after GC invocations=4 (full 0):
 PSYoungGen      total 38400K, used 5106K [0x0000000795580000, 0x0000000798000000, 0x00000007c0000000)
  eden space 33280K, 0% used [0x0000000795580000,0x0000000795580000,0x0000000797600000)
  from space 5120K, 99% used [0x0000000797b00000,0x0000000797ffc8f0,0x0000000798000000)
  to   space 5120K, 0% used [0x0000000797600000,0x0000000797600000,0x0000000797b00000)
 ParOldGen       total 87552K, used 5167K [0x0000000740000000, 0x0000000745580000, 0x0000000795580000)
  object space 87552K, 5% used [0x0000000740000000,0x000000074050bde8,0x0000000745580000)
 Metaspace       used 7585K, capacity 7751K, committed 8064K, reserved 1056768K
  class space    used 764K, capacity 826K, committed 896K, reserved 1048576K
}
Event: 44.181 GC heap before
{Heap before GC invocations=5 (full 0):
 PSYoungGen      total 38400K, used 38386K [0x0000000795580000, 0x0000000798000000, 0x00000007c0000000)
  eden space 33280K, 100% used [0x0000000795580000,0x0000000797600000,0x0000000797600000)
  from space 5120K, 99% used [0x0000000797b00000,0x0000000797ffc8f0,0x0000000798000000)
  to   space 5120K, 0% used [0x0000000797600000,0x0000000797600000,0x0000000797b00000)
 ParOldGen       total 87552K, used 5167K [0x0000000740000000, 0x0000000745580000, 0x0000000795580000)
  object space 87552K, 5% used [0x0000000740000000,0x000000074050bde8,0x0000000745580000)
 Metaspace       used 7591K, capacity 7751K, committed 8064K, reserved 1056768K
  class space    used 764K, capacity 826K, committed 896K, reserved 1048576K
Event: 44.191 GC heap after
Heap after GC invocations=5 (full 0):
 PSYoungGen      total 37888K, used 5106K [0x0000000795580000, 0x0000000798580000, 0x00000007c0000000)
  eden space 32768K, 0% used [0x0000000795580000,0x0000000795580000,0x0000000797580000)
  from space 5120K, 99% used [0x0000000797600000,0x0000000797afc8f0,0x0000000797b00000)
  to   space 8192K, 0% used [0x0000000797d80000,0x0000000797d80000,0x0000000798580000)
 ParOldGen       total 87552K, used 5887K [0x0000000740000000, 0x0000000745580000, 0x0000000795580000)
  object space 87552K, 6% used [0x0000000740000000,0x00000007405bfde8,0x0000000745580000)
 Metaspace       used 7591K, capacity 7751K, committed 8064K, reserved 1056768K
  class space    used 764K, capacity 826K, committed 896K, reserved 1048576K
}

Deoptimization events (7 events):
Event: 0.511 Thread 0x00007fe473801000 Uncommon trap: reason=unstable_if action=reinterpret pc=0x0000000119abf6c0 method=java.lang.String.replace(CC)Ljava/lang/String; @ 26
Event: 0.969 Thread 0x00007fe473801000 Uncommon trap: reason=unstable_if action=reinterpret pc=0x0000000119b81900 method=java.lang.String.regionMatches(ZILjava/lang/String;II)Z @ 123
Event: 10.923 Thread 0x00007fe474157000 Uncommon trap: reason=unstable_if action=reinterpret pc=0x0000000119c913f8 method=java.util.HashMap.keySet()Ljava/util/Set; @ 6
Event: 10.923 Thread 0x00007fe474157000 Uncommon trap: reason=unstable_if action=reinterpret pc=0x0000000119ca0e30 method=java.util.HashMap$HashIterator.<init>(Ljava/util/HashMap;)V @ 38
Event: 12.687 Thread 0x00007fe474157000 Uncommon trap: reason=unstable_if action=reinterpret pc=0x0000000119c8b558 method=java.util.HashMap$HashIterator.<init>(Ljava/util/HashMap;)V @ 38
Event: 61.939 Thread 0x00007fe473801000 Uncommon trap: reason=unstable_if action=reinterpret pc=0x0000000119ccfc28 method=org.lwjgl.input.Mouse.next()Z @ 28
Event: 64.786 Thread 0x00007fe473801000 Uncommon trap: reason=unstable_if action=reinterpret pc=0x0000000119cc9c60 method=org.newdawn.slick.AppGameContainer.gameLoop()V @ 60

Internal exceptions (10 events):
Event: 0.119 Thread 0x00007fe473801000 Exception <a 'java/security/PrivilegedActionException'> (0x0000000795854be0) thrown at [/Users/java_re/workspace/8-2-build-macosx-x86_64/jdk8u144/9417/hotspot/src/share/vm/prims/jvm.cpp, line 1390]
Event: 0.119 Thread 0x00007fe473801000 Exception <a 'java/security/PrivilegedActionException'> (0x0000000795854df0) thrown at [/Users/java_re/workspace/8-2-build-macosx-x86_64/jdk8u144/9417/hotspot/src/share/vm/prims/jvm.cpp, line 1390]
Event: 0.119 Thread 0x00007fe473801000 Exception <a 'java/security/PrivilegedActionException'> (0x0000000795858308) thrown at [/Users/java_re/workspace/8-2-build-macosx-x86_64/jdk8u144/9417/hotspot/src/share/vm/prims/jvm.cpp, line 1390]
Event: 0.119 Thread 0x00007fe473801000 Exception <a 'java/security/PrivilegedActionException'> (0x0000000795858518) thrown at [/Users/java_re/workspace/8-2-build-macosx-x86_64/jdk8u144/9417/hotspot/src/share/vm/prims/jvm.cpp, line 1390]
Event: 0.145 Thread 0x00007fe473801000 Exception <a 'java/lang/NoSuchFieldError': method resolution failed> (0x000000079592c2f0) thrown at [/Users/java_re/workspace/8-2-build-macosx-x86_64/jdk8u144/9417/hotspot/src/share/vm/prims/methodHandles.cpp, line 1146]
Event: 0.146 Thread 0x00007fe473801000 Exception <a 'java/lang/NoSuchFieldError': method resolution failed> (0x0000000795939a40) thrown at [/Users/java_re/workspace/8-2-build-macosx-x86_64/jdk8u144/9417/hotspot/src/share/vm/prims/methodHandles.cpp, line 1146]
Event: 0.312 Thread 0x00007fe473801000 Exception <a 'java/io/FileNotFoundException'> (0x00000007959b4550) thrown at [/Users/java_re/workspace/8-2-build-macosx-x86_64/jdk8u144/9417/hotspot/src/share/vm/prims/jni.cpp, line 709]
Event: 0.312 Thread 0x00007fe473801000 Exception <a 'java/io/FileNotFoundException'> (0x00000007959b5130) thrown at [/Users/java_re/workspace/8-2-build-macosx-x86_64/jdk8u144/9417/hotspot/src/share/vm/prims/jni.cpp, line 709]
Event: 10.923 Thread 0x00007fe474157000 Implicit null exception at 0x0000000119ca0c15 to 0x0000000119ca0e15
Event: 12.687 Thread 0x00007fe474157000 Implicit null exception at 0x0000000119c8b383 to 0x0000000119c8b541

Events (10 events):
Event: 61.939 Thread 0x00007fe473801000 DEOPT UNPACKING pc=0x000000011991c229 sp=0x0000700006867698 mode 2
Event: 64.389 Executing VM operation: RevokeBias
Event: 64.389 Executing VM operation: RevokeBias done
Event: 64.389 Thread 0x00007fe474058000 Thread exited: 0x00007fe474058000
Event: 64.676 Thread 0x00007fe474b18000 Thread added: 0x00007fe474b18000
Event: 64.786 Thread 0x00007fe473801000 Uncommon trap: trap_request=0xffffff65 fr.pc=0x0000000119cc9c60
Event: 64.786 Thread 0x00007fe473801000 DEOPT PACKING pc=0x0000000119cc9c60 sp=0x0000700006867840
Event: 64.786 Thread 0x00007fe473801000 DEOPT UNPACKING pc=0x000000011991c229 sp=0x0000700006867808 mode 2
Event: 64.801 loading class org/lwjgl/opengl/CallbackUtil
Event: 64.801 loading class org/lwjgl/opengl/CallbackUtil done


Dynamic libraries:
0x0000000051a61000 	/System/Library/Frameworks/Cocoa.framework/Versions/A/Cocoa
0x0000000051a61000 	/System/Library/Frameworks/Security.framework/Versions/A/Security
0x0000000051a61000 	/System/Library/Frameworks/ApplicationServices.framework/Versions/A/ApplicationServices
0x0000000051a61000 	/usr/lib/libz.1.dylib
0x0000000051a61000 	/usr/lib/libSystem.B.dylib
0x0000000051a61000 	/usr/lib/libobjc.A.dylib
0x0000000051a61000 	/System/Library/Frameworks/CoreFoundation.framework/Versions/A/CoreFoundation
0x0000000051a61000 	/System/Library/Frameworks/Foundation.framework/Versions/C/Foundation
0x0000000051a61000 	/System/Library/Frameworks/AppKit.framework/Versions/C/AppKit
0x0000000051a61000 	/System/Library/Frameworks/CoreData.framework/Versions/A/CoreData
0x0000000051a61000 	/System/Library/PrivateFrameworks/RemoteViewServices.framework/Versions/A/RemoteViewServices
0x0000000051a61000 	/System/Library/PrivateFrameworks/UIFoundation.framework/Versions/A/UIFoundation
0x0000000051a61000 	/System/Library/PrivateFrameworks/DFRFoundation.framework/Versions/A/DFRFoundation
0x0000000051a61000 	/usr/lib/libenergytrace.dylib
0x0000000051a61000 	/System/Library/PrivateFrameworks/SkyLight.framework/Versions/A/SkyLight
0x0000000051a61000 	/System/Library/Frameworks/CoreGraphics.framework/Versions/A/CoreGraphics
0x0000000051a61000 	/usr/lib/libScreenReader.dylib
0x0000000051a61000 	/System/Library/Frameworks/Accelerate.framework/Versions/A/Accelerate
0x0000000051a61000 	/System/Library/Frameworks/IOSurface.framework/Versions/A/IOSurface
0x0000000051a61000 	/System/Library/Frameworks/AudioToolbox.framework/Versions/A/AudioToolbox
0x0000000051a61000 	/System/Library/Frameworks/AudioUnit.framework/Versions/A/AudioUnit
0x0000000051a61000 	/System/Library/PrivateFrameworks/DataDetectorsCore.framework/Versions/A/DataDetectorsCore
0x0000000051a61000 	/System/Library/PrivateFrameworks/DesktopServicesPriv.framework/Versions/A/DesktopServicesPriv
0x0000000051a61000 	/System/Library/Frameworks/Carbon.framework/Versions/A/Frameworks/HIToolbox.framework/Versions/A/HIToolbox
0x0000000051a61000 	/usr/lib/libicucore.A.dylib
0x0000000051a61000 	/System/Library/Frameworks/QuartzCore.framework/Versions/A/QuartzCore
0x0000000051a61000 	/System/Library/Frameworks/Carbon.framework/Versions/A/Frameworks/SpeechRecognition.framework/Versions/A/SpeechRecognition
0x0000000051a61000 	/usr/lib/libauto.dylib
0x0000000051a61000 	/usr/lib/libxml2.2.dylib
0x0000000051a61000 	/System/Library/PrivateFrameworks/CoreUI.framework/Versions/A/CoreUI
0x0000000051a61000 	/System/Library/Frameworks/CoreAudio.framework/Versions/A/CoreAudio
0x0000000051a61000 	/System/Library/Frameworks/DiskArbitration.framework/Versions/A/DiskArbitration
0x0000000051a61000 	/usr/lib/liblangid.dylib
0x0000000051a61000 	/System/Library/PrivateFrameworks/MultitouchSupport.framework/Versions/A/MultitouchSupport
0x0000000051a61000 	/System/Library/Frameworks/IOKit.framework/Versions/A/IOKit
0x0000000051a61000 	/usr/lib/libDiagnosticMessagesClient.dylib
0x0000000051a61000 	/System/Library/Frameworks/CoreServices.framework/Versions/A/CoreServices
0x0000000051a61000 	/System/Library/PrivateFrameworks/PerformanceAnalysis.framework/Versions/A/PerformanceAnalysis
0x0000000051a61000 	/System/Library/PrivateFrameworks/GenerationalStorage.framework/Versions/A/GenerationalStorage
0x0000000051a61000 	/System/Library/Frameworks/OpenGL.framework/Versions/A/OpenGL
0x0000000051a61000 	/System/Library/Frameworks/CoreImage.framework/Versions/A/CoreImage
0x0000000051a61000 	/System/Library/Frameworks/CoreText.framework/Versions/A/CoreText
0x0000000051a61000 	/System/Library/Frameworks/ImageIO.framework/Versions/A/ImageIO
0x0000000051a61000 	/System/Library/PrivateFrameworks/Backup.framework/Versions/A/Backup
0x0000000051a61000 	/usr/lib/libarchive.2.dylib
0x0000000051a61000 	/System/Library/Frameworks/CFNetwork.framework/Versions/A/CFNetwork
0x0000000051a61000 	/System/Library/Frameworks/SystemConfiguration.framework/Versions/A/SystemConfiguration
0x0000000051a61000 	/usr/lib/libCRFSuite.dylib
0x0000000051a61000 	/usr/lib/libc++.1.dylib
0x0000000051a61000 	/usr/lib/libc++abi.dylib
0x0000000051a61000 	/usr/lib/system/libcache.dylib
0x0000000051a61000 	/usr/lib/system/libcommonCrypto.dylib
0x0000000051a61000 	/usr/lib/system/libcompiler_rt.dylib
0x0000000051a61000 	/usr/lib/system/libcopyfile.dylib
0x0000000051a61000 	/usr/lib/system/libcorecrypto.dylib
0x0000000051a61000 	/usr/lib/system/libdispatch.dylib
0x0000000051a61000 	/usr/lib/system/libdyld.dylib
0x0000000051a61000 	/usr/lib/system/libkeymgr.dylib
0x0000000051a61000 	/usr/lib/system/liblaunch.dylib
0x0000000051a61000 	/usr/lib/system/libmacho.dylib
0x0000000051a61000 	/usr/lib/system/libquarantine.dylib
0x0000000051a61000 	/usr/lib/system/libremovefile.dylib
0x0000000051a61000 	/usr/lib/system/libsystem_asl.dylib
0x0000000051a61000 	/usr/lib/system/libsystem_blocks.dylib
0x0000000051a61000 	/usr/lib/system/libsystem_c.dylib
0x0000000051a61000 	/usr/lib/system/libsystem_configuration.dylib
0x0000000051a61000 	/usr/lib/system/libsystem_coreservices.dylib
0x0000000051a61000 	/usr/lib/system/libsystem_coretls.dylib
0x0000000051a61000 	/usr/lib/system/libsystem_dnssd.dylib
0x0000000051a61000 	/usr/lib/system/libsystem_info.dylib
0x0000000051a61000 	/usr/lib/system/libsystem_kernel.dylib
0x0000000051a61000 	/usr/lib/system/libsystem_m.dylib
0x0000000051a61000 	/usr/lib/system/libsystem_malloc.dylib
0x0000000051a61000 	/usr/lib/system/libsystem_network.dylib
0x0000000051a61000 	/usr/lib/system/libsystem_networkextension.dylib
0x0000000051a61000 	/usr/lib/system/libsystem_notify.dylib
0x0000000051a61000 	/usr/lib/system/libsystem_platform.dylib
0x0000000051a61000 	/usr/lib/system/libsystem_pthread.dylib
0x0000000051a61000 	/usr/lib/system/libsystem_sandbox.dylib
0x0000000051a61000 	/usr/lib/system/libsystem_secinit.dylib
0x0000000051a61000 	/usr/lib/system/libsystem_symptoms.dylib
0x0000000051a61000 	/usr/lib/system/libsystem_trace.dylib
0x0000000051a61000 	/usr/lib/system/libunwind.dylib
0x0000000051a61000 	/usr/lib/system/libxpc.dylib
0x0000000051a61000 	/usr/lib/libbsm.0.dylib
0x0000000051a61000 	/usr/lib/system/libkxld.dylib
0x0000000051a61000 	/usr/lib/libcoretls.dylib
0x0000000051a61000 	/usr/lib/libcoretls_cfhelpers.dylib
0x0000000051a61000 	/usr/lib/libOpenScriptingUtil.dylib
0x0000000051a61000 	/usr/lib/libpam.2.dylib
0x0000000051a61000 	/usr/lib/libsqlite3.dylib
0x0000000051a61000 	/usr/lib/libxar.1.dylib
0x0000000051a61000 	/usr/lib/libbz2.1.0.dylib
0x0000000051a61000 	/usr/lib/liblzma.5.dylib
0x0000000051a61000 	/usr/lib/libnetwork.dylib
0x0000000051a61000 	/usr/lib/libpcap.A.dylib
0x0000000051a61000 	/System/Library/Frameworks/CoreServices.framework/Versions/A/Frameworks/FSEvents.framework/Versions/A/FSEvents
0x0000000051a61000 	/System/Library/Frameworks/CoreServices.framework/Versions/A/Frameworks/CarbonCore.framework/Versions/A/CarbonCore
0x0000000051a61000 	/System/Library/Frameworks/CoreServices.framework/Versions/A/Frameworks/Metadata.framework/Versions/A/Metadata
0x0000000051a61000 	/System/Library/Frameworks/CoreServices.framework/Versions/A/Frameworks/OSServices.framework/Versions/A/OSServices
0x0000000051a61000 	/System/Library/Frameworks/CoreServices.framework/Versions/A/Frameworks/SearchKit.framework/Versions/A/SearchKit
0x0000000051a61000 	/System/Library/Frameworks/CoreServices.framework/Versions/A/Frameworks/AE.framework/Versions/A/AE
0x0000000051a61000 	/System/Library/Frameworks/CoreServices.framework/Versions/A/Frameworks/LaunchServices.framework/Versions/A/LaunchServices
0x0000000051a61000 	/System/Library/Frameworks/CoreServices.framework/Versions/A/Frameworks/DictionaryServices.framework/Versions/A/DictionaryServices
0x0000000051a61000 	/System/Library/Frameworks/CoreServices.framework/Versions/A/Frameworks/SharedFileList.framework/Versions/A/SharedFileList
0x0000000051a61000 	/System/Library/Frameworks/NetFS.framework/Versions/A/NetFS
0x0000000051a61000 	/System/Library/PrivateFrameworks/NetAuth.framework/Versions/A/NetAuth
0x0000000051a61000 	/System/Library/PrivateFrameworks/login.framework/Versions/A/Frameworks/loginsupport.framework/Versions/A/loginsupport
0x0000000051a61000 	/System/Library/PrivateFrameworks/TCC.framework/Versions/A/TCC
0x0000000051a61000 	/usr/lib/libmecabra.dylib
0x0000000051a61000 	/System/Library/Frameworks/ApplicationServices.framework/Versions/A/Frameworks/ATS.framework/Versions/A/ATS
0x0000000051a61000 	/System/Library/Frameworks/ApplicationServices.framework/Versions/A/Frameworks/ColorSync.framework/Versions/A/ColorSync
0x0000000051a61000 	/System/Library/Frameworks/ApplicationServices.framework/Versions/A/Frameworks/HIServices.framework/Versions/A/HIServices
0x0000000051a61000 	/System/Library/Frameworks/ApplicationServices.framework/Versions/A/Frameworks/LangAnalysis.framework/Versions/A/LangAnalysis
0x0000000051a61000 	/System/Library/Frameworks/ApplicationServices.framework/Versions/A/Frameworks/PrintCore.framework/Versions/A/PrintCore
0x0000000051a61000 	/System/Library/Frameworks/ApplicationServices.framework/Versions/A/Frameworks/QD.framework/Versions/A/QD
0x0000000051a61000 	/System/Library/Frameworks/ApplicationServices.framework/Versions/A/Frameworks/SpeechSynthesis.framework/Versions/A/SpeechSynthesis
0x0000000051a61000 	/System/Library/Frameworks/Accelerate.framework/Versions/A/Frameworks/vImage.framework/Versions/A/vImage
0x0000000051a61000 	/System/Library/Frameworks/Accelerate.framework/Versions/A/Frameworks/vecLib.framework/Versions/A/vecLib
0x0000000051a61000 	/System/Library/Frameworks/Accelerate.framework/Versions/A/Frameworks/vecLib.framework/Versions/A/libvDSP.dylib
0x0000000051a61000 	/System/Library/Frameworks/Accelerate.framework/Versions/A/Frameworks/vecLib.framework/Versions/A/libBNNS.dylib
0x0000000051a61000 	/System/Library/Frameworks/Accelerate.framework/Versions/A/Frameworks/vecLib.framework/Versions/A/libQuadrature.dylib
0x0000000051a61000 	/System/Library/Frameworks/Accelerate.framework/Versions/A/Frameworks/vecLib.framework/Versions/A/libvMisc.dylib
0x0000000051a61000 	/System/Library/Frameworks/Accelerate.framework/Versions/A/Frameworks/vecLib.framework/Versions/A/libLAPACK.dylib
0x0000000051a61000 	/System/Library/Frameworks/Accelerate.framework/Versions/A/Frameworks/vecLib.framework/Versions/A/libBLAS.dylib
0x0000000051a61000 	/System/Library/Frameworks/Accelerate.framework/Versions/A/Frameworks/vecLib.framework/Versions/A/libLinearAlgebra.dylib
0x0000000051a61000 	/System/Library/Frameworks/Accelerate.framework/Versions/A/Frameworks/vecLib.framework/Versions/A/libSparseBLAS.dylib
0x0000000051a61000 	/System/Library/Frameworks/ApplicationServices.framework/Versions/A/Frameworks/ATS.framework/Versions/A/Resources/libFontParser.dylib
0x0000000051a61000 	/System/Library/Frameworks/ApplicationServices.framework/Versions/A/Frameworks/ATS.framework/Versions/A/Resources/libFontRegistry.dylib
0x0000000051a61000 	/System/Library/Frameworks/ImageIO.framework/Versions/A/Resources/libJPEG.dylib
0x0000000051a61000 	/System/Library/Frameworks/ImageIO.framework/Versions/A/Resources/libTIFF.dylib
0x0000000051a61000 	/System/Library/Frameworks/ImageIO.framework/Versions/A/Resources/libPng.dylib
0x0000000051a61000 	/System/Library/Frameworks/ImageIO.framework/Versions/A/Resources/libGIF.dylib
0x0000000051a61000 	/System/Library/Frameworks/ImageIO.framework/Versions/A/Resources/libJP2.dylib
0x0000000051a61000 	/System/Library/Frameworks/ImageIO.framework/Versions/A/Resources/libRadiance.dylib
0x0000000051a61000 	/usr/lib/libcompression.dylib
0x0000000051a61000 	/System/Library/PrivateFrameworks/AppleJPEG.framework/Versions/A/AppleJPEG
0x0000000051a61000 	/usr/lib/libcups.2.dylib
0x0000000051a61000 	/System/Library/Frameworks/Kerberos.framework/Versions/A/Kerberos
0x0000000051a61000 	/System/Library/Frameworks/GSS.framework/Versions/A/GSS
0x0000000051a61000 	/usr/lib/libresolv.9.dylib
0x0000000051a61000 	/usr/lib/libiconv.2.dylib
0x0000000051a61000 	/System/Library/PrivateFrameworks/Heimdal.framework/Versions/A/Heimdal
0x0000000051a61000 	/usr/lib/libheimdal-asn1.dylib
0x0000000051a61000 	/System/Library/Frameworks/OpenDirectory.framework/Versions/A/OpenDirectory
0x0000000051a61000 	/System/Library/PrivateFrameworks/CommonAuth.framework/Versions/A/CommonAuth
0x0000000051a61000 	/System/Library/Frameworks/OpenDirectory.framework/Versions/A/Frameworks/CFOpenDirectory.framework/Versions/A/CFOpenDirectory
0x0000000051a61000 	/System/Library/Frameworks/SecurityFoundation.framework/Versions/A/SecurityFoundation
0x0000000051a61000 	/System/Library/PrivateFrameworks/LanguageModeling.framework/Versions/A/LanguageModeling
0x0000000051a61000 	/usr/lib/libmarisa.dylib
0x0000000051a61000 	/usr/lib/libChineseTokenizer.dylib
0x0000000051a61000 	/usr/lib/libcmph.dylib
0x0000000051a61000 	/System/Library/PrivateFrameworks/CoreEmoji.framework/Versions/A/CoreEmoji
0x0000000051a61000 	/System/Library/Frameworks/ServiceManagement.framework/Versions/A/ServiceManagement
0x0000000051a61000 	/usr/lib/libxslt.1.dylib
0x0000000051a61000 	/System/Library/Frameworks/Carbon.framework/Versions/A/Frameworks/Ink.framework/Versions/A/Ink
0x0000000051a61000 	/System/Library/PrivateFrameworks/TextureIO.framework/Versions/A/TextureIO
0x0000000051a61000 	/System/Library/Frameworks/Metal.framework/Versions/A/Metal
0x0000000051a61000 	/usr/lib/libate.dylib
0x0000000051a61000 	/System/Library/PrivateFrameworks/GPUCompiler.framework/libmetal_timestamp.dylib
0x0000000051a61000 	/System/Library/Frameworks/OpenGL.framework/Versions/A/Libraries/libCoreFSCache.dylib
0x0000000051a61000 	/System/Library/PrivateFrameworks/IOAccelerator.framework/Versions/A/IOAccelerator
0x0000000051a61000 	/System/Library/Frameworks/CoreVideo.framework/Versions/A/CoreVideo
0x0000000051a61000 	/usr/lib/libFosl_dynamic.dylib
0x0000000051a61000 	/System/Library/PrivateFrameworks/MetalPerformanceShaders.framework/Versions/A/MetalPerformanceShaders
0x0000000051a61000 	/System/Library/PrivateFrameworks/FaceCore.framework/Versions/A/FaceCore
0x0000000051a61000 	/System/Library/Frameworks/OpenCL.framework/Versions/A/OpenCL
0x0000000051a61000 	/System/Library/Frameworks/OpenGL.framework/Versions/A/Libraries/libGLU.dylib
0x0000000051a61000 	/System/Library/Frameworks/OpenGL.framework/Versions/A/Libraries/libGFXShared.dylib
0x0000000051a61000 	/System/Library/Frameworks/OpenGL.framework/Versions/A/Libraries/libGL.dylib
0x0000000051a61000 	/System/Library/Frameworks/OpenGL.framework/Versions/A/Libraries/libGLImage.dylib
0x0000000051a61000 	/System/Library/Frameworks/OpenGL.framework/Versions/A/Libraries/libCVMSPluginSupport.dylib
0x0000000051a61000 	/System/Library/Frameworks/OpenGL.framework/Versions/A/Libraries/libCoreVMClient.dylib
0x0000000051a61000 	/System/Library/PrivateFrameworks/CrashReporterSupport.framework/Versions/A/CrashReporterSupport
0x0000000051a61000 	/System/Library/PrivateFrameworks/Sharing.framework/Versions/A/Sharing
0x0000000051a61000 	/System/Library/PrivateFrameworks/IconServices.framework/Versions/A/IconServices
0x0000000051a61000 	/System/Library/PrivateFrameworks/ProtocolBuffer.framework/Versions/A/ProtocolBuffer
0x0000000051a61000 	/System/Library/PrivateFrameworks/Apple80211.framework/Versions/A/Apple80211
0x0000000051a61000 	/System/Library/Frameworks/CoreWLAN.framework/Versions/A/CoreWLAN
0x0000000051a61000 	/System/Library/PrivateFrameworks/CoreUtils.framework/Versions/A/CoreUtils
0x0000000051a61000 	/System/Library/Frameworks/IOBluetooth.framework/Versions/A/IOBluetooth
0x0000000051a61000 	/System/Library/PrivateFrameworks/CoreWiFi.framework/Versions/A/CoreWiFi
0x0000000051a61000 	/System/Library/Frameworks/CoreBluetooth.framework/Versions/A/CoreBluetooth
0x0000000051a61000 	/System/Library/Frameworks/CoreDisplay.framework/Versions/A/CoreDisplay
0x0000000051a61000 	/System/Library/PrivateFrameworks/IOPresentment.framework/Versions/A/IOPresentment
0x0000000051a61000 	/System/Library/PrivateFrameworks/DSExternalDisplay.framework/Versions/A/DSExternalDisplay
0x0000000051a61000 	/System/Library/PrivateFrameworks/DebugSymbols.framework/Versions/A/DebugSymbols
0x0000000051a61000 	/System/Library/PrivateFrameworks/CoreSymbolication.framework/Versions/A/CoreSymbolication
0x0000000051a61000 	/System/Library/PrivateFrameworks/Symbolication.framework/Versions/A/Symbolication
0x0000000051a61000 	/System/Library/PrivateFrameworks/AppleFSCompression.framework/Versions/A/AppleFSCompression
0x0000000051a61000 	/System/Library/PrivateFrameworks/SpeechRecognitionCore.framework/Versions/A/SpeechRecognitionCore
0x0000000051a61000 	/System/Library/PrivateFrameworks/ChunkingLibrary.framework/Versions/A/ChunkingLibrary
0x000000010f200000 	/Library/Java/JavaVirtualMachines/jdk1.8.0_144.jdk/Contents/Home/jre/lib/server/libjvm.dylib
0x0000000051a61000 	/usr/lib/libstdc++.6.dylib
0x000000010e855000 	/Library/Java/JavaVirtualMachines/jdk1.8.0_144.jdk/Contents/Home/jre/lib/libverify.dylib
0x000000010e863000 	/Library/Java/JavaVirtualMachines/jdk1.8.0_144.jdk/Contents/Home/jre/lib/libjava.dylib
0x000000010e8a2000 	/Library/Java/JavaVirtualMachines/jdk1.8.0_144.jdk/Contents/Home/jre/lib/libzip.dylib
0x00000001169ca000 	/System/Library/Frameworks/JavaVM.framework/Frameworks/JavaRuntimeSupport.framework/JavaRuntimeSupport
0x00000001169e4000 	/System/Library/Frameworks/JavaVM.framework/Versions/A/Frameworks/JavaNativeFoundation.framework/Versions/A/JavaNativeFoundation
0x000000010e9ed000 	/System/Library/Frameworks/JavaVM.framework/Versions/A/JavaVM
0x0000000051a61000 	/System/Library/Frameworks/Carbon.framework/Versions/A/Carbon
0x00000001169f9000 	/System/Library/PrivateFrameworks/JavaLaunching.framework/Versions/A/JavaLaunching
0x0000000051a61000 	/System/Library/Frameworks/Carbon.framework/Versions/A/Frameworks/CommonPanels.framework/Versions/A/CommonPanels
0x0000000051a61000 	/System/Library/Frameworks/Carbon.framework/Versions/A/Frameworks/Help.framework/Versions/A/Help
0x0000000051a61000 	/System/Library/Frameworks/Carbon.framework/Versions/A/Frameworks/ImageCapture.framework/Versions/A/ImageCapture
0x0000000051a61000 	/System/Library/Frameworks/Carbon.framework/Versions/A/Frameworks/OpenScripting.framework/Versions/A/OpenScripting
0x0000000051a61000 	/System/Library/Frameworks/Carbon.framework/Versions/A/Frameworks/Print.framework/Versions/A/Print
0x0000000051a61000 	/System/Library/Frameworks/Carbon.framework/Versions/A/Frameworks/SecurityHI.framework/Versions/A/SecurityHI
0x0000000118360000 	/Library/Java/JavaVirtualMachines/jdk1.8.0_144.jdk/Contents/Home/jre/lib/libawt.dylib
0x0000000118408000 	/Library/Java/JavaVirtualMachines/jdk1.8.0_144.jdk/Contents/Home/jre/lib/./libmlib_image.dylib
0x00000001184d4000 	/Library/Java/JavaVirtualMachines/jdk1.8.0_144.jdk/Contents/Home/jre/lib/libawt_lwawt.dylib
0x000000011858b000 	/Library/Java/JavaVirtualMachines/jdk1.8.0_144.jdk/Contents/Home/jre/lib/./libosxapp.dylib
0x0000000051a61000 	/System/Library/Frameworks/ExceptionHandling.framework/Versions/A/ExceptionHandling
0x0000000051a61000 	/System/Library/PrivateFrameworks/CoreServicesInternal.framework/Versions/A/CoreServicesInternal
0x0000000051a61000 	/System/Library/CoreServices/RawCamera.bundle/Contents/MacOS/RawCamera
0x0000000051a61000 	/System/Library/Frameworks/Accelerate.framework/Versions/A/Frameworks/vImage.framework/Versions/A/Libraries/libCGInterfaces.dylib
0x0000000051a61000 	/System/Library/Frameworks/ApplicationServices.framework/Versions/A/Frameworks/ATS.framework/Versions/A/Resources/libTrueTypeScaler.dylib
0x0000000129692000 	/System/Library/Frameworks/OpenGL.framework/Resources/GLEngine.bundle/GLEngine
0x0000000051a61000 	/System/Library/Frameworks/OpenGL.framework/Versions/A/Libraries/libGLProgrammability.dylib
0x0000000129877000 	/System/Library/Extensions/AppleIntelKBLGraphicsGLDriver.bundle/Contents/MacOS/AppleIntelKBLGraphicsGLDriver
0x0000000051a61000 	/System/Library/PrivateFrameworks/GPUSupport.framework/Versions/A/Libraries/libGPUSupportMercury.dylib
0x000000012a5fa000 	/System/Library/Frameworks/OpenGL.framework/Resources//GLRendererFloat.bundle/GLRendererFloat
0x0000000051a61000 	/System/Library/Frameworks/OpenCL.framework/Versions/A/Libraries/libcldcpuengine.dylib
0x0000000051a61000 	/usr/lib/libcrypto.0.9.8.dylib
0x0000000051a61000 	/System/Library/PrivateFrameworks/TrustEvaluationAgent.framework/Versions/A/TrustEvaluationAgent
0x000000012a62e000 	/System/Library/Extensions/AppleIntelKBLGraphicsMTLDriver.bundle/Contents/MacOS/AppleIntelKBLGraphicsMTLDriver
0x0000000051a61000 	/System/Library/PrivateFrameworks/FamilyControls.framework/Versions/A/FamilyControls
0x0000000051a61000 	/System/Library/PrivateFrameworks/CommerceKit.framework/Versions/A/Frameworks/CommerceCore.framework/Versions/A/CommerceCore
0x0000000051a61000 	/System/Library/PrivateFrameworks/SystemAdministration.framework/Versions/A/SystemAdministration
0x0000000051a61000 	/System/Library/PrivateFrameworks/AppContainer.framework/Versions/A/AppContainer
0x0000000051a61000 	/System/Library/PrivateFrameworks/SecCodeWrapper.framework/Versions/A/SecCodeWrapper
0x0000000051a61000 	/System/Library/Frameworks/DirectoryService.framework/Versions/A/DirectoryService
0x0000000051a61000 	/System/Library/PrivateFrameworks/DiskImages.framework/Versions/A/DiskImages
0x0000000051a61000 	/System/Library/PrivateFrameworks/LoginUIKit.framework/Versions/A/Frameworks/LoginUICore.framework/Versions/A/LoginUICore
0x0000000051a61000 	/usr/lib/libCoreStorage.dylib
0x0000000051a61000 	/usr/lib/libcsfde.dylib
0x0000000051a61000 	/usr/lib/libodfde.dylib
0x0000000051a61000 	/System/Library/Frameworks/DiscRecording.framework/Versions/A/DiscRecording
0x0000000051a61000 	/usr/lib/libcurl.4.dylib
0x0000000051a61000 	/System/Library/PrivateFrameworks/MediaKit.framework/Versions/A/MediaKit
0x0000000051a61000 	/System/Library/PrivateFrameworks/ProtectedCloudStorage.framework/Versions/A/ProtectedCloudStorage
0x0000000051a61000 	/System/Library/PrivateFrameworks/EFILogin.framework/Versions/A/EFILogin
0x0000000051a61000 	/usr/lib/libutil.dylib
0x0000000051a61000 	/System/Library/Frameworks/LDAP.framework/Versions/A/LDAP
0x0000000051a61000 	/usr/lib/libsasl2.2.dylib
0x0000000051a61000 	/System/Library/PrivateFrameworks/CoreDaemon.framework/Versions/B/CoreDaemon
0x0000000051a61000 	/System/Library/PrivateFrameworks/AppleSRP.framework/Versions/A/AppleSRP
0x0000000051a61000 	/System/Library/PrivateFrameworks/APFS.framework/Versions/A/APFS
0x000000012bd34000 	/Library/Java/JavaVirtualMachines/jdk1.8.0_144.jdk/Contents/Home/jre/lib/libfontmanager.dylib
0x000000012bd9b000 	/Users/constantinoskavadias/Google Drive/University/Third Year/Semester2/SWEN20003/Project2/lib/liblwjgl.dylib
0x0000000118bc9000 	/Library/Java/JavaVirtualMachines/jdk1.8.0_144.jdk/Contents/Home/jre/lib/libjawt.dylib
0x000000012a823000 	/Users/constantinoskavadias/Google Drive/University/Third Year/Semester2/SWEN20003/Project2/lib/libjinput-osx.dylib
0x000000012e52e000 	/System/Library/Extensions/IOHIDFamily.kext/Contents/PlugIns/IOHIDLib.plugin/Contents/MacOS/IOHIDLib
0x0000000051a61000 	/System/Library/PrivateFrameworks/ViewBridge.framework/Versions/A/ViewBridge
0x0000000051a61000 	/System/Library/PrivateFrameworks/XPCService.framework/Versions/A/XPCService
0x0000000051a61000 	/System/Library/PrivateFrameworks/AppSandbox.framework/Versions/A/AppSandbox
0x0000000051a61000 	/usr/lib/libsandbox.1.dylib
0x0000000051a61000 	/usr/lib/libMatch.1.dylib

VM Arguments:
jvm_args: -Djava.library.path=/Users/constantinoskavadias/Google Drive/University/Third Year/Semester2/SWEN20003/Project2/lib -Dfile.encoding=UTF-8 
java_command: App
java_class_path (initial): /Users/constantinoskavadias/Google Drive/University/Third Year/Semester2/SWEN20003/Project2/bin:/Users/constantinoskavadias/Google Drive/University/Third Year/Semester2/SWEN20003/Project2/lib/jinput.jar:/Users/constantinoskavadias/Google Drive/University/Third Year/Semester2/SWEN20003/Project2/lib/lwjgl.jar:/Users/constantinoskavadias/Google Drive/University/Third Year/Semester2/SWEN20003/Project2/lib/slick.jar
Launcher Type: SUN_STANDARD

Environment Variables:
PATH=/usr/bin:/bin:/usr/sbin:/sbin
SHELL=/bin/bash

Signal Handlers:
SIGSEGV: [libjvm.dylib+0x5b26e5], sa_mask[0]=11111111011111110111111111111111, sa_flags=SA_ONSTACK|SA_RESTART|SA_SIGINFO
SIGBUS: [libjvm.dylib+0x5b26e5], sa_mask[0]=11111111011111110111111111111111, sa_flags=SA_RESTART|SA_SIGINFO
SIGFPE: [libjvm.dylib+0x489100], sa_mask[0]=11111111011111110111111111111111, sa_flags=SA_RESTART|SA_SIGINFO
SIGPIPE: [libjvm.dylib+0x489100], sa_mask[0]=11111111011111110111111111111111, sa_flags=SA_RESTART|SA_SIGINFO
SIGXFSZ: [libjvm.dylib+0x489100], sa_mask[0]=11111111011111110111111111111111, sa_flags=SA_RESTART|SA_SIGINFO
SIGILL: [libjvm.dylib+0x489100], sa_mask[0]=11111111011111110111111111111111, sa_flags=SA_RESTART|SA_SIGINFO
SIGUSR1: SIG_DFL, sa_mask[0]=00000000000000000000000000000000, sa_flags=none
SIGUSR2: [libjvm.dylib+0x488c1e], sa_mask[0]=00100000000000000000000000000000, sa_flags=SA_RESTART|SA_SIGINFO
SIGHUP: [libjvm.dylib+0x4871f5], sa_mask[0]=11111111011111110111111111111111, sa_flags=SA_RESTART|SA_SIGINFO
SIGINT: [libjvm.dylib+0x4871f5], sa_mask[0]=11111111011111110111111111111111, sa_flags=SA_RESTART|SA_SIGINFO
SIGTERM: [libjvm.dylib+0x4871f5], sa_mask[0]=11111111011111110111111111111111, sa_flags=SA_RESTART|SA_SIGINFO
SIGQUIT: [libjvm.dylib+0x4871f5], sa_mask[0]=11111111011111110111111111111111, sa_flags=SA_RESTART|SA_SIGINFO


---------------  S Y S T E M  ---------------

OS:Bsduname:Darwin 16.7.0 Darwin Kernel Version 16.7.0: Thu Jun 15 17:36:27 PDT 2017; root:xnu-3789.70.16~2/RELEASE_X86_64 x86_64
rlimit: STACK 8192k, CORE 0k, NPROC 709, NOFILE 10240, AS infinity
load average:1.78 1.49 1.43

CPU:total 4 (initial active 4) (2 cores per cpu, 2 threads per core) family 6 model 142 stepping 9, cmov, cx8, fxsr, mmx, sse, sse2, sse3, ssse3, sse4.1, sse4.2, popcnt, avx, avx2, aes, clmul, erms, 3dnowpref, lzcnt, ht, tsc, tscinvbit, bmi1, bmi2, adx

Memory: 4k page, physical 8388608k(352404k free)

/proc/meminfo:


vm_info: Java HotSpot(TM) 64-Bit Server VM (25.144-b01) for bsd-amd64 JRE (1.8.0_144-b01), built on Jul 21 2017 22:07:42 by "java_re" with gcc 4.2.1 (Based on Apple Inc. build 5658) (LLVM build 2336.11.00)

time: Fri Sep 22 21:37:03 2017
elapsed time: 64 seconds (0d 0h 1m 4s)

