#
# A fatal error has been detected by the Java Runtime Environment:
#
#  SIGSEGV (0xb) at pc=0x00007fffd5b1dd08, pid=17519, tid=0x0000000000000307
#
# JRE version: Java(TM) SE Runtime Environment (8.0_144-b01) (build 1.8.0_144-b01)
# Java VM: Java HotSpot(TM) 64-Bit Server VM (25.144-b01 mixed mode bsd-amd64 compressed oops)
# Problematic frame:
# C  [libobjc.A.dylib+0xbd08]  objc_storeWeak+0x16e
#
# Failed to write core dump. Core dumps have been disabled. To enable core dumping, try "ulimit -c unlimited" before starting Java again
#
# If you would like to submit a bug report, please visit:
#   http://bugreport.java.com/bugreport/crash.jsp
# The crash happened outside the Java Virtual Machine in native code.
# See problematic frame for where to report the bug.
#

---------------  T H R E A D  ---------------

Current thread (0x00007f9f6a0ec000):  JavaThread "AppKit Thread" daemon [_thread_in_native, id=775, stack(0x00007fff54c15000,0x00007fff55415000)]

siginfo: si_signo: 11 (SIGSEGV), si_code: 1 (SEGV_MAPERR), si_addr: 0x0000000000000000

Registers:
RAX=0x00007f9f6a005c00, RBX=0x00007fffdf276480, RCX=0x0000000000000000, RDX=0x00007ffffffffff8
RSP=0x00007fff5540f5b0, RBP=0x00007fff5540f630, RSI=0x00007f9f6a006000, RDI=0x00007fffdf276480
R8 =0x000000000000003f, R9 =0x00007f9f69e88990, R10=0x000000000000000d, R11=0x00007f9f6b1200d0
R12=0x00007fffdf276600, R13=0x0000000000000000, R14=0x00007f9f69e8f7d0, R15=0x0000000000000000
RIP=0x00007fffd5b1dd08, EFLAGS=0x0000000000010206, ERR=0x0000000000000004
  TRAPNO=0x000000000000000e

Top of Stack: (sp=0x00007fff5540f5b0)
0x00007fff5540f5b0:   0000000000000000 00007f9f69da8be8
0x00007fff5540f5c0:   ffff806096177670 0000000000000180
0x00007fff5540f5d0:   00007fffdf1c0630 0000000000000000
0x00007fff5540f5e0:   00007fffdf276600 00007f9f69e8f7d0
0x00007fff5540f5f0:   0000000000000000 00007f9f69da39c8
0x00007fff5540f600:   000000000000000d 00007f9f69e88990
0x00007fff5540f610:   0000000000000000 00007f9f69e88990
0x00007fff5540f620:   00007f9f69db1470 00007f9f69e8f7d0
0x00007fff5540f630:   00007fff5540f670 00007fffc268dacf
0x00007fff5540f640:   00007fff5540f670 0000000000000000
0x00007fff5540f650:   00007f9f69e8f7d0 00007fffbf3c2006
0x00007fff5540f660:   00007f9f69e88990 00007fffd5b19040
0x00007fff5540f670:   00007fff5540f6a0 00007fffbea5a6fb
0x00007fff5540f680:   00007fffd5b19040 00007fff5540f728
0x00007fff5540f690:   00007fffbf405759 00007fffd5b19040
0x00007fff5540f6a0:   00007fff5540f6e0 00007fffbee27c73
0x00007fff5540f6b0:   0000000000000000 0000000000000000
0x00007fff5540f6c0:   0000000000000094 00007fffbf3e817f
0x00007fff5540f6d0:   00007fff5540f728 0000000000000001
0x00007fff5540f6e0:   00007fff5540f710 00007fffbe8b1d48
0x00007fff5540f6f0:   0000000000000000 00007f9f69e8f7d0
0x00007fff5540f700:   00007f9f69e88990 0000000000000000
0x00007fff5540f710:   00007fff5540f770 00007fffbea5a538
0x00007fff5540f720:   0000000000000000 00007fffdf309060
0x00007fff5540f730:   00000000c2000000 00007fffbee27b84
0x00007fff5540f740:   00007fffdb3d5cf0 0000000000000000
0x00007fff5540f750:   00007f9f69e8f7d0 00007f9f69e88990
0x00007fff5540f760:   00007f9f69e88990 00007f9f69e8f7d0
0x00007fff5540f770:   00007fff5540f7a0 0000000127df4586
0x00007fff5540f780:   00007f9f69e88990 0000000127e28c60
0x00007fff5540f790:   00007f9f69d39060 00007f9f69d39060
0x00007fff5540f7a0:   00007fff5540fd10 00007fffbe8d4e7b 

Instructions: (pc=0x00007fffd5b1dd08)
0x00007fffd5b1dce8:   eb 07 48 8b 45 a0 48 8b 30 48 8b 45 c0 48 39 c6
0x00007fffd5b1dcf8:   74 2a 48 8b 46 20 48 89 c1 48 21 d1 48 8b 49 08
0x00007fffd5b1dd08:   f6 01 01 75 0a 48 8b 06 48 21 d0 48 8b 40 20 48
0x00007fffd5b1dd18:   21 d0 f6 40 03 20 0f 84 f8 fe ff ff 49 c1 e5 06 

Register to memory mapping:

RAX=0x00007f9f6a005c00 is an unknown value
RBX=0x00007fffdf276480: _ZN12_GLOBAL__N_1L12SideTableBufE+0 in /usr/lib/libobjc.A.dylib at 0x00007fffd5b12000
RCX=0x0000000000000000 is an unknown value
RDX=0x00007ffffffffff8 is an unknown value
RSP=0x00007fff5540f5b0 is pointing into the stack for thread: 0x00007f9f6a0ec000
RBP=0x00007fff5540f630 is pointing into the stack for thread: 0x00007f9f6a0ec000
RSI=0x00007f9f6a006000 is a thread
RDI=0x00007fffdf276480: _ZN12_GLOBAL__N_1L12SideTableBufE+0 in /usr/lib/libobjc.A.dylib at 0x00007fffd5b12000
R8 =0x000000000000003f is an unknown value
R9 =0x00007f9f69e88990 is an unknown value
R10=0x000000000000000d is an unknown value
R11=0x00007f9f6b1200d0 is an unknown value
R12=0x00007fffdf276600: _ZN12_GLOBAL__N_1L12SideTableBufE+0x180 in /usr/lib/libobjc.A.dylib at 0x00007fffd5b12000
R13=0x0000000000000000 is an unknown value
R14=0x00007f9f69e8f7d0 is an unknown value
R15=0x0000000000000000 is an unknown value


Stack: [0x00007fff54c15000,0x00007fff55415000],  sp=0x00007fff5540f5b0,  free space=8169k
Native frames: (J=compiled Java code, j=interpreted, Vv=VM code, C=native code)
C  [libobjc.A.dylib+0xbd08]  objc_storeWeak+0x16e
C  [Foundation+0x17acf]  -[NSConcreteMapTable setObject:forKey:]+0x6a
C  [AppKit+0x3226fb]  -[NSView(NSOpenGLContextAssociation) _setOpenGLContext:]+0x9b
C  [AppKit+0x6efc73]  __27-[NSOpenGLContext setView:]_block_invoke+0xef
C  [AppKit+0x179d48]  NSPerformVisuallyAtomicChange+0x93
C  [AppKit+0x322538]  -[NSOpenGLContext setView:]+0x69
C  [liblwjgl.dylib+0xa586]  -[MacOSXOpenGLView lockFocus]+0x76
C  [AppKit+0x19ce7b]  -[NSView _recursiveDisplayRectIfNeededIgnoringOpacity:isVisibleRect:rectIsVisibleRectForView:topView:]+0x6ee
C  [AppKit+0x19d6d1]  -[NSView _recursiveDisplayRectIfNeededIgnoringOpacity:isVisibleRect:rectIsVisibleRectForView:topView:]+0xf44
C  [AppKit+0x19c2af]  -[NSThemeFrame _recursiveDisplayRectIfNeededIgnoringOpacity:isVisibleRect:rectIsVisibleRectForView:topView:]+0x14e
C  [AppKit+0x19a6d8]  -[NSView _displayRectIgnoringOpacity:isVisibleRect:rectIsVisibleRectForView:]+0x994
C  [AppKit+0x195fca]  -[NSView displayIfNeeded]+0x6d4
C  [AppKit+0x1958db]  -[NSWindow displayIfNeeded]+0xe6
C  [AppKit+0x8f5cb4]  ___NSWindowGetDisplayCycleObserver_block_invoke.6228+0x115
C  [AppKit+0x1953b9]  __37+[NSDisplayCycle currentDisplayCycle]_block_invoke+0x1c6
C  [QuartzCore+0x11d06]  CA::Transaction::run_commit_handlers(CATransactionPhase)+0x2e
C  [QuartzCore+0x11b8bc]  CA::Context::commit_transaction(CA::Transaction*)+0xa0
C  [QuartzCore+0x107e1]  CA::Transaction::commit()+0x1db
C  [AppKit+0x4788b1]  __37+[NSDisplayCycle currentDisplayCycle]_block_invoke.31+0x143
C  [CoreFoundation+0xa6d37]  __CFRUNLOOP_IS_CALLING_OUT_TO_AN_OBSERVER_CALLBACK_FUNCTION__+0x17
C  [CoreFoundation+0xa6ca7]  __CFRunLoopDoObservers+0x187
C  [CoreFoundation+0x876d9]  __CFRunLoopRun+0x369
C  [CoreFoundation+0x87114]  CFRunLoopRunSpecific+0x1a4
C  [HIToolbox+0x30ebc]  RunCurrentEventLoopInMode+0xf0
C  [HIToolbox+0x30bf9]  ReceiveNextEventCommon+0xb8
C  [HIToolbox+0x30b26]  _BlockUntilNextEventMatchingListInModeWithFilter+0x47
C  [AppKit+0x46a54]  _DPSNextEvent+0x460
C  [AppKit+0x7c27ee]  -[NSApplication(NSEvent) _nextEventMatchingEventMask:untilDate:inMode:dequeue:]+0xaec
C  [libosxapp.dylib+0x23aa]  -[NSApplicationAWT nextEventMatchingMask:untilDate:inMode:dequeue:]+0x7c
C  [AppKit+0x3b3db]  -[NSApplication run]+0x39e
C  [libosxapp.dylib+0x214d]  +[NSApplicationAWT runAWTLoopWithApp:]+0x9c
C  [libawt_lwawt.dylib+0x45edf]  -[AWTStarter starter:]+0x389
C  [Foundation+0x7152a]  __NSThreadPerformPerform+0x146
C  [CoreFoundation+0xa7321]  __CFRUNLOOP_IS_CALLING_OUT_TO_A_SOURCE0_PERFORM_FUNCTION__+0x11
C  [CoreFoundation+0x8821d]  __CFRunLoopDoSources0+0x22d
C  [CoreFoundation+0x87716]  __CFRunLoopRun+0x3a6
C  [CoreFoundation+0x87114]  CFRunLoopRunSpecific+0x1a4
C  [java+0x6465]  CreateExecutionEnvironment+0x367
C  [java+0x218c]  JLI_Launch+0x7a0
C  [java+0x84c2]  main+0x65
C  [java+0x19e4]  start+0x34
C  0x0000000000000006


---------------  P R O C E S S  ---------------

Java Threads: ( => current thread )
  0x00007f9f6aac5800 JavaThread "AWT-Shutdown" [_thread_blocked, id=5131, stack(0x0000700009702000,0x0000700009802000)]
=>0x00007f9f6a0ec000 JavaThread "AppKit Thread" daemon [_thread_in_native, id=775, stack(0x00007fff54c15000,0x00007fff55415000)]
  0x00007f9f6a84c000 JavaThread "Service Thread" daemon [_thread_blocked, id=18691, stack(0x00007000094fc000,0x00007000095fc000)]
  0x00007f9f6a813800 JavaThread "C1 CompilerThread2" daemon [_thread_blocked, id=18179, stack(0x00007000093f9000,0x00007000094f9000)]
  0x00007f9f6a023000 JavaThread "C2 CompilerThread1" daemon [_thread_blocked, id=17667, stack(0x00007000092f6000,0x00007000093f6000)]
  0x00007f9f6a80e000 JavaThread "C2 CompilerThread0" daemon [_thread_blocked, id=17155, stack(0x00007000091f3000,0x00007000092f3000)]
  0x00007f9f6a80d000 JavaThread "Signal Dispatcher" daemon [_thread_blocked, id=16643, stack(0x00007000090f0000,0x00007000091f0000)]
  0x00007f9f6b81c000 JavaThread "Finalizer" daemon [_thread_blocked, id=12547, stack(0x0000700008fed000,0x00007000090ed000)]
  0x00007f9f6a00e800 JavaThread "Reference Handler" daemon [_thread_blocked, id=12035, stack(0x0000700008eea000,0x0000700008fea000)]
  0x00007f9f6a006000 JavaThread "main" [_thread_in_native, id=7171, stack(0x00007000088d8000,0x00007000089d8000)]

Other Threads:
  0x00007f9f6b817000 VMThread [stack: 0x0000700008de7000,0x0000700008ee7000] [id=11523]
  0x00007f9f6b82c800 WatcherThread [stack: 0x00007000095ff000,0x00007000096ff000] [id=19203]

VM state:not at safepoint (normal execution)

VM Mutex/Monitor currently owned by a thread: None

Heap:
 PSYoungGen      total 38400K, used 25988K [0x0000000795580000, 0x0000000798000000, 0x00000007c0000000)
  eden space 33280K, 78% used [0x0000000795580000,0x0000000796ee11f8,0x0000000797600000)
  from space 5120K, 0% used [0x0000000797b00000,0x0000000797b00000,0x0000000798000000)
  to   space 5120K, 0% used [0x0000000797600000,0x0000000797600000,0x0000000797b00000)
 ParOldGen       total 87552K, used 0K [0x0000000740000000, 0x0000000745580000, 0x0000000795580000)
  object space 87552K, 0% used [0x0000000740000000,0x0000000740000000,0x0000000745580000)
 Metaspace       used 7583K, capacity 7743K, committed 8064K, reserved 1056768K
  class space    used 765K, capacity 826K, committed 896K, reserved 1048576K

Card table byte_map: [0x000000011b98b000,0x000000011bd8c000] byte_map_base: 0x0000000117f8b000

Marking Bits: (ParMarkBitMap*) 0x000000010b15b5d0
 Begin Bits: [0x000000011bd8c000, 0x000000011dd8c000)
 End Bits:   [0x000000011dd8c000, 0x000000011fd8c000)

Polling page: 0x000000010b852000

CodeCache: size=245760Kb used=3710Kb max_used=3710Kb free=242049Kb
 bounds [0x000000010c5cb000, 0x000000010c97b000, 0x000000011b5cb000]
 total_blobs=1317 nmethods=923 adapters=308
 compilation: enabled

Compilation events (10 events):
Event: 24.601 Thread 0x00007f9f6a813800  919       3       java.nio.Bits::int0 (3 bytes)
Event: 24.601 Thread 0x00007f9f6a813800 nmethod 919 0x000000010c9561d0 code [0x000000010c956320, 0x000000010c956450]
Event: 24.608 Thread 0x00007f9f6a813800  920       3       java.nio.Bits::putIntB (43 bytes)
Event: 24.608 Thread 0x00007f9f6a813800 nmethod 920 0x000000010c955810 code [0x000000010c9559c0, 0x000000010c955fb8]
Event: 24.618 Thread 0x00007f9f6a813800  921       3       java.nio.Bits::makeInt (29 bytes)
Event: 24.619 Thread 0x00007f9f6a813800 nmethod 921 0x000000010c9554d0 code [0x000000010c955620, 0x000000010c955770]
Event: 25.074 Thread 0x00007f9f6a813800  922       3       sun.awt.AWTAutoShutdown::notifyToolkitThreadBusy (8 bytes)
Event: 25.074 Thread 0x00007f9f6a813800 nmethod 922 0x000000010c9550d0 code [0x000000010c955240, 0x000000010c955408]
Event: 25.074 Thread 0x00007f9f6a813800  923       3       sun.awt.AWTAutoShutdown::notifyToolkitThreadFree (8 bytes)
Event: 25.074 Thread 0x00007f9f6a813800 nmethod 923 0x000000010c954cd0 code [0x000000010c954e40, 0x000000010c955008]

GC Heap History (0 events):
No events

Deoptimization events (6 events):
Event: 0.621 Thread 0x00007f9f6a006000 Uncommon trap: reason=unstable_if action=reinterpret pc=0x000000010c778a40 method=java.lang.String.replace(CC)Ljava/lang/String; @ 26
Event: 1.290 Thread 0x00007f9f6a006000 Uncommon trap: reason=unstable_if action=reinterpret pc=0x000000010c826728 method=java.lang.String.regionMatches(ZILjava/lang/String;II)Z @ 123
Event: 6.833 Thread 0x00007f9f6b11d800 Uncommon trap: reason=unstable_if action=reinterpret pc=0x000000010c919418 method=java.util.HashMap$HashIterator.<init>(Ljava/util/HashMap;)V @ 38
Event: 18.651 Thread 0x00007f9f6a006000 Uncommon trap: reason=unstable_if action=reinterpret pc=0x000000010c925104 method=Player.update(Lorg/newdawn/slick/Input;FLGameMap;)V @ 60
Event: 24.055 Thread 0x00007f9f6a006000 Uncommon trap: reason=unstable_if action=reinterpret pc=0x000000010c945164 method=org.lwjgl.input.Mouse.next()Z @ 28
Event: 25.413 Thread 0x00007f9f6a006000 Uncommon trap: reason=unstable_if action=reinterpret pc=0x000000010c92f5e0 method=org.newdawn.slick.AppGameContainer.gameLoop()V @ 60

Internal exceptions (10 events):
Event: 0.109 Thread 0x00007f9f6a006000 Exception <a 'java/security/PrivilegedActionException'> (0x00000007956e27a0) thrown at [/Users/java_re/workspace/8-2-build-macosx-x86_64/jdk8u144/9417/hotspot/src/share/vm/prims/jvm.cpp, line 1390]
Event: 0.159 Thread 0x00007f9f6a006000 Exception <a 'java/security/PrivilegedActionException'> (0x0000000795854be0) thrown at [/Users/java_re/workspace/8-2-build-macosx-x86_64/jdk8u144/9417/hotspot/src/share/vm/prims/jvm.cpp, line 1390]
Event: 0.159 Thread 0x00007f9f6a006000 Exception <a 'java/security/PrivilegedActionException'> (0x0000000795854df0) thrown at [/Users/java_re/workspace/8-2-build-macosx-x86_64/jdk8u144/9417/hotspot/src/share/vm/prims/jvm.cpp, line 1390]
Event: 0.160 Thread 0x00007f9f6a006000 Exception <a 'java/security/PrivilegedActionException'> (0x0000000795858308) thrown at [/Users/java_re/workspace/8-2-build-macosx-x86_64/jdk8u144/9417/hotspot/src/share/vm/prims/jvm.cpp, line 1390]
Event: 0.160 Thread 0x00007f9f6a006000 Exception <a 'java/security/PrivilegedActionException'> (0x0000000795858518) thrown at [/Users/java_re/workspace/8-2-build-macosx-x86_64/jdk8u144/9417/hotspot/src/share/vm/prims/jvm.cpp, line 1390]
Event: 0.202 Thread 0x00007f9f6a006000 Exception <a 'java/lang/NoSuchFieldError': method resolution failed> (0x000000079592c2f0) thrown at [/Users/java_re/workspace/8-2-build-macosx-x86_64/jdk8u144/9417/hotspot/src/share/vm/prims/methodHandles.cpp, line 1146]
Event: 0.204 Thread 0x00007f9f6a006000 Exception <a 'java/lang/NoSuchFieldError': method resolution failed> (0x0000000795939a40) thrown at [/Users/java_re/workspace/8-2-build-macosx-x86_64/jdk8u144/9417/hotspot/src/share/vm/prims/methodHandles.cpp, line 1146]
Event: 0.398 Thread 0x00007f9f6a006000 Exception <a 'java/io/FileNotFoundException'> (0x00000007959b4570) thrown at [/Users/java_re/workspace/8-2-build-macosx-x86_64/jdk8u144/9417/hotspot/src/share/vm/prims/jni.cpp, line 709]
Event: 0.398 Thread 0x00007f9f6a006000 Exception <a 'java/io/FileNotFoundException'> (0x00000007959b5150) thrown at [/Users/java_re/workspace/8-2-build-macosx-x86_64/jdk8u144/9417/hotspot/src/share/vm/prims/jni.cpp, line 709]
Event: 6.833 Thread 0x00007f9f6b11d800 Implicit null exception at 0x000000010c919243 to 0x000000010c919401

Events (10 events):
Event: 23.249 Thread 0x00007f9f6ba8e000 Thread exited: 0x00007f9f6ba8e000
Event: 23.521 Thread 0x00007f9f6aac5800 Thread added: 0x00007f9f6aac5800
Event: 24.055 Thread 0x00007f9f6a006000 Uncommon trap: trap_request=0xffffff65 fr.pc=0x000000010c945164
Event: 24.055 Thread 0x00007f9f6a006000 DEOPT PACKING pc=0x000000010c945164 sp=0x00007000089d7740
Event: 24.055 Thread 0x00007f9f6a006000 DEOPT UNPACKING pc=0x000000010c5d0229 sp=0x00007000089d7698 mode 2
Event: 25.412 Thread 0x00007f9f6a006000 Uncommon trap: trap_request=0xffffff65 fr.pc=0x000000010c92f5e0
Event: 25.413 Thread 0x00007f9f6a006000 DEOPT PACKING pc=0x000000010c92f5e0 sp=0x00007000089d7840
Event: 25.413 Thread 0x00007f9f6a006000 DEOPT UNPACKING pc=0x000000010c5d0229 sp=0x00007000089d7808 mode 2
Event: 25.423 loading class org/lwjgl/opengl/CallbackUtil
Event: 25.423 loading class org/lwjgl/opengl/CallbackUtil done


Dynamic libraries:
0x000000004b887000 	/System/Library/Frameworks/Cocoa.framework/Versions/A/Cocoa
0x000000004b887000 	/System/Library/Frameworks/Security.framework/Versions/A/Security
0x000000004b887000 	/System/Library/Frameworks/ApplicationServices.framework/Versions/A/ApplicationServices
0x000000004b887000 	/usr/lib/libz.1.dylib
0x000000004b887000 	/usr/lib/libSystem.B.dylib
0x000000004b887000 	/usr/lib/libobjc.A.dylib
0x000000004b887000 	/System/Library/Frameworks/CoreFoundation.framework/Versions/A/CoreFoundation
0x000000004b887000 	/System/Library/Frameworks/Foundation.framework/Versions/C/Foundation
0x000000004b887000 	/System/Library/Frameworks/AppKit.framework/Versions/C/AppKit
0x000000004b887000 	/System/Library/Frameworks/CoreData.framework/Versions/A/CoreData
0x000000004b887000 	/System/Library/PrivateFrameworks/RemoteViewServices.framework/Versions/A/RemoteViewServices
0x000000004b887000 	/System/Library/PrivateFrameworks/UIFoundation.framework/Versions/A/UIFoundation
0x000000004b887000 	/System/Library/PrivateFrameworks/DFRFoundation.framework/Versions/A/DFRFoundation
0x000000004b887000 	/usr/lib/libenergytrace.dylib
0x000000004b887000 	/System/Library/PrivateFrameworks/SkyLight.framework/Versions/A/SkyLight
0x000000004b887000 	/System/Library/Frameworks/CoreGraphics.framework/Versions/A/CoreGraphics
0x000000004b887000 	/usr/lib/libScreenReader.dylib
0x000000004b887000 	/System/Library/Frameworks/Accelerate.framework/Versions/A/Accelerate
0x000000004b887000 	/System/Library/Frameworks/IOSurface.framework/Versions/A/IOSurface
0x000000004b887000 	/System/Library/Frameworks/AudioToolbox.framework/Versions/A/AudioToolbox
0x000000004b887000 	/System/Library/Frameworks/AudioUnit.framework/Versions/A/AudioUnit
0x000000004b887000 	/System/Library/PrivateFrameworks/DataDetectorsCore.framework/Versions/A/DataDetectorsCore
0x000000004b887000 	/System/Library/PrivateFrameworks/DesktopServicesPriv.framework/Versions/A/DesktopServicesPriv
0x000000004b887000 	/System/Library/Frameworks/Carbon.framework/Versions/A/Frameworks/HIToolbox.framework/Versions/A/HIToolbox
0x000000004b887000 	/usr/lib/libicucore.A.dylib
0x000000004b887000 	/System/Library/Frameworks/QuartzCore.framework/Versions/A/QuartzCore
0x000000004b887000 	/System/Library/Frameworks/Carbon.framework/Versions/A/Frameworks/SpeechRecognition.framework/Versions/A/SpeechRecognition
0x000000004b887000 	/usr/lib/libauto.dylib
0x000000004b887000 	/usr/lib/libxml2.2.dylib
0x000000004b887000 	/System/Library/PrivateFrameworks/CoreUI.framework/Versions/A/CoreUI
0x000000004b887000 	/System/Library/Frameworks/CoreAudio.framework/Versions/A/CoreAudio
0x000000004b887000 	/System/Library/Frameworks/DiskArbitration.framework/Versions/A/DiskArbitration
0x000000004b887000 	/usr/lib/liblangid.dylib
0x000000004b887000 	/System/Library/PrivateFrameworks/MultitouchSupport.framework/Versions/A/MultitouchSupport
0x000000004b887000 	/System/Library/Frameworks/IOKit.framework/Versions/A/IOKit
0x000000004b887000 	/usr/lib/libDiagnosticMessagesClient.dylib
0x000000004b887000 	/System/Library/Frameworks/CoreServices.framework/Versions/A/CoreServices
0x000000004b887000 	/System/Library/PrivateFrameworks/PerformanceAnalysis.framework/Versions/A/PerformanceAnalysis
0x000000004b887000 	/System/Library/PrivateFrameworks/GenerationalStorage.framework/Versions/A/GenerationalStorage
0x000000004b887000 	/System/Library/Frameworks/OpenGL.framework/Versions/A/OpenGL
0x000000004b887000 	/System/Library/Frameworks/CoreImage.framework/Versions/A/CoreImage
0x000000004b887000 	/System/Library/Frameworks/CoreText.framework/Versions/A/CoreText
0x000000004b887000 	/System/Library/Frameworks/ImageIO.framework/Versions/A/ImageIO
0x000000004b887000 	/System/Library/PrivateFrameworks/Backup.framework/Versions/A/Backup
0x000000004b887000 	/usr/lib/libarchive.2.dylib
0x000000004b887000 	/System/Library/Frameworks/CFNetwork.framework/Versions/A/CFNetwork
0x000000004b887000 	/System/Library/Frameworks/SystemConfiguration.framework/Versions/A/SystemConfiguration
0x000000004b887000 	/usr/lib/libCRFSuite.dylib
0x000000004b887000 	/usr/lib/libc++.1.dylib
0x000000004b887000 	/usr/lib/libc++abi.dylib
0x000000004b887000 	/usr/lib/system/libcache.dylib
0x000000004b887000 	/usr/lib/system/libcommonCrypto.dylib
0x000000004b887000 	/usr/lib/system/libcompiler_rt.dylib
0x000000004b887000 	/usr/lib/system/libcopyfile.dylib
0x000000004b887000 	/usr/lib/system/libcorecrypto.dylib
0x000000004b887000 	/usr/lib/system/libdispatch.dylib
0x000000004b887000 	/usr/lib/system/libdyld.dylib
0x000000004b887000 	/usr/lib/system/libkeymgr.dylib
0x000000004b887000 	/usr/lib/system/liblaunch.dylib
0x000000004b887000 	/usr/lib/system/libmacho.dylib
0x000000004b887000 	/usr/lib/system/libquarantine.dylib
0x000000004b887000 	/usr/lib/system/libremovefile.dylib
0x000000004b887000 	/usr/lib/system/libsystem_asl.dylib
0x000000004b887000 	/usr/lib/system/libsystem_blocks.dylib
0x000000004b887000 	/usr/lib/system/libsystem_c.dylib
0x000000004b887000 	/usr/lib/system/libsystem_configuration.dylib
0x000000004b887000 	/usr/lib/system/libsystem_coreservices.dylib
0x000000004b887000 	/usr/lib/system/libsystem_coretls.dylib
0x000000004b887000 	/usr/lib/system/libsystem_dnssd.dylib
0x000000004b887000 	/usr/lib/system/libsystem_info.dylib
0x000000004b887000 	/usr/lib/system/libsystem_kernel.dylib
0x000000004b887000 	/usr/lib/system/libsystem_m.dylib
0x000000004b887000 	/usr/lib/system/libsystem_malloc.dylib
0x000000004b887000 	/usr/lib/system/libsystem_network.dylib
0x000000004b887000 	/usr/lib/system/libsystem_networkextension.dylib
0x000000004b887000 	/usr/lib/system/libsystem_notify.dylib
0x000000004b887000 	/usr/lib/system/libsystem_platform.dylib
0x000000004b887000 	/usr/lib/system/libsystem_pthread.dylib
0x000000004b887000 	/usr/lib/system/libsystem_sandbox.dylib
0x000000004b887000 	/usr/lib/system/libsystem_secinit.dylib
0x000000004b887000 	/usr/lib/system/libsystem_symptoms.dylib
0x000000004b887000 	/usr/lib/system/libsystem_trace.dylib
0x000000004b887000 	/usr/lib/system/libunwind.dylib
0x000000004b887000 	/usr/lib/system/libxpc.dylib
0x000000004b887000 	/usr/lib/libbsm.0.dylib
0x000000004b887000 	/usr/lib/system/libkxld.dylib
0x000000004b887000 	/usr/lib/libcoretls.dylib
0x000000004b887000 	/usr/lib/libcoretls_cfhelpers.dylib
0x000000004b887000 	/usr/lib/libOpenScriptingUtil.dylib
0x000000004b887000 	/usr/lib/libpam.2.dylib
0x000000004b887000 	/usr/lib/libsqlite3.dylib
0x000000004b887000 	/usr/lib/libxar.1.dylib
0x000000004b887000 	/usr/lib/libbz2.1.0.dylib
0x000000004b887000 	/usr/lib/liblzma.5.dylib
0x000000004b887000 	/usr/lib/libnetwork.dylib
0x000000004b887000 	/usr/lib/libpcap.A.dylib
0x000000004b887000 	/System/Library/Frameworks/CoreServices.framework/Versions/A/Frameworks/FSEvents.framework/Versions/A/FSEvents
0x000000004b887000 	/System/Library/Frameworks/CoreServices.framework/Versions/A/Frameworks/CarbonCore.framework/Versions/A/CarbonCore
0x000000004b887000 	/System/Library/Frameworks/CoreServices.framework/Versions/A/Frameworks/Metadata.framework/Versions/A/Metadata
0x000000004b887000 	/System/Library/Frameworks/CoreServices.framework/Versions/A/Frameworks/OSServices.framework/Versions/A/OSServices
0x000000004b887000 	/System/Library/Frameworks/CoreServices.framework/Versions/A/Frameworks/SearchKit.framework/Versions/A/SearchKit
0x000000004b887000 	/System/Library/Frameworks/CoreServices.framework/Versions/A/Frameworks/AE.framework/Versions/A/AE
0x000000004b887000 	/System/Library/Frameworks/CoreServices.framework/Versions/A/Frameworks/LaunchServices.framework/Versions/A/LaunchServices
0x000000004b887000 	/System/Library/Frameworks/CoreServices.framework/Versions/A/Frameworks/DictionaryServices.framework/Versions/A/DictionaryServices
0x000000004b887000 	/System/Library/Frameworks/CoreServices.framework/Versions/A/Frameworks/SharedFileList.framework/Versions/A/SharedFileList
0x000000004b887000 	/System/Library/Frameworks/NetFS.framework/Versions/A/NetFS
0x000000004b887000 	/System/Library/PrivateFrameworks/NetAuth.framework/Versions/A/NetAuth
0x000000004b887000 	/System/Library/PrivateFrameworks/login.framework/Versions/A/Frameworks/loginsupport.framework/Versions/A/loginsupport
0x000000004b887000 	/System/Library/PrivateFrameworks/TCC.framework/Versions/A/TCC
0x000000004b887000 	/usr/lib/libmecabra.dylib
0x000000004b887000 	/System/Library/Frameworks/ApplicationServices.framework/Versions/A/Frameworks/ATS.framework/Versions/A/ATS
0x000000004b887000 	/System/Library/Frameworks/ApplicationServices.framework/Versions/A/Frameworks/ColorSync.framework/Versions/A/ColorSync
0x000000004b887000 	/System/Library/Frameworks/ApplicationServices.framework/Versions/A/Frameworks/HIServices.framework/Versions/A/HIServices
0x000000004b887000 	/System/Library/Frameworks/ApplicationServices.framework/Versions/A/Frameworks/LangAnalysis.framework/Versions/A/LangAnalysis
0x000000004b887000 	/System/Library/Frameworks/ApplicationServices.framework/Versions/A/Frameworks/PrintCore.framework/Versions/A/PrintCore
0x000000004b887000 	/System/Library/Frameworks/ApplicationServices.framework/Versions/A/Frameworks/QD.framework/Versions/A/QD
0x000000004b887000 	/System/Library/Frameworks/ApplicationServices.framework/Versions/A/Frameworks/SpeechSynthesis.framework/Versions/A/SpeechSynthesis
0x000000004b887000 	/System/Library/Frameworks/Accelerate.framework/Versions/A/Frameworks/vImage.framework/Versions/A/vImage
0x000000004b887000 	/System/Library/Frameworks/Accelerate.framework/Versions/A/Frameworks/vecLib.framework/Versions/A/vecLib
0x000000004b887000 	/System/Library/Frameworks/Accelerate.framework/Versions/A/Frameworks/vecLib.framework/Versions/A/libvDSP.dylib
0x000000004b887000 	/System/Library/Frameworks/Accelerate.framework/Versions/A/Frameworks/vecLib.framework/Versions/A/libBNNS.dylib
0x000000004b887000 	/System/Library/Frameworks/Accelerate.framework/Versions/A/Frameworks/vecLib.framework/Versions/A/libQuadrature.dylib
0x000000004b887000 	/System/Library/Frameworks/Accelerate.framework/Versions/A/Frameworks/vecLib.framework/Versions/A/libvMisc.dylib
0x000000004b887000 	/System/Library/Frameworks/Accelerate.framework/Versions/A/Frameworks/vecLib.framework/Versions/A/libLAPACK.dylib
0x000000004b887000 	/System/Library/Frameworks/Accelerate.framework/Versions/A/Frameworks/vecLib.framework/Versions/A/libBLAS.dylib
0x000000004b887000 	/System/Library/Frameworks/Accelerate.framework/Versions/A/Frameworks/vecLib.framework/Versions/A/libLinearAlgebra.dylib
0x000000004b887000 	/System/Library/Frameworks/Accelerate.framework/Versions/A/Frameworks/vecLib.framework/Versions/A/libSparseBLAS.dylib
0x000000004b887000 	/System/Library/Frameworks/ApplicationServices.framework/Versions/A/Frameworks/ATS.framework/Versions/A/Resources/libFontParser.dylib
0x000000004b887000 	/System/Library/Frameworks/ApplicationServices.framework/Versions/A/Frameworks/ATS.framework/Versions/A/Resources/libFontRegistry.dylib
0x000000004b887000 	/System/Library/Frameworks/ImageIO.framework/Versions/A/Resources/libJPEG.dylib
0x000000004b887000 	/System/Library/Frameworks/ImageIO.framework/Versions/A/Resources/libTIFF.dylib
0x000000004b887000 	/System/Library/Frameworks/ImageIO.framework/Versions/A/Resources/libPng.dylib
0x000000004b887000 	/System/Library/Frameworks/ImageIO.framework/Versions/A/Resources/libGIF.dylib
0x000000004b887000 	/System/Library/Frameworks/ImageIO.framework/Versions/A/Resources/libJP2.dylib
0x000000004b887000 	/System/Library/Frameworks/ImageIO.framework/Versions/A/Resources/libRadiance.dylib
0x000000004b887000 	/usr/lib/libcompression.dylib
0x000000004b887000 	/System/Library/PrivateFrameworks/AppleJPEG.framework/Versions/A/AppleJPEG
0x000000004b887000 	/usr/lib/libcups.2.dylib
0x000000004b887000 	/System/Library/Frameworks/Kerberos.framework/Versions/A/Kerberos
0x000000004b887000 	/System/Library/Frameworks/GSS.framework/Versions/A/GSS
0x000000004b887000 	/usr/lib/libresolv.9.dylib
0x000000004b887000 	/usr/lib/libiconv.2.dylib
0x000000004b887000 	/System/Library/PrivateFrameworks/Heimdal.framework/Versions/A/Heimdal
0x000000004b887000 	/usr/lib/libheimdal-asn1.dylib
0x000000004b887000 	/System/Library/Frameworks/OpenDirectory.framework/Versions/A/OpenDirectory
0x000000004b887000 	/System/Library/PrivateFrameworks/CommonAuth.framework/Versions/A/CommonAuth
0x000000004b887000 	/System/Library/Frameworks/OpenDirectory.framework/Versions/A/Frameworks/CFOpenDirectory.framework/Versions/A/CFOpenDirectory
0x000000004b887000 	/System/Library/Frameworks/SecurityFoundation.framework/Versions/A/SecurityFoundation
0x000000004b887000 	/System/Library/PrivateFrameworks/LanguageModeling.framework/Versions/A/LanguageModeling
0x000000004b887000 	/usr/lib/libmarisa.dylib
0x000000004b887000 	/usr/lib/libChineseTokenizer.dylib
0x000000004b887000 	/usr/lib/libcmph.dylib
0x000000004b887000 	/System/Library/PrivateFrameworks/CoreEmoji.framework/Versions/A/CoreEmoji
0x000000004b887000 	/System/Library/Frameworks/ServiceManagement.framework/Versions/A/ServiceManagement
0x000000004b887000 	/usr/lib/libxslt.1.dylib
0x000000004b887000 	/System/Library/Frameworks/Carbon.framework/Versions/A/Frameworks/Ink.framework/Versions/A/Ink
0x000000004b887000 	/System/Library/PrivateFrameworks/TextureIO.framework/Versions/A/TextureIO
0x000000004b887000 	/System/Library/Frameworks/Metal.framework/Versions/A/Metal
0x000000004b887000 	/usr/lib/libate.dylib
0x000000004b887000 	/System/Library/PrivateFrameworks/GPUCompiler.framework/libmetal_timestamp.dylib
0x000000004b887000 	/System/Library/Frameworks/OpenGL.framework/Versions/A/Libraries/libCoreFSCache.dylib
0x000000004b887000 	/System/Library/PrivateFrameworks/IOAccelerator.framework/Versions/A/IOAccelerator
0x000000004b887000 	/System/Library/Frameworks/CoreVideo.framework/Versions/A/CoreVideo
0x000000004b887000 	/usr/lib/libFosl_dynamic.dylib
0x000000004b887000 	/System/Library/PrivateFrameworks/MetalPerformanceShaders.framework/Versions/A/MetalPerformanceShaders
0x000000004b887000 	/System/Library/PrivateFrameworks/FaceCore.framework/Versions/A/FaceCore
0x000000004b887000 	/System/Library/Frameworks/OpenCL.framework/Versions/A/OpenCL
0x000000004b887000 	/System/Library/Frameworks/OpenGL.framework/Versions/A/Libraries/libGLU.dylib
0x000000004b887000 	/System/Library/Frameworks/OpenGL.framework/Versions/A/Libraries/libGFXShared.dylib
0x000000004b887000 	/System/Library/Frameworks/OpenGL.framework/Versions/A/Libraries/libGL.dylib
0x000000004b887000 	/System/Library/Frameworks/OpenGL.framework/Versions/A/Libraries/libGLImage.dylib
0x000000004b887000 	/System/Library/Frameworks/OpenGL.framework/Versions/A/Libraries/libCVMSPluginSupport.dylib
0x000000004b887000 	/System/Library/Frameworks/OpenGL.framework/Versions/A/Libraries/libCoreVMClient.dylib
0x000000004b887000 	/System/Library/PrivateFrameworks/CrashReporterSupport.framework/Versions/A/CrashReporterSupport
0x000000004b887000 	/System/Library/PrivateFrameworks/Sharing.framework/Versions/A/Sharing
0x000000004b887000 	/System/Library/PrivateFrameworks/IconServices.framework/Versions/A/IconServices
0x000000004b887000 	/System/Library/PrivateFrameworks/ProtocolBuffer.framework/Versions/A/ProtocolBuffer
0x000000004b887000 	/System/Library/PrivateFrameworks/Apple80211.framework/Versions/A/Apple80211
0x000000004b887000 	/System/Library/Frameworks/CoreWLAN.framework/Versions/A/CoreWLAN
0x000000004b887000 	/System/Library/PrivateFrameworks/CoreUtils.framework/Versions/A/CoreUtils
0x000000004b887000 	/System/Library/Frameworks/IOBluetooth.framework/Versions/A/IOBluetooth
0x000000004b887000 	/System/Library/PrivateFrameworks/CoreWiFi.framework/Versions/A/CoreWiFi
0x000000004b887000 	/System/Library/Frameworks/CoreBluetooth.framework/Versions/A/CoreBluetooth
0x000000004b887000 	/System/Library/Frameworks/CoreDisplay.framework/Versions/A/CoreDisplay
0x000000004b887000 	/System/Library/PrivateFrameworks/IOPresentment.framework/Versions/A/IOPresentment
0x000000004b887000 	/System/Library/PrivateFrameworks/DSExternalDisplay.framework/Versions/A/DSExternalDisplay
0x000000004b887000 	/System/Library/PrivateFrameworks/DebugSymbols.framework/Versions/A/DebugSymbols
0x000000004b887000 	/System/Library/PrivateFrameworks/CoreSymbolication.framework/Versions/A/CoreSymbolication
0x000000004b887000 	/System/Library/PrivateFrameworks/Symbolication.framework/Versions/A/Symbolication
0x000000004b887000 	/System/Library/PrivateFrameworks/AppleFSCompression.framework/Versions/A/AppleFSCompression
0x000000004b887000 	/System/Library/PrivateFrameworks/SpeechRecognitionCore.framework/Versions/A/SpeechRecognitionCore
0x000000004b887000 	/System/Library/PrivateFrameworks/ChunkingLibrary.framework/Versions/A/ChunkingLibrary
0x000000010a868000 	/Library/Java/JavaVirtualMachines/jdk1.8.0_144.jdk/Contents/Home/jre/lib/server/libjvm.dylib
0x000000004b887000 	/usr/lib/libstdc++.6.dylib
0x000000010b80f000 	/Library/Java/JavaVirtualMachines/jdk1.8.0_144.jdk/Contents/Home/jre/lib/libverify.dylib
0x000000010b81d000 	/Library/Java/JavaVirtualMachines/jdk1.8.0_144.jdk/Contents/Home/jre/lib/libjava.dylib
0x000000010b85c000 	/Library/Java/JavaVirtualMachines/jdk1.8.0_144.jdk/Contents/Home/jre/lib/libzip.dylib
0x0000000121a72000 	/System/Library/Frameworks/JavaVM.framework/Frameworks/JavaRuntimeSupport.framework/JavaRuntimeSupport
0x000000010c52b000 	/System/Library/Frameworks/JavaVM.framework/Versions/A/Frameworks/JavaNativeFoundation.framework/Versions/A/JavaNativeFoundation
0x0000000121a8c000 	/System/Library/Frameworks/JavaVM.framework/Versions/A/JavaVM
0x000000004b887000 	/System/Library/Frameworks/Carbon.framework/Versions/A/Carbon
0x0000000121a99000 	/System/Library/PrivateFrameworks/JavaLaunching.framework/Versions/A/JavaLaunching
0x000000004b887000 	/System/Library/Frameworks/Carbon.framework/Versions/A/Frameworks/CommonPanels.framework/Versions/A/CommonPanels
0x000000004b887000 	/System/Library/Frameworks/Carbon.framework/Versions/A/Frameworks/Help.framework/Versions/A/Help
0x000000004b887000 	/System/Library/Frameworks/Carbon.framework/Versions/A/Frameworks/ImageCapture.framework/Versions/A/ImageCapture
0x000000004b887000 	/System/Library/Frameworks/Carbon.framework/Versions/A/Frameworks/OpenScripting.framework/Versions/A/OpenScripting
0x000000004b887000 	/System/Library/Frameworks/Carbon.framework/Versions/A/Frameworks/Print.framework/Versions/A/Print
0x000000004b887000 	/System/Library/Frameworks/Carbon.framework/Versions/A/Frameworks/SecurityHI.framework/Versions/A/SecurityHI
0x00000001233fd000 	/Library/Java/JavaVirtualMachines/jdk1.8.0_144.jdk/Contents/Home/jre/lib/libawt.dylib
0x00000001234a5000 	/Library/Java/JavaVirtualMachines/jdk1.8.0_144.jdk/Contents/Home/jre/lib/./libmlib_image.dylib
0x0000000123571000 	/Library/Java/JavaVirtualMachines/jdk1.8.0_144.jdk/Contents/Home/jre/lib/libawt_lwawt.dylib
0x0000000123628000 	/Library/Java/JavaVirtualMachines/jdk1.8.0_144.jdk/Contents/Home/jre/lib/./libosxapp.dylib
0x000000004b887000 	/System/Library/Frameworks/ExceptionHandling.framework/Versions/A/ExceptionHandling
0x000000004b887000 	/System/Library/PrivateFrameworks/CoreServicesInternal.framework/Versions/A/CoreServicesInternal
0x000000004b887000 	/System/Library/CoreServices/RawCamera.bundle/Contents/MacOS/RawCamera
0x000000004b887000 	/System/Library/Frameworks/Accelerate.framework/Versions/A/Frameworks/vImage.framework/Versions/A/Libraries/libCGInterfaces.dylib
0x000000004b887000 	/System/Library/Frameworks/ApplicationServices.framework/Versions/A/Frameworks/ATS.framework/Versions/A/Resources/libTrueTypeScaler.dylib
0x00000001258b7000 	/System/Library/Frameworks/OpenGL.framework/Resources/GLEngine.bundle/GLEngine
0x000000004b887000 	/System/Library/Frameworks/OpenGL.framework/Versions/A/Libraries/libGLProgrammability.dylib
0x0000000125a9c000 	/System/Library/Extensions/AppleIntelKBLGraphicsGLDriver.bundle/Contents/MacOS/AppleIntelKBLGraphicsGLDriver
0x000000004b887000 	/System/Library/PrivateFrameworks/GPUSupport.framework/Versions/A/Libraries/libGPUSupportMercury.dylib
0x0000000124752000 	/System/Library/Frameworks/OpenGL.framework/Resources//GLRendererFloat.bundle/GLRendererFloat
0x000000004b887000 	/System/Library/Frameworks/OpenCL.framework/Versions/A/Libraries/libcldcpuengine.dylib
0x000000004b887000 	/usr/lib/libcrypto.0.9.8.dylib
0x000000004b887000 	/System/Library/PrivateFrameworks/TrustEvaluationAgent.framework/Versions/A/TrustEvaluationAgent
0x0000000124786000 	/System/Library/Extensions/AppleIntelKBLGraphicsMTLDriver.bundle/Contents/MacOS/AppleIntelKBLGraphicsMTLDriver
0x000000004b887000 	/System/Library/PrivateFrameworks/FamilyControls.framework/Versions/A/FamilyControls
0x000000004b887000 	/System/Library/PrivateFrameworks/CommerceKit.framework/Versions/A/Frameworks/CommerceCore.framework/Versions/A/CommerceCore
0x000000004b887000 	/System/Library/PrivateFrameworks/SystemAdministration.framework/Versions/A/SystemAdministration
0x000000004b887000 	/System/Library/PrivateFrameworks/AppContainer.framework/Versions/A/AppContainer
0x000000004b887000 	/System/Library/PrivateFrameworks/SecCodeWrapper.framework/Versions/A/SecCodeWrapper
0x000000004b887000 	/System/Library/Frameworks/DirectoryService.framework/Versions/A/DirectoryService
0x000000004b887000 	/System/Library/PrivateFrameworks/DiskImages.framework/Versions/A/DiskImages
0x000000004b887000 	/System/Library/PrivateFrameworks/LoginUIKit.framework/Versions/A/Frameworks/LoginUICore.framework/Versions/A/LoginUICore
0x000000004b887000 	/usr/lib/libCoreStorage.dylib
0x000000004b887000 	/usr/lib/libcsfde.dylib
0x000000004b887000 	/usr/lib/libodfde.dylib
0x000000004b887000 	/System/Library/Frameworks/DiscRecording.framework/Versions/A/DiscRecording
0x000000004b887000 	/usr/lib/libcurl.4.dylib
0x000000004b887000 	/System/Library/PrivateFrameworks/MediaKit.framework/Versions/A/MediaKit
0x000000004b887000 	/System/Library/PrivateFrameworks/ProtectedCloudStorage.framework/Versions/A/ProtectedCloudStorage
0x000000004b887000 	/System/Library/PrivateFrameworks/EFILogin.framework/Versions/A/EFILogin
0x000000004b887000 	/usr/lib/libutil.dylib
0x000000004b887000 	/System/Library/Frameworks/LDAP.framework/Versions/A/LDAP
0x000000004b887000 	/usr/lib/libsasl2.2.dylib
0x000000004b887000 	/System/Library/PrivateFrameworks/CoreDaemon.framework/Versions/B/CoreDaemon
0x000000004b887000 	/System/Library/PrivateFrameworks/AppleSRP.framework/Versions/A/AppleSRP
0x000000004b887000 	/System/Library/PrivateFrameworks/APFS.framework/Versions/A/APFS
0x0000000127d83000 	/Library/Java/JavaVirtualMachines/jdk1.8.0_144.jdk/Contents/Home/jre/lib/libfontmanager.dylib
0x0000000127dea000 	/Users/constantinoskavadias/Google Drive/University/Third Year/Semester2/SWEN20003/Project2/lib/liblwjgl.dylib
0x00000001242e9000 	/Library/Java/JavaVirtualMachines/jdk1.8.0_144.jdk/Contents/Home/jre/lib/libjawt.dylib
0x0000000126879000 	/Users/constantinoskavadias/Google Drive/University/Third Year/Semester2/SWEN20003/Project2/lib/libjinput-osx.dylib
0x000000012a56d000 	/System/Library/Extensions/IOHIDFamily.kext/Contents/PlugIns/IOHIDLib.plugin/Contents/MacOS/IOHIDLib
0x000000004b887000 	/System/Library/PrivateFrameworks/ViewBridge.framework/Versions/A/ViewBridge
0x000000004b887000 	/System/Library/PrivateFrameworks/XPCService.framework/Versions/A/XPCService
0x000000004b887000 	/System/Library/PrivateFrameworks/AppSandbox.framework/Versions/A/AppSandbox
0x000000004b887000 	/usr/lib/libsandbox.1.dylib
0x000000004b887000 	/usr/lib/libMatch.1.dylib

VM Arguments:
jvm_args: -Djava.library.path=/Users/constantinoskavadias/Google Drive/University/Third Year/Semester2/SWEN20003/Project2/lib -Dfile.encoding=UTF-8 
java_command: App
java_class_path (initial): /Users/constantinoskavadias/Google Drive/University/Third Year/Semester2/SWEN20003/Project2/bin:/Users/constantinoskavadias/Google Drive/University/Third Year/Semester2/SWEN20003/Project2/lib/jinput.jar:/Users/constantinoskavadias/Google Drive/University/Third Year/Semester2/SWEN20003/Project2/lib/lwjgl.jar:/Users/constantinoskavadias/Google Drive/University/Third Year/Semester2/SWEN20003/Project2/lib/slick.jar
Launcher Type: SUN_STANDARD

Environment Variables:
PATH=/usr/bin:/bin:/usr/sbin:/sbin
SHELL=/bin/bash

Signal Handlers:
SIGSEGV: [libjvm.dylib+0x5b26e5], sa_mask[0]=11111111011111110111111111111111, sa_flags=SA_ONSTACK|SA_RESTART|SA_SIGINFO
SIGBUS: [libjvm.dylib+0x5b26e5], sa_mask[0]=11111111011111110111111111111111, sa_flags=SA_RESTART|SA_SIGINFO
SIGFPE: [libjvm.dylib+0x489100], sa_mask[0]=11111111011111110111111111111111, sa_flags=SA_RESTART|SA_SIGINFO
SIGPIPE: [libjvm.dylib+0x489100], sa_mask[0]=11111111011111110111111111111111, sa_flags=SA_RESTART|SA_SIGINFO
SIGXFSZ: [libjvm.dylib+0x489100], sa_mask[0]=11111111011111110111111111111111, sa_flags=SA_RESTART|SA_SIGINFO
SIGILL: [libjvm.dylib+0x489100], sa_mask[0]=11111111011111110111111111111111, sa_flags=SA_RESTART|SA_SIGINFO
SIGUSR1: SIG_DFL, sa_mask[0]=00000000000000000000000000000000, sa_flags=none
SIGUSR2: [libjvm.dylib+0x488c1e], sa_mask[0]=00100000000000000000000000000000, sa_flags=SA_RESTART|SA_SIGINFO
SIGHUP: [libjvm.dylib+0x4871f5], sa_mask[0]=11111111011111110111111111111111, sa_flags=SA_RESTART|SA_SIGINFO
SIGINT: [libjvm.dylib+0x4871f5], sa_mask[0]=11111111011111110111111111111111, sa_flags=SA_RESTART|SA_SIGINFO
SIGTERM: [libjvm.dylib+0x4871f5], sa_mask[0]=11111111011111110111111111111111, sa_flags=SA_RESTART|SA_SIGINFO
SIGQUIT: [libjvm.dylib+0x4871f5], sa_mask[0]=11111111011111110111111111111111, sa_flags=SA_RESTART|SA_SIGINFO


---------------  S Y S T E M  ---------------

OS:Bsduname:Darwin 16.7.0 Darwin Kernel Version 16.7.0: Thu Jun 15 17:36:27 PDT 2017; root:xnu-3789.70.16~2/RELEASE_X86_64 x86_64
rlimit: STACK 8192k, CORE 0k, NPROC 709, NOFILE 10240, AS infinity
load average:1.83 1.85 1.70

CPU:total 4 (initial active 4) (2 cores per cpu, 2 threads per core) family 6 model 142 stepping 9, cmov, cx8, fxsr, mmx, sse, sse2, sse3, ssse3, sse4.1, sse4.2, popcnt, avx, avx2, aes, clmul, erms, 3dnowpref, lzcnt, ht, tsc, tscinvbit, bmi1, bmi2, adx

Memory: 4k page, physical 8388608k(79632k free)

/proc/meminfo:


vm_info: Java HotSpot(TM) 64-Bit Server VM (25.144-b01) for bsd-amd64 JRE (1.8.0_144-b01), built on Jul 21 2017 22:07:42 by "java_re" with gcc 4.2.1 (Based on Apple Inc. build 5658) (LLVM build 2336.11.00)

time: Thu Oct  5 10:44:24 2017
elapsed time: 25 seconds (0d 0h 0m 25s)

