#
# A fatal error has been detected by the Java Runtime Environment:
#
#  SIGSEGV (0xb) at pc=0x00007fffdbcf305d, pid=3516, tid=0x0000000000000307
#
# JRE version: Java(TM) SE Runtime Environment (8.0_144-b01) (build 1.8.0_144-b01)
# Java VM: Java HotSpot(TM) 64-Bit Server VM (25.144-b01 mixed mode bsd-amd64 compressed oops)
# Problematic frame:
# C  [libobjc.A.dylib+0x705d]  objc_msgSend+0x1d
#
# Failed to write core dump. Core dumps have been disabled. To enable core dumping, try "ulimit -c unlimited" before starting Java again
#
# If you would like to submit a bug report, please visit:
#   http://bugreport.java.com/bugreport/crash.jsp
# The crash happened outside the Java Virtual Machine in native code.
# See problematic frame for where to report the bug.
#

---------------  T H R E A D  ---------------

Current thread (0x00007f98d99bd800):  JavaThread "AppKit Thread" daemon [_thread_in_native, id=775, stack(0x00007fff5c833000,0x00007fff5d033000)]

siginfo: si_signo: 11 (SIGSEGV), si_code: 1 (SEGV_MAPERR), si_addr: 0x000019ef00010028

Registers:
RAX=0x0000000000000000, RBX=0x00007f98d95834c0, RCX=0x0000000000000000, RDX=0x00000000000fbdc0
RSP=0x00007fff5d02d778, RBP=0x00007fff5d02d7a0, RSI=0x00007fffc55df7ab, RDI=0x00007f98d9651e40
R8 =0x0000000000000014, R9 =0x0000000000000000, R10=0x000019ef00010010, R11=0x00007fffc55df7ab
R12=0x0000000000000094, R13=0x00007fffc55c217f, R14=0x00007f98d9651e40, R15=0x0000000000000000
RIP=0x00007fffdbcf305d, EFLAGS=0x0000000000010202, ERR=0x0000000000000004
  TRAPNO=0x000000000000000e

Top of Stack: (sp=0x00007fff5d02d778)
0x00007fff5d02d778:   00000001201b1598 00007f98d95834c0
0x00007fff5d02d788:   00000001201e5c60 00007f98d975b450
0x00007fff5d02d798:   00007f98d975b450 00007fff5d02dd10
0x00007fff5d02d7a8:   00007fffc4aaee7b 0000000000000000
0x00007fff5d02d7b8:   0000000000000000 4089000000000000
0x00007fff5d02d7c8:   4082c00000000000 0000000000000000
0x00007fff5d02d7d8:   0000000000000000 4089000000000000
0x00007fff5d02d7e8:   4082c00000000000 00007fff5d02d810
0x00007fff5d02d7f8:   00007fffc75f3f20 0000000000000b80
0x00007fff5d02d808:   ffff806726863f20 00007f98d979c0e0
0x00007fff5d02d818:   00007fffe5450480 00007fff5d02d880
0x00007fff5d02d828:   00007fffdbcfb243 00007fffe5451000
0x00007fff5d02d838:   00000001c557a100 00007f98d979c0e0
0x00007fff5d02d848:   ffff806726863f20 00007f98d9812840
0x00007fff5d02d858:   00007f98d945fd90 00007fffc557a100
0x00007fff5d02d868:   00007f98d95834c0 00007fffdbcf3040
0x00007fff5d02d878:   00007fff5d02d8e0 00007fff5d02d8d0
0x00007fff5d02d888:   00007fffc518891f 401c000000000000
0x00007fff5d02d898:   4082e00000000000 402c000000000000
0x00007fff5d02d8a8:   0000000000000000 00007fff00000000
0x00007fff5d02d8b8:   0000000000000000 00007fffc5593bb8
0x00007fff5d02d8c8:   00007f98d945fd00 000000015d02d920
0x00007fff5d02d8d8:   00007f98d945fd90 0000000000000088
0x00007fff5d02d8e8:   00007f98d9764270 012c000000000000
0x00007fff5d02d8f8:   00007f98d95834c0 00007fff5d02d920
0x00007fff5d02d908:   00007f98d945fd90 00007fff5d02d9f0
0x00007fff5d02d918:   00007f98d945fd90 00007fff5d02d960
0x00007fff5d02d928:   00007fffc4b66c42 401c000000000000
0x00007fff5d02d938:   4082d80000000000 402c000000000000
0x00007fff5d02d948:   4030000000000000 00007fff5d02d9f0
0x00007fff5d02d958:   00007f98d945fd90 00007fff5d02d9e0
0x00007fff5d02d968:   00007fffc4b66be4 401c000000000000 

Instructions: (pc=0x00007fffdbcf305d)
0x00007fffdbcf303d:   0f 1f 00 48 85 ff 2e 74 62 40 f6 c7 01 2e 75 66
0x00007fffdbcf304d:   49 ba f8 ff ff ff ff 7f 00 00 4c 23 17 49 89 f3
0x00007fffdbcf305d:   45 23 5a 18 49 c1 e3 04 4d 03 5a 10 49 3b 33 75
0x00007fffdbcf306d:   04 41 ff 63 08 49 83 3b 01 76 0d 49 83 c3 10 49 

Register to memory mapping:

RAX=0x0000000000000000 is an unknown value
RBX=0x00007f98d95834c0 is an unknown value
RCX=0x0000000000000000 is an unknown value
RDX=0x00000000000fbdc0 is an unknown value
RSP=0x00007fff5d02d778 is pointing into the stack for thread: 0x00007f98d99bd800
RBP=0x00007fff5d02d7a0 is pointing into the stack for thread: 0x00007f98d99bd800
RSI=0x00007fffc55df7ab: __NSStyleNameIndexTable+0xe03f3 in /System/Library/Frameworks/AppKit.framework/Versions/C/AppKit at 0x00007fffc4912000
RDI=0x00007f98d9651e40 is an unknown value
R8 =0x0000000000000014 is an unknown value
R9 =0x0000000000000000 is an unknown value
R10=0x000019ef00010010 is an unknown value
R11=0x00007fffc55df7ab: __NSStyleNameIndexTable+0xe03f3 in /System/Library/Frameworks/AppKit.framework/Versions/C/AppKit at 0x00007fffc4912000
R12=0x0000000000000094 is an unknown value
R13=0x00007fffc55c217f: __NSStyleNameIndexTable+0xc2dc7 in /System/Library/Frameworks/AppKit.framework/Versions/C/AppKit at 0x00007fffc4912000
R14=0x00007f98d9651e40 is an unknown value
R15=0x0000000000000000 is an unknown value


Stack: [0x00007fff5c833000,0x00007fff5d033000],  sp=0x00007fff5d02d778,  free space=8169k
Native frames: (J=compiled Java code, j=interpreted, Vv=VM code, C=native code)
C  [libobjc.A.dylib+0x705d]  objc_msgSend+0x1d
C  [AppKit+0x19ce7b]  -[NSView _recursiveDisplayRectIfNeededIgnoringOpacity:isVisibleRect:rectIsVisibleRectForView:topView:]+0x6ee
C  [AppKit+0x19d6d1]  -[NSView _recursiveDisplayRectIfNeededIgnoringOpacity:isVisibleRect:rectIsVisibleRectForView:topView:]+0xf44
C  [AppKit+0x19c2af]  -[NSThemeFrame _recursiveDisplayRectIfNeededIgnoringOpacity:isVisibleRect:rectIsVisibleRectForView:topView:]+0x14e
C  [AppKit+0x19a6d8]  -[NSView _displayRectIgnoringOpacity:isVisibleRect:rectIsVisibleRectForView:]+0x994
C  [AppKit+0x195fca]  -[NSView displayIfNeeded]+0x6d4
C  [AppKit+0x1958db]  -[NSWindow displayIfNeeded]+0xe6
C  [AppKit+0x8f5cb4]  ___NSWindowGetDisplayCycleObserver_block_invoke.6228+0x115
C  [AppKit+0x1953b9]  __37+[NSDisplayCycle currentDisplayCycle]_block_invoke+0x1c6
C  [QuartzCore+0x11d06]  CA::Transaction::run_commit_handlers(CATransactionPhase)+0x2e
C  [QuartzCore+0x11b8bc]  CA::Context::commit_transaction(CA::Transaction*)+0xa0
C  [QuartzCore+0x107e1]  CA::Transaction::commit()+0x1db
C  [AppKit+0x4788b1]  __37+[NSDisplayCycle currentDisplayCycle]_block_invoke.31+0x143
C  [CoreFoundation+0xa6d37]  __CFRUNLOOP_IS_CALLING_OUT_TO_AN_OBSERVER_CALLBACK_FUNCTION__+0x17
C  [CoreFoundation+0xa6ca7]  __CFRunLoopDoObservers+0x187
C  [CoreFoundation+0x876d9]  __CFRunLoopRun+0x369
C  [CoreFoundation+0x87114]  CFRunLoopRunSpecific+0x1a4
C  [HIToolbox+0x30ebc]  RunCurrentEventLoopInMode+0xf0
C  [HIToolbox+0x30bf9]  ReceiveNextEventCommon+0xb8
C  [HIToolbox+0x30b26]  _BlockUntilNextEventMatchingListInModeWithFilter+0x47
C  [AppKit+0x46a54]  _DPSNextEvent+0x460
C  [AppKit+0x7c27ee]  -[NSApplication(NSEvent) _nextEventMatchingEventMask:untilDate:inMode:dequeue:]+0xaec
C  [libosxapp.dylib+0x23aa]  -[NSApplicationAWT nextEventMatchingMask:untilDate:inMode:dequeue:]+0x7c
C  [AppKit+0x3b3db]  -[NSApplication run]+0x39e
C  [libosxapp.dylib+0x214d]  +[NSApplicationAWT runAWTLoopWithApp:]+0x9c
C  [libawt_lwawt.dylib+0x45edf]  -[AWTStarter starter:]+0x389
C  [Foundation+0x7152a]  __NSThreadPerformPerform+0x146
C  [CoreFoundation+0xa7321]  __CFRUNLOOP_IS_CALLING_OUT_TO_A_SOURCE0_PERFORM_FUNCTION__+0x11
C  [CoreFoundation+0x8821d]  __CFRunLoopDoSources0+0x22d
C  [CoreFoundation+0x87716]  __CFRunLoopRun+0x3a6
C  [CoreFoundation+0x87114]  CFRunLoopRunSpecific+0x1a4
C  [java+0x6465]  CreateExecutionEnvironment+0x367
C  [java+0x218c]  JLI_Launch+0x7a0
C  [java+0x84c2]  main+0x65
C  [java+0x19e4]  start+0x34
C  0x0000000000000006


---------------  P R O C E S S  ---------------

Java Threads: ( => current thread )
  0x00007f98da14c000 JavaThread "AWT-Shutdown" [_thread_blocked, id=29471, stack(0x000070000426d000,0x000070000436d000)]
=>0x00007f98d99bd800 JavaThread "AppKit Thread" daemon [_thread_in_native, id=775, stack(0x00007fff5c833000,0x00007fff5d033000)]
  0x00007f98da828800 JavaThread "Service Thread" daemon [_thread_blocked, id=18691, stack(0x0000700003fe4000,0x00007000040e4000)]
  0x00007f98da828000 JavaThread "C1 CompilerThread2" daemon [_thread_blocked, id=18179, stack(0x0000700003ee1000,0x0000700003fe1000)]
  0x00007f98da827000 JavaThread "C2 CompilerThread1" daemon [_thread_blocked, id=17667, stack(0x0000700003dde000,0x0000700003ede000)]
  0x00007f98da014000 JavaThread "C2 CompilerThread0" daemon [_thread_blocked, id=17155, stack(0x0000700003cdb000,0x0000700003ddb000)]
  0x00007f98da002800 JavaThread "Signal Dispatcher" daemon [_thread_blocked, id=16643, stack(0x0000700003bd8000,0x0000700003cd8000)]
  0x00007f98d9800800 JavaThread "Finalizer" daemon [_thread_blocked, id=12547, stack(0x0000700003ad5000,0x0000700003bd5000)]
  0x00007f98db028800 JavaThread "Reference Handler" daemon [_thread_blocked, id=12035, stack(0x00007000039d2000,0x0000700003ad2000)]
  0x00007f98da806800 JavaThread "main" [_thread_in_native, id=3587, stack(0x0000700003237000,0x0000700003337000)]

Other Threads:
  0x00007f98db026000 VMThread [stack: 0x00007000038cf000,0x00007000039cf000] [id=11523]
  0x00007f98da818800 WatcherThread [stack: 0x00007000040e7000,0x00007000041e7000] [id=19203]

VM state:not at safepoint (normal execution)

VM Mutex/Monitor currently owned by a thread: None

Heap:
 PSYoungGen      total 38400K, used 10102K [0x0000000795580000, 0x0000000798000000, 0x00000007c0000000)
  eden space 33280K, 15% used [0x0000000795580000,0x0000000795a638f8,0x0000000797600000)
  from space 5120K, 99% used [0x0000000797600000,0x0000000797afa168,0x0000000797b00000)
  to   space 5120K, 0% used [0x0000000797b00000,0x0000000797b00000,0x0000000798000000)
 ParOldGen       total 87552K, used 3022K [0x0000000740000000, 0x0000000745580000, 0x0000000795580000)
  object space 87552K, 3% used [0x0000000740000000,0x00000007402f3878,0x0000000745580000)
 Metaspace       used 7535K, capacity 7687K, committed 7808K, reserved 1056768K
  class space    used 758K, capacity 826K, committed 896K, reserved 1048576K

Card table byte_map: [0x0000000104807000,0x0000000104c08000] byte_map_base: 0x0000000100e07000

Marking Bits: (ParMarkBitMap*) 0x000000010353d5d0
 Begin Bits: [0x0000000115b73000, 0x0000000117b73000)
 End Bits:   [0x0000000117b73000, 0x0000000119b73000)

Polling page: 0x0000000103bff000

CodeCache: size=245760Kb used=3541Kb max_used=3552Kb free=242218Kb
 bounds [0x0000000106b73000, 0x0000000106ef3000, 0x0000000115b73000]
 total_blobs=1300 nmethods=906 adapters=308
 compilation: enabled

Compilation events (10 events):
Event: 3.554 Thread 0x00007f98da828000  900       3       Ice::update (51 bytes)
Event: 3.554 Thread 0x00007f98da828000 nmethod 900 0x0000000106ed1150 code [0x0000000106ed1300, 0x0000000106ed16a8]
Event: 3.554 Thread 0x00007f98da828000  901       3       Player::update (116 bytes)
Event: 3.555 Thread 0x00007f98da828000 nmethod 901 0x0000000106ed1b50 code [0x0000000106ed1d80, 0x0000000106ed2a98]
Event: 3.555 Thread 0x00007f98da828000  902       3       GameMap::resetMove (6 bytes)
Event: 3.555 Thread 0x00007f98da828000 nmethod 902 0x0000000106ed3150 code [0x0000000106ed32a0, 0x0000000106ed33f0]
Event: 3.640 Thread 0x00007f98da828000  904       3       org.newdawn.slick.Input::poll (1561 bytes)
Event: 3.655 Thread 0x00007f98da828000 nmethod 904 0x0000000106ed3490 code [0x0000000106ed45c0, 0x0000000106ee1cd8]
Event: 3.690 Thread 0x00007f98da827000  905       4       org.lwjgl.opengl.GL11::glEnable (19 bytes)
Event: 3.692 Thread 0x00007f98da827000 nmethod 905 0x0000000106eec650 code [0x0000000106eec7a0, 0x0000000106eec8a8]

GC Heap History (2 events):
Event: 1.365 GC heap before
{Heap before GC invocations=1 (full 0):
 PSYoungGen      total 38400K, used 33280K [0x0000000795580000, 0x0000000798000000, 0x00000007c0000000)
  eden space 33280K, 100% used [0x0000000795580000,0x0000000797600000,0x0000000797600000)
  from space 5120K, 0% used [0x0000000797b00000,0x0000000797b00000,0x0000000798000000)
  to   space 5120K, 0% used [0x0000000797600000,0x0000000797600000,0x0000000797b00000)
 ParOldGen       total 87552K, used 0K [0x0000000740000000, 0x0000000745580000, 0x0000000795580000)
  object space 87552K, 0% used [0x0000000740000000,0x0000000740000000,0x0000000745580000)
 Metaspace       used 7371K, capacity 7559K, committed 7808K, reserved 1056768K
  class space    used 754K, capacity 826K, committed 896K, reserved 1048576K
Event: 1.378 GC heap after
Heap after GC invocations=1 (full 0):
 PSYoungGen      total 38400K, used 5096K [0x0000000795580000, 0x0000000798000000, 0x00000007c0000000)
  eden space 33280K, 0% used [0x0000000795580000,0x0000000795580000,0x0000000797600000)
  from space 5120K, 99% used [0x0000000797600000,0x0000000797afa168,0x0000000797b00000)
  to   space 5120K, 0% used [0x0000000797b00000,0x0000000797b00000,0x0000000798000000)
 ParOldGen       total 87552K, used 3022K [0x0000000740000000, 0x0000000745580000, 0x0000000795580000)
  object space 87552K, 3% used [0x0000000740000000,0x00000007402f3878,0x0000000745580000)
 Metaspace       used 7371K, capacity 7559K, committed 7808K, reserved 1056768K
  class space    used 754K, capacity 826K, committed 896K, reserved 1048576K
}

Deoptimization events (2 events):
Event: 0.675 Thread 0x00007f98da806800 Uncommon trap: reason=unstable_if action=reinterpret pc=0x0000000106d28080 method=java.lang.String.replace(CC)Ljava/lang/String; @ 26
Event: 1.336 Thread 0x00007f98da806800 Uncommon trap: reason=unstable_if action=reinterpret pc=0x0000000106de8cfc method=java.lang.String.regionMatches(ZILjava/lang/String;II)Z @ 123

Internal exceptions (10 events):
Event: 0.135 Thread 0x00007f98da806800 Exception <a 'java/security/PrivilegedActionException'> (0x00000007956e2590) thrown at [/Users/java_re/workspace/8-2-build-macosx-x86_64/jdk8u144/9417/hotspot/src/share/vm/prims/jvm.cpp, line 1390]
Event: 0.135 Thread 0x00007f98da806800 Exception <a 'java/security/PrivilegedActionException'> (0x00000007956e27a0) thrown at [/Users/java_re/workspace/8-2-build-macosx-x86_64/jdk8u144/9417/hotspot/src/share/vm/prims/jvm.cpp, line 1390]
Event: 0.191 Thread 0x00007f98da806800 Exception <a 'java/security/PrivilegedActionException'> (0x0000000795854bd8) thrown at [/Users/java_re/workspace/8-2-build-macosx-x86_64/jdk8u144/9417/hotspot/src/share/vm/prims/jvm.cpp, line 1390]
Event: 0.191 Thread 0x00007f98da806800 Exception <a 'java/security/PrivilegedActionException'> (0x0000000795854de8) thrown at [/Users/java_re/workspace/8-2-build-macosx-x86_64/jdk8u144/9417/hotspot/src/share/vm/prims/jvm.cpp, line 1390]
Event: 0.191 Thread 0x00007f98da806800 Exception <a 'java/security/PrivilegedActionException'> (0x0000000795858300) thrown at [/Users/java_re/workspace/8-2-build-macosx-x86_64/jdk8u144/9417/hotspot/src/share/vm/prims/jvm.cpp, line 1390]
Event: 0.191 Thread 0x00007f98da806800 Exception <a 'java/security/PrivilegedActionException'> (0x0000000795858510) thrown at [/Users/java_re/workspace/8-2-build-macosx-x86_64/jdk8u144/9417/hotspot/src/share/vm/prims/jvm.cpp, line 1390]
Event: 0.245 Thread 0x00007f98da806800 Exception <a 'java/lang/NoSuchFieldError': method resolution failed> (0x000000079592c2e8) thrown at [/Users/java_re/workspace/8-2-build-macosx-x86_64/jdk8u144/9417/hotspot/src/share/vm/prims/methodHandles.cpp, line 1146]
Event: 0.249 Thread 0x00007f98da806800 Exception <a 'java/lang/NoSuchFieldError': method resolution failed> (0x0000000795939a38) thrown at [/Users/java_re/workspace/8-2-build-macosx-x86_64/jdk8u144/9417/hotspot/src/share/vm/prims/methodHandles.cpp, line 1146]
Event: 0.434 Thread 0x00007f98da806800 Exception <a 'java/io/FileNotFoundException'> (0x00000007959b4810) thrown at [/Users/java_re/workspace/8-2-build-macosx-x86_64/jdk8u144/9417/hotspot/src/share/vm/prims/jni.cpp, line 709]
Event: 0.435 Thread 0x00007f98da806800 Exception <a 'java/io/FileNotFoundException'> (0x00000007959b53f0) thrown at [/Users/java_re/workspace/8-2-build-macosx-x86_64/jdk8u144/9417/hotspot/src/share/vm/prims/jni.cpp, line 709]

Events (10 events):
Event: 1.388 loading class org/newdawn/slick/Music
Event: 1.388 loading class org/newdawn/slick/Music done
Event: 1.410 loading class org/newdawn/slick/AngelCodeFont$DisplayList
Event: 1.410 loading class org/newdawn/slick/AngelCodeFont$DisplayList done
Event: 3.037 Thread 0x00007f98da806800 DEOPT PACKING pc=0x0000000106e8aaf2 sp=0x00007000033365d0
Event: 3.037 Thread 0x00007f98da806800 DEOPT UNPACKING pc=0x0000000106bba633 sp=0x00007000033363b8 mode 0
Event: 3.039 Thread 0x00007f98da806800 DEOPT PACKING pc=0x0000000106e8c58c sp=0x00007000033365d0
Event: 3.039 Thread 0x00007f98da806800 DEOPT UNPACKING pc=0x0000000106bba633 sp=0x00007000033363a0 mode 0
Event: 3.736 loading class org/lwjgl/opengl/CallbackUtil
Event: 3.736 loading class org/lwjgl/opengl/CallbackUtil done


Dynamic libraries:
0x0000000051a61000 	/System/Library/Frameworks/Cocoa.framework/Versions/A/Cocoa
0x0000000051a61000 	/System/Library/Frameworks/Security.framework/Versions/A/Security
0x0000000051a61000 	/System/Library/Frameworks/ApplicationServices.framework/Versions/A/ApplicationServices
0x0000000051a61000 	/usr/lib/libz.1.dylib
0x0000000051a61000 	/usr/lib/libSystem.B.dylib
0x0000000051a61000 	/usr/lib/libobjc.A.dylib
0x0000000051a61000 	/System/Library/Frameworks/CoreFoundation.framework/Versions/A/CoreFoundation
0x0000000051a61000 	/System/Library/Frameworks/Foundation.framework/Versions/C/Foundation
0x0000000051a61000 	/System/Library/Frameworks/AppKit.framework/Versions/C/AppKit
0x0000000051a61000 	/System/Library/Frameworks/CoreData.framework/Versions/A/CoreData
0x0000000051a61000 	/System/Library/PrivateFrameworks/RemoteViewServices.framework/Versions/A/RemoteViewServices
0x0000000051a61000 	/System/Library/PrivateFrameworks/UIFoundation.framework/Versions/A/UIFoundation
0x0000000051a61000 	/System/Library/PrivateFrameworks/DFRFoundation.framework/Versions/A/DFRFoundation
0x0000000051a61000 	/usr/lib/libenergytrace.dylib
0x0000000051a61000 	/System/Library/PrivateFrameworks/SkyLight.framework/Versions/A/SkyLight
0x0000000051a61000 	/System/Library/Frameworks/CoreGraphics.framework/Versions/A/CoreGraphics
0x0000000051a61000 	/usr/lib/libScreenReader.dylib
0x0000000051a61000 	/System/Library/Frameworks/Accelerate.framework/Versions/A/Accelerate
0x0000000051a61000 	/System/Library/Frameworks/IOSurface.framework/Versions/A/IOSurface
0x0000000051a61000 	/System/Library/Frameworks/AudioToolbox.framework/Versions/A/AudioToolbox
0x0000000051a61000 	/System/Library/Frameworks/AudioUnit.framework/Versions/A/AudioUnit
0x0000000051a61000 	/System/Library/PrivateFrameworks/DataDetectorsCore.framework/Versions/A/DataDetectorsCore
0x0000000051a61000 	/System/Library/PrivateFrameworks/DesktopServicesPriv.framework/Versions/A/DesktopServicesPriv
0x0000000051a61000 	/System/Library/Frameworks/Carbon.framework/Versions/A/Frameworks/HIToolbox.framework/Versions/A/HIToolbox
0x0000000051a61000 	/usr/lib/libicucore.A.dylib
0x0000000051a61000 	/System/Library/Frameworks/QuartzCore.framework/Versions/A/QuartzCore
0x0000000051a61000 	/System/Library/Frameworks/Carbon.framework/Versions/A/Frameworks/SpeechRecognition.framework/Versions/A/SpeechRecognition
0x0000000051a61000 	/usr/lib/libauto.dylib
0x0000000051a61000 	/usr/lib/libxml2.2.dylib
0x0000000051a61000 	/System/Library/PrivateFrameworks/CoreUI.framework/Versions/A/CoreUI
0x0000000051a61000 	/System/Library/Frameworks/CoreAudio.framework/Versions/A/CoreAudio
0x0000000051a61000 	/System/Library/Frameworks/DiskArbitration.framework/Versions/A/DiskArbitration
0x0000000051a61000 	/usr/lib/liblangid.dylib
0x0000000051a61000 	/System/Library/PrivateFrameworks/MultitouchSupport.framework/Versions/A/MultitouchSupport
0x0000000051a61000 	/System/Library/Frameworks/IOKit.framework/Versions/A/IOKit
0x0000000051a61000 	/usr/lib/libDiagnosticMessagesClient.dylib
0x0000000051a61000 	/System/Library/Frameworks/CoreServices.framework/Versions/A/CoreServices
0x0000000051a61000 	/System/Library/PrivateFrameworks/PerformanceAnalysis.framework/Versions/A/PerformanceAnalysis
0x0000000051a61000 	/System/Library/PrivateFrameworks/GenerationalStorage.framework/Versions/A/GenerationalStorage
0x0000000051a61000 	/System/Library/Frameworks/OpenGL.framework/Versions/A/OpenGL
0x0000000051a61000 	/System/Library/Frameworks/CoreImage.framework/Versions/A/CoreImage
0x0000000051a61000 	/System/Library/Frameworks/CoreText.framework/Versions/A/CoreText
0x0000000051a61000 	/System/Library/Frameworks/ImageIO.framework/Versions/A/ImageIO
0x0000000051a61000 	/System/Library/PrivateFrameworks/Backup.framework/Versions/A/Backup
0x0000000051a61000 	/usr/lib/libarchive.2.dylib
0x0000000051a61000 	/System/Library/Frameworks/CFNetwork.framework/Versions/A/CFNetwork
0x0000000051a61000 	/System/Library/Frameworks/SystemConfiguration.framework/Versions/A/SystemConfiguration
0x0000000051a61000 	/usr/lib/libCRFSuite.dylib
0x0000000051a61000 	/usr/lib/libc++.1.dylib
0x0000000051a61000 	/usr/lib/libc++abi.dylib
0x0000000051a61000 	/usr/lib/system/libcache.dylib
0x0000000051a61000 	/usr/lib/system/libcommonCrypto.dylib
0x0000000051a61000 	/usr/lib/system/libcompiler_rt.dylib
0x0000000051a61000 	/usr/lib/system/libcopyfile.dylib
0x0000000051a61000 	/usr/lib/system/libcorecrypto.dylib
0x0000000051a61000 	/usr/lib/system/libdispatch.dylib
0x0000000051a61000 	/usr/lib/system/libdyld.dylib
0x0000000051a61000 	/usr/lib/system/libkeymgr.dylib
0x0000000051a61000 	/usr/lib/system/liblaunch.dylib
0x0000000051a61000 	/usr/lib/system/libmacho.dylib
0x0000000051a61000 	/usr/lib/system/libquarantine.dylib
0x0000000051a61000 	/usr/lib/system/libremovefile.dylib
0x0000000051a61000 	/usr/lib/system/libsystem_asl.dylib
0x0000000051a61000 	/usr/lib/system/libsystem_blocks.dylib
0x0000000051a61000 	/usr/lib/system/libsystem_c.dylib
0x0000000051a61000 	/usr/lib/system/libsystem_configuration.dylib
0x0000000051a61000 	/usr/lib/system/libsystem_coreservices.dylib
0x0000000051a61000 	/usr/lib/system/libsystem_coretls.dylib
0x0000000051a61000 	/usr/lib/system/libsystem_dnssd.dylib
0x0000000051a61000 	/usr/lib/system/libsystem_info.dylib
0x0000000051a61000 	/usr/lib/system/libsystem_kernel.dylib
0x0000000051a61000 	/usr/lib/system/libsystem_m.dylib
0x0000000051a61000 	/usr/lib/system/libsystem_malloc.dylib
0x0000000051a61000 	/usr/lib/system/libsystem_network.dylib
0x0000000051a61000 	/usr/lib/system/libsystem_networkextension.dylib
0x0000000051a61000 	/usr/lib/system/libsystem_notify.dylib
0x0000000051a61000 	/usr/lib/system/libsystem_platform.dylib
0x0000000051a61000 	/usr/lib/system/libsystem_pthread.dylib
0x0000000051a61000 	/usr/lib/system/libsystem_sandbox.dylib
0x0000000051a61000 	/usr/lib/system/libsystem_secinit.dylib
0x0000000051a61000 	/usr/lib/system/libsystem_symptoms.dylib
0x0000000051a61000 	/usr/lib/system/libsystem_trace.dylib
0x0000000051a61000 	/usr/lib/system/libunwind.dylib
0x0000000051a61000 	/usr/lib/system/libxpc.dylib
0x0000000051a61000 	/usr/lib/libbsm.0.dylib
0x0000000051a61000 	/usr/lib/system/libkxld.dylib
0x0000000051a61000 	/usr/lib/libcoretls.dylib
0x0000000051a61000 	/usr/lib/libcoretls_cfhelpers.dylib
0x0000000051a61000 	/usr/lib/libOpenScriptingUtil.dylib
0x0000000051a61000 	/usr/lib/libpam.2.dylib
0x0000000051a61000 	/usr/lib/libsqlite3.dylib
0x0000000051a61000 	/usr/lib/libxar.1.dylib
0x0000000051a61000 	/usr/lib/libbz2.1.0.dylib
0x0000000051a61000 	/usr/lib/liblzma.5.dylib
0x0000000051a61000 	/usr/lib/libnetwork.dylib
0x0000000051a61000 	/usr/lib/libpcap.A.dylib
0x0000000051a61000 	/System/Library/Frameworks/CoreServices.framework/Versions/A/Frameworks/FSEvents.framework/Versions/A/FSEvents
0x0000000051a61000 	/System/Library/Frameworks/CoreServices.framework/Versions/A/Frameworks/CarbonCore.framework/Versions/A/CarbonCore
0x0000000051a61000 	/System/Library/Frameworks/CoreServices.framework/Versions/A/Frameworks/Metadata.framework/Versions/A/Metadata
0x0000000051a61000 	/System/Library/Frameworks/CoreServices.framework/Versions/A/Frameworks/OSServices.framework/Versions/A/OSServices
0x0000000051a61000 	/System/Library/Frameworks/CoreServices.framework/Versions/A/Frameworks/SearchKit.framework/Versions/A/SearchKit
0x0000000051a61000 	/System/Library/Frameworks/CoreServices.framework/Versions/A/Frameworks/AE.framework/Versions/A/AE
0x0000000051a61000 	/System/Library/Frameworks/CoreServices.framework/Versions/A/Frameworks/LaunchServices.framework/Versions/A/LaunchServices
0x0000000051a61000 	/System/Library/Frameworks/CoreServices.framework/Versions/A/Frameworks/DictionaryServices.framework/Versions/A/DictionaryServices
0x0000000051a61000 	/System/Library/Frameworks/CoreServices.framework/Versions/A/Frameworks/SharedFileList.framework/Versions/A/SharedFileList
0x0000000051a61000 	/System/Library/Frameworks/NetFS.framework/Versions/A/NetFS
0x0000000051a61000 	/System/Library/PrivateFrameworks/NetAuth.framework/Versions/A/NetAuth
0x0000000051a61000 	/System/Library/PrivateFrameworks/login.framework/Versions/A/Frameworks/loginsupport.framework/Versions/A/loginsupport
0x0000000051a61000 	/System/Library/PrivateFrameworks/TCC.framework/Versions/A/TCC
0x0000000051a61000 	/usr/lib/libmecabra.dylib
0x0000000051a61000 	/System/Library/Frameworks/ApplicationServices.framework/Versions/A/Frameworks/ATS.framework/Versions/A/ATS
0x0000000051a61000 	/System/Library/Frameworks/ApplicationServices.framework/Versions/A/Frameworks/ColorSync.framework/Versions/A/ColorSync
0x0000000051a61000 	/System/Library/Frameworks/ApplicationServices.framework/Versions/A/Frameworks/HIServices.framework/Versions/A/HIServices
0x0000000051a61000 	/System/Library/Frameworks/ApplicationServices.framework/Versions/A/Frameworks/LangAnalysis.framework/Versions/A/LangAnalysis
0x0000000051a61000 	/System/Library/Frameworks/ApplicationServices.framework/Versions/A/Frameworks/PrintCore.framework/Versions/A/PrintCore
0x0000000051a61000 	/System/Library/Frameworks/ApplicationServices.framework/Versions/A/Frameworks/QD.framework/Versions/A/QD
0x0000000051a61000 	/System/Library/Frameworks/ApplicationServices.framework/Versions/A/Frameworks/SpeechSynthesis.framework/Versions/A/SpeechSynthesis
0x0000000051a61000 	/System/Library/Frameworks/Accelerate.framework/Versions/A/Frameworks/vImage.framework/Versions/A/vImage
0x0000000051a61000 	/System/Library/Frameworks/Accelerate.framework/Versions/A/Frameworks/vecLib.framework/Versions/A/vecLib
0x0000000051a61000 	/System/Library/Frameworks/Accelerate.framework/Versions/A/Frameworks/vecLib.framework/Versions/A/libvDSP.dylib
0x0000000051a61000 	/System/Library/Frameworks/Accelerate.framework/Versions/A/Frameworks/vecLib.framework/Versions/A/libBNNS.dylib
0x0000000051a61000 	/System/Library/Frameworks/Accelerate.framework/Versions/A/Frameworks/vecLib.framework/Versions/A/libQuadrature.dylib
0x0000000051a61000 	/System/Library/Frameworks/Accelerate.framework/Versions/A/Frameworks/vecLib.framework/Versions/A/libvMisc.dylib
0x0000000051a61000 	/System/Library/Frameworks/Accelerate.framework/Versions/A/Frameworks/vecLib.framework/Versions/A/libLAPACK.dylib
0x0000000051a61000 	/System/Library/Frameworks/Accelerate.framework/Versions/A/Frameworks/vecLib.framework/Versions/A/libBLAS.dylib
0x0000000051a61000 	/System/Library/Frameworks/Accelerate.framework/Versions/A/Frameworks/vecLib.framework/Versions/A/libLinearAlgebra.dylib
0x0000000051a61000 	/System/Library/Frameworks/Accelerate.framework/Versions/A/Frameworks/vecLib.framework/Versions/A/libSparseBLAS.dylib
0x0000000051a61000 	/System/Library/Frameworks/ApplicationServices.framework/Versions/A/Frameworks/ATS.framework/Versions/A/Resources/libFontParser.dylib
0x0000000051a61000 	/System/Library/Frameworks/ApplicationServices.framework/Versions/A/Frameworks/ATS.framework/Versions/A/Resources/libFontRegistry.dylib
0x0000000051a61000 	/System/Library/Frameworks/ImageIO.framework/Versions/A/Resources/libJPEG.dylib
0x0000000051a61000 	/System/Library/Frameworks/ImageIO.framework/Versions/A/Resources/libTIFF.dylib
0x0000000051a61000 	/System/Library/Frameworks/ImageIO.framework/Versions/A/Resources/libPng.dylib
0x0000000051a61000 	/System/Library/Frameworks/ImageIO.framework/Versions/A/Resources/libGIF.dylib
0x0000000051a61000 	/System/Library/Frameworks/ImageIO.framework/Versions/A/Resources/libJP2.dylib
0x0000000051a61000 	/System/Library/Frameworks/ImageIO.framework/Versions/A/Resources/libRadiance.dylib
0x0000000051a61000 	/usr/lib/libcompression.dylib
0x0000000051a61000 	/System/Library/PrivateFrameworks/AppleJPEG.framework/Versions/A/AppleJPEG
0x0000000051a61000 	/usr/lib/libcups.2.dylib
0x0000000051a61000 	/System/Library/Frameworks/Kerberos.framework/Versions/A/Kerberos
0x0000000051a61000 	/System/Library/Frameworks/GSS.framework/Versions/A/GSS
0x0000000051a61000 	/usr/lib/libresolv.9.dylib
0x0000000051a61000 	/usr/lib/libiconv.2.dylib
0x0000000051a61000 	/System/Library/PrivateFrameworks/Heimdal.framework/Versions/A/Heimdal
0x0000000051a61000 	/usr/lib/libheimdal-asn1.dylib
0x0000000051a61000 	/System/Library/Frameworks/OpenDirectory.framework/Versions/A/OpenDirectory
0x0000000051a61000 	/System/Library/PrivateFrameworks/CommonAuth.framework/Versions/A/CommonAuth
0x0000000051a61000 	/System/Library/Frameworks/OpenDirectory.framework/Versions/A/Frameworks/CFOpenDirectory.framework/Versions/A/CFOpenDirectory
0x0000000051a61000 	/System/Library/Frameworks/SecurityFoundation.framework/Versions/A/SecurityFoundation
0x0000000051a61000 	/System/Library/PrivateFrameworks/LanguageModeling.framework/Versions/A/LanguageModeling
0x0000000051a61000 	/usr/lib/libmarisa.dylib
0x0000000051a61000 	/usr/lib/libChineseTokenizer.dylib
0x0000000051a61000 	/usr/lib/libcmph.dylib
0x0000000051a61000 	/System/Library/PrivateFrameworks/CoreEmoji.framework/Versions/A/CoreEmoji
0x0000000051a61000 	/System/Library/Frameworks/ServiceManagement.framework/Versions/A/ServiceManagement
0x0000000051a61000 	/usr/lib/libxslt.1.dylib
0x0000000051a61000 	/System/Library/Frameworks/Carbon.framework/Versions/A/Frameworks/Ink.framework/Versions/A/Ink
0x0000000051a61000 	/System/Library/PrivateFrameworks/TextureIO.framework/Versions/A/TextureIO
0x0000000051a61000 	/System/Library/Frameworks/Metal.framework/Versions/A/Metal
0x0000000051a61000 	/usr/lib/libate.dylib
0x0000000051a61000 	/System/Library/PrivateFrameworks/GPUCompiler.framework/libmetal_timestamp.dylib
0x0000000051a61000 	/System/Library/Frameworks/OpenGL.framework/Versions/A/Libraries/libCoreFSCache.dylib
0x0000000051a61000 	/System/Library/PrivateFrameworks/IOAccelerator.framework/Versions/A/IOAccelerator
0x0000000051a61000 	/System/Library/Frameworks/CoreVideo.framework/Versions/A/CoreVideo
0x0000000051a61000 	/usr/lib/libFosl_dynamic.dylib
0x0000000051a61000 	/System/Library/PrivateFrameworks/MetalPerformanceShaders.framework/Versions/A/MetalPerformanceShaders
0x0000000051a61000 	/System/Library/PrivateFrameworks/FaceCore.framework/Versions/A/FaceCore
0x0000000051a61000 	/System/Library/Frameworks/OpenCL.framework/Versions/A/OpenCL
0x0000000051a61000 	/System/Library/Frameworks/OpenGL.framework/Versions/A/Libraries/libGLU.dylib
0x0000000051a61000 	/System/Library/Frameworks/OpenGL.framework/Versions/A/Libraries/libGFXShared.dylib
0x0000000051a61000 	/System/Library/Frameworks/OpenGL.framework/Versions/A/Libraries/libGL.dylib
0x0000000051a61000 	/System/Library/Frameworks/OpenGL.framework/Versions/A/Libraries/libGLImage.dylib
0x0000000051a61000 	/System/Library/Frameworks/OpenGL.framework/Versions/A/Libraries/libCVMSPluginSupport.dylib
0x0000000051a61000 	/System/Library/Frameworks/OpenGL.framework/Versions/A/Libraries/libCoreVMClient.dylib
0x0000000051a61000 	/System/Library/PrivateFrameworks/CrashReporterSupport.framework/Versions/A/CrashReporterSupport
0x0000000051a61000 	/System/Library/PrivateFrameworks/Sharing.framework/Versions/A/Sharing
0x0000000051a61000 	/System/Library/PrivateFrameworks/IconServices.framework/Versions/A/IconServices
0x0000000051a61000 	/System/Library/PrivateFrameworks/ProtocolBuffer.framework/Versions/A/ProtocolBuffer
0x0000000051a61000 	/System/Library/PrivateFrameworks/Apple80211.framework/Versions/A/Apple80211
0x0000000051a61000 	/System/Library/Frameworks/CoreWLAN.framework/Versions/A/CoreWLAN
0x0000000051a61000 	/System/Library/PrivateFrameworks/CoreUtils.framework/Versions/A/CoreUtils
0x0000000051a61000 	/System/Library/Frameworks/IOBluetooth.framework/Versions/A/IOBluetooth
0x0000000051a61000 	/System/Library/PrivateFrameworks/CoreWiFi.framework/Versions/A/CoreWiFi
0x0000000051a61000 	/System/Library/Frameworks/CoreBluetooth.framework/Versions/A/CoreBluetooth
0x0000000051a61000 	/System/Library/Frameworks/CoreDisplay.framework/Versions/A/CoreDisplay
0x0000000051a61000 	/System/Library/PrivateFrameworks/IOPresentment.framework/Versions/A/IOPresentment
0x0000000051a61000 	/System/Library/PrivateFrameworks/DSExternalDisplay.framework/Versions/A/DSExternalDisplay
0x0000000051a61000 	/System/Library/PrivateFrameworks/DebugSymbols.framework/Versions/A/DebugSymbols
0x0000000051a61000 	/System/Library/PrivateFrameworks/CoreSymbolication.framework/Versions/A/CoreSymbolication
0x0000000051a61000 	/System/Library/PrivateFrameworks/Symbolication.framework/Versions/A/Symbolication
0x0000000051a61000 	/System/Library/PrivateFrameworks/AppleFSCompression.framework/Versions/A/AppleFSCompression
0x0000000051a61000 	/System/Library/PrivateFrameworks/SpeechRecognitionCore.framework/Versions/A/SpeechRecognitionCore
0x0000000051a61000 	/System/Library/PrivateFrameworks/ChunkingLibrary.framework/Versions/A/ChunkingLibrary
0x0000000102c4a000 	/Library/Java/JavaVirtualMachines/jdk1.8.0_144.jdk/Contents/Home/jre/lib/server/libjvm.dylib
0x0000000051a61000 	/usr/lib/libstdc++.6.dylib
0x0000000103bf1000 	/Library/Java/JavaVirtualMachines/jdk1.8.0_144.jdk/Contents/Home/jre/lib/libverify.dylib
0x0000000104400000 	/Library/Java/JavaVirtualMachines/jdk1.8.0_144.jdk/Contents/Home/jre/lib/libjava.dylib
0x000000010443e000 	/Library/Java/JavaVirtualMachines/jdk1.8.0_144.jdk/Contents/Home/jre/lib/libzip.dylib
0x0000000106aac000 	/System/Library/Frameworks/JavaVM.framework/Frameworks/JavaRuntimeSupport.framework/JavaRuntimeSupport
0x0000000106ac6000 	/System/Library/Frameworks/JavaVM.framework/Versions/A/Frameworks/JavaNativeFoundation.framework/Versions/A/JavaNativeFoundation
0x0000000106adb000 	/System/Library/Frameworks/JavaVM.framework/Versions/A/JavaVM
0x0000000051a61000 	/System/Library/Frameworks/Carbon.framework/Versions/A/Carbon
0x0000000119e73000 	/System/Library/PrivateFrameworks/JavaLaunching.framework/Versions/A/JavaLaunching
0x0000000051a61000 	/System/Library/Frameworks/Carbon.framework/Versions/A/Frameworks/CommonPanels.framework/Versions/A/CommonPanels
0x0000000051a61000 	/System/Library/Frameworks/Carbon.framework/Versions/A/Frameworks/Help.framework/Versions/A/Help
0x0000000051a61000 	/System/Library/Frameworks/Carbon.framework/Versions/A/Frameworks/ImageCapture.framework/Versions/A/ImageCapture
0x0000000051a61000 	/System/Library/Frameworks/Carbon.framework/Versions/A/Frameworks/OpenScripting.framework/Versions/A/OpenScripting
0x0000000051a61000 	/System/Library/Frameworks/Carbon.framework/Versions/A/Frameworks/Print.framework/Versions/A/Print
0x0000000051a61000 	/System/Library/Frameworks/Carbon.framework/Versions/A/Frameworks/SecurityHI.framework/Versions/A/SecurityHI
0x000000011b7df000 	/Library/Java/JavaVirtualMachines/jdk1.8.0_144.jdk/Contents/Home/jre/lib/libawt.dylib
0x000000011b887000 	/Library/Java/JavaVirtualMachines/jdk1.8.0_144.jdk/Contents/Home/jre/lib/./libmlib_image.dylib
0x000000011b953000 	/Library/Java/JavaVirtualMachines/jdk1.8.0_144.jdk/Contents/Home/jre/lib/libawt_lwawt.dylib
0x000000011ba0a000 	/Library/Java/JavaVirtualMachines/jdk1.8.0_144.jdk/Contents/Home/jre/lib/./libosxapp.dylib
0x0000000051a61000 	/System/Library/Frameworks/ExceptionHandling.framework/Versions/A/ExceptionHandling
0x0000000051a61000 	/System/Library/PrivateFrameworks/CoreServicesInternal.framework/Versions/A/CoreServicesInternal
0x0000000051a61000 	/System/Library/CoreServices/RawCamera.bundle/Contents/MacOS/RawCamera
0x0000000051a61000 	/System/Library/Frameworks/Accelerate.framework/Versions/A/Frameworks/vImage.framework/Versions/A/Libraries/libCGInterfaces.dylib
0x0000000051a61000 	/System/Library/Frameworks/ApplicationServices.framework/Versions/A/Frameworks/ATS.framework/Versions/A/Resources/libTrueTypeScaler.dylib
0x000000011dbd1000 	/System/Library/Frameworks/OpenGL.framework/Resources/GLEngine.bundle/GLEngine
0x0000000051a61000 	/System/Library/Frameworks/OpenGL.framework/Versions/A/Libraries/libGLProgrammability.dylib
0x000000011ddb6000 	/System/Library/Extensions/AppleIntelKBLGraphicsGLDriver.bundle/Contents/MacOS/AppleIntelKBLGraphicsGLDriver
0x0000000051a61000 	/System/Library/PrivateFrameworks/GPUSupport.framework/Versions/A/Libraries/libGPUSupportMercury.dylib
0x000000011cb2f000 	/System/Library/Frameworks/OpenGL.framework/Resources//GLRendererFloat.bundle/GLRendererFloat
0x0000000051a61000 	/System/Library/Frameworks/OpenCL.framework/Versions/A/Libraries/libcldcpuengine.dylib
0x0000000051a61000 	/usr/lib/libcrypto.0.9.8.dylib
0x0000000051a61000 	/System/Library/PrivateFrameworks/TrustEvaluationAgent.framework/Versions/A/TrustEvaluationAgent
0x000000011eb39000 	/System/Library/Extensions/AppleIntelKBLGraphicsMTLDriver.bundle/Contents/MacOS/AppleIntelKBLGraphicsMTLDriver
0x0000000051a61000 	/System/Library/PrivateFrameworks/FamilyControls.framework/Versions/A/FamilyControls
0x0000000051a61000 	/System/Library/PrivateFrameworks/CommerceKit.framework/Versions/A/Frameworks/CommerceCore.framework/Versions/A/CommerceCore
0x0000000051a61000 	/System/Library/PrivateFrameworks/SystemAdministration.framework/Versions/A/SystemAdministration
0x0000000051a61000 	/System/Library/PrivateFrameworks/AppContainer.framework/Versions/A/AppContainer
0x0000000051a61000 	/System/Library/PrivateFrameworks/SecCodeWrapper.framework/Versions/A/SecCodeWrapper
0x0000000051a61000 	/System/Library/Frameworks/DirectoryService.framework/Versions/A/DirectoryService
0x0000000051a61000 	/System/Library/PrivateFrameworks/DiskImages.framework/Versions/A/DiskImages
0x0000000051a61000 	/System/Library/PrivateFrameworks/LoginUIKit.framework/Versions/A/Frameworks/LoginUICore.framework/Versions/A/LoginUICore
0x0000000051a61000 	/usr/lib/libCoreStorage.dylib
0x0000000051a61000 	/usr/lib/libcsfde.dylib
0x0000000051a61000 	/usr/lib/libodfde.dylib
0x0000000051a61000 	/System/Library/Frameworks/DiscRecording.framework/Versions/A/DiscRecording
0x0000000051a61000 	/usr/lib/libcurl.4.dylib
0x0000000051a61000 	/System/Library/PrivateFrameworks/MediaKit.framework/Versions/A/MediaKit
0x0000000051a61000 	/System/Library/PrivateFrameworks/ProtectedCloudStorage.framework/Versions/A/ProtectedCloudStorage
0x0000000051a61000 	/System/Library/PrivateFrameworks/EFILogin.framework/Versions/A/EFILogin
0x0000000051a61000 	/usr/lib/libutil.dylib
0x0000000051a61000 	/System/Library/Frameworks/LDAP.framework/Versions/A/LDAP
0x0000000051a61000 	/usr/lib/libsasl2.2.dylib
0x0000000051a61000 	/System/Library/PrivateFrameworks/CoreDaemon.framework/Versions/B/CoreDaemon
0x0000000051a61000 	/System/Library/PrivateFrameworks/AppleSRP.framework/Versions/A/AppleSRP
0x0000000051a61000 	/System/Library/PrivateFrameworks/APFS.framework/Versions/A/APFS
0x0000000120140000 	/Library/Java/JavaVirtualMachines/jdk1.8.0_144.jdk/Contents/Home/jre/lib/libfontmanager.dylib
0x00000001201a7000 	/Users/constantinoskavadias/Google Drive/University/Third Year/Semester2/SWEN20003/Project2/lib/liblwjgl.dylib
0x000000011c041000 	/Library/Java/JavaVirtualMachines/jdk1.8.0_144.jdk/Contents/Home/jre/lib/libjawt.dylib
0x0000000051a61000 	/System/Library/PrivateFrameworks/ViewBridge.framework/Versions/A/ViewBridge
0x0000000051a61000 	/System/Library/PrivateFrameworks/XPCService.framework/Versions/A/XPCService
0x0000000051a61000 	/System/Library/PrivateFrameworks/AppSandbox.framework/Versions/A/AppSandbox
0x0000000051a61000 	/usr/lib/libsandbox.1.dylib
0x0000000051a61000 	/usr/lib/libMatch.1.dylib
0x000000011c885000 	/Users/constantinoskavadias/Google Drive/University/Third Year/Semester2/SWEN20003/Project2/lib/libjinput-osx.dylib
0x000000012292a000 	/System/Library/Extensions/IOHIDFamily.kext/Contents/PlugIns/IOHIDLib.plugin/Contents/MacOS/IOHIDLib

VM Arguments:
jvm_args: -Djava.library.path=/Users/constantinoskavadias/Google Drive/University/Third Year/Semester2/SWEN20003/Project2/lib -Dfile.encoding=UTF-8 
java_command: App
java_class_path (initial): /Users/constantinoskavadias/Google Drive/University/Third Year/Semester2/SWEN20003/Project2/bin:/Users/constantinoskavadias/Google Drive/University/Third Year/Semester2/SWEN20003/Project2/lib/jinput.jar:/Users/constantinoskavadias/Google Drive/University/Third Year/Semester2/SWEN20003/Project2/lib/lwjgl.jar:/Users/constantinoskavadias/Google Drive/University/Third Year/Semester2/SWEN20003/Project2/lib/slick.jar
Launcher Type: SUN_STANDARD

Environment Variables:
PATH=/usr/bin:/bin:/usr/sbin:/sbin
SHELL=/bin/bash

Signal Handlers:
SIGSEGV: [libjvm.dylib+0x5b26e5], sa_mask[0]=11111111011111110111111111111111, sa_flags=SA_ONSTACK|SA_RESTART|SA_SIGINFO
SIGBUS: [libjvm.dylib+0x5b26e5], sa_mask[0]=11111111011111110111111111111111, sa_flags=SA_RESTART|SA_SIGINFO
SIGFPE: [libjvm.dylib+0x489100], sa_mask[0]=11111111011111110111111111111111, sa_flags=SA_RESTART|SA_SIGINFO
SIGPIPE: [libjvm.dylib+0x489100], sa_mask[0]=11111111011111110111111111111111, sa_flags=SA_RESTART|SA_SIGINFO
SIGXFSZ: [libjvm.dylib+0x489100], sa_mask[0]=11111111011111110111111111111111, sa_flags=SA_RESTART|SA_SIGINFO
SIGILL: [libjvm.dylib+0x489100], sa_mask[0]=11111111011111110111111111111111, sa_flags=SA_RESTART|SA_SIGINFO
SIGUSR1: SIG_DFL, sa_mask[0]=00000000000000000000000000000000, sa_flags=none
SIGUSR2: [libjvm.dylib+0x488c1e], sa_mask[0]=00100000000000000000000000000000, sa_flags=SA_RESTART|SA_SIGINFO
SIGHUP: [libjvm.dylib+0x4871f5], sa_mask[0]=11111111011111110111111111111111, sa_flags=SA_RESTART|SA_SIGINFO
SIGINT: [libjvm.dylib+0x4871f5], sa_mask[0]=11111111011111110111111111111111, sa_flags=SA_RESTART|SA_SIGINFO
SIGTERM: [libjvm.dylib+0x4871f5], sa_mask[0]=11111111011111110111111111111111, sa_flags=SA_RESTART|SA_SIGINFO
SIGQUIT: [libjvm.dylib+0x4871f5], sa_mask[0]=11111111011111110111111111111111, sa_flags=SA_RESTART|SA_SIGINFO


---------------  S Y S T E M  ---------------

OS:Bsduname:Darwin 16.7.0 Darwin Kernel Version 16.7.0: Thu Jun 15 17:36:27 PDT 2017; root:xnu-3789.70.16~2/RELEASE_X86_64 x86_64
rlimit: STACK 8192k, CORE 0k, NPROC 709, NOFILE 10240, AS infinity
load average:2.23 1.56 1.47

CPU:total 4 (initial active 4) (2 cores per cpu, 2 threads per core) family 6 model 142 stepping 9, cmov, cx8, fxsr, mmx, sse, sse2, sse3, ssse3, sse4.1, sse4.2, popcnt, avx, avx2, aes, clmul, erms, 3dnowpref, lzcnt, ht, tsc, tscinvbit, bmi1, bmi2, adx

Memory: 4k page, physical 8388608k(23768k free)

/proc/meminfo:


vm_info: Java HotSpot(TM) 64-Bit Server VM (25.144-b01) for bsd-amd64 JRE (1.8.0_144-b01), built on Jul 21 2017 22:07:42 by "java_re" with gcc 4.2.1 (Based on Apple Inc. build 5658) (LLVM build 2336.11.00)

time: Fri Sep 22 22:29:18 2017
elapsed time: 3 seconds (0d 0h 0m 3s)

