#
# A fatal error has been detected by the Java Runtime Environment:
#
#  SIGSEGV (0xb) at pc=0x00007fffd4b36c02, pid=2756, tid=0x0000000000000307
#
# JRE version: Java(TM) SE Runtime Environment (8.0_144-b01) (build 1.8.0_144-b01)
# Java VM: Java HotSpot(TM) 64-Bit Server VM (25.144-b01 mixed mode bsd-amd64 compressed oops)
# Problematic frame:
# C  [libGPUSupportMercury.dylib+0xac02]  gldAttachDrawable+0x12f
#
# Failed to write core dump. Core dumps have been disabled. To enable core dumping, try "ulimit -c unlimited" before starting Java again
#
# If you would like to submit a bug report, please visit:
#   http://bugreport.java.com/bugreport/crash.jsp
# The crash happened outside the Java Virtual Machine in native code.
# See problematic frame for where to report the bug.
#

---------------  T H R E A D  ---------------

Current thread (0x00007fe3908a6800):  JavaThread "AppKit Thread" daemon [_thread_in_native, id=775, stack(0x00007fff5e126000,0x00007fff5e926000)]

siginfo: si_signo: 11 (SIGSEGV), si_code: 0 (unknown), si_addr: 0x0000000000000000

Registers:
RAX=0x9180002000000001, RBX=0x0000000000002715, RCX=0x0000000000000c24, RDX=0x00007fe38f6955d0
RSP=0x00007fff5e920360, RBP=0x00007fff5e920460, RSI=0x0000000000000309, RDI=0x000000000001f573
R8 =0x000000000000000f, R9 =0x00007fe392000000, R10=0x000000000000003c, R11=0x0000000000000206
R12=0x00007fe38f6955c8, R13=0x00007fe38f9ffc00, R14=0x00007fe38f6955d0, R15=0x0000000000000000
RIP=0x00007fffd4b36c02, EFLAGS=0x0000000000010206, ERR=0x0000000000000000
  TRAPNO=0x000000000000000d

Top of Stack: (sp=0x00007fff5e920360)
0x00007fff5e920360:   00007fff5e9203a0 00007fffd8916c97
0x00007fff5e920370:   0000000000000000 4036000000000000
0x00007fff5e920380:   4089000000000000 00007fe393009ee0
0x00007fff5e920390:   9180002000000001 00007fe39115dc04
0x00007fff5e9203a0:   00007fff5e920401 00000050d8a05fce
0x00007fff5e9203b0:   0000000000000000 4036000000000000
0x00007fff5e9203c0:   4089000000000000 4082c00000000000
0x00007fff5e9203d0:   7ff0000000000000 7ff0000000000000
0x00007fff5e9203e0:   0000000000000000 0000000000000000
0x00007fff5e9203f0:   00007fe38f78a0d0 0001f573d89fdc64
0x00007fff5e920400:   7ff0000000000000 7ff0000000000000
0x00007fff5e920410:   0000000000000000 0000000000000000
0x00007fff5e920420:   0000000000000000 00007fffd89ebe7e
0x00007fff5e920430:   3dc4aa2b9c3d003d 00007fe393000000
0x00007fff5e920440:   0000000000002718 0000000000000000
0x00007fff5e920450:   0000000000000050 0000000000000000
0x00007fff5e920460:   00007fff5e9204c0 000000010d1a0e59
0x00007fff5e920470:   4096800000000000 0000000000000000
0x00007fff5e920480:   00007fe393009ee0 0000000000000000
0x00007fff5e920490:   00007fe38f6955c8 00007fe38f9fda88
0x00007fff5e9204a0:   00007fe38f9fdb50 00007fe38f9fdb80
0x00007fff5e9204b0:   00007fe38f9fbc00 3dc4aa2b9c3d003d
0x00007fff5e9204c0:   00007fff5e9205a0 00007fffcbe207f0
0x00007fff5e9204d0:   4060000000000000 4089000000000000
0x00007fff5e9204e0:   4083700000000000 0000000000000000
0x00007fff5e9204f0:   4036000000000000 4089000000000000
0x00007fff5e920500:   4082c00000000000 0000000000000000
0x00007fff5e920510:   0000000000000000 0000000000000001
0x00007fff5e920520:   00007fe38f6955c8 0000000000000001
0x00007fff5e920530:   00007fff5e9205a0 00007fffcbe25945
0x00007fff5e920540:   000000015e920560 00007fe38f9fdb50
0x00007fff5e920550:   00007fe38f9fda88 0000000200001003 

Instructions: (pc=0x00007fffd4b36c02)
0x00007fffd4b36be2:   24 04 81 e1 3f 8c 00 00 48 8b 85 38 ff ff ff 44
0x00007fffd4b36bf2:   8b 80 38 02 00 00 4c 89 f2 48 8b 85 30 ff ff ff
0x00007fffd4b36c02:   ff 50 08 bb 15 27 00 00 85 c0 0f 85 31 02 00 00
0x00007fffd4b36c12:   49 8b 4d 60 41 8b 06 eb 10 41 8b 06 bb 15 27 00 

Register to memory mapping:

RAX=0x9180002000000001 is an unknown value
RBX=0x0000000000002715 is an unknown value
RCX=0x0000000000000c24 is an unknown value
RDX=0x00007fe38f6955d0 is an unknown value
RSP=0x00007fff5e920360 is pointing into the stack for thread: 0x00007fe3908a6800
RBP=0x00007fff5e920460 is pointing into the stack for thread: 0x00007fe3908a6800
RSI=0x0000000000000309 is an unknown value
RDI=0x000000000001f573 is an unknown value
R8 =0x000000000000000f is an unknown value
R9 =0x00007fe392000000 is an unknown value
R10=0x000000000000003c is an unknown value
R11=0x0000000000000206 is an unknown value
R12=0x00007fe38f6955c8 is an unknown value
R13=0x00007fe38f9ffc00 is an unknown value
R14=0x00007fe38f6955d0 is an unknown value
R15=0x0000000000000000 is an unknown value


Stack: [0x00007fff5e126000,0x00007fff5e926000],  sp=0x00007fff5e920360,  free space=8168k
Native frames: (J=compiled Java code, j=interpreted, Vv=VM code, C=native code)
C  [libGPUSupportMercury.dylib+0xac02]  gldAttachDrawable+0x12f
C  [GLEngine+0x15e59]  gliAttachDrawableWithOptions+0x106
C  [OpenGL+0x37f0]  glcGetIOAccelService+0xe8c
C  [OpenGL+0x76f7]  CGLSetPBuffer+0xb45
C  [OpenGL+0x7a15]  CGLSetSurface+0x125
C  [AppKit+0x335c80]  NSOpenGLContextAttachOnScreenViewSurface+0x187
C  [AppKit+0x6efc57]  __27-[NSOpenGLContext setView:]_block_invoke+0xd3
C  [AppKit+0x179d48]  NSPerformVisuallyAtomicChange+0x93
C  [AppKit+0x322538]  -[NSOpenGLContext setView:]+0x69
C  [liblwjgl.dylib+0xa586]  -[MacOSXOpenGLView lockFocus]+0x76
C  [AppKit+0x19ce7b]  -[NSView _recursiveDisplayRectIfNeededIgnoringOpacity:isVisibleRect:rectIsVisibleRectForView:topView:]+0x6ee
C  [AppKit+0x19d6d1]  -[NSView _recursiveDisplayRectIfNeededIgnoringOpacity:isVisibleRect:rectIsVisibleRectForView:topView:]+0xf44
C  [AppKit+0x19c2af]  -[NSThemeFrame _recursiveDisplayRectIfNeededIgnoringOpacity:isVisibleRect:rectIsVisibleRectForView:topView:]+0x14e
C  [AppKit+0x19a6d8]  -[NSView _displayRectIgnoringOpacity:isVisibleRect:rectIsVisibleRectForView:]+0x994
C  [AppKit+0x195fca]  -[NSView displayIfNeeded]+0x6d4
C  [AppKit+0x1958db]  -[NSWindow displayIfNeeded]+0xe6
C  [AppKit+0x8f5cb4]  ___NSWindowGetDisplayCycleObserver_block_invoke.6228+0x115
C  [AppKit+0x1953b9]  __37+[NSDisplayCycle currentDisplayCycle]_block_invoke+0x1c6
C  [QuartzCore+0x11d06]  _ZN2CA11Transaction19run_commit_handlersE18CATransactionPhase+0x2e
C  [QuartzCore+0x11b8bc]  _ZN2CA7Context18commit_transactionEPNS_11TransactionE+0xa0
C  [QuartzCore+0x107e1]  _ZN2CA11Transaction6commitEv+0x1db
C  [AppKit+0x4788b1]  __37+[NSDisplayCycle currentDisplayCycle]_block_invoke.31+0x143
C  [CoreFoundation+0xa6d37]  __CFRUNLOOP_IS_CALLING_OUT_TO_AN_OBSERVER_CALLBACK_FUNCTION__+0x17
C  [CoreFoundation+0xa6ca7]  __CFRunLoopDoObservers+0x187
C  [CoreFoundation+0x876d9]  __CFRunLoopRun+0x369
C  [CoreFoundation+0x87114]  CFRunLoopRunSpecific+0x1a4
C  [HIToolbox+0x30ebc]  RunCurrentEventLoopInMode+0xf0
C  [HIToolbox+0x30bf9]  ReceiveNextEventCommon+0xb8
C  [HIToolbox+0x30b26]  _BlockUntilNextEventMatchingListInModeWithFilter+0x47
C  [AppKit+0x46a54]  _DPSNextEvent+0x460
C  [AppKit+0x7c27ee]  -[NSApplication(NSEvent) _nextEventMatchingEventMask:untilDate:inMode:dequeue:]+0xaec
C  [libosxapp.dylib+0x23aa]  -[NSApplicationAWT nextEventMatchingMask:untilDate:inMode:dequeue:]+0x7c
C  [AppKit+0x3b3db]  -[NSApplication run]+0x39e
C  [libosxapp.dylib+0x214d]  +[NSApplicationAWT runAWTLoopWithApp:]+0x9c
C  [libawt_lwawt.dylib+0x45edf]  -[AWTStarter starter:]+0x389
C  [Foundation+0x7152a]  __NSThreadPerformPerform+0x146
C  [CoreFoundation+0xa7321]  __CFRUNLOOP_IS_CALLING_OUT_TO_A_SOURCE0_PERFORM_FUNCTION__+0x11
C  [CoreFoundation+0x8821d]  __CFRunLoopDoSources0+0x22d
C  [CoreFoundation+0x87716]  __CFRunLoopRun+0x3a6
C  [CoreFoundation+0x87114]  CFRunLoopRunSpecific+0x1a4
C  [java+0x6465]  CreateExecutionEnvironment+0x367
C  [java+0x218c]  JLI_Launch+0x7a0
C  [java+0x84c2]  main+0x65
C  [java+0x19e4]  start+0x34
C  0x0000000000000006


---------------  P R O C E S S  ---------------

Java Threads: ( => current thread )
  0x00007fe3900e8000 JavaThread "AWT-Shutdown" [_thread_blocked, id=29963, stack(0x000070000794d000,0x0000700007a4d000)]
=>0x00007fe3908a6800 JavaThread "AppKit Thread" daemon [_thread_in_native, id=775, stack(0x00007fff5e126000,0x00007fff5e926000)]
  0x00007fe38f892000 JavaThread "Service Thread" daemon [_thread_blocked, id=18691, stack(0x0000700007747000,0x0000700007847000)]
  0x00007fe391013000 JavaThread "C1 CompilerThread2" daemon [_thread_blocked, id=18179, stack(0x0000700007644000,0x0000700007744000)]
  0x00007fe38f84f000 JavaThread "C2 CompilerThread1" daemon [_thread_blocked, id=17667, stack(0x0000700007541000,0x0000700007641000)]
  0x00007fe38f842000 JavaThread "C2 CompilerThread0" daemon [_thread_blocked, id=17155, stack(0x000070000743e000,0x000070000753e000)]
  0x00007fe390001000 JavaThread "Signal Dispatcher" daemon [_thread_blocked, id=16643, stack(0x000070000733b000,0x000070000743b000)]
  0x00007fe38f83e000 JavaThread "Finalizer" daemon [_thread_blocked, id=12547, stack(0x0000700007238000,0x0000700007338000)]
  0x00007fe390011000 JavaThread "Reference Handler" daemon [_thread_blocked, id=12035, stack(0x0000700007135000,0x0000700007235000)]
  0x00007fe38f809800 JavaThread "main" [_thread_in_native, id=3587, stack(0x000070000699a000,0x0000700006a9a000)]

Other Threads:
  0x00007fe38f83b000 VMThread [stack: 0x0000700007032000,0x0000700007132000] [id=11523]
  0x00007fe39080d800 WatcherThread [stack: 0x000070000784a000,0x000070000794a000] [id=19203]

VM state:not at safepoint (normal execution)

VM Mutex/Monitor currently owned by a thread: None

Heap:
 PSYoungGen      total 38400K, used 23572K [0x0000000795580000, 0x0000000798000000, 0x00000007c0000000)
  eden space 33280K, 55% used [0x0000000795580000,0x0000000796787b88,0x0000000797600000)
  from space 5120K, 99% used [0x0000000797600000,0x0000000797afd858,0x0000000797b00000)
  to   space 5120K, 0% used [0x0000000797b00000,0x0000000797b00000,0x0000000798000000)
 ParOldGen       total 87552K, used 3023K [0x0000000740000000, 0x0000000745580000, 0x0000000795580000)
  object space 87552K, 3% used [0x0000000740000000,0x00000007402f3de8,0x0000000745580000)
 Metaspace       used 7601K, capacity 7755K, committed 8064K, reserved 1056768K
  class space    used 764K, capacity 826K, committed 896K, reserved 1048576K

Card table byte_map: [0x0000000102fc0000,0x00000001033c1000] byte_map_base: 0x00000000ff5c0000

Marking Bits: (ParMarkBitMap*) 0x0000000101c4a5d0
 Begin Bits: [0x000000010366c000, 0x000000010566c000)
 End Bits:   [0x000000010566c000, 0x000000010766c000)

Polling page: 0x0000000102341000

CodeCache: size=245760Kb used=3987Kb max_used=3999Kb free=241772Kb
 bounds [0x000000010dde2000, 0x000000010e1d2000, 0x000000011cde2000]
 total_blobs=1399 nmethods=1005 adapters=308
 compilation: enabled

Compilation events (10 events):
Event: 16.601 Thread 0x00007fe391013000 1001       3       sun.awt.AWTAutoShutdown::notifyToolkitThreadFree (8 bytes)
Event: 16.601 Thread 0x00007fe391013000 nmethod 1001 0x000000010e1c5590 code [0x000000010e1c5700, 0x000000010e1c58c8]
Event: 16.835 Thread 0x00007fe391013000 1002   !   3       org.lwjgl.opengl.Display::processMessages (44 bytes)
Event: 16.836 Thread 0x00007fe391013000 nmethod 1002 0x000000010e1ad410 code [0x000000010e1ad6a0, 0x000000010e1ae6c8]
Event: 17.843 Thread 0x00007fe38f842000 1003   !   4       org.lwjgl.opengl.Display::swapBuffers (55 bytes)
Event: 17.843 Thread 0x00007fe38f84f000 1004       4       org.lwjgl.opengl.DrawableGL::swapBuffers (4 bytes)
Event: 17.847 Thread 0x00007fe38f84f000 nmethod 1004 0x000000010e193590 code [0x000000010e193720, 0x000000010e193b48]
Event: 17.847 Thread 0x00007fe38f84f000 1005   !   4       org.lwjgl.opengl.MacOSXContextImplementation::swapBuffers (40 bytes)
Event: 17.848 Thread 0x00007fe38f842000 nmethod 1003 0x000000010e1ac510 code [0x000000010e1ac6c0, 0x000000010e1ace08]
Event: 17.850 Thread 0x00007fe38f84f000 nmethod 1005 0x000000010e1cb690 code [0x000000010e1cb820, 0x000000010e1cbc48]

GC Heap History (2 events):
Event: 7.773 GC heap before
{Heap before GC invocations=1 (full 0):
 PSYoungGen      total 38400K, used 33280K [0x0000000795580000, 0x0000000798000000, 0x00000007c0000000)
  eden space 33280K, 100% used [0x0000000795580000,0x0000000797600000,0x0000000797600000)
  from space 5120K, 0% used [0x0000000797b00000,0x0000000797b00000,0x0000000798000000)
  to   space 5120K, 0% used [0x0000000797600000,0x0000000797600000,0x0000000797b00000)
 ParOldGen       total 87552K, used 0K [0x0000000740000000, 0x0000000745580000, 0x0000000795580000)
  object space 87552K, 0% used [0x0000000740000000,0x0000000740000000,0x0000000745580000)
 Metaspace       used 7576K, capacity 7755K, committed 8064K, reserved 1056768K
  class space    used 763K, capacity 826K, committed 896K, reserved 1048576K
Event: 7.784 GC heap after
Heap after GC invocations=1 (full 0):
 PSYoungGen      total 38400K, used 5110K [0x0000000795580000, 0x0000000798000000, 0x00000007c0000000)
  eden space 33280K, 0% used [0x0000000795580000,0x0000000795580000,0x0000000797600000)
  from space 5120K, 99% used [0x0000000797600000,0x0000000797afd858,0x0000000797b00000)
  to   space 5120K, 0% used [0x0000000797b00000,0x0000000797b00000,0x0000000798000000)
 ParOldGen       total 87552K, used 3023K [0x0000000740000000, 0x0000000745580000, 0x0000000795580000)
  object space 87552K, 3% used [0x0000000740000000,0x00000007402f3de8,0x0000000745580000)
 Metaspace       used 7576K, capacity 7755K, committed 8064K, reserved 1056768K
  class space    used 763K, capacity 826K, committed 896K, reserved 1048576K
}

Deoptimization events (10 events):
Event: 1.366 Thread 0x00007fe38f809800 Uncommon trap: reason=unstable_if action=reinterpret pc=0x000000010e0556e4 method=java.lang.String.regionMatches(ZILjava/lang/String;II)Z @ 123
Event: 12.823 Thread 0x00007fe38f809800 Uncommon trap: reason=unstable_if action=reinterpret pc=0x000000010e181b9c method=Player.update(Lorg/newdawn/slick/Input;FLGameMap;)V @ 33
Event: 13.949 Thread 0x00007fe38f809800 Uncommon trap: reason=unstable_if action=reinterpret pc=0x000000010e1a2f60 method=GameMap.update(Lorg/newdawn/slick/Input;F)V @ 51
Event: 13.949 Thread 0x00007fe38f809800 Uncommon trap: reason=unstable_if action=reinterpret pc=0x000000010e1656bc method=java.util.ArrayList.clear()V @ 17
Event: 13.952 Thread 0x00007fe38f809800 Uncommon trap: reason=unstable_if action=reinterpret pc=0x000000010e0c1828 method=org.newdawn.slick.Image.init()V @ 4
Event: 14.350 Thread 0x00007fe38f809800 Uncommon trap: reason=unstable_if action=reinterpret pc=0x000000010e19b118 method=GameMap.update(Lorg/newdawn/slick/Input;F)V @ 51
Event: 16.031 Thread 0x00007fe38f809800 Uncommon trap: reason=unstable_if action=reinterpret pc=0x000000010e19f1d4 method=org.newdawn.slick.Input.poll(II)V @ 441
Event: 16.353 Thread 0x00007fe38f809800 Uncommon trap: reason=unstable_if action=reinterpret pc=0x000000010e196398 method=org.lwjgl.opengl.MacOSXDisplay.update()V @ 86
Event: 16.675 Thread 0x00007fe38f809800 Uncommon trap: reason=unstable_if action=reinterpret pc=0x000000010e18f24c method=org.lwjgl.opengl.MacOSXDisplay.update()V @ 86
Event: 18.093 Thread 0x00007fe38f809800 Uncommon trap: reason=unstable_if action=reinterpret pc=0x000000010e17d7a0 method=org.newdawn.slick.AppGameContainer.gameLoop()V @ 60

Internal exceptions (10 events):
Event: 0.132 Thread 0x00007fe38f809800 Exception <a 'java/security/PrivilegedActionException'> (0x00000007956e2590) thrown at [/Users/java_re/workspace/8-2-build-macosx-x86_64/jdk8u144/9417/hotspot/src/share/vm/prims/jvm.cpp, line 1390]
Event: 0.132 Thread 0x00007fe38f809800 Exception <a 'java/security/PrivilegedActionException'> (0x00000007956e27a0) thrown at [/Users/java_re/workspace/8-2-build-macosx-x86_64/jdk8u144/9417/hotspot/src/share/vm/prims/jvm.cpp, line 1390]
Event: 0.196 Thread 0x00007fe38f809800 Exception <a 'java/security/PrivilegedActionException'> (0x0000000795854bd8) thrown at [/Users/java_re/workspace/8-2-build-macosx-x86_64/jdk8u144/9417/hotspot/src/share/vm/prims/jvm.cpp, line 1390]
Event: 0.196 Thread 0x00007fe38f809800 Exception <a 'java/security/PrivilegedActionException'> (0x0000000795854de8) thrown at [/Users/java_re/workspace/8-2-build-macosx-x86_64/jdk8u144/9417/hotspot/src/share/vm/prims/jvm.cpp, line 1390]
Event: 0.197 Thread 0x00007fe38f809800 Exception <a 'java/security/PrivilegedActionException'> (0x0000000795858300) thrown at [/Users/java_re/workspace/8-2-build-macosx-x86_64/jdk8u144/9417/hotspot/src/share/vm/prims/jvm.cpp, line 1390]
Event: 0.197 Thread 0x00007fe38f809800 Exception <a 'java/security/PrivilegedActionException'> (0x0000000795858510) thrown at [/Users/java_re/workspace/8-2-build-macosx-x86_64/jdk8u144/9417/hotspot/src/share/vm/prims/jvm.cpp, line 1390]
Event: 0.235 Thread 0x00007fe38f809800 Exception <a 'java/lang/NoSuchFieldError': method resolution failed> (0x000000079592c2e8) thrown at [/Users/java_re/workspace/8-2-build-macosx-x86_64/jdk8u144/9417/hotspot/src/share/vm/prims/methodHandles.cpp, line 1146]
Event: 0.237 Thread 0x00007fe38f809800 Exception <a 'java/lang/NoSuchFieldError': method resolution failed> (0x0000000795939a38) thrown at [/Users/java_re/workspace/8-2-build-macosx-x86_64/jdk8u144/9417/hotspot/src/share/vm/prims/methodHandles.cpp, line 1146]
Event: 0.425 Thread 0x00007fe38f809800 Exception <a 'java/io/FileNotFoundException'> (0x00000007959b4548) thrown at [/Users/java_re/workspace/8-2-build-macosx-x86_64/jdk8u144/9417/hotspot/src/share/vm/prims/jni.cpp, line 709]
Event: 0.425 Thread 0x00007fe38f809800 Exception <a 'java/io/FileNotFoundException'> (0x00000007959b5128) thrown at [/Users/java_re/workspace/8-2-build-macosx-x86_64/jdk8u144/9417/hotspot/src/share/vm/prims/jni.cpp, line 709]

Events (10 events):
Event: 16.353 Thread 0x00007fe38f809800 DEOPT PACKING pc=0x000000010e196398 sp=0x0000700006a997e0
Event: 16.353 Thread 0x00007fe38f809800 DEOPT UNPACKING pc=0x000000010dde7229 sp=0x0000700006a996c8 mode 2
Event: 16.675 Thread 0x00007fe38f809800 Uncommon trap: trap_request=0xffffff65 fr.pc=0x000000010e18f24c
Event: 16.675 Thread 0x00007fe38f809800 DEOPT PACKING pc=0x000000010e18f24c sp=0x0000700006a99710
Event: 16.675 Thread 0x00007fe38f809800 DEOPT UNPACKING pc=0x000000010dde7229 sp=0x0000700006a99678 mode 2
Event: 18.093 Thread 0x00007fe38f809800 Uncommon trap: trap_request=0xffffff65 fr.pc=0x000000010e17d7a0
Event: 18.093 Thread 0x00007fe38f809800 DEOPT PACKING pc=0x000000010e17d7a0 sp=0x0000700006a99840
Event: 18.093 Thread 0x00007fe38f809800 DEOPT UNPACKING pc=0x000000010dde7229 sp=0x0000700006a99808 mode 2
Event: 18.098 loading class org/lwjgl/opengl/CallbackUtil
Event: 18.098 loading class org/lwjgl/opengl/CallbackUtil done


Dynamic libraries:
0x0000000051a61000 	/System/Library/Frameworks/Cocoa.framework/Versions/A/Cocoa
0x0000000051a61000 	/System/Library/Frameworks/Security.framework/Versions/A/Security
0x0000000051a61000 	/System/Library/Frameworks/ApplicationServices.framework/Versions/A/ApplicationServices
0x0000000051a61000 	/usr/lib/libz.1.dylib
0x0000000051a61000 	/usr/lib/libSystem.B.dylib
0x0000000051a61000 	/usr/lib/libobjc.A.dylib
0x0000000051a61000 	/System/Library/Frameworks/CoreFoundation.framework/Versions/A/CoreFoundation
0x0000000051a61000 	/System/Library/Frameworks/Foundation.framework/Versions/C/Foundation
0x0000000051a61000 	/System/Library/Frameworks/AppKit.framework/Versions/C/AppKit
0x0000000051a61000 	/System/Library/Frameworks/CoreData.framework/Versions/A/CoreData
0x0000000051a61000 	/System/Library/PrivateFrameworks/RemoteViewServices.framework/Versions/A/RemoteViewServices
0x0000000051a61000 	/System/Library/PrivateFrameworks/UIFoundation.framework/Versions/A/UIFoundation
0x0000000051a61000 	/System/Library/PrivateFrameworks/DFRFoundation.framework/Versions/A/DFRFoundation
0x0000000051a61000 	/usr/lib/libenergytrace.dylib
0x0000000051a61000 	/System/Library/PrivateFrameworks/SkyLight.framework/Versions/A/SkyLight
0x0000000051a61000 	/System/Library/Frameworks/CoreGraphics.framework/Versions/A/CoreGraphics
0x0000000051a61000 	/usr/lib/libScreenReader.dylib
0x0000000051a61000 	/System/Library/Frameworks/Accelerate.framework/Versions/A/Accelerate
0x0000000051a61000 	/System/Library/Frameworks/IOSurface.framework/Versions/A/IOSurface
0x0000000051a61000 	/System/Library/Frameworks/AudioToolbox.framework/Versions/A/AudioToolbox
0x0000000051a61000 	/System/Library/Frameworks/AudioUnit.framework/Versions/A/AudioUnit
0x0000000051a61000 	/System/Library/PrivateFrameworks/DataDetectorsCore.framework/Versions/A/DataDetectorsCore
0x0000000051a61000 	/System/Library/PrivateFrameworks/DesktopServicesPriv.framework/Versions/A/DesktopServicesPriv
0x0000000051a61000 	/System/Library/Frameworks/Carbon.framework/Versions/A/Frameworks/HIToolbox.framework/Versions/A/HIToolbox
0x0000000051a61000 	/usr/lib/libicucore.A.dylib
0x0000000051a61000 	/System/Library/Frameworks/QuartzCore.framework/Versions/A/QuartzCore
0x0000000051a61000 	/System/Library/Frameworks/Carbon.framework/Versions/A/Frameworks/SpeechRecognition.framework/Versions/A/SpeechRecognition
0x0000000051a61000 	/usr/lib/libauto.dylib
0x0000000051a61000 	/usr/lib/libxml2.2.dylib
0x0000000051a61000 	/System/Library/PrivateFrameworks/CoreUI.framework/Versions/A/CoreUI
0x0000000051a61000 	/System/Library/Frameworks/CoreAudio.framework/Versions/A/CoreAudio
0x0000000051a61000 	/System/Library/Frameworks/DiskArbitration.framework/Versions/A/DiskArbitration
0x0000000051a61000 	/usr/lib/liblangid.dylib
0x0000000051a61000 	/System/Library/PrivateFrameworks/MultitouchSupport.framework/Versions/A/MultitouchSupport
0x0000000051a61000 	/System/Library/Frameworks/IOKit.framework/Versions/A/IOKit
0x0000000051a61000 	/usr/lib/libDiagnosticMessagesClient.dylib
0x0000000051a61000 	/System/Library/Frameworks/CoreServices.framework/Versions/A/CoreServices
0x0000000051a61000 	/System/Library/PrivateFrameworks/PerformanceAnalysis.framework/Versions/A/PerformanceAnalysis
0x0000000051a61000 	/System/Library/PrivateFrameworks/GenerationalStorage.framework/Versions/A/GenerationalStorage
0x0000000051a61000 	/System/Library/Frameworks/OpenGL.framework/Versions/A/OpenGL
0x0000000051a61000 	/System/Library/Frameworks/CoreImage.framework/Versions/A/CoreImage
0x0000000051a61000 	/System/Library/Frameworks/CoreText.framework/Versions/A/CoreText
0x0000000051a61000 	/System/Library/Frameworks/ImageIO.framework/Versions/A/ImageIO
0x0000000051a61000 	/System/Library/PrivateFrameworks/Backup.framework/Versions/A/Backup
0x0000000051a61000 	/usr/lib/libarchive.2.dylib
0x0000000051a61000 	/System/Library/Frameworks/CFNetwork.framework/Versions/A/CFNetwork
0x0000000051a61000 	/System/Library/Frameworks/SystemConfiguration.framework/Versions/A/SystemConfiguration
0x0000000051a61000 	/usr/lib/libCRFSuite.dylib
0x0000000051a61000 	/usr/lib/libc++.1.dylib
0x0000000051a61000 	/usr/lib/libc++abi.dylib
0x0000000051a61000 	/usr/lib/system/libcache.dylib
0x0000000051a61000 	/usr/lib/system/libcommonCrypto.dylib
0x0000000051a61000 	/usr/lib/system/libcompiler_rt.dylib
0x0000000051a61000 	/usr/lib/system/libcopyfile.dylib
0x0000000051a61000 	/usr/lib/system/libcorecrypto.dylib
0x0000000051a61000 	/usr/lib/system/libdispatch.dylib
0x0000000051a61000 	/usr/lib/system/libdyld.dylib
0x0000000051a61000 	/usr/lib/system/libkeymgr.dylib
0x0000000051a61000 	/usr/lib/system/liblaunch.dylib
0x0000000051a61000 	/usr/lib/system/libmacho.dylib
0x0000000051a61000 	/usr/lib/system/libquarantine.dylib
0x0000000051a61000 	/usr/lib/system/libremovefile.dylib
0x0000000051a61000 	/usr/lib/system/libsystem_asl.dylib
0x0000000051a61000 	/usr/lib/system/libsystem_blocks.dylib
0x0000000051a61000 	/usr/lib/system/libsystem_c.dylib
0x0000000051a61000 	/usr/lib/system/libsystem_configuration.dylib
0x0000000051a61000 	/usr/lib/system/libsystem_coreservices.dylib
0x0000000051a61000 	/usr/lib/system/libsystem_coretls.dylib
0x0000000051a61000 	/usr/lib/system/libsystem_dnssd.dylib
0x0000000051a61000 	/usr/lib/system/libsystem_info.dylib
0x0000000051a61000 	/usr/lib/system/libsystem_kernel.dylib
0x0000000051a61000 	/usr/lib/system/libsystem_m.dylib
0x0000000051a61000 	/usr/lib/system/libsystem_malloc.dylib
0x0000000051a61000 	/usr/lib/system/libsystem_network.dylib
0x0000000051a61000 	/usr/lib/system/libsystem_networkextension.dylib
0x0000000051a61000 	/usr/lib/system/libsystem_notify.dylib
0x0000000051a61000 	/usr/lib/system/libsystem_platform.dylib
0x0000000051a61000 	/usr/lib/system/libsystem_pthread.dylib
0x0000000051a61000 	/usr/lib/system/libsystem_sandbox.dylib
0x0000000051a61000 	/usr/lib/system/libsystem_secinit.dylib
0x0000000051a61000 	/usr/lib/system/libsystem_symptoms.dylib
0x0000000051a61000 	/usr/lib/system/libsystem_trace.dylib
0x0000000051a61000 	/usr/lib/system/libunwind.dylib
0x0000000051a61000 	/usr/lib/system/libxpc.dylib
0x0000000051a61000 	/usr/lib/libbsm.0.dylib
0x0000000051a61000 	/usr/lib/system/libkxld.dylib
0x0000000051a61000 	/usr/lib/libcoretls.dylib
0x0000000051a61000 	/usr/lib/libcoretls_cfhelpers.dylib
0x0000000051a61000 	/usr/lib/libOpenScriptingUtil.dylib
0x0000000051a61000 	/usr/lib/libpam.2.dylib
0x0000000051a61000 	/usr/lib/libsqlite3.dylib
0x0000000051a61000 	/usr/lib/libxar.1.dylib
0x0000000051a61000 	/usr/lib/libbz2.1.0.dylib
0x0000000051a61000 	/usr/lib/liblzma.5.dylib
0x0000000051a61000 	/usr/lib/libnetwork.dylib
0x0000000051a61000 	/usr/lib/libpcap.A.dylib
0x0000000051a61000 	/System/Library/Frameworks/CoreServices.framework/Versions/A/Frameworks/FSEvents.framework/Versions/A/FSEvents
0x0000000051a61000 	/System/Library/Frameworks/CoreServices.framework/Versions/A/Frameworks/CarbonCore.framework/Versions/A/CarbonCore
0x0000000051a61000 	/System/Library/Frameworks/CoreServices.framework/Versions/A/Frameworks/Metadata.framework/Versions/A/Metadata
0x0000000051a61000 	/System/Library/Frameworks/CoreServices.framework/Versions/A/Frameworks/OSServices.framework/Versions/A/OSServices
0x0000000051a61000 	/System/Library/Frameworks/CoreServices.framework/Versions/A/Frameworks/SearchKit.framework/Versions/A/SearchKit
0x0000000051a61000 	/System/Library/Frameworks/CoreServices.framework/Versions/A/Frameworks/AE.framework/Versions/A/AE
0x0000000051a61000 	/System/Library/Frameworks/CoreServices.framework/Versions/A/Frameworks/LaunchServices.framework/Versions/A/LaunchServices
0x0000000051a61000 	/System/Library/Frameworks/CoreServices.framework/Versions/A/Frameworks/DictionaryServices.framework/Versions/A/DictionaryServices
0x0000000051a61000 	/System/Library/Frameworks/CoreServices.framework/Versions/A/Frameworks/SharedFileList.framework/Versions/A/SharedFileList
0x0000000051a61000 	/System/Library/Frameworks/NetFS.framework/Versions/A/NetFS
0x0000000051a61000 	/System/Library/PrivateFrameworks/NetAuth.framework/Versions/A/NetAuth
0x0000000051a61000 	/System/Library/PrivateFrameworks/login.framework/Versions/A/Frameworks/loginsupport.framework/Versions/A/loginsupport
0x0000000051a61000 	/System/Library/PrivateFrameworks/TCC.framework/Versions/A/TCC
0x0000000051a61000 	/usr/lib/libmecabra.dylib
0x0000000051a61000 	/System/Library/Frameworks/ApplicationServices.framework/Versions/A/Frameworks/ATS.framework/Versions/A/ATS
0x0000000051a61000 	/System/Library/Frameworks/ApplicationServices.framework/Versions/A/Frameworks/ColorSync.framework/Versions/A/ColorSync
0x0000000051a61000 	/System/Library/Frameworks/ApplicationServices.framework/Versions/A/Frameworks/HIServices.framework/Versions/A/HIServices
0x0000000051a61000 	/System/Library/Frameworks/ApplicationServices.framework/Versions/A/Frameworks/LangAnalysis.framework/Versions/A/LangAnalysis
0x0000000051a61000 	/System/Library/Frameworks/ApplicationServices.framework/Versions/A/Frameworks/PrintCore.framework/Versions/A/PrintCore
0x0000000051a61000 	/System/Library/Frameworks/ApplicationServices.framework/Versions/A/Frameworks/QD.framework/Versions/A/QD
0x0000000051a61000 	/System/Library/Frameworks/ApplicationServices.framework/Versions/A/Frameworks/SpeechSynthesis.framework/Versions/A/SpeechSynthesis
0x0000000051a61000 	/System/Library/Frameworks/Accelerate.framework/Versions/A/Frameworks/vImage.framework/Versions/A/vImage
0x0000000051a61000 	/System/Library/Frameworks/Accelerate.framework/Versions/A/Frameworks/vecLib.framework/Versions/A/vecLib
0x0000000051a61000 	/System/Library/Frameworks/Accelerate.framework/Versions/A/Frameworks/vecLib.framework/Versions/A/libvDSP.dylib
0x0000000051a61000 	/System/Library/Frameworks/Accelerate.framework/Versions/A/Frameworks/vecLib.framework/Versions/A/libBNNS.dylib
0x0000000051a61000 	/System/Library/Frameworks/Accelerate.framework/Versions/A/Frameworks/vecLib.framework/Versions/A/libQuadrature.dylib
0x0000000051a61000 	/System/Library/Frameworks/Accelerate.framework/Versions/A/Frameworks/vecLib.framework/Versions/A/libvMisc.dylib
0x0000000051a61000 	/System/Library/Frameworks/Accelerate.framework/Versions/A/Frameworks/vecLib.framework/Versions/A/libLAPACK.dylib
0x0000000051a61000 	/System/Library/Frameworks/Accelerate.framework/Versions/A/Frameworks/vecLib.framework/Versions/A/libBLAS.dylib
0x0000000051a61000 	/System/Library/Frameworks/Accelerate.framework/Versions/A/Frameworks/vecLib.framework/Versions/A/libLinearAlgebra.dylib
0x0000000051a61000 	/System/Library/Frameworks/Accelerate.framework/Versions/A/Frameworks/vecLib.framework/Versions/A/libSparseBLAS.dylib
0x0000000051a61000 	/System/Library/Frameworks/ApplicationServices.framework/Versions/A/Frameworks/ATS.framework/Versions/A/Resources/libFontParser.dylib
0x0000000051a61000 	/System/Library/Frameworks/ApplicationServices.framework/Versions/A/Frameworks/ATS.framework/Versions/A/Resources/libFontRegistry.dylib
0x0000000051a61000 	/System/Library/Frameworks/ImageIO.framework/Versions/A/Resources/libJPEG.dylib
0x0000000051a61000 	/System/Library/Frameworks/ImageIO.framework/Versions/A/Resources/libTIFF.dylib
0x0000000051a61000 	/System/Library/Frameworks/ImageIO.framework/Versions/A/Resources/libPng.dylib
0x0000000051a61000 	/System/Library/Frameworks/ImageIO.framework/Versions/A/Resources/libGIF.dylib
0x0000000051a61000 	/System/Library/Frameworks/ImageIO.framework/Versions/A/Resources/libJP2.dylib
0x0000000051a61000 	/System/Library/Frameworks/ImageIO.framework/Versions/A/Resources/libRadiance.dylib
0x0000000051a61000 	/usr/lib/libcompression.dylib
0x0000000051a61000 	/System/Library/PrivateFrameworks/AppleJPEG.framework/Versions/A/AppleJPEG
0x0000000051a61000 	/usr/lib/libcups.2.dylib
0x0000000051a61000 	/System/Library/Frameworks/Kerberos.framework/Versions/A/Kerberos
0x0000000051a61000 	/System/Library/Frameworks/GSS.framework/Versions/A/GSS
0x0000000051a61000 	/usr/lib/libresolv.9.dylib
0x0000000051a61000 	/usr/lib/libiconv.2.dylib
0x0000000051a61000 	/System/Library/PrivateFrameworks/Heimdal.framework/Versions/A/Heimdal
0x0000000051a61000 	/usr/lib/libheimdal-asn1.dylib
0x0000000051a61000 	/System/Library/Frameworks/OpenDirectory.framework/Versions/A/OpenDirectory
0x0000000051a61000 	/System/Library/PrivateFrameworks/CommonAuth.framework/Versions/A/CommonAuth
0x0000000051a61000 	/System/Library/Frameworks/OpenDirectory.framework/Versions/A/Frameworks/CFOpenDirectory.framework/Versions/A/CFOpenDirectory
0x0000000051a61000 	/System/Library/Frameworks/SecurityFoundation.framework/Versions/A/SecurityFoundation
0x0000000051a61000 	/System/Library/PrivateFrameworks/LanguageModeling.framework/Versions/A/LanguageModeling
0x0000000051a61000 	/usr/lib/libmarisa.dylib
0x0000000051a61000 	/usr/lib/libChineseTokenizer.dylib
0x0000000051a61000 	/usr/lib/libcmph.dylib
0x0000000051a61000 	/System/Library/PrivateFrameworks/CoreEmoji.framework/Versions/A/CoreEmoji
0x0000000051a61000 	/System/Library/Frameworks/ServiceManagement.framework/Versions/A/ServiceManagement
0x0000000051a61000 	/usr/lib/libxslt.1.dylib
0x0000000051a61000 	/System/Library/Frameworks/Carbon.framework/Versions/A/Frameworks/Ink.framework/Versions/A/Ink
0x0000000051a61000 	/System/Library/PrivateFrameworks/TextureIO.framework/Versions/A/TextureIO
0x0000000051a61000 	/System/Library/Frameworks/Metal.framework/Versions/A/Metal
0x0000000051a61000 	/usr/lib/libate.dylib
0x0000000051a61000 	/System/Library/PrivateFrameworks/GPUCompiler.framework/libmetal_timestamp.dylib
0x0000000051a61000 	/System/Library/Frameworks/OpenGL.framework/Versions/A/Libraries/libCoreFSCache.dylib
0x0000000051a61000 	/System/Library/PrivateFrameworks/IOAccelerator.framework/Versions/A/IOAccelerator
0x0000000051a61000 	/System/Library/Frameworks/CoreVideo.framework/Versions/A/CoreVideo
0x0000000051a61000 	/usr/lib/libFosl_dynamic.dylib
0x0000000051a61000 	/System/Library/PrivateFrameworks/MetalPerformanceShaders.framework/Versions/A/MetalPerformanceShaders
0x0000000051a61000 	/System/Library/PrivateFrameworks/FaceCore.framework/Versions/A/FaceCore
0x0000000051a61000 	/System/Library/Frameworks/OpenCL.framework/Versions/A/OpenCL
0x0000000051a61000 	/System/Library/Frameworks/OpenGL.framework/Versions/A/Libraries/libGLU.dylib
0x0000000051a61000 	/System/Library/Frameworks/OpenGL.framework/Versions/A/Libraries/libGFXShared.dylib
0x0000000051a61000 	/System/Library/Frameworks/OpenGL.framework/Versions/A/Libraries/libGL.dylib
0x0000000051a61000 	/System/Library/Frameworks/OpenGL.framework/Versions/A/Libraries/libGLImage.dylib
0x0000000051a61000 	/System/Library/Frameworks/OpenGL.framework/Versions/A/Libraries/libCVMSPluginSupport.dylib
0x0000000051a61000 	/System/Library/Frameworks/OpenGL.framework/Versions/A/Libraries/libCoreVMClient.dylib
0x0000000051a61000 	/System/Library/PrivateFrameworks/CrashReporterSupport.framework/Versions/A/CrashReporterSupport
0x0000000051a61000 	/System/Library/PrivateFrameworks/Sharing.framework/Versions/A/Sharing
0x0000000051a61000 	/System/Library/PrivateFrameworks/IconServices.framework/Versions/A/IconServices
0x0000000051a61000 	/System/Library/PrivateFrameworks/ProtocolBuffer.framework/Versions/A/ProtocolBuffer
0x0000000051a61000 	/System/Library/PrivateFrameworks/Apple80211.framework/Versions/A/Apple80211
0x0000000051a61000 	/System/Library/Frameworks/CoreWLAN.framework/Versions/A/CoreWLAN
0x0000000051a61000 	/System/Library/PrivateFrameworks/CoreUtils.framework/Versions/A/CoreUtils
0x0000000051a61000 	/System/Library/Frameworks/IOBluetooth.framework/Versions/A/IOBluetooth
0x0000000051a61000 	/System/Library/PrivateFrameworks/CoreWiFi.framework/Versions/A/CoreWiFi
0x0000000051a61000 	/System/Library/Frameworks/CoreBluetooth.framework/Versions/A/CoreBluetooth
0x0000000051a61000 	/System/Library/Frameworks/CoreDisplay.framework/Versions/A/CoreDisplay
0x0000000051a61000 	/System/Library/PrivateFrameworks/IOPresentment.framework/Versions/A/IOPresentment
0x0000000051a61000 	/System/Library/PrivateFrameworks/DSExternalDisplay.framework/Versions/A/DSExternalDisplay
0x0000000051a61000 	/System/Library/PrivateFrameworks/DebugSymbols.framework/Versions/A/DebugSymbols
0x0000000051a61000 	/System/Library/PrivateFrameworks/CoreSymbolication.framework/Versions/A/CoreSymbolication
0x0000000051a61000 	/System/Library/PrivateFrameworks/Symbolication.framework/Versions/A/Symbolication
0x0000000051a61000 	/System/Library/PrivateFrameworks/AppleFSCompression.framework/Versions/A/AppleFSCompression
0x0000000051a61000 	/System/Library/PrivateFrameworks/SpeechRecognitionCore.framework/Versions/A/SpeechRecognitionCore
0x0000000051a61000 	/System/Library/PrivateFrameworks/ChunkingLibrary.framework/Versions/A/ChunkingLibrary
0x0000000101357000 	/Library/Java/JavaVirtualMachines/jdk1.8.0_144.jdk/Contents/Home/jre/lib/server/libjvm.dylib
0x0000000051a61000 	/usr/lib/libstdc++.6.dylib
0x00000001022fe000 	/Library/Java/JavaVirtualMachines/jdk1.8.0_144.jdk/Contents/Home/jre/lib/libverify.dylib
0x000000010230c000 	/Library/Java/JavaVirtualMachines/jdk1.8.0_144.jdk/Contents/Home/jre/lib/libjava.dylib
0x000000010234b000 	/Library/Java/JavaVirtualMachines/jdk1.8.0_144.jdk/Contents/Home/jre/lib/libzip.dylib
0x00000001094b9000 	/System/Library/Frameworks/JavaVM.framework/Frameworks/JavaRuntimeSupport.framework/JavaRuntimeSupport
0x00000001094d3000 	/System/Library/Frameworks/JavaVM.framework/Versions/A/Frameworks/JavaNativeFoundation.framework/Versions/A/JavaNativeFoundation
0x00000001094e8000 	/System/Library/Frameworks/JavaVM.framework/Versions/A/JavaVM
0x0000000051a61000 	/System/Library/Frameworks/Carbon.framework/Versions/A/Carbon
0x00000001094f5000 	/System/Library/PrivateFrameworks/JavaLaunching.framework/Versions/A/JavaLaunching
0x0000000051a61000 	/System/Library/Frameworks/Carbon.framework/Versions/A/Frameworks/CommonPanels.framework/Versions/A/CommonPanels
0x0000000051a61000 	/System/Library/Frameworks/Carbon.framework/Versions/A/Frameworks/Help.framework/Versions/A/Help
0x0000000051a61000 	/System/Library/Frameworks/Carbon.framework/Versions/A/Frameworks/ImageCapture.framework/Versions/A/ImageCapture
0x0000000051a61000 	/System/Library/Frameworks/Carbon.framework/Versions/A/Frameworks/OpenScripting.framework/Versions/A/OpenScripting
0x0000000051a61000 	/System/Library/Frameworks/Carbon.framework/Versions/A/Frameworks/Print.framework/Versions/A/Print
0x0000000051a61000 	/System/Library/Frameworks/Carbon.framework/Versions/A/Frameworks/SecurityHI.framework/Versions/A/SecurityHI
0x000000010ae61000 	/Library/Java/JavaVirtualMachines/jdk1.8.0_144.jdk/Contents/Home/jre/lib/libawt.dylib
0x000000010af09000 	/Library/Java/JavaVirtualMachines/jdk1.8.0_144.jdk/Contents/Home/jre/lib/./libmlib_image.dylib
0x000000010afd5000 	/Library/Java/JavaVirtualMachines/jdk1.8.0_144.jdk/Contents/Home/jre/lib/libawt_lwawt.dylib
0x000000010b08c000 	/Library/Java/JavaVirtualMachines/jdk1.8.0_144.jdk/Contents/Home/jre/lib/./libosxapp.dylib
0x0000000051a61000 	/System/Library/Frameworks/ExceptionHandling.framework/Versions/A/ExceptionHandling
0x0000000051a61000 	/System/Library/PrivateFrameworks/CoreServicesInternal.framework/Versions/A/CoreServicesInternal
0x0000000051a61000 	/System/Library/CoreServices/RawCamera.bundle/Contents/MacOS/RawCamera
0x0000000051a61000 	/System/Library/Frameworks/Accelerate.framework/Versions/A/Frameworks/vImage.framework/Versions/A/Libraries/libCGInterfaces.dylib
0x0000000051a61000 	/System/Library/Frameworks/ApplicationServices.framework/Versions/A/Frameworks/ATS.framework/Versions/A/Resources/libTrueTypeScaler.dylib
0x000000010d18b000 	/System/Library/Frameworks/OpenGL.framework/Resources/GLEngine.bundle/GLEngine
0x0000000051a61000 	/System/Library/Frameworks/OpenGL.framework/Versions/A/Libraries/libGLProgrammability.dylib
0x000000011cde2000 	/System/Library/Extensions/AppleIntelKBLGraphicsGLDriver.bundle/Contents/MacOS/AppleIntelKBLGraphicsGLDriver
0x0000000051a61000 	/System/Library/PrivateFrameworks/GPUSupport.framework/Versions/A/Libraries/libGPUSupportMercury.dylib
0x000000010d370000 	/System/Library/Frameworks/OpenGL.framework/Resources//GLRendererFloat.bundle/GLRendererFloat
0x0000000051a61000 	/System/Library/Frameworks/OpenCL.framework/Versions/A/Libraries/libcldcpuengine.dylib
0x0000000051a61000 	/usr/lib/libcrypto.0.9.8.dylib
0x0000000051a61000 	/System/Library/PrivateFrameworks/TrustEvaluationAgent.framework/Versions/A/TrustEvaluationAgent
0x000000010d3a4000 	/System/Library/Extensions/AppleIntelKBLGraphicsMTLDriver.bundle/Contents/MacOS/AppleIntelKBLGraphicsMTLDriver
0x0000000051a61000 	/System/Library/PrivateFrameworks/FamilyControls.framework/Versions/A/FamilyControls
0x0000000051a61000 	/System/Library/PrivateFrameworks/CommerceKit.framework/Versions/A/Frameworks/CommerceCore.framework/Versions/A/CommerceCore
0x0000000051a61000 	/System/Library/PrivateFrameworks/SystemAdministration.framework/Versions/A/SystemAdministration
0x0000000051a61000 	/System/Library/PrivateFrameworks/AppContainer.framework/Versions/A/AppContainer
0x0000000051a61000 	/System/Library/PrivateFrameworks/SecCodeWrapper.framework/Versions/A/SecCodeWrapper
0x0000000051a61000 	/System/Library/Frameworks/DirectoryService.framework/Versions/A/DirectoryService
0x0000000051a61000 	/System/Library/PrivateFrameworks/DiskImages.framework/Versions/A/DiskImages
0x0000000051a61000 	/System/Library/PrivateFrameworks/LoginUIKit.framework/Versions/A/Frameworks/LoginUICore.framework/Versions/A/LoginUICore
0x0000000051a61000 	/usr/lib/libCoreStorage.dylib
0x0000000051a61000 	/usr/lib/libcsfde.dylib
0x0000000051a61000 	/usr/lib/libodfde.dylib
0x0000000051a61000 	/System/Library/Frameworks/DiscRecording.framework/Versions/A/DiscRecording
0x0000000051a61000 	/usr/lib/libcurl.4.dylib
0x0000000051a61000 	/System/Library/PrivateFrameworks/MediaKit.framework/Versions/A/MediaKit
0x0000000051a61000 	/System/Library/PrivateFrameworks/ProtectedCloudStorage.framework/Versions/A/ProtectedCloudStorage
0x0000000051a61000 	/System/Library/PrivateFrameworks/EFILogin.framework/Versions/A/EFILogin
0x0000000051a61000 	/usr/lib/libutil.dylib
0x0000000051a61000 	/System/Library/Frameworks/LDAP.framework/Versions/A/LDAP
0x0000000051a61000 	/usr/lib/libsasl2.2.dylib
0x0000000051a61000 	/System/Library/PrivateFrameworks/CoreDaemon.framework/Versions/B/CoreDaemon
0x0000000051a61000 	/System/Library/PrivateFrameworks/AppleSRP.framework/Versions/A/AppleSRP
0x0000000051a61000 	/System/Library/PrivateFrameworks/APFS.framework/Versions/A/APFS
0x000000010daac000 	/Library/Java/JavaVirtualMachines/jdk1.8.0_144.jdk/Contents/Home/jre/lib/libfontmanager.dylib
0x000000010db13000 	/Users/constantinoskavadias/Google Drive/University/Third Year/Semester2/SWEN20003/Project2/lib/liblwjgl.dylib
0x000000010b702000 	/Library/Java/JavaVirtualMachines/jdk1.8.0_144.jdk/Contents/Home/jre/lib/libjawt.dylib
0x0000000051a61000 	/System/Library/PrivateFrameworks/ViewBridge.framework/Versions/A/ViewBridge
0x0000000051a61000 	/System/Library/PrivateFrameworks/XPCService.framework/Versions/A/XPCService
0x0000000051a61000 	/System/Library/PrivateFrameworks/AppSandbox.framework/Versions/A/AppSandbox
0x0000000051a61000 	/usr/lib/libsandbox.1.dylib
0x0000000051a61000 	/usr/lib/libMatch.1.dylib
0x000000010d597000 	/Users/constantinoskavadias/Google Drive/University/Third Year/Semester2/SWEN20003/Project2/lib/libjinput-osx.dylib
0x00000001210c7000 	/System/Library/Extensions/IOHIDFamily.kext/Contents/PlugIns/IOHIDLib.plugin/Contents/MacOS/IOHIDLib

VM Arguments:
jvm_args: -Djava.library.path=/Users/constantinoskavadias/Google Drive/University/Third Year/Semester2/SWEN20003/Project2/lib -Dfile.encoding=UTF-8 
java_command: App
java_class_path (initial): /Users/constantinoskavadias/Google Drive/University/Third Year/Semester2/SWEN20003/Project2/bin:/Users/constantinoskavadias/Google Drive/University/Third Year/Semester2/SWEN20003/Project2/lib/jinput.jar:/Users/constantinoskavadias/Google Drive/University/Third Year/Semester2/SWEN20003/Project2/lib/lwjgl.jar:/Users/constantinoskavadias/Google Drive/University/Third Year/Semester2/SWEN20003/Project2/lib/slick.jar
Launcher Type: SUN_STANDARD

Environment Variables:
PATH=/usr/bin:/bin:/usr/sbin:/sbin
SHELL=/bin/bash

Signal Handlers:
SIGSEGV: [libjvm.dylib+0x5b26e5], sa_mask[0]=11111111011111110111111111111111, sa_flags=SA_ONSTACK|SA_RESTART|SA_SIGINFO
SIGBUS: [libjvm.dylib+0x5b26e5], sa_mask[0]=11111111011111110111111111111111, sa_flags=SA_RESTART|SA_SIGINFO
SIGFPE: [libjvm.dylib+0x489100], sa_mask[0]=11111111011111110111111111111111, sa_flags=SA_RESTART|SA_SIGINFO
SIGPIPE: [libjvm.dylib+0x489100], sa_mask[0]=11111111011111110111111111111111, sa_flags=SA_RESTART|SA_SIGINFO
SIGXFSZ: [libjvm.dylib+0x489100], sa_mask[0]=11111111011111110111111111111111, sa_flags=SA_RESTART|SA_SIGINFO
SIGILL: [libjvm.dylib+0x489100], sa_mask[0]=11111111011111110111111111111111, sa_flags=SA_RESTART|SA_SIGINFO
SIGUSR1: SIG_DFL, sa_mask[0]=00000000000000000000000000000000, sa_flags=none
SIGUSR2: [libjvm.dylib+0x488c1e], sa_mask[0]=00100000000000000000000000000000, sa_flags=SA_RESTART|SA_SIGINFO
SIGHUP: [libjvm.dylib+0x4871f5], sa_mask[0]=11111111011111110111111111111111, sa_flags=SA_RESTART|SA_SIGINFO
SIGINT: [libjvm.dylib+0x4871f5], sa_mask[0]=11111111011111110111111111111111, sa_flags=SA_RESTART|SA_SIGINFO
SIGTERM: [libjvm.dylib+0x4871f5], sa_mask[0]=11111111011111110111111111111111, sa_flags=SA_RESTART|SA_SIGINFO
SIGQUIT: [libjvm.dylib+0x4871f5], sa_mask[0]=11111111011111110111111111111111, sa_flags=SA_RESTART|SA_SIGINFO


---------------  S Y S T E M  ---------------

OS:Bsduname:Darwin 16.7.0 Darwin Kernel Version 16.7.0: Thu Jun 15 17:36:27 PDT 2017; root:xnu-3789.70.16~2/RELEASE_X86_64 x86_64
rlimit: STACK 8192k, CORE 0k, NPROC 709, NOFILE 10240, AS infinity
load average:2.03 1.84 1.65

CPU:total 4 (initial active 4) (2 cores per cpu, 2 threads per core) family 6 model 142 stepping 9, cmov, cx8, fxsr, mmx, sse, sse2, sse3, ssse3, sse4.1, sse4.2, popcnt, avx, avx2, aes, clmul, erms, 3dnowpref, lzcnt, ht, tsc, tscinvbit, bmi1, bmi2, adx

Memory: 4k page, physical 8388608k(703116k free)

/proc/meminfo:


vm_info: Java HotSpot(TM) 64-Bit Server VM (25.144-b01) for bsd-amd64 JRE (1.8.0_144-b01), built on Jul 21 2017 22:07:42 by "java_re" with gcc 4.2.1 (Based on Apple Inc. build 5658) (LLVM build 2336.11.00)

time: Fri Sep 22 20:18:01 2017
elapsed time: 18 seconds (0d 0h 0m 18s)

