#
# A fatal error has been detected by the Java Runtime Environment:
#
#  SIGSEGV (0xb) at pc=0x00007fffd4b36c02, pid=2806, tid=0x0000000000000307
#
# JRE version: Java(TM) SE Runtime Environment (8.0_144-b01) (build 1.8.0_144-b01)
# Java VM: Java HotSpot(TM) 64-Bit Server VM (25.144-b01 mixed mode bsd-amd64 compressed oops)
# Problematic frame:
# C  [libGPUSupportMercury.dylib+0xac02]  gldAttachDrawable+0x12f
#
# Failed to write core dump. Core dumps have been disabled. To enable core dumping, try "ulimit -c unlimited" before starting Java again
#
# If you would like to submit a bug report, please visit:
#   http://bugreport.java.com/bugreport/crash.jsp
# The crash happened outside the Java Virtual Machine in native code.
# See problematic frame for where to report the bug.
#

---------------  T H R E A D  ---------------

Current thread (0x00007fa48e0b2000):  JavaThread "AppKit Thread" daemon [_thread_in_native, id=775, stack(0x00007fff5a7e4000,0x00007fff5afe4000)]

siginfo: si_signo: 11 (SIGSEGV), si_code: 0 (unknown), si_addr: 0x0000000000000000

Registers:
RAX=0x2000000001209067, RBX=0x0000000000002715, RCX=0x0000000000000c24, RDX=0x00007fa48c587910
RSP=0x00007fff5afde360, RBP=0x00007fff5afde460, RSI=0x0000000000000369, RDI=0x000000000000b53f
R8 =0x000000000f00009a, R9 =0x00007fa48f000000, R10=0x000000000000003c, R11=0x0000000000000206
R12=0x00007fa48c587908, R13=0x00007fa48c928c00, R14=0x00007fa48c587910, R15=0x0000000000000000
RIP=0x00007fffd4b36c02, EFLAGS=0x0000000000010206, ERR=0x0000000000000000
  TRAPNO=0x000000000000000d

Top of Stack: (sp=0x00007fff5afde360)
0x00007fff5afde360:   00007fff5afde3a0 00007fffd8916c97
0x00007fff5afde370:   0000000000000000 4036000000000000
0x00007fff5afde380:   4089000000000000 00007fa490009ee0
0x00007fff5afde390:   2000000001209067 00007fa48d1e9201
0x00007fff5afde3a0:   00007fff5afde401 00000050d8a05fce
0x00007fff5afde3b0:   0000000000000000 4036000000000000
0x00007fff5afde3c0:   4089000000000000 4082c00000000000
0x00007fff5afde3d0:   7ff0000000000000 7ff0000000000000
0x00007fff5afde3e0:   0000000000000000 0000000000000000
0x00007fff5afde3f0:   00007fa48c7584a0 0000b53fd89fdc64
0x00007fff5afde400:   7ff0000000000000 7ff0000000000000
0x00007fff5afde410:   0000000000000000 0000000000000000
0x00007fff5afde420:   0000000000000000 00007fffd89ebe7e
0x00007fff5afde430:   20e3c2895aea0011 00007fa490000000
0x00007fff5afde440:   0000000000002718 0000000000000000
0x00007fff5afde450:   0000000000000050 0000000000000000
0x00007fff5afde460:   00007fff5afde4c0 000000011fbd4e59
0x00007fff5afde470:   4096800000000000 0000000000000000
0x00007fff5afde480:   00007fa490009ee0 0000000000000000
0x00007fff5afde490:   00007fa48c587908 00007fa48d24d488
0x00007fff5afde4a0:   00007fa48d24d550 00007fa48d24d580
0x00007fff5afde4b0:   00007fa48d24b600 20e3c2895aea0011
0x00007fff5afde4c0:   00007fff5afde5a0 00007fffcbe207f0
0x00007fff5afde4d0:   4060000000000000 4089000000000000
0x00007fff5afde4e0:   4083700000000000 0000000000000000
0x00007fff5afde4f0:   4036000000000000 4089000000000000
0x00007fff5afde500:   4082c00000000000 0000000000000000
0x00007fff5afde510:   0000000000000000 0000000000000001
0x00007fff5afde520:   00007fa48c587908 0000000000000001
0x00007fff5afde530:   00007fff5afde5a0 00007fffcbe25945
0x00007fff5afde540:   000000015afde560 00007fa48d24d550
0x00007fff5afde550:   00007fa48d24d488 0000000200001003 

Instructions: (pc=0x00007fffd4b36c02)
0x00007fffd4b36be2:   24 04 81 e1 3f 8c 00 00 48 8b 85 38 ff ff ff 44
0x00007fffd4b36bf2:   8b 80 38 02 00 00 4c 89 f2 48 8b 85 30 ff ff ff
0x00007fffd4b36c02:   ff 50 08 bb 15 27 00 00 85 c0 0f 85 31 02 00 00
0x00007fffd4b36c12:   49 8b 4d 60 41 8b 06 eb 10 41 8b 06 bb 15 27 00 

Register to memory mapping:

RAX=0x2000000001209067 is an unknown value
RBX=0x0000000000002715 is an unknown value
RCX=0x0000000000000c24 is an unknown value
RDX=0x00007fa48c587910 is an unknown value
RSP=0x00007fff5afde360 is pointing into the stack for thread: 0x00007fa48e0b2000
RBP=0x00007fff5afde460 is pointing into the stack for thread: 0x00007fa48e0b2000
RSI=0x0000000000000369 is an unknown value
RDI=0x000000000000b53f is an unknown value
R8 =0x000000000f00009a is an unknown value
R9 =0x00007fa48f000000 is an unknown value
R10=0x000000000000003c is an unknown value
R11=0x0000000000000206 is an unknown value
R12=0x00007fa48c587908 is an unknown value
R13=0x00007fa48c928c00 is an unknown value
R14=0x00007fa48c587910 is an unknown value
R15=0x0000000000000000 is an unknown value


Stack: [0x00007fff5a7e4000,0x00007fff5afe4000],  sp=0x00007fff5afde360,  free space=8168k
Native frames: (J=compiled Java code, j=interpreted, Vv=VM code, C=native code)
C  [libGPUSupportMercury.dylib+0xac02]  gldAttachDrawable+0x12f
C  [GLEngine+0x15e59]  gliAttachDrawableWithOptions+0x106
C  [OpenGL+0x37f0]  glcGetIOAccelService+0xe8c
C  [OpenGL+0x76f7]  CGLSetPBuffer+0xb45
C  [OpenGL+0x7a15]  CGLSetSurface+0x125
C  [AppKit+0x335c80]  NSOpenGLContextAttachOnScreenViewSurface+0x187
C  [AppKit+0x6efc57]  __27-[NSOpenGLContext setView:]_block_invoke+0xd3
C  [AppKit+0x179d48]  NSPerformVisuallyAtomicChange+0x93
C  [AppKit+0x322538]  -[NSOpenGLContext setView:]+0x69
C  [liblwjgl.dylib+0xa586]  -[MacOSXOpenGLView lockFocus]+0x76
C  [AppKit+0x19ce7b]  -[NSView _recursiveDisplayRectIfNeededIgnoringOpacity:isVisibleRect:rectIsVisibleRectForView:topView:]+0x6ee
C  [AppKit+0x19d6d1]  -[NSView _recursiveDisplayRectIfNeededIgnoringOpacity:isVisibleRect:rectIsVisibleRectForView:topView:]+0xf44
C  [AppKit+0x19c2af]  -[NSThemeFrame _recursiveDisplayRectIfNeededIgnoringOpacity:isVisibleRect:rectIsVisibleRectForView:topView:]+0x14e
C  [AppKit+0x19a6d8]  -[NSView _displayRectIgnoringOpacity:isVisibleRect:rectIsVisibleRectForView:]+0x994
C  [AppKit+0x195fca]  -[NSView displayIfNeeded]+0x6d4
C  [AppKit+0x1958db]  -[NSWindow displayIfNeeded]+0xe6
C  [AppKit+0x8f5cb4]  ___NSWindowGetDisplayCycleObserver_block_invoke.6228+0x115
C  [AppKit+0x1953b9]  __37+[NSDisplayCycle currentDisplayCycle]_block_invoke+0x1c6
C  [QuartzCore+0x11d06]  _ZN2CA11Transaction19run_commit_handlersE18CATransactionPhase+0x2e
C  [QuartzCore+0x11b8bc]  _ZN2CA7Context18commit_transactionEPNS_11TransactionE+0xa0
C  [QuartzCore+0x107e1]  _ZN2CA11Transaction6commitEv+0x1db
C  [AppKit+0x4788b1]  __37+[NSDisplayCycle currentDisplayCycle]_block_invoke.31+0x143
C  [CoreFoundation+0xa6d37]  __CFRUNLOOP_IS_CALLING_OUT_TO_AN_OBSERVER_CALLBACK_FUNCTION__+0x17
C  [CoreFoundation+0xa6ca7]  __CFRunLoopDoObservers+0x187
C  [CoreFoundation+0x876d9]  __CFRunLoopRun+0x369
C  [CoreFoundation+0x87114]  CFRunLoopRunSpecific+0x1a4
C  [HIToolbox+0x30ebc]  RunCurrentEventLoopInMode+0xf0
C  [HIToolbox+0x30bf9]  ReceiveNextEventCommon+0xb8
C  [HIToolbox+0x30b26]  _BlockUntilNextEventMatchingListInModeWithFilter+0x47
C  [AppKit+0x46a54]  _DPSNextEvent+0x460
C  [AppKit+0x7c27ee]  -[NSApplication(NSEvent) _nextEventMatchingEventMask:untilDate:inMode:dequeue:]+0xaec
C  [libosxapp.dylib+0x23aa]  -[NSApplicationAWT nextEventMatchingMask:untilDate:inMode:dequeue:]+0x7c
C  [AppKit+0x3b3db]  -[NSApplication run]+0x39e
C  [libosxapp.dylib+0x214d]  +[NSApplicationAWT runAWTLoopWithApp:]+0x9c
C  [libawt_lwawt.dylib+0x45edf]  -[AWTStarter starter:]+0x389
C  [Foundation+0x7152a]  __NSThreadPerformPerform+0x146
C  [CoreFoundation+0xa7321]  __CFRUNLOOP_IS_CALLING_OUT_TO_A_SOURCE0_PERFORM_FUNCTION__+0x11
C  [CoreFoundation+0x8821d]  __CFRunLoopDoSources0+0x22d
C  [CoreFoundation+0x87716]  __CFRunLoopRun+0x3a6
C  [CoreFoundation+0x87114]  CFRunLoopRunSpecific+0x1a4
C  [java+0x6465]  CreateExecutionEnvironment+0x367
C  [java+0x218c]  JLI_Launch+0x7a0
C  [java+0x84c2]  main+0x65
C  [java+0x19e4]  start+0x34
C  0x0000000000000006


---------------  P R O C E S S  ---------------

Java Threads: ( => current thread )
  0x00007fa48d197000 JavaThread "AWT-Shutdown" [_thread_blocked, id=29703, stack(0x000070000e17d000,0x000070000e27d000)]
=>0x00007fa48e0b2000 JavaThread "AppKit Thread" daemon [_thread_in_native, id=775, stack(0x00007fff5a7e4000,0x00007fff5afe4000)]
  0x00007fa48d000000 JavaThread "Service Thread" daemon [_thread_blocked, id=18691, stack(0x000070000df77000,0x000070000e077000)]
  0x00007fa48d005000 JavaThread "C1 CompilerThread2" daemon [_thread_blocked, id=18179, stack(0x000070000de74000,0x000070000df74000)]
  0x00007fa48e083800 JavaThread "C2 CompilerThread1" daemon [_thread_blocked, id=17667, stack(0x000070000dd71000,0x000070000de71000)]
  0x00007fa48e03f800 JavaThread "C2 CompilerThread0" daemon [_thread_blocked, id=17155, stack(0x000070000dc6e000,0x000070000dd6e000)]
  0x00007fa48e032000 JavaThread "Signal Dispatcher" daemon [_thread_blocked, id=16643, stack(0x000070000db6b000,0x000070000dc6b000)]
  0x00007fa48c801800 JavaThread "Finalizer" daemon [_thread_blocked, id=12547, stack(0x000070000da68000,0x000070000db68000)]
  0x00007fa48e026000 JavaThread "Reference Handler" daemon [_thread_blocked, id=12035, stack(0x000070000d965000,0x000070000da65000)]
  0x00007fa48d80b000 JavaThread "main" [_thread_in_native, id=3587, stack(0x000070000d1ca000,0x000070000d2ca000)]

Other Threads:
  0x00007fa48d808800 VMThread [stack: 0x000070000d862000,0x000070000d962000] [id=11523]
  0x00007fa48e033800 WatcherThread [stack: 0x000070000e07a000,0x000070000e17a000] [id=19203]

VM state:not at safepoint (normal execution)

VM Mutex/Monitor currently owned by a thread: None

Heap:
 PSYoungGen      total 38400K, used 9402K [0x0000000795580000, 0x0000000798000000, 0x00000007c0000000)
  eden space 33280K, 12% used [0x0000000795580000,0x00000007959b1070,0x0000000797600000)
  from space 5120K, 99% used [0x0000000797600000,0x0000000797afd878,0x0000000797b00000)
  to   space 5120K, 0% used [0x0000000797b00000,0x0000000797b00000,0x0000000798000000)
 ParOldGen       total 87552K, used 3644K [0x0000000740000000, 0x0000000745580000, 0x0000000795580000)
  object space 87552K, 4% used [0x0000000740000000,0x000000074038f1f8,0x0000000745580000)
 Metaspace       used 7629K, capacity 7823K, committed 8064K, reserved 1056768K
  class space    used 764K, capacity 826K, committed 896K, reserved 1048576K

Card table byte_map: [0x00000001069c0000,0x0000000106dc1000] byte_map_base: 0x0000000102fc0000

Marking Bits: (ParMarkBitMap*) 0x000000010558c5d0
 Begin Bits: [0x0000000119107000, 0x000000011b107000)
 End Bits:   [0x000000011b107000, 0x000000011d107000)

Polling page: 0x0000000105c83000

CodeCache: size=245760Kb used=4049Kb max_used=4053Kb free=241711Kb
 bounds [0x000000010a107000, 0x000000010a507000, 0x0000000119107000]
 total_blobs=1437 nmethods=1043 adapters=308
 compilation: enabled

Compilation events (10 events):
Event: 20.611 Thread 0x00007fa48d005000 1039       3       java.nio.HeapByteBuffer::putLong (21 bytes)
Event: 20.612 Thread 0x00007fa48d005000 nmethod 1039 0x000000010a4df510 code [0x000000010a4df6a0, 0x000000010a4dfa68]
Event: 20.612 Thread 0x00007fa48d005000 1040       3       java.nio.Bits::putLong (21 bytes)
Event: 20.612 Thread 0x00007fa48d005000 nmethod 1040 0x000000010a4df0d0 code [0x000000010a4df240, 0x000000010a4df438]
Event: 20.621 Thread 0x00007fa48d005000 1041       3       java.nio.HeapByteBuffer::getLong (19 bytes)
Event: 20.621 Thread 0x00007fa48d005000 nmethod 1041 0x000000010a4d1c90 code [0x000000010a4d1e40, 0x000000010a4d21e8]
Event: 20.621 Thread 0x00007fa48d005000 1042       3       java.nio.Bits::getLong (18 bytes)
Event: 20.621 Thread 0x00007fa48d005000 nmethod 1042 0x000000010a4d1850 code [0x000000010a4d19c0, 0x000000010a4d1bb8]
Event: 20.644 Thread 0x00007fa48d005000 1043       3       java.lang.Object::wait (6 bytes)
Event: 20.644 Thread 0x00007fa48d005000 nmethod 1043 0x000000010a4d1450 code [0x000000010a4d15c0, 0x000000010a4d17c8]

GC Heap History (6 events):
Event: 3.711 GC heap before
{Heap before GC invocations=1 (full 0):
 PSYoungGen      total 38400K, used 33280K [0x0000000795580000, 0x0000000798000000, 0x00000007c0000000)
  eden space 33280K, 100% used [0x0000000795580000,0x0000000797600000,0x0000000797600000)
  from space 5120K, 0% used [0x0000000797b00000,0x0000000797b00000,0x0000000798000000)
  to   space 5120K, 0% used [0x0000000797600000,0x0000000797600000,0x0000000797b00000)
 ParOldGen       total 87552K, used 0K [0x0000000740000000, 0x0000000745580000, 0x0000000795580000)
  object space 87552K, 0% used [0x0000000740000000,0x0000000740000000,0x0000000745580000)
 Metaspace       used 7557K, capacity 7759K, committed 8064K, reserved 1056768K
  class space    used 759K, capacity 826K, committed 896K, reserved 1048576K
Event: 3.719 GC heap after
Heap after GC invocations=1 (full 0):
 PSYoungGen      total 38400K, used 5112K [0x0000000795580000, 0x0000000798000000, 0x00000007c0000000)
  eden space 33280K, 0% used [0x0000000795580000,0x0000000795580000,0x0000000797600000)
  from space 5120K, 99% used [0x0000000797600000,0x0000000797afe158,0x0000000797b00000)
  to   space 5120K, 0% used [0x0000000797b00000,0x0000000797b00000,0x0000000798000000)
 ParOldGen       total 87552K, used 3044K [0x0000000740000000, 0x0000000745580000, 0x0000000795580000)
  object space 87552K, 3% used [0x0000000740000000,0x00000007402f91f8,0x0000000745580000)
 Metaspace       used 7557K, capacity 7759K, committed 8064K, reserved 1056768K
  class space    used 759K, capacity 826K, committed 896K, reserved 1048576K
}
Event: 12.432 GC heap before
{Heap before GC invocations=2 (full 0):
 PSYoungGen      total 38400K, used 38392K [0x0000000795580000, 0x0000000798000000, 0x00000007c0000000)
  eden space 33280K, 100% used [0x0000000795580000,0x0000000797600000,0x0000000797600000)
  from space 5120K, 99% used [0x0000000797600000,0x0000000797afe158,0x0000000797b00000)
  to   space 5120K, 0% used [0x0000000797b00000,0x0000000797b00000,0x0000000798000000)
 ParOldGen       total 87552K, used 3044K [0x0000000740000000, 0x0000000745580000, 0x0000000795580000)
  object space 87552K, 3% used [0x0000000740000000,0x00000007402f91f8,0x0000000745580000)
 Metaspace       used 7584K, capacity 7759K, committed 8064K, reserved 1056768K
  class space    used 759K, capacity 826K, committed 896K, reserved 1048576K
Event: 12.438 GC heap after
Heap after GC invocations=2 (full 0):
 PSYoungGen      total 38400K, used 5110K [0x0000000795580000, 0x0000000798000000, 0x00000007c0000000)
  eden space 33280K, 0% used [0x0000000795580000,0x0000000795580000,0x0000000797600000)
  from space 5120K, 99% used [0x0000000797b00000,0x0000000797ffd878,0x0000000798000000)
  to   space 5120K, 0% used [0x0000000797600000,0x0000000797600000,0x0000000797b00000)
 ParOldGen       total 87552K, used 3628K [0x0000000740000000, 0x0000000745580000, 0x0000000795580000)
  object space 87552K, 4% used [0x0000000740000000,0x000000074038b1f8,0x0000000745580000)
 Metaspace       used 7584K, capacity 7759K, committed 8064K, reserved 1056768K
  class space    used 759K, capacity 826K, committed 896K, reserved 1048576K
}
Event: 19.039 GC heap before
{Heap before GC invocations=3 (full 0):
 PSYoungGen      total 38400K, used 38390K [0x0000000795580000, 0x0000000798000000, 0x00000007c0000000)
  eden space 33280K, 100% used [0x0000000795580000,0x0000000797600000,0x0000000797600000)
  from space 5120K, 99% used [0x0000000797b00000,0x0000000797ffd878,0x0000000798000000)
  to   space 5120K, 0% used [0x0000000797600000,0x0000000797600000,0x0000000797b00000)
 ParOldGen       total 87552K, used 3628K [0x0000000740000000, 0x0000000745580000, 0x0000000795580000)
  object space 87552K, 4% used [0x0000000740000000,0x000000074038b1f8,0x0000000745580000)
 Metaspace       used 7618K, capacity 7823K, committed 8064K, reserved 1056768K
  class space    used 763K, capacity 826K, committed 896K, reserved 1048576K
Event: 19.044 GC heap after
Heap after GC invocations=3 (full 0):
 PSYoungGen      total 38400K, used 5110K [0x0000000795580000, 0x0000000798000000, 0x00000007c0000000)
  eden space 33280K, 0% used [0x0000000795580000,0x0000000795580000,0x0000000797600000)
  from space 5120K, 99% used [0x0000000797600000,0x0000000797afd878,0x0000000797b00000)
  to   space 5120K, 0% used [0x0000000797b00000,0x0000000797b00000,0x0000000798000000)
 ParOldGen       total 87552K, used 3644K [0x0000000740000000, 0x0000000745580000, 0x0000000795580000)
  object space 87552K, 4% used [0x0000000740000000,0x000000074038f1f8,0x0000000745580000)
 Metaspace       used 7618K, capacity 7823K, committed 8064K, reserved 1056768K
  class space    used 763K, capacity 826K, committed 896K, reserved 1048576K
}

Deoptimization events (9 events):
Event: 0.486 Thread 0x00007fa48d80b000 Uncommon trap: reason=unstable_if action=reinterpret pc=0x000000010a2cb300 method=java.lang.String.replace(CC)Ljava/lang/String; @ 26
Event: 1.426 Thread 0x00007fa48d80b000 Uncommon trap: reason=unstable_if action=reinterpret pc=0x000000010a387f3c method=java.lang.String.regionMatches(ZILjava/lang/String;II)Z @ 123
Event: 6.194 Thread 0x00007fa48d80b000 Uncommon trap: reason=unstable_if action=reinterpret pc=0x000000010a494dec method=GameMap.update(Lorg/newdawn/slick/Input;F)V @ 51
Event: 6.197 Thread 0x00007fa48d80b000 Uncommon trap: reason=unstable_if action=reinterpret pc=0x000000010a3f9868 method=org.newdawn.slick.Image.init()V @ 4
Event: 11.937 Thread 0x00007fa48d80b000 Uncommon trap: reason=unstable_if action=reinterpret pc=0x000000010a3ea1b4 method=org.newdawn.slick.Image.init()V @ 4
Event: 18.638 Thread 0x00007fa48d8ea800 Uncommon trap: reason=unstable_if action=reinterpret pc=0x000000010a49e5f8 method=java.util.HashMap.keySet()Ljava/util/Set; @ 6
Event: 18.638 Thread 0x00007fa48d8ea800 Uncommon trap: reason=unstable_if action=reinterpret pc=0x000000010a4a4f30 method=java.util.HashMap$HashIterator.<init>(Ljava/util/HashMap;)V @ 38
Event: 19.494 Thread 0x00007fa48d80b000 Uncommon trap: reason=unstable_if action=reinterpret pc=0x000000010a4f1fdc method=World.update(Lorg/newdawn/slick/Input;I)V @ 30
Event: 21.187 Thread 0x00007fa48d80b000 Uncommon trap: reason=unstable_if action=reinterpret pc=0x000000010a4d9338 method=org.newdawn.slick.AppGameContainer.gameLoop()V @ 60

Internal exceptions (10 events):
Event: 0.126 Thread 0x00007fa48d80b000 Exception <a 'java/security/PrivilegedActionException'> (0x00000007956e27a0) thrown at [/Users/java_re/workspace/8-2-build-macosx-x86_64/jdk8u144/9417/hotspot/src/share/vm/prims/jvm.cpp, line 1390]
Event: 0.193 Thread 0x00007fa48d80b000 Exception <a 'java/security/PrivilegedActionException'> (0x0000000795854bd8) thrown at [/Users/java_re/workspace/8-2-build-macosx-x86_64/jdk8u144/9417/hotspot/src/share/vm/prims/jvm.cpp, line 1390]
Event: 0.193 Thread 0x00007fa48d80b000 Exception <a 'java/security/PrivilegedActionException'> (0x0000000795854de8) thrown at [/Users/java_re/workspace/8-2-build-macosx-x86_64/jdk8u144/9417/hotspot/src/share/vm/prims/jvm.cpp, line 1390]
Event: 0.194 Thread 0x00007fa48d80b000 Exception <a 'java/security/PrivilegedActionException'> (0x0000000795858300) thrown at [/Users/java_re/workspace/8-2-build-macosx-x86_64/jdk8u144/9417/hotspot/src/share/vm/prims/jvm.cpp, line 1390]
Event: 0.194 Thread 0x00007fa48d80b000 Exception <a 'java/security/PrivilegedActionException'> (0x0000000795858510) thrown at [/Users/java_re/workspace/8-2-build-macosx-x86_64/jdk8u144/9417/hotspot/src/share/vm/prims/jvm.cpp, line 1390]
Event: 0.264 Thread 0x00007fa48d80b000 Exception <a 'java/lang/NoSuchFieldError': method resolution failed> (0x000000079592c2e8) thrown at [/Users/java_re/workspace/8-2-build-macosx-x86_64/jdk8u144/9417/hotspot/src/share/vm/prims/methodHandles.cpp, line 1146]
Event: 0.269 Thread 0x00007fa48d80b000 Exception <a 'java/lang/NoSuchFieldError': method resolution failed> (0x0000000795939a08) thrown at [/Users/java_re/workspace/8-2-build-macosx-x86_64/jdk8u144/9417/hotspot/src/share/vm/prims/methodHandles.cpp, line 1146]
Event: 0.460 Thread 0x00007fa48d80b000 Exception <a 'java/io/FileNotFoundException'> (0x00000007959b4500) thrown at [/Users/java_re/workspace/8-2-build-macosx-x86_64/jdk8u144/9417/hotspot/src/share/vm/prims/jni.cpp, line 709]
Event: 0.460 Thread 0x00007fa48d80b000 Exception <a 'java/io/FileNotFoundException'> (0x00000007959b50e0) thrown at [/Users/java_re/workspace/8-2-build-macosx-x86_64/jdk8u144/9417/hotspot/src/share/vm/prims/jni.cpp, line 709]
Event: 18.638 Thread 0x00007fa48d8ea800 Implicit null exception at 0x000000010a4a4d15 to 0x000000010a4a4f15

Events (10 events):
Event: 19.046 Executing VM operation: BulkRevokeBias
Event: 19.046 Executing VM operation: BulkRevokeBias done
Event: 19.494 Thread 0x00007fa48d80b000 Uncommon trap: trap_request=0xffffff65 fr.pc=0x000000010a4f1fdc
Event: 19.494 Thread 0x00007fa48d80b000 DEOPT PACKING pc=0x000000010a4f1fdc sp=0x000070000d2c9770
Event: 19.494 Thread 0x00007fa48d80b000 DEOPT UNPACKING pc=0x000000010a10c229 sp=0x000070000d2c96b0 mode 2
Event: 21.187 Thread 0x00007fa48d80b000 Uncommon trap: trap_request=0xffffff65 fr.pc=0x000000010a4d9338
Event: 21.187 Thread 0x00007fa48d80b000 DEOPT PACKING pc=0x000000010a4d9338 sp=0x000070000d2c9830
Event: 21.187 Thread 0x00007fa48d80b000 DEOPT UNPACKING pc=0x000000010a10c229 sp=0x000070000d2c9808 mode 2
Event: 21.190 loading class org/lwjgl/opengl/CallbackUtil
Event: 21.190 loading class org/lwjgl/opengl/CallbackUtil done


Dynamic libraries:
0x0000000051a61000 	/System/Library/Frameworks/Cocoa.framework/Versions/A/Cocoa
0x0000000051a61000 	/System/Library/Frameworks/Security.framework/Versions/A/Security
0x0000000051a61000 	/System/Library/Frameworks/ApplicationServices.framework/Versions/A/ApplicationServices
0x0000000051a61000 	/usr/lib/libz.1.dylib
0x0000000051a61000 	/usr/lib/libSystem.B.dylib
0x0000000051a61000 	/usr/lib/libobjc.A.dylib
0x0000000051a61000 	/System/Library/Frameworks/CoreFoundation.framework/Versions/A/CoreFoundation
0x0000000051a61000 	/System/Library/Frameworks/Foundation.framework/Versions/C/Foundation
0x0000000051a61000 	/System/Library/Frameworks/AppKit.framework/Versions/C/AppKit
0x0000000051a61000 	/System/Library/Frameworks/CoreData.framework/Versions/A/CoreData
0x0000000051a61000 	/System/Library/PrivateFrameworks/RemoteViewServices.framework/Versions/A/RemoteViewServices
0x0000000051a61000 	/System/Library/PrivateFrameworks/UIFoundation.framework/Versions/A/UIFoundation
0x0000000051a61000 	/System/Library/PrivateFrameworks/DFRFoundation.framework/Versions/A/DFRFoundation
0x0000000051a61000 	/usr/lib/libenergytrace.dylib
0x0000000051a61000 	/System/Library/PrivateFrameworks/SkyLight.framework/Versions/A/SkyLight
0x0000000051a61000 	/System/Library/Frameworks/CoreGraphics.framework/Versions/A/CoreGraphics
0x0000000051a61000 	/usr/lib/libScreenReader.dylib
0x0000000051a61000 	/System/Library/Frameworks/Accelerate.framework/Versions/A/Accelerate
0x0000000051a61000 	/System/Library/Frameworks/IOSurface.framework/Versions/A/IOSurface
0x0000000051a61000 	/System/Library/Frameworks/AudioToolbox.framework/Versions/A/AudioToolbox
0x0000000051a61000 	/System/Library/Frameworks/AudioUnit.framework/Versions/A/AudioUnit
0x0000000051a61000 	/System/Library/PrivateFrameworks/DataDetectorsCore.framework/Versions/A/DataDetectorsCore
0x0000000051a61000 	/System/Library/PrivateFrameworks/DesktopServicesPriv.framework/Versions/A/DesktopServicesPriv
0x0000000051a61000 	/System/Library/Frameworks/Carbon.framework/Versions/A/Frameworks/HIToolbox.framework/Versions/A/HIToolbox
0x0000000051a61000 	/usr/lib/libicucore.A.dylib
0x0000000051a61000 	/System/Library/Frameworks/QuartzCore.framework/Versions/A/QuartzCore
0x0000000051a61000 	/System/Library/Frameworks/Carbon.framework/Versions/A/Frameworks/SpeechRecognition.framework/Versions/A/SpeechRecognition
0x0000000051a61000 	/usr/lib/libauto.dylib
0x0000000051a61000 	/usr/lib/libxml2.2.dylib
0x0000000051a61000 	/System/Library/PrivateFrameworks/CoreUI.framework/Versions/A/CoreUI
0x0000000051a61000 	/System/Library/Frameworks/CoreAudio.framework/Versions/A/CoreAudio
0x0000000051a61000 	/System/Library/Frameworks/DiskArbitration.framework/Versions/A/DiskArbitration
0x0000000051a61000 	/usr/lib/liblangid.dylib
0x0000000051a61000 	/System/Library/PrivateFrameworks/MultitouchSupport.framework/Versions/A/MultitouchSupport
0x0000000051a61000 	/System/Library/Frameworks/IOKit.framework/Versions/A/IOKit
0x0000000051a61000 	/usr/lib/libDiagnosticMessagesClient.dylib
0x0000000051a61000 	/System/Library/Frameworks/CoreServices.framework/Versions/A/CoreServices
0x0000000051a61000 	/System/Library/PrivateFrameworks/PerformanceAnalysis.framework/Versions/A/PerformanceAnalysis
0x0000000051a61000 	/System/Library/PrivateFrameworks/GenerationalStorage.framework/Versions/A/GenerationalStorage
0x0000000051a61000 	/System/Library/Frameworks/OpenGL.framework/Versions/A/OpenGL
0x0000000051a61000 	/System/Library/Frameworks/CoreImage.framework/Versions/A/CoreImage
0x0000000051a61000 	/System/Library/Frameworks/CoreText.framework/Versions/A/CoreText
0x0000000051a61000 	/System/Library/Frameworks/ImageIO.framework/Versions/A/ImageIO
0x0000000051a61000 	/System/Library/PrivateFrameworks/Backup.framework/Versions/A/Backup
0x0000000051a61000 	/usr/lib/libarchive.2.dylib
0x0000000051a61000 	/System/Library/Frameworks/CFNetwork.framework/Versions/A/CFNetwork
0x0000000051a61000 	/System/Library/Frameworks/SystemConfiguration.framework/Versions/A/SystemConfiguration
0x0000000051a61000 	/usr/lib/libCRFSuite.dylib
0x0000000051a61000 	/usr/lib/libc++.1.dylib
0x0000000051a61000 	/usr/lib/libc++abi.dylib
0x0000000051a61000 	/usr/lib/system/libcache.dylib
0x0000000051a61000 	/usr/lib/system/libcommonCrypto.dylib
0x0000000051a61000 	/usr/lib/system/libcompiler_rt.dylib
0x0000000051a61000 	/usr/lib/system/libcopyfile.dylib
0x0000000051a61000 	/usr/lib/system/libcorecrypto.dylib
0x0000000051a61000 	/usr/lib/system/libdispatch.dylib
0x0000000051a61000 	/usr/lib/system/libdyld.dylib
0x0000000051a61000 	/usr/lib/system/libkeymgr.dylib
0x0000000051a61000 	/usr/lib/system/liblaunch.dylib
0x0000000051a61000 	/usr/lib/system/libmacho.dylib
0x0000000051a61000 	/usr/lib/system/libquarantine.dylib
0x0000000051a61000 	/usr/lib/system/libremovefile.dylib
0x0000000051a61000 	/usr/lib/system/libsystem_asl.dylib
0x0000000051a61000 	/usr/lib/system/libsystem_blocks.dylib
0x0000000051a61000 	/usr/lib/system/libsystem_c.dylib
0x0000000051a61000 	/usr/lib/system/libsystem_configuration.dylib
0x0000000051a61000 	/usr/lib/system/libsystem_coreservices.dylib
0x0000000051a61000 	/usr/lib/system/libsystem_coretls.dylib
0x0000000051a61000 	/usr/lib/system/libsystem_dnssd.dylib
0x0000000051a61000 	/usr/lib/system/libsystem_info.dylib
0x0000000051a61000 	/usr/lib/system/libsystem_kernel.dylib
0x0000000051a61000 	/usr/lib/system/libsystem_m.dylib
0x0000000051a61000 	/usr/lib/system/libsystem_malloc.dylib
0x0000000051a61000 	/usr/lib/system/libsystem_network.dylib
0x0000000051a61000 	/usr/lib/system/libsystem_networkextension.dylib
0x0000000051a61000 	/usr/lib/system/libsystem_notify.dylib
0x0000000051a61000 	/usr/lib/system/libsystem_platform.dylib
0x0000000051a61000 	/usr/lib/system/libsystem_pthread.dylib
0x0000000051a61000 	/usr/lib/system/libsystem_sandbox.dylib
0x0000000051a61000 	/usr/lib/system/libsystem_secinit.dylib
0x0000000051a61000 	/usr/lib/system/libsystem_symptoms.dylib
0x0000000051a61000 	/usr/lib/system/libsystem_trace.dylib
0x0000000051a61000 	/usr/lib/system/libunwind.dylib
0x0000000051a61000 	/usr/lib/system/libxpc.dylib
0x0000000051a61000 	/usr/lib/libbsm.0.dylib
0x0000000051a61000 	/usr/lib/system/libkxld.dylib
0x0000000051a61000 	/usr/lib/libcoretls.dylib
0x0000000051a61000 	/usr/lib/libcoretls_cfhelpers.dylib
0x0000000051a61000 	/usr/lib/libOpenScriptingUtil.dylib
0x0000000051a61000 	/usr/lib/libpam.2.dylib
0x0000000051a61000 	/usr/lib/libsqlite3.dylib
0x0000000051a61000 	/usr/lib/libxar.1.dylib
0x0000000051a61000 	/usr/lib/libbz2.1.0.dylib
0x0000000051a61000 	/usr/lib/liblzma.5.dylib
0x0000000051a61000 	/usr/lib/libnetwork.dylib
0x0000000051a61000 	/usr/lib/libpcap.A.dylib
0x0000000051a61000 	/System/Library/Frameworks/CoreServices.framework/Versions/A/Frameworks/FSEvents.framework/Versions/A/FSEvents
0x0000000051a61000 	/System/Library/Frameworks/CoreServices.framework/Versions/A/Frameworks/CarbonCore.framework/Versions/A/CarbonCore
0x0000000051a61000 	/System/Library/Frameworks/CoreServices.framework/Versions/A/Frameworks/Metadata.framework/Versions/A/Metadata
0x0000000051a61000 	/System/Library/Frameworks/CoreServices.framework/Versions/A/Frameworks/OSServices.framework/Versions/A/OSServices
0x0000000051a61000 	/System/Library/Frameworks/CoreServices.framework/Versions/A/Frameworks/SearchKit.framework/Versions/A/SearchKit
0x0000000051a61000 	/System/Library/Frameworks/CoreServices.framework/Versions/A/Frameworks/AE.framework/Versions/A/AE
0x0000000051a61000 	/System/Library/Frameworks/CoreServices.framework/Versions/A/Frameworks/LaunchServices.framework/Versions/A/LaunchServices
0x0000000051a61000 	/System/Library/Frameworks/CoreServices.framework/Versions/A/Frameworks/DictionaryServices.framework/Versions/A/DictionaryServices
0x0000000051a61000 	/System/Library/Frameworks/CoreServices.framework/Versions/A/Frameworks/SharedFileList.framework/Versions/A/SharedFileList
0x0000000051a61000 	/System/Library/Frameworks/NetFS.framework/Versions/A/NetFS
0x0000000051a61000 	/System/Library/PrivateFrameworks/NetAuth.framework/Versions/A/NetAuth
0x0000000051a61000 	/System/Library/PrivateFrameworks/login.framework/Versions/A/Frameworks/loginsupport.framework/Versions/A/loginsupport
0x0000000051a61000 	/System/Library/PrivateFrameworks/TCC.framework/Versions/A/TCC
0x0000000051a61000 	/usr/lib/libmecabra.dylib
0x0000000051a61000 	/System/Library/Frameworks/ApplicationServices.framework/Versions/A/Frameworks/ATS.framework/Versions/A/ATS
0x0000000051a61000 	/System/Library/Frameworks/ApplicationServices.framework/Versions/A/Frameworks/ColorSync.framework/Versions/A/ColorSync
0x0000000051a61000 	/System/Library/Frameworks/ApplicationServices.framework/Versions/A/Frameworks/HIServices.framework/Versions/A/HIServices
0x0000000051a61000 	/System/Library/Frameworks/ApplicationServices.framework/Versions/A/Frameworks/LangAnalysis.framework/Versions/A/LangAnalysis
0x0000000051a61000 	/System/Library/Frameworks/ApplicationServices.framework/Versions/A/Frameworks/PrintCore.framework/Versions/A/PrintCore
0x0000000051a61000 	/System/Library/Frameworks/ApplicationServices.framework/Versions/A/Frameworks/QD.framework/Versions/A/QD
0x0000000051a61000 	/System/Library/Frameworks/ApplicationServices.framework/Versions/A/Frameworks/SpeechSynthesis.framework/Versions/A/SpeechSynthesis
0x0000000051a61000 	/System/Library/Frameworks/Accelerate.framework/Versions/A/Frameworks/vImage.framework/Versions/A/vImage
0x0000000051a61000 	/System/Library/Frameworks/Accelerate.framework/Versions/A/Frameworks/vecLib.framework/Versions/A/vecLib
0x0000000051a61000 	/System/Library/Frameworks/Accelerate.framework/Versions/A/Frameworks/vecLib.framework/Versions/A/libvDSP.dylib
0x0000000051a61000 	/System/Library/Frameworks/Accelerate.framework/Versions/A/Frameworks/vecLib.framework/Versions/A/libBNNS.dylib
0x0000000051a61000 	/System/Library/Frameworks/Accelerate.framework/Versions/A/Frameworks/vecLib.framework/Versions/A/libQuadrature.dylib
0x0000000051a61000 	/System/Library/Frameworks/Accelerate.framework/Versions/A/Frameworks/vecLib.framework/Versions/A/libvMisc.dylib
0x0000000051a61000 	/System/Library/Frameworks/Accelerate.framework/Versions/A/Frameworks/vecLib.framework/Versions/A/libLAPACK.dylib
0x0000000051a61000 	/System/Library/Frameworks/Accelerate.framework/Versions/A/Frameworks/vecLib.framework/Versions/A/libBLAS.dylib
0x0000000051a61000 	/System/Library/Frameworks/Accelerate.framework/Versions/A/Frameworks/vecLib.framework/Versions/A/libLinearAlgebra.dylib
0x0000000051a61000 	/System/Library/Frameworks/Accelerate.framework/Versions/A/Frameworks/vecLib.framework/Versions/A/libSparseBLAS.dylib
0x0000000051a61000 	/System/Library/Frameworks/ApplicationServices.framework/Versions/A/Frameworks/ATS.framework/Versions/A/Resources/libFontParser.dylib
0x0000000051a61000 	/System/Library/Frameworks/ApplicationServices.framework/Versions/A/Frameworks/ATS.framework/Versions/A/Resources/libFontRegistry.dylib
0x0000000051a61000 	/System/Library/Frameworks/ImageIO.framework/Versions/A/Resources/libJPEG.dylib
0x0000000051a61000 	/System/Library/Frameworks/ImageIO.framework/Versions/A/Resources/libTIFF.dylib
0x0000000051a61000 	/System/Library/Frameworks/ImageIO.framework/Versions/A/Resources/libPng.dylib
0x0000000051a61000 	/System/Library/Frameworks/ImageIO.framework/Versions/A/Resources/libGIF.dylib
0x0000000051a61000 	/System/Library/Frameworks/ImageIO.framework/Versions/A/Resources/libJP2.dylib
0x0000000051a61000 	/System/Library/Frameworks/ImageIO.framework/Versions/A/Resources/libRadiance.dylib
0x0000000051a61000 	/usr/lib/libcompression.dylib
0x0000000051a61000 	/System/Library/PrivateFrameworks/AppleJPEG.framework/Versions/A/AppleJPEG
0x0000000051a61000 	/usr/lib/libcups.2.dylib
0x0000000051a61000 	/System/Library/Frameworks/Kerberos.framework/Versions/A/Kerberos
0x0000000051a61000 	/System/Library/Frameworks/GSS.framework/Versions/A/GSS
0x0000000051a61000 	/usr/lib/libresolv.9.dylib
0x0000000051a61000 	/usr/lib/libiconv.2.dylib
0x0000000051a61000 	/System/Library/PrivateFrameworks/Heimdal.framework/Versions/A/Heimdal
0x0000000051a61000 	/usr/lib/libheimdal-asn1.dylib
0x0000000051a61000 	/System/Library/Frameworks/OpenDirectory.framework/Versions/A/OpenDirectory
0x0000000051a61000 	/System/Library/PrivateFrameworks/CommonAuth.framework/Versions/A/CommonAuth
0x0000000051a61000 	/System/Library/Frameworks/OpenDirectory.framework/Versions/A/Frameworks/CFOpenDirectory.framework/Versions/A/CFOpenDirectory
0x0000000051a61000 	/System/Library/Frameworks/SecurityFoundation.framework/Versions/A/SecurityFoundation
0x0000000051a61000 	/System/Library/PrivateFrameworks/LanguageModeling.framework/Versions/A/LanguageModeling
0x0000000051a61000 	/usr/lib/libmarisa.dylib
0x0000000051a61000 	/usr/lib/libChineseTokenizer.dylib
0x0000000051a61000 	/usr/lib/libcmph.dylib
0x0000000051a61000 	/System/Library/PrivateFrameworks/CoreEmoji.framework/Versions/A/CoreEmoji
0x0000000051a61000 	/System/Library/Frameworks/ServiceManagement.framework/Versions/A/ServiceManagement
0x0000000051a61000 	/usr/lib/libxslt.1.dylib
0x0000000051a61000 	/System/Library/Frameworks/Carbon.framework/Versions/A/Frameworks/Ink.framework/Versions/A/Ink
0x0000000051a61000 	/System/Library/PrivateFrameworks/TextureIO.framework/Versions/A/TextureIO
0x0000000051a61000 	/System/Library/Frameworks/Metal.framework/Versions/A/Metal
0x0000000051a61000 	/usr/lib/libate.dylib
0x0000000051a61000 	/System/Library/PrivateFrameworks/GPUCompiler.framework/libmetal_timestamp.dylib
0x0000000051a61000 	/System/Library/Frameworks/OpenGL.framework/Versions/A/Libraries/libCoreFSCache.dylib
0x0000000051a61000 	/System/Library/PrivateFrameworks/IOAccelerator.framework/Versions/A/IOAccelerator
0x0000000051a61000 	/System/Library/Frameworks/CoreVideo.framework/Versions/A/CoreVideo
0x0000000051a61000 	/usr/lib/libFosl_dynamic.dylib
0x0000000051a61000 	/System/Library/PrivateFrameworks/MetalPerformanceShaders.framework/Versions/A/MetalPerformanceShaders
0x0000000051a61000 	/System/Library/PrivateFrameworks/FaceCore.framework/Versions/A/FaceCore
0x0000000051a61000 	/System/Library/Frameworks/OpenCL.framework/Versions/A/OpenCL
0x0000000051a61000 	/System/Library/Frameworks/OpenGL.framework/Versions/A/Libraries/libGLU.dylib
0x0000000051a61000 	/System/Library/Frameworks/OpenGL.framework/Versions/A/Libraries/libGFXShared.dylib
0x0000000051a61000 	/System/Library/Frameworks/OpenGL.framework/Versions/A/Libraries/libGL.dylib
0x0000000051a61000 	/System/Library/Frameworks/OpenGL.framework/Versions/A/Libraries/libGLImage.dylib
0x0000000051a61000 	/System/Library/Frameworks/OpenGL.framework/Versions/A/Libraries/libCVMSPluginSupport.dylib
0x0000000051a61000 	/System/Library/Frameworks/OpenGL.framework/Versions/A/Libraries/libCoreVMClient.dylib
0x0000000051a61000 	/System/Library/PrivateFrameworks/CrashReporterSupport.framework/Versions/A/CrashReporterSupport
0x0000000051a61000 	/System/Library/PrivateFrameworks/Sharing.framework/Versions/A/Sharing
0x0000000051a61000 	/System/Library/PrivateFrameworks/IconServices.framework/Versions/A/IconServices
0x0000000051a61000 	/System/Library/PrivateFrameworks/ProtocolBuffer.framework/Versions/A/ProtocolBuffer
0x0000000051a61000 	/System/Library/PrivateFrameworks/Apple80211.framework/Versions/A/Apple80211
0x0000000051a61000 	/System/Library/Frameworks/CoreWLAN.framework/Versions/A/CoreWLAN
0x0000000051a61000 	/System/Library/PrivateFrameworks/CoreUtils.framework/Versions/A/CoreUtils
0x0000000051a61000 	/System/Library/Frameworks/IOBluetooth.framework/Versions/A/IOBluetooth
0x0000000051a61000 	/System/Library/PrivateFrameworks/CoreWiFi.framework/Versions/A/CoreWiFi
0x0000000051a61000 	/System/Library/Frameworks/CoreBluetooth.framework/Versions/A/CoreBluetooth
0x0000000051a61000 	/System/Library/Frameworks/CoreDisplay.framework/Versions/A/CoreDisplay
0x0000000051a61000 	/System/Library/PrivateFrameworks/IOPresentment.framework/Versions/A/IOPresentment
0x0000000051a61000 	/System/Library/PrivateFrameworks/DSExternalDisplay.framework/Versions/A/DSExternalDisplay
0x0000000051a61000 	/System/Library/PrivateFrameworks/DebugSymbols.framework/Versions/A/DebugSymbols
0x0000000051a61000 	/System/Library/PrivateFrameworks/CoreSymbolication.framework/Versions/A/CoreSymbolication
0x0000000051a61000 	/System/Library/PrivateFrameworks/Symbolication.framework/Versions/A/Symbolication
0x0000000051a61000 	/System/Library/PrivateFrameworks/AppleFSCompression.framework/Versions/A/AppleFSCompression
0x0000000051a61000 	/System/Library/PrivateFrameworks/SpeechRecognitionCore.framework/Versions/A/SpeechRecognitionCore
0x0000000051a61000 	/System/Library/PrivateFrameworks/ChunkingLibrary.framework/Versions/A/ChunkingLibrary
0x0000000104c99000 	/Library/Java/JavaVirtualMachines/jdk1.8.0_144.jdk/Contents/Home/jre/lib/server/libjvm.dylib
0x0000000051a61000 	/usr/lib/libstdc++.6.dylib
0x0000000105c40000 	/Library/Java/JavaVirtualMachines/jdk1.8.0_144.jdk/Contents/Home/jre/lib/libverify.dylib
0x0000000105c4e000 	/Library/Java/JavaVirtualMachines/jdk1.8.0_144.jdk/Contents/Home/jre/lib/libjava.dylib
0x0000000105c8d000 	/Library/Java/JavaVirtualMachines/jdk1.8.0_144.jdk/Contents/Home/jre/lib/libzip.dylib
0x0000000108e03000 	/System/Library/Frameworks/JavaVM.framework/Frameworks/JavaRuntimeSupport.framework/JavaRuntimeSupport
0x0000000108e1d000 	/System/Library/Frameworks/JavaVM.framework/Versions/A/Frameworks/JavaNativeFoundation.framework/Versions/A/JavaNativeFoundation
0x0000000108e32000 	/System/Library/Frameworks/JavaVM.framework/Versions/A/JavaVM
0x0000000051a61000 	/System/Library/Frameworks/Carbon.framework/Versions/A/Carbon
0x0000000108e3f000 	/System/Library/PrivateFrameworks/JavaLaunching.framework/Versions/A/JavaLaunching
0x0000000051a61000 	/System/Library/Frameworks/Carbon.framework/Versions/A/Frameworks/CommonPanels.framework/Versions/A/CommonPanels
0x0000000051a61000 	/System/Library/Frameworks/Carbon.framework/Versions/A/Frameworks/Help.framework/Versions/A/Help
0x0000000051a61000 	/System/Library/Frameworks/Carbon.framework/Versions/A/Frameworks/ImageCapture.framework/Versions/A/ImageCapture
0x0000000051a61000 	/System/Library/Frameworks/Carbon.framework/Versions/A/Frameworks/OpenScripting.framework/Versions/A/OpenScripting
0x0000000051a61000 	/System/Library/Frameworks/Carbon.framework/Versions/A/Frameworks/Print.framework/Versions/A/Print
0x0000000051a61000 	/System/Library/Frameworks/Carbon.framework/Versions/A/Frameworks/SecurityHI.framework/Versions/A/SecurityHI
0x0000000108eea000 	/Library/Java/JavaVirtualMachines/jdk1.8.0_144.jdk/Contents/Home/jre/lib/libawt.dylib
0x0000000108f92000 	/Library/Java/JavaVirtualMachines/jdk1.8.0_144.jdk/Contents/Home/jre/lib/./libmlib_image.dylib
0x000000010905e000 	/Library/Java/JavaVirtualMachines/jdk1.8.0_144.jdk/Contents/Home/jre/lib/libawt_lwawt.dylib
0x0000000109115000 	/Library/Java/JavaVirtualMachines/jdk1.8.0_144.jdk/Contents/Home/jre/lib/./libosxapp.dylib
0x0000000051a61000 	/System/Library/Frameworks/ExceptionHandling.framework/Versions/A/ExceptionHandling
0x0000000051a61000 	/System/Library/PrivateFrameworks/CoreServicesInternal.framework/Versions/A/CoreServicesInternal
0x0000000051a61000 	/System/Library/CoreServices/RawCamera.bundle/Contents/MacOS/RawCamera
0x0000000051a61000 	/System/Library/Frameworks/Accelerate.framework/Versions/A/Frameworks/vImage.framework/Versions/A/Libraries/libCGInterfaces.dylib
0x0000000051a61000 	/System/Library/Frameworks/ApplicationServices.framework/Versions/A/Frameworks/ATS.framework/Versions/A/Resources/libTrueTypeScaler.dylib
0x000000011fbbf000 	/System/Library/Frameworks/OpenGL.framework/Resources/GLEngine.bundle/GLEngine
0x0000000051a61000 	/System/Library/Frameworks/OpenGL.framework/Versions/A/Libraries/libGLProgrammability.dylib
0x000000011fda4000 	/System/Library/Extensions/AppleIntelKBLGraphicsGLDriver.bundle/Contents/MacOS/AppleIntelKBLGraphicsGLDriver
0x0000000051a61000 	/System/Library/PrivateFrameworks/GPUSupport.framework/Versions/A/Libraries/libGPUSupportMercury.dylib
0x000000010a015000 	/System/Library/Frameworks/OpenGL.framework/Resources//GLRendererFloat.bundle/GLRendererFloat
0x0000000051a61000 	/System/Library/Frameworks/OpenCL.framework/Versions/A/Libraries/libcldcpuengine.dylib
0x0000000051a61000 	/usr/lib/libcrypto.0.9.8.dylib
0x0000000051a61000 	/System/Library/PrivateFrameworks/TrustEvaluationAgent.framework/Versions/A/TrustEvaluationAgent
0x0000000120b27000 	/System/Library/Extensions/AppleIntelKBLGraphicsMTLDriver.bundle/Contents/MacOS/AppleIntelKBLGraphicsMTLDriver
0x0000000051a61000 	/System/Library/PrivateFrameworks/FamilyControls.framework/Versions/A/FamilyControls
0x0000000051a61000 	/System/Library/PrivateFrameworks/CommerceKit.framework/Versions/A/Frameworks/CommerceCore.framework/Versions/A/CommerceCore
0x0000000051a61000 	/System/Library/PrivateFrameworks/SystemAdministration.framework/Versions/A/SystemAdministration
0x0000000051a61000 	/System/Library/PrivateFrameworks/AppContainer.framework/Versions/A/AppContainer
0x0000000051a61000 	/System/Library/PrivateFrameworks/SecCodeWrapper.framework/Versions/A/SecCodeWrapper
0x0000000051a61000 	/System/Library/Frameworks/DirectoryService.framework/Versions/A/DirectoryService
0x0000000051a61000 	/System/Library/PrivateFrameworks/DiskImages.framework/Versions/A/DiskImages
0x0000000051a61000 	/System/Library/PrivateFrameworks/LoginUIKit.framework/Versions/A/Frameworks/LoginUICore.framework/Versions/A/LoginUICore
0x0000000051a61000 	/usr/lib/libCoreStorage.dylib
0x0000000051a61000 	/usr/lib/libcsfde.dylib
0x0000000051a61000 	/usr/lib/libodfde.dylib
0x0000000051a61000 	/System/Library/Frameworks/DiscRecording.framework/Versions/A/DiscRecording
0x0000000051a61000 	/usr/lib/libcurl.4.dylib
0x0000000051a61000 	/System/Library/PrivateFrameworks/MediaKit.framework/Versions/A/MediaKit
0x0000000051a61000 	/System/Library/PrivateFrameworks/ProtectedCloudStorage.framework/Versions/A/ProtectedCloudStorage
0x0000000051a61000 	/System/Library/PrivateFrameworks/EFILogin.framework/Versions/A/EFILogin
0x0000000051a61000 	/usr/lib/libutil.dylib
0x0000000051a61000 	/System/Library/Frameworks/LDAP.framework/Versions/A/LDAP
0x0000000051a61000 	/usr/lib/libsasl2.2.dylib
0x0000000051a61000 	/System/Library/PrivateFrameworks/CoreDaemon.framework/Versions/B/CoreDaemon
0x0000000051a61000 	/System/Library/PrivateFrameworks/AppleSRP.framework/Versions/A/AppleSRP
0x0000000051a61000 	/System/Library/PrivateFrameworks/APFS.framework/Versions/A/APFS
0x00000001221f8000 	/Library/Java/JavaVirtualMachines/jdk1.8.0_144.jdk/Contents/Home/jre/lib/libfontmanager.dylib
0x000000012225f000 	/Users/constantinoskavadias/Google Drive/University/Third Year/Semester2/SWEN20003/Project2/lib/liblwjgl.dylib
0x000000010978b000 	/Library/Java/JavaVirtualMachines/jdk1.8.0_144.jdk/Contents/Home/jre/lib/libjawt.dylib
0x0000000051a61000 	/System/Library/PrivateFrameworks/ViewBridge.framework/Versions/A/ViewBridge
0x0000000051a61000 	/System/Library/PrivateFrameworks/XPCService.framework/Versions/A/XPCService
0x0000000051a61000 	/System/Library/PrivateFrameworks/AppSandbox.framework/Versions/A/AppSandbox
0x0000000051a61000 	/usr/lib/libsandbox.1.dylib
0x0000000051a61000 	/usr/lib/libMatch.1.dylib
0x0000000120ce7000 	/Users/constantinoskavadias/Google Drive/University/Third Year/Semester2/SWEN20003/Project2/lib/libjinput-osx.dylib
0x00000001249f2000 	/System/Library/Extensions/IOHIDFamily.kext/Contents/PlugIns/IOHIDLib.plugin/Contents/MacOS/IOHIDLib

VM Arguments:
jvm_args: -Djava.library.path=/Users/constantinoskavadias/Google Drive/University/Third Year/Semester2/SWEN20003/Project2/lib -Dfile.encoding=UTF-8 
java_command: App
java_class_path (initial): /Users/constantinoskavadias/Google Drive/University/Third Year/Semester2/SWEN20003/Project2/bin:/Users/constantinoskavadias/Google Drive/University/Third Year/Semester2/SWEN20003/Project2/lib/jinput.jar:/Users/constantinoskavadias/Google Drive/University/Third Year/Semester2/SWEN20003/Project2/lib/lwjgl.jar:/Users/constantinoskavadias/Google Drive/University/Third Year/Semester2/SWEN20003/Project2/lib/slick.jar
Launcher Type: SUN_STANDARD

Environment Variables:
PATH=/usr/bin:/bin:/usr/sbin:/sbin
SHELL=/bin/bash

Signal Handlers:
SIGSEGV: [libjvm.dylib+0x5b26e5], sa_mask[0]=11111111011111110111111111111111, sa_flags=SA_ONSTACK|SA_RESTART|SA_SIGINFO
SIGBUS: [libjvm.dylib+0x5b26e5], sa_mask[0]=11111111011111110111111111111111, sa_flags=SA_RESTART|SA_SIGINFO
SIGFPE: [libjvm.dylib+0x489100], sa_mask[0]=11111111011111110111111111111111, sa_flags=SA_RESTART|SA_SIGINFO
SIGPIPE: [libjvm.dylib+0x489100], sa_mask[0]=11111111011111110111111111111111, sa_flags=SA_RESTART|SA_SIGINFO
SIGXFSZ: [libjvm.dylib+0x489100], sa_mask[0]=11111111011111110111111111111111, sa_flags=SA_RESTART|SA_SIGINFO
SIGILL: [libjvm.dylib+0x489100], sa_mask[0]=11111111011111110111111111111111, sa_flags=SA_RESTART|SA_SIGINFO
SIGUSR1: SIG_DFL, sa_mask[0]=00000000000000000000000000000000, sa_flags=none
SIGUSR2: [libjvm.dylib+0x488c1e], sa_mask[0]=00100000000000000000000000000000, sa_flags=SA_RESTART|SA_SIGINFO
SIGHUP: [libjvm.dylib+0x4871f5], sa_mask[0]=11111111011111110111111111111111, sa_flags=SA_RESTART|SA_SIGINFO
SIGINT: [libjvm.dylib+0x4871f5], sa_mask[0]=11111111011111110111111111111111, sa_flags=SA_RESTART|SA_SIGINFO
SIGTERM: [libjvm.dylib+0x4871f5], sa_mask[0]=11111111011111110111111111111111, sa_flags=SA_RESTART|SA_SIGINFO
SIGQUIT: [libjvm.dylib+0x4871f5], sa_mask[0]=11111111011111110111111111111111, sa_flags=SA_RESTART|SA_SIGINFO


---------------  S Y S T E M  ---------------

OS:Bsduname:Darwin 16.7.0 Darwin Kernel Version 16.7.0: Thu Jun 15 17:36:27 PDT 2017; root:xnu-3789.70.16~2/RELEASE_X86_64 x86_64
rlimit: STACK 8192k, CORE 0k, NPROC 709, NOFILE 10240, AS infinity
load average:2.11 2.03 1.77

CPU:total 4 (initial active 4) (2 cores per cpu, 2 threads per core) family 6 model 142 stepping 9, cmov, cx8, fxsr, mmx, sse, sse2, sse3, ssse3, sse4.1, sse4.2, popcnt, avx, avx2, aes, clmul, erms, 3dnowpref, lzcnt, ht, tsc, tscinvbit, bmi1, bmi2, adx

Memory: 4k page, physical 8388608k(794208k free)

/proc/meminfo:


vm_info: Java HotSpot(TM) 64-Bit Server VM (25.144-b01) for bsd-amd64 JRE (1.8.0_144-b01), built on Jul 21 2017 22:07:42 by "java_re" with gcc 4.2.1 (Based on Apple Inc. build 5658) (LLVM build 2336.11.00)

time: Fri Sep 22 20:21:21 2017
elapsed time: 21 seconds (0d 0h 0m 21s)

