#
# A fatal error has been detected by the Java Runtime Environment:
#
#  SIGSEGV (0xb) at pc=0x00007fffd5b1905d, pid=17331, tid=0x0000000000000307
#
# JRE version: Java(TM) SE Runtime Environment (8.0_144-b01) (build 1.8.0_144-b01)
# Java VM: Java HotSpot(TM) 64-Bit Server VM (25.144-b01 mixed mode bsd-amd64 compressed oops)
# Problematic frame:
# C  [libobjc.A.dylib+0x705d]  objc_msgSend+0x1d
#
# Failed to write core dump. Core dumps have been disabled. To enable core dumping, try "ulimit -c unlimited" before starting Java again
#
# If you would like to submit a bug report, please visit:
#   http://bugreport.java.com/bugreport/crash.jsp
# The crash happened outside the Java Virtual Machine in native code.
# See problematic frame for where to report the bug.
#

---------------  T H R E A D  ---------------

Current thread (0x00007fe89f0ed000):  JavaThread "AppKit Thread" daemon [_thread_in_native, id=775, stack(0x00007fff573f0000,0x00007fff57bf0000)]

siginfo: si_signo: 11 (SIGSEGV), si_code: 1 (SEGV_MAPERR), si_addr: 0x0000000000000018

Registers:
RAX=0x00007fe89e6e87e0, RBX=0x00007fe8a3009d50, RCX=0x00007fe89e5a4a60, RDX=0x00007fe89e6e87e0
RSP=0x00007fff57beaf58, RBP=0x00007fff57beaf60, RSI=0x00007fffbf405843, RDI=0x00007fe89e5a4a60
R8 =0x000000000000003f, R9 =0x00007fe8a3007610, R10=0x0000000000000000, R11=0x00007fffbf405843
R12=0x0000000000000000, R13=0x00007fe8a3007610, R14=0x00007fe89e6e87e0, R15=0x0000000000000000
RIP=0x00007fffd5b1905d, EFLAGS=0x0000000000010246, ERR=0x0000000000000004
  TRAPNO=0x000000000000000e

Top of Stack: (sp=0x00007fff57beaf58)
0x00007fff57beaf58:   00007fffc0c9b45c 00007fff57beafd0
0x00007fff57beaf68:   00007fffc0c9b35b 0000000000000000
0x00007fff57beaf78:   00007fffdf309060 00000000c2000000
0x00007fff57beaf88:   00007fffc0c9b3b0 00007fffdbb7e680
0x00007fff57beaf98:   00007fe8a3007610 00007fe89e6e87e0
0x00007fff57beafa8:   00007fff57beb798 00007fffd5b19040
0x00007fff57beafb8:   00007fff57beb0a0 00007fe8a3007610
0x00007fff57beafc8:   00007fffbf39d05a 00007fff57beb010
0x00007fff57beafd8:   00007fffc0c9b0c2 00007fff57beb5e0
0x00007fff57beafe8:   0000000000000001 00007fffd5b19040
0x00007fff57beaff8:   00007fff57beb0a0 00007fff57beb798
0x00007fff57beb008:   00007fffbf39d05a 00007fff57beb730
0x00007fff57beb018:   00007fffc0c58523 0000000000000004
0x00007fff57beb028:   0000000100000940 0000000000000040
0x00007fff57beb038:   0000000108030400 00007fe89e6014f0
0x00007fff57beb048:   00007fffdbb7fcb0 0000000000000000
0x00007fff57beb058:   00007fe89f2100d0 00007fe89e601501
0x00007fff57beb068:   00007fe89e6ad370 00007fffdbcb20e0
0x00007fff57beb078:   0000000000000000 0000000000000000
0x00007fff57beb088:   0000000000000000 00007fe89e6adfa0
0x00007fff57beb098:   00007fffdbbbe900 00007fff57beb5e0
0x00007fff57beb0a8:   0000000000000002 0000000000000100
0x00007fff57beb0b8:   00007fe89e772b00 00007fff57beb4e0
0x00007fff57beb0c8:   0000000000000000 0000000000000100
0x00007fff57beb0d8:   00007fffdf276400 00007fff57beb100
0x00007fff57beb0e8:   00007fffd5b1b591 0000000000000000
0x00007fff57beb0f8:   00007fe89e772b00 00007fff57beb130
0x00007fff57beb108:   00007fffc0c9bd0c ffff80176188d500
0x00007fff57beb118:   00007fe89e772b00 00007fffdbcaf640
0x00007fff57beb128:   00007fe89e772b00 00007fff57beb160
0x00007fff57beb138:   00007fffc0c9bd58 0000000000000d80
0x00007fff57beb148:   ffff801761984930 00007fe89e67b6d0 

Instructions: (pc=0x00007fffd5b1905d)
0x00007fffd5b1903d:   0f 1f 00 48 85 ff 2e 74 62 40 f6 c7 01 2e 75 66
0x00007fffd5b1904d:   49 ba f8 ff ff ff ff 7f 00 00 4c 23 17 49 89 f3
0x00007fffd5b1905d:   45 23 5a 18 49 c1 e3 04 4d 03 5a 10 49 3b 33 75
0x00007fffd5b1906d:   04 41 ff 63 08 49 83 3b 01 76 0d 49 83 c3 10 49 

Register to memory mapping:

RAX=0x00007fe89e6e87e0 is an unknown value
RBX=0x00007fe8a3009d50 is an unknown value
RCX=0x00007fe89e5a4a60 is an unknown value
RDX=0x00007fe89e6e87e0 is an unknown value
RSP=0x00007fff57beaf58 is pointing into the stack for thread: 0x00007fe89f0ed000
RBP=0x00007fff57beaf60 is pointing into the stack for thread: 0x00007fe89f0ed000
RSI=0x00007fffbf405843: __NSStyleNameIndexTable+0xe048b in /System/Library/Frameworks/AppKit.framework/Versions/C/AppKit at 0x00007fffbe738000
RDI=0x00007fe89e5a4a60 is an unknown value
R8 =0x000000000000003f is an unknown value
R9 =0x00007fe8a3007610 is an unknown value
R10=0x0000000000000000 is an unknown value
R11=0x00007fffbf405843: __NSStyleNameIndexTable+0xe048b in /System/Library/Frameworks/AppKit.framework/Versions/C/AppKit at 0x00007fffbe738000
R12=0x0000000000000000 is an unknown value
R13=0x00007fe8a3007610 is an unknown value
R14=0x00007fe89e6e87e0 is an unknown value
R15=0x0000000000000000 is an unknown value


Stack: [0x00007fff573f0000,0x00007fff57bf0000],  sp=0x00007fff57beaf58,  free space=8171k
Native frames: (J=compiled Java code, j=interpreted, Vv=VM code, C=native code)
C  [libobjc.A.dylib+0x705d]  objc_msgSend+0x1d
C  [CoreFoundation+0x9d35b]  _CFXRegistrationPost+0x1ab
C  [CoreFoundation+0x9d0c2]  ___CFXNotificationPost_block_invoke+0x32
C  [CoreFoundation+0x5a523]  -[_CFXNotificationRegistrar find:object:observer:enumerator:]+0x723
C  [CoreFoundation+0x5955c]  _CFXNotificationPost+0x25c
C  [Foundation+0x6677]  -[NSNotificationCenter postNotificationName:object:userInfo:]+0x42
C  [AppKit+0x24ee3b]  -[NSSurface _disposeSurface]+0x98
C  [AppKit+0x24e9ea]  -[NSSurface setWindow:]+0x35
C  [AppKit+0x28960]  -[NSView _setWindow:]+0xa0f
C  [AppKit+0x2b587]  -[NSView removeFromSuperview]+0x1d1
C  [AppKit+0x14cd60]  -[NSView removeFromSuperviewWithoutNeedingDisplay]+0x26
C  [liblwjgl.dylib+0xa205]  +[MacOSXKeyableWindow destroyWindow]+0xb5
C  [Foundation+0x7152a]  __NSThreadPerformPerform+0x146
C  [CoreFoundation+0xa7321]  __CFRUNLOOP_IS_CALLING_OUT_TO_A_SOURCE0_PERFORM_FUNCTION__+0x11
C  [CoreFoundation+0x8821d]  __CFRunLoopDoSources0+0x22d
C  [CoreFoundation+0x87716]  __CFRunLoopRun+0x3a6
C  [CoreFoundation+0x87114]  CFRunLoopRunSpecific+0x1a4
C  [HIToolbox+0x30ebc]  RunCurrentEventLoopInMode+0xf0
C  [HIToolbox+0x30cf1]  ReceiveNextEventCommon+0x1b0
C  [HIToolbox+0x30b26]  _BlockUntilNextEventMatchingListInModeWithFilter+0x47
C  [AppKit+0x46a54]  _DPSNextEvent+0x460
C  [AppKit+0x7c27ee]  -[NSApplication(NSEvent) _nextEventMatchingEventMask:untilDate:inMode:dequeue:]+0xaec
C  [libosxapp.dylib+0x23aa]  -[NSApplicationAWT nextEventMatchingMask:untilDate:inMode:dequeue:]+0x7c
C  [AppKit+0x3b3db]  -[NSApplication run]+0x39e
C  [libosxapp.dylib+0x214d]  +[NSApplicationAWT runAWTLoopWithApp:]+0x9c
C  [libawt_lwawt.dylib+0x45edf]  -[AWTStarter starter:]+0x389
C  [Foundation+0x7152a]  __NSThreadPerformPerform+0x146
C  [CoreFoundation+0xa7321]  __CFRUNLOOP_IS_CALLING_OUT_TO_A_SOURCE0_PERFORM_FUNCTION__+0x11
C  [CoreFoundation+0x8821d]  __CFRunLoopDoSources0+0x22d
C  [CoreFoundation+0x87716]  __CFRunLoopRun+0x3a6
C  [CoreFoundation+0x87114]  CFRunLoopRunSpecific+0x1a4
C  [java+0x6465]  CreateExecutionEnvironment+0x367
C  [java+0x218c]  JLI_Launch+0x7a0
C  [java+0x84c2]  main+0x65
C  [java+0x19e4]  start+0x34
C  0x0000000000000006


---------------  P R O C E S S  ---------------

Java Threads: ( => current thread )
  0x00007fe89f8a4800 JavaThread "AWT-Shutdown" [_thread_blocked, id=4503, stack(0x00007000091df000,0x00007000092df000)]
=>0x00007fe89f0ed000 JavaThread "AppKit Thread" daemon [_thread_in_native, id=775, stack(0x00007fff573f0000,0x00007fff57bf0000)]
  0x00007fe89f801000 JavaThread "Service Thread" daemon [_thread_blocked, id=18691, stack(0x0000700009f8c000,0x000070000a08c000)]
  0x00007fe89f80e800 JavaThread "C1 CompilerThread2" daemon [_thread_blocked, id=18179, stack(0x0000700009e89000,0x0000700009f89000)]
  0x00007fe89f80d800 JavaThread "C2 CompilerThread1" daemon [_thread_blocked, id=17667, stack(0x0000700009d86000,0x0000700009e86000)]
  0x00007fe89f80c000 JavaThread "C2 CompilerThread0" daemon [_thread_blocked, id=17155, stack(0x0000700009c83000,0x0000700009d83000)]
  0x00007fe89f80b800 JavaThread "Signal Dispatcher" daemon [_thread_blocked, id=16643, stack(0x0000700009b80000,0x0000700009c80000)]
  0x00007fe8a0038000 JavaThread "Finalizer" daemon [_thread_blocked, id=12547, stack(0x0000700009a7d000,0x0000700009b7d000)]
  0x00007fe8a0035000 JavaThread "Reference Handler" daemon [_thread_blocked, id=12035, stack(0x000070000997a000,0x0000700009a7a000)]
  0x00007fe89f802800 JavaThread "main" [_thread_in_native, id=7171, stack(0x0000700009368000,0x0000700009468000)]

Other Threads:
  0x00007fe8a0030800 VMThread [stack: 0x0000700009877000,0x0000700009977000] [id=11523]
  0x00007fe8a0042000 WatcherThread [stack: 0x000070000a08f000,0x000070000a18f000] [id=19203]

VM state:not at safepoint (normal execution)

VM Mutex/Monitor currently owned by a thread: None

Heap:
 PSYoungGen      total 38400K, used 29990K [0x0000000795580000, 0x0000000798000000, 0x00000007c0000000)
  eden space 33280K, 90% used [0x0000000795580000,0x00000007972c9968,0x0000000797600000)
  from space 5120K, 0% used [0x0000000797b00000,0x0000000797b00000,0x0000000798000000)
  to   space 5120K, 0% used [0x0000000797600000,0x0000000797600000,0x0000000797b00000)
 ParOldGen       total 87552K, used 0K [0x0000000740000000, 0x0000000745580000, 0x0000000795580000)
  object space 87552K, 0% used [0x0000000740000000,0x0000000740000000,0x0000000745580000)
 Metaspace       used 7594K, capacity 7743K, committed 8064K, reserved 1056768K
  class space    used 766K, capacity 826K, committed 896K, reserved 1048576K

Card table byte_map: [0x0000000109d67000,0x000000010a168000] byte_map_base: 0x0000000106367000

Marking Bits: (ParMarkBitMap*) 0x00000001092f35d0
 Begin Bits: [0x000000010a413000, 0x000000010c413000)
 End Bits:   [0x000000010c413000, 0x000000010e413000)

Polling page: 0x00000001080d0000

CodeCache: size=245760Kb used=3683Kb max_used=3694Kb free=242076Kb
 bounds [0x00000001105c5000, 0x0000000110965000, 0x000000011f5c5000]
 total_blobs=1309 nmethods=915 adapters=308
 compilation: enabled

Compilation events (10 events):
Event: 39.461 Thread 0x00007fe89f80e800  911       3       java.nio.Bits::int1 (6 bytes)
Event: 39.461 Thread 0x00007fe89f80e800 nmethod 911 0x000000011094a490 code [0x000000011094a5e0, 0x000000011094a730]
Event: 39.461 Thread 0x00007fe89f80e800  912       3       java.nio.Bits::int0 (3 bytes)
Event: 39.461 Thread 0x00007fe89f80e800 nmethod 912 0x000000011094a190 code [0x000000011094a2e0, 0x000000011094a410]
Event: 39.468 Thread 0x00007fe89f80e800  913       3       java.nio.Bits::putIntB (43 bytes)
Event: 39.468 Thread 0x00007fe89f80e800 nmethod 913 0x00000001109497d0 code [0x0000000110949980, 0x0000000110949f78]
Event: 39.479 Thread 0x00007fe89f80e800  914       3       java.nio.Bits::makeInt (29 bytes)
Event: 39.479 Thread 0x00007fe89f80e800 nmethod 914 0x0000000110949490 code [0x00000001109495e0, 0x0000000110949730]
Event: 40.122 Thread 0x00007fe89f80c000  915       4       java.nio.DirectByteBuffer::put (18 bytes)
Event: 40.123 Thread 0x00007fe89f80c000 nmethod 915 0x00000001109491d0 code [0x0000000110949320, 0x00000001109493d8]

GC Heap History (0 events):
No events

Deoptimization events (6 events):
Event: 0.558 Thread 0x00007fe89f802800 Uncommon trap: reason=unstable_if action=reinterpret pc=0x0000000110764d40 method=java.lang.String.replace(CC)Ljava/lang/String; @ 26
Event: 1.025 Thread 0x00007fe89f802800 Uncommon trap: reason=unstable_if action=reinterpret pc=0x00000001108198c0 method=java.lang.String.regionMatches(ZILjava/lang/String;II)Z @ 123
Event: 7.043 Thread 0x00007fe89f802800 Uncommon trap: reason=unstable_if action=reinterpret pc=0x00000001108f7ed4 method=GameMap.update(Lorg/newdawn/slick/Input;F)V @ 130
Event: 38.963 Thread 0x00007fe89f802800 Uncommon trap: reason=unstable_if action=reinterpret pc=0x0000000110934a28 method=org.lwjgl.input.Mouse.next()Z @ 28
Event: 38.973 Thread 0x00007fe89f802800 Uncommon trap: reason=unstable_if action=reinterpret pc=0x0000000110916f8c method=org.lwjgl.input.Mouse.next()Z @ 28
Event: 40.109 Thread 0x00007fe89f802800 Uncommon trap: reason=unstable_if action=reinterpret pc=0x0000000110919ee0 method=org.newdawn.slick.AppGameContainer.gameLoop()V @ 60

Internal exceptions (10 events):
Event: 0.102 Thread 0x00007fe89f802800 Exception <a 'java/security/PrivilegedActionException'> (0x00000007956e2590) thrown at [/Users/java_re/workspace/8-2-build-macosx-x86_64/jdk8u144/9417/hotspot/src/share/vm/prims/jvm.cpp, line 1390]
Event: 0.102 Thread 0x00007fe89f802800 Exception <a 'java/security/PrivilegedActionException'> (0x00000007956e27a0) thrown at [/Users/java_re/workspace/8-2-build-macosx-x86_64/jdk8u144/9417/hotspot/src/share/vm/prims/jvm.cpp, line 1390]
Event: 0.140 Thread 0x00007fe89f802800 Exception <a 'java/security/PrivilegedActionException'> (0x0000000795854bd8) thrown at [/Users/java_re/workspace/8-2-build-macosx-x86_64/jdk8u144/9417/hotspot/src/share/vm/prims/jvm.cpp, line 1390]
Event: 0.140 Thread 0x00007fe89f802800 Exception <a 'java/security/PrivilegedActionException'> (0x0000000795854de8) thrown at [/Users/java_re/workspace/8-2-build-macosx-x86_64/jdk8u144/9417/hotspot/src/share/vm/prims/jvm.cpp, line 1390]
Event: 0.140 Thread 0x00007fe89f802800 Exception <a 'java/security/PrivilegedActionException'> (0x0000000795858300) thrown at [/Users/java_re/workspace/8-2-build-macosx-x86_64/jdk8u144/9417/hotspot/src/share/vm/prims/jvm.cpp, line 1390]
Event: 0.140 Thread 0x00007fe89f802800 Exception <a 'java/security/PrivilegedActionException'> (0x0000000795858510) thrown at [/Users/java_re/workspace/8-2-build-macosx-x86_64/jdk8u144/9417/hotspot/src/share/vm/prims/jvm.cpp, line 1390]
Event: 0.175 Thread 0x00007fe89f802800 Exception <a 'java/lang/NoSuchFieldError': method resolution failed> (0x000000079592c2e8) thrown at [/Users/java_re/workspace/8-2-build-macosx-x86_64/jdk8u144/9417/hotspot/src/share/vm/prims/methodHandles.cpp, line 1146]
Event: 0.176 Thread 0x00007fe89f802800 Exception <a 'java/lang/NoSuchFieldError': method resolution failed> (0x0000000795939a38) thrown at [/Users/java_re/workspace/8-2-build-macosx-x86_64/jdk8u144/9417/hotspot/src/share/vm/prims/methodHandles.cpp, line 1146]
Event: 0.335 Thread 0x00007fe89f802800 Exception <a 'java/io/FileNotFoundException'> (0x00000007959b4568) thrown at [/Users/java_re/workspace/8-2-build-macosx-x86_64/jdk8u144/9417/hotspot/src/share/vm/prims/jni.cpp, line 709]
Event: 0.335 Thread 0x00007fe89f802800 Exception <a 'java/io/FileNotFoundException'> (0x00000007959b5148) thrown at [/Users/java_re/workspace/8-2-build-macosx-x86_64/jdk8u144/9417/hotspot/src/share/vm/prims/jni.cpp, line 709]

Events (10 events):
Event: 38.963 Thread 0x00007fe89f802800 DEOPT PACKING pc=0x0000000110934a28 sp=0x0000700009467740
Event: 38.963 Thread 0x00007fe89f802800 DEOPT UNPACKING pc=0x00000001105ca229 sp=0x0000700009467698 mode 2
Event: 38.973 Thread 0x00007fe89f802800 Uncommon trap: trap_request=0xffffff65 fr.pc=0x0000000110916f8c
Event: 38.973 Thread 0x00007fe89f802800 DEOPT PACKING pc=0x0000000110916f8c sp=0x0000700009467700
Event: 38.973 Thread 0x00007fe89f802800 DEOPT UNPACKING pc=0x00000001105ca229 sp=0x0000700009467688 mode 2
Event: 40.109 Thread 0x00007fe89f802800 Uncommon trap: trap_request=0xffffff65 fr.pc=0x0000000110919ee0
Event: 40.109 Thread 0x00007fe89f802800 DEOPT PACKING pc=0x0000000110919ee0 sp=0x0000700009467840
Event: 40.109 Thread 0x00007fe89f802800 DEOPT UNPACKING pc=0x00000001105ca229 sp=0x0000700009467808 mode 2
Event: 40.121 loading class org/lwjgl/opengl/CallbackUtil
Event: 40.121 loading class org/lwjgl/opengl/CallbackUtil done


Dynamic libraries:
0x000000004b887000 	/System/Library/Frameworks/Cocoa.framework/Versions/A/Cocoa
0x000000004b887000 	/System/Library/Frameworks/Security.framework/Versions/A/Security
0x000000004b887000 	/System/Library/Frameworks/ApplicationServices.framework/Versions/A/ApplicationServices
0x000000004b887000 	/usr/lib/libz.1.dylib
0x000000004b887000 	/usr/lib/libSystem.B.dylib
0x000000004b887000 	/usr/lib/libobjc.A.dylib
0x000000004b887000 	/System/Library/Frameworks/CoreFoundation.framework/Versions/A/CoreFoundation
0x000000004b887000 	/System/Library/Frameworks/Foundation.framework/Versions/C/Foundation
0x000000004b887000 	/System/Library/Frameworks/AppKit.framework/Versions/C/AppKit
0x000000004b887000 	/System/Library/Frameworks/CoreData.framework/Versions/A/CoreData
0x000000004b887000 	/System/Library/PrivateFrameworks/RemoteViewServices.framework/Versions/A/RemoteViewServices
0x000000004b887000 	/System/Library/PrivateFrameworks/UIFoundation.framework/Versions/A/UIFoundation
0x000000004b887000 	/System/Library/PrivateFrameworks/DFRFoundation.framework/Versions/A/DFRFoundation
0x000000004b887000 	/usr/lib/libenergytrace.dylib
0x000000004b887000 	/System/Library/PrivateFrameworks/SkyLight.framework/Versions/A/SkyLight
0x000000004b887000 	/System/Library/Frameworks/CoreGraphics.framework/Versions/A/CoreGraphics
0x000000004b887000 	/usr/lib/libScreenReader.dylib
0x000000004b887000 	/System/Library/Frameworks/Accelerate.framework/Versions/A/Accelerate
0x000000004b887000 	/System/Library/Frameworks/IOSurface.framework/Versions/A/IOSurface
0x000000004b887000 	/System/Library/Frameworks/AudioToolbox.framework/Versions/A/AudioToolbox
0x000000004b887000 	/System/Library/Frameworks/AudioUnit.framework/Versions/A/AudioUnit
0x000000004b887000 	/System/Library/PrivateFrameworks/DataDetectorsCore.framework/Versions/A/DataDetectorsCore
0x000000004b887000 	/System/Library/PrivateFrameworks/DesktopServicesPriv.framework/Versions/A/DesktopServicesPriv
0x000000004b887000 	/System/Library/Frameworks/Carbon.framework/Versions/A/Frameworks/HIToolbox.framework/Versions/A/HIToolbox
0x000000004b887000 	/usr/lib/libicucore.A.dylib
0x000000004b887000 	/System/Library/Frameworks/QuartzCore.framework/Versions/A/QuartzCore
0x000000004b887000 	/System/Library/Frameworks/Carbon.framework/Versions/A/Frameworks/SpeechRecognition.framework/Versions/A/SpeechRecognition
0x000000004b887000 	/usr/lib/libauto.dylib
0x000000004b887000 	/usr/lib/libxml2.2.dylib
0x000000004b887000 	/System/Library/PrivateFrameworks/CoreUI.framework/Versions/A/CoreUI
0x000000004b887000 	/System/Library/Frameworks/CoreAudio.framework/Versions/A/CoreAudio
0x000000004b887000 	/System/Library/Frameworks/DiskArbitration.framework/Versions/A/DiskArbitration
0x000000004b887000 	/usr/lib/liblangid.dylib
0x000000004b887000 	/System/Library/PrivateFrameworks/MultitouchSupport.framework/Versions/A/MultitouchSupport
0x000000004b887000 	/System/Library/Frameworks/IOKit.framework/Versions/A/IOKit
0x000000004b887000 	/usr/lib/libDiagnosticMessagesClient.dylib
0x000000004b887000 	/System/Library/Frameworks/CoreServices.framework/Versions/A/CoreServices
0x000000004b887000 	/System/Library/PrivateFrameworks/PerformanceAnalysis.framework/Versions/A/PerformanceAnalysis
0x000000004b887000 	/System/Library/PrivateFrameworks/GenerationalStorage.framework/Versions/A/GenerationalStorage
0x000000004b887000 	/System/Library/Frameworks/OpenGL.framework/Versions/A/OpenGL
0x000000004b887000 	/System/Library/Frameworks/CoreImage.framework/Versions/A/CoreImage
0x000000004b887000 	/System/Library/Frameworks/CoreText.framework/Versions/A/CoreText
0x000000004b887000 	/System/Library/Frameworks/ImageIO.framework/Versions/A/ImageIO
0x000000004b887000 	/System/Library/PrivateFrameworks/Backup.framework/Versions/A/Backup
0x000000004b887000 	/usr/lib/libarchive.2.dylib
0x000000004b887000 	/System/Library/Frameworks/CFNetwork.framework/Versions/A/CFNetwork
0x000000004b887000 	/System/Library/Frameworks/SystemConfiguration.framework/Versions/A/SystemConfiguration
0x000000004b887000 	/usr/lib/libCRFSuite.dylib
0x000000004b887000 	/usr/lib/libc++.1.dylib
0x000000004b887000 	/usr/lib/libc++abi.dylib
0x000000004b887000 	/usr/lib/system/libcache.dylib
0x000000004b887000 	/usr/lib/system/libcommonCrypto.dylib
0x000000004b887000 	/usr/lib/system/libcompiler_rt.dylib
0x000000004b887000 	/usr/lib/system/libcopyfile.dylib
0x000000004b887000 	/usr/lib/system/libcorecrypto.dylib
0x000000004b887000 	/usr/lib/system/libdispatch.dylib
0x000000004b887000 	/usr/lib/system/libdyld.dylib
0x000000004b887000 	/usr/lib/system/libkeymgr.dylib
0x000000004b887000 	/usr/lib/system/liblaunch.dylib
0x000000004b887000 	/usr/lib/system/libmacho.dylib
0x000000004b887000 	/usr/lib/system/libquarantine.dylib
0x000000004b887000 	/usr/lib/system/libremovefile.dylib
0x000000004b887000 	/usr/lib/system/libsystem_asl.dylib
0x000000004b887000 	/usr/lib/system/libsystem_blocks.dylib
0x000000004b887000 	/usr/lib/system/libsystem_c.dylib
0x000000004b887000 	/usr/lib/system/libsystem_configuration.dylib
0x000000004b887000 	/usr/lib/system/libsystem_coreservices.dylib
0x000000004b887000 	/usr/lib/system/libsystem_coretls.dylib
0x000000004b887000 	/usr/lib/system/libsystem_dnssd.dylib
0x000000004b887000 	/usr/lib/system/libsystem_info.dylib
0x000000004b887000 	/usr/lib/system/libsystem_kernel.dylib
0x000000004b887000 	/usr/lib/system/libsystem_m.dylib
0x000000004b887000 	/usr/lib/system/libsystem_malloc.dylib
0x000000004b887000 	/usr/lib/system/libsystem_network.dylib
0x000000004b887000 	/usr/lib/system/libsystem_networkextension.dylib
0x000000004b887000 	/usr/lib/system/libsystem_notify.dylib
0x000000004b887000 	/usr/lib/system/libsystem_platform.dylib
0x000000004b887000 	/usr/lib/system/libsystem_pthread.dylib
0x000000004b887000 	/usr/lib/system/libsystem_sandbox.dylib
0x000000004b887000 	/usr/lib/system/libsystem_secinit.dylib
0x000000004b887000 	/usr/lib/system/libsystem_symptoms.dylib
0x000000004b887000 	/usr/lib/system/libsystem_trace.dylib
0x000000004b887000 	/usr/lib/system/libunwind.dylib
0x000000004b887000 	/usr/lib/system/libxpc.dylib
0x000000004b887000 	/usr/lib/libbsm.0.dylib
0x000000004b887000 	/usr/lib/system/libkxld.dylib
0x000000004b887000 	/usr/lib/libcoretls.dylib
0x000000004b887000 	/usr/lib/libcoretls_cfhelpers.dylib
0x000000004b887000 	/usr/lib/libOpenScriptingUtil.dylib
0x000000004b887000 	/usr/lib/libpam.2.dylib
0x000000004b887000 	/usr/lib/libsqlite3.dylib
0x000000004b887000 	/usr/lib/libxar.1.dylib
0x000000004b887000 	/usr/lib/libbz2.1.0.dylib
0x000000004b887000 	/usr/lib/liblzma.5.dylib
0x000000004b887000 	/usr/lib/libnetwork.dylib
0x000000004b887000 	/usr/lib/libpcap.A.dylib
0x000000004b887000 	/System/Library/Frameworks/CoreServices.framework/Versions/A/Frameworks/FSEvents.framework/Versions/A/FSEvents
0x000000004b887000 	/System/Library/Frameworks/CoreServices.framework/Versions/A/Frameworks/CarbonCore.framework/Versions/A/CarbonCore
0x000000004b887000 	/System/Library/Frameworks/CoreServices.framework/Versions/A/Frameworks/Metadata.framework/Versions/A/Metadata
0x000000004b887000 	/System/Library/Frameworks/CoreServices.framework/Versions/A/Frameworks/OSServices.framework/Versions/A/OSServices
0x000000004b887000 	/System/Library/Frameworks/CoreServices.framework/Versions/A/Frameworks/SearchKit.framework/Versions/A/SearchKit
0x000000004b887000 	/System/Library/Frameworks/CoreServices.framework/Versions/A/Frameworks/AE.framework/Versions/A/AE
0x000000004b887000 	/System/Library/Frameworks/CoreServices.framework/Versions/A/Frameworks/LaunchServices.framework/Versions/A/LaunchServices
0x000000004b887000 	/System/Library/Frameworks/CoreServices.framework/Versions/A/Frameworks/DictionaryServices.framework/Versions/A/DictionaryServices
0x000000004b887000 	/System/Library/Frameworks/CoreServices.framework/Versions/A/Frameworks/SharedFileList.framework/Versions/A/SharedFileList
0x000000004b887000 	/System/Library/Frameworks/NetFS.framework/Versions/A/NetFS
0x000000004b887000 	/System/Library/PrivateFrameworks/NetAuth.framework/Versions/A/NetAuth
0x000000004b887000 	/System/Library/PrivateFrameworks/login.framework/Versions/A/Frameworks/loginsupport.framework/Versions/A/loginsupport
0x000000004b887000 	/System/Library/PrivateFrameworks/TCC.framework/Versions/A/TCC
0x000000004b887000 	/usr/lib/libmecabra.dylib
0x000000004b887000 	/System/Library/Frameworks/ApplicationServices.framework/Versions/A/Frameworks/ATS.framework/Versions/A/ATS
0x000000004b887000 	/System/Library/Frameworks/ApplicationServices.framework/Versions/A/Frameworks/ColorSync.framework/Versions/A/ColorSync
0x000000004b887000 	/System/Library/Frameworks/ApplicationServices.framework/Versions/A/Frameworks/HIServices.framework/Versions/A/HIServices
0x000000004b887000 	/System/Library/Frameworks/ApplicationServices.framework/Versions/A/Frameworks/LangAnalysis.framework/Versions/A/LangAnalysis
0x000000004b887000 	/System/Library/Frameworks/ApplicationServices.framework/Versions/A/Frameworks/PrintCore.framework/Versions/A/PrintCore
0x000000004b887000 	/System/Library/Frameworks/ApplicationServices.framework/Versions/A/Frameworks/QD.framework/Versions/A/QD
0x000000004b887000 	/System/Library/Frameworks/ApplicationServices.framework/Versions/A/Frameworks/SpeechSynthesis.framework/Versions/A/SpeechSynthesis
0x000000004b887000 	/System/Library/Frameworks/Accelerate.framework/Versions/A/Frameworks/vImage.framework/Versions/A/vImage
0x000000004b887000 	/System/Library/Frameworks/Accelerate.framework/Versions/A/Frameworks/vecLib.framework/Versions/A/vecLib
0x000000004b887000 	/System/Library/Frameworks/Accelerate.framework/Versions/A/Frameworks/vecLib.framework/Versions/A/libvDSP.dylib
0x000000004b887000 	/System/Library/Frameworks/Accelerate.framework/Versions/A/Frameworks/vecLib.framework/Versions/A/libBNNS.dylib
0x000000004b887000 	/System/Library/Frameworks/Accelerate.framework/Versions/A/Frameworks/vecLib.framework/Versions/A/libQuadrature.dylib
0x000000004b887000 	/System/Library/Frameworks/Accelerate.framework/Versions/A/Frameworks/vecLib.framework/Versions/A/libvMisc.dylib
0x000000004b887000 	/System/Library/Frameworks/Accelerate.framework/Versions/A/Frameworks/vecLib.framework/Versions/A/libLAPACK.dylib
0x000000004b887000 	/System/Library/Frameworks/Accelerate.framework/Versions/A/Frameworks/vecLib.framework/Versions/A/libBLAS.dylib
0x000000004b887000 	/System/Library/Frameworks/Accelerate.framework/Versions/A/Frameworks/vecLib.framework/Versions/A/libLinearAlgebra.dylib
0x000000004b887000 	/System/Library/Frameworks/Accelerate.framework/Versions/A/Frameworks/vecLib.framework/Versions/A/libSparseBLAS.dylib
0x000000004b887000 	/System/Library/Frameworks/ApplicationServices.framework/Versions/A/Frameworks/ATS.framework/Versions/A/Resources/libFontParser.dylib
0x000000004b887000 	/System/Library/Frameworks/ApplicationServices.framework/Versions/A/Frameworks/ATS.framework/Versions/A/Resources/libFontRegistry.dylib
0x000000004b887000 	/System/Library/Frameworks/ImageIO.framework/Versions/A/Resources/libJPEG.dylib
0x000000004b887000 	/System/Library/Frameworks/ImageIO.framework/Versions/A/Resources/libTIFF.dylib
0x000000004b887000 	/System/Library/Frameworks/ImageIO.framework/Versions/A/Resources/libPng.dylib
0x000000004b887000 	/System/Library/Frameworks/ImageIO.framework/Versions/A/Resources/libGIF.dylib
0x000000004b887000 	/System/Library/Frameworks/ImageIO.framework/Versions/A/Resources/libJP2.dylib
0x000000004b887000 	/System/Library/Frameworks/ImageIO.framework/Versions/A/Resources/libRadiance.dylib
0x000000004b887000 	/usr/lib/libcompression.dylib
0x000000004b887000 	/System/Library/PrivateFrameworks/AppleJPEG.framework/Versions/A/AppleJPEG
0x000000004b887000 	/usr/lib/libcups.2.dylib
0x000000004b887000 	/System/Library/Frameworks/Kerberos.framework/Versions/A/Kerberos
0x000000004b887000 	/System/Library/Frameworks/GSS.framework/Versions/A/GSS
0x000000004b887000 	/usr/lib/libresolv.9.dylib
0x000000004b887000 	/usr/lib/libiconv.2.dylib
0x000000004b887000 	/System/Library/PrivateFrameworks/Heimdal.framework/Versions/A/Heimdal
0x000000004b887000 	/usr/lib/libheimdal-asn1.dylib
0x000000004b887000 	/System/Library/Frameworks/OpenDirectory.framework/Versions/A/OpenDirectory
0x000000004b887000 	/System/Library/PrivateFrameworks/CommonAuth.framework/Versions/A/CommonAuth
0x000000004b887000 	/System/Library/Frameworks/OpenDirectory.framework/Versions/A/Frameworks/CFOpenDirectory.framework/Versions/A/CFOpenDirectory
0x000000004b887000 	/System/Library/Frameworks/SecurityFoundation.framework/Versions/A/SecurityFoundation
0x000000004b887000 	/System/Library/PrivateFrameworks/LanguageModeling.framework/Versions/A/LanguageModeling
0x000000004b887000 	/usr/lib/libmarisa.dylib
0x000000004b887000 	/usr/lib/libChineseTokenizer.dylib
0x000000004b887000 	/usr/lib/libcmph.dylib
0x000000004b887000 	/System/Library/PrivateFrameworks/CoreEmoji.framework/Versions/A/CoreEmoji
0x000000004b887000 	/System/Library/Frameworks/ServiceManagement.framework/Versions/A/ServiceManagement
0x000000004b887000 	/usr/lib/libxslt.1.dylib
0x000000004b887000 	/System/Library/Frameworks/Carbon.framework/Versions/A/Frameworks/Ink.framework/Versions/A/Ink
0x000000004b887000 	/System/Library/PrivateFrameworks/TextureIO.framework/Versions/A/TextureIO
0x000000004b887000 	/System/Library/Frameworks/Metal.framework/Versions/A/Metal
0x000000004b887000 	/usr/lib/libate.dylib
0x000000004b887000 	/System/Library/PrivateFrameworks/GPUCompiler.framework/libmetal_timestamp.dylib
0x000000004b887000 	/System/Library/Frameworks/OpenGL.framework/Versions/A/Libraries/libCoreFSCache.dylib
0x000000004b887000 	/System/Library/PrivateFrameworks/IOAccelerator.framework/Versions/A/IOAccelerator
0x000000004b887000 	/System/Library/Frameworks/CoreVideo.framework/Versions/A/CoreVideo
0x000000004b887000 	/usr/lib/libFosl_dynamic.dylib
0x000000004b887000 	/System/Library/PrivateFrameworks/MetalPerformanceShaders.framework/Versions/A/MetalPerformanceShaders
0x000000004b887000 	/System/Library/PrivateFrameworks/FaceCore.framework/Versions/A/FaceCore
0x000000004b887000 	/System/Library/Frameworks/OpenCL.framework/Versions/A/OpenCL
0x000000004b887000 	/System/Library/Frameworks/OpenGL.framework/Versions/A/Libraries/libGLU.dylib
0x000000004b887000 	/System/Library/Frameworks/OpenGL.framework/Versions/A/Libraries/libGFXShared.dylib
0x000000004b887000 	/System/Library/Frameworks/OpenGL.framework/Versions/A/Libraries/libGL.dylib
0x000000004b887000 	/System/Library/Frameworks/OpenGL.framework/Versions/A/Libraries/libGLImage.dylib
0x000000004b887000 	/System/Library/Frameworks/OpenGL.framework/Versions/A/Libraries/libCVMSPluginSupport.dylib
0x000000004b887000 	/System/Library/Frameworks/OpenGL.framework/Versions/A/Libraries/libCoreVMClient.dylib
0x000000004b887000 	/System/Library/PrivateFrameworks/CrashReporterSupport.framework/Versions/A/CrashReporterSupport
0x000000004b887000 	/System/Library/PrivateFrameworks/Sharing.framework/Versions/A/Sharing
0x000000004b887000 	/System/Library/PrivateFrameworks/IconServices.framework/Versions/A/IconServices
0x000000004b887000 	/System/Library/PrivateFrameworks/ProtocolBuffer.framework/Versions/A/ProtocolBuffer
0x000000004b887000 	/System/Library/PrivateFrameworks/Apple80211.framework/Versions/A/Apple80211
0x000000004b887000 	/System/Library/Frameworks/CoreWLAN.framework/Versions/A/CoreWLAN
0x000000004b887000 	/System/Library/PrivateFrameworks/CoreUtils.framework/Versions/A/CoreUtils
0x000000004b887000 	/System/Library/Frameworks/IOBluetooth.framework/Versions/A/IOBluetooth
0x000000004b887000 	/System/Library/PrivateFrameworks/CoreWiFi.framework/Versions/A/CoreWiFi
0x000000004b887000 	/System/Library/Frameworks/CoreBluetooth.framework/Versions/A/CoreBluetooth
0x000000004b887000 	/System/Library/Frameworks/CoreDisplay.framework/Versions/A/CoreDisplay
0x000000004b887000 	/System/Library/PrivateFrameworks/IOPresentment.framework/Versions/A/IOPresentment
0x000000004b887000 	/System/Library/PrivateFrameworks/DSExternalDisplay.framework/Versions/A/DSExternalDisplay
0x000000004b887000 	/System/Library/PrivateFrameworks/DebugSymbols.framework/Versions/A/DebugSymbols
0x000000004b887000 	/System/Library/PrivateFrameworks/CoreSymbolication.framework/Versions/A/CoreSymbolication
0x000000004b887000 	/System/Library/PrivateFrameworks/Symbolication.framework/Versions/A/Symbolication
0x000000004b887000 	/System/Library/PrivateFrameworks/AppleFSCompression.framework/Versions/A/AppleFSCompression
0x000000004b887000 	/System/Library/PrivateFrameworks/SpeechRecognitionCore.framework/Versions/A/SpeechRecognitionCore
0x000000004b887000 	/System/Library/PrivateFrameworks/ChunkingLibrary.framework/Versions/A/ChunkingLibrary
0x0000000108a00000 	/Library/Java/JavaVirtualMachines/jdk1.8.0_144.jdk/Contents/Home/jre/lib/server/libjvm.dylib
0x000000004b887000 	/usr/lib/libstdc++.6.dylib
0x000000010808d000 	/Library/Java/JavaVirtualMachines/jdk1.8.0_144.jdk/Contents/Home/jre/lib/libverify.dylib
0x000000010809b000 	/Library/Java/JavaVirtualMachines/jdk1.8.0_144.jdk/Contents/Home/jre/lib/libjava.dylib
0x00000001080da000 	/Library/Java/JavaVirtualMachines/jdk1.8.0_144.jdk/Contents/Home/jre/lib/libzip.dylib
0x00000001101ef000 	/System/Library/Frameworks/JavaVM.framework/Frameworks/JavaRuntimeSupport.framework/JavaRuntimeSupport
0x0000000110209000 	/System/Library/Frameworks/JavaVM.framework/Versions/A/Frameworks/JavaNativeFoundation.framework/Versions/A/JavaNativeFoundation
0x000000011021e000 	/System/Library/Frameworks/JavaVM.framework/Versions/A/JavaVM
0x000000004b887000 	/System/Library/Frameworks/Carbon.framework/Versions/A/Carbon
0x000000011022b000 	/System/Library/PrivateFrameworks/JavaLaunching.framework/Versions/A/JavaLaunching
0x000000004b887000 	/System/Library/Frameworks/Carbon.framework/Versions/A/Frameworks/CommonPanels.framework/Versions/A/CommonPanels
0x000000004b887000 	/System/Library/Frameworks/Carbon.framework/Versions/A/Frameworks/Help.framework/Versions/A/Help
0x000000004b887000 	/System/Library/Frameworks/Carbon.framework/Versions/A/Frameworks/ImageCapture.framework/Versions/A/ImageCapture
0x000000004b887000 	/System/Library/Frameworks/Carbon.framework/Versions/A/Frameworks/OpenScripting.framework/Versions/A/OpenScripting
0x000000004b887000 	/System/Library/Frameworks/Carbon.framework/Versions/A/Frameworks/Print.framework/Versions/A/Print
0x000000004b887000 	/System/Library/Frameworks/Carbon.framework/Versions/A/Frameworks/SecurityHI.framework/Versions/A/SecurityHI
0x00000001102de000 	/Library/Java/JavaVirtualMachines/jdk1.8.0_144.jdk/Contents/Home/jre/lib/libawt.dylib
0x0000000110386000 	/Library/Java/JavaVirtualMachines/jdk1.8.0_144.jdk/Contents/Home/jre/lib/./libmlib_image.dylib
0x0000000110452000 	/Library/Java/JavaVirtualMachines/jdk1.8.0_144.jdk/Contents/Home/jre/lib/libawt_lwawt.dylib
0x0000000110509000 	/Library/Java/JavaVirtualMachines/jdk1.8.0_144.jdk/Contents/Home/jre/lib/./libosxapp.dylib
0x000000004b887000 	/System/Library/Frameworks/ExceptionHandling.framework/Versions/A/ExceptionHandling
0x000000004b887000 	/System/Library/PrivateFrameworks/CoreServicesInternal.framework/Versions/A/CoreServicesInternal
0x000000004b887000 	/System/Library/CoreServices/RawCamera.bundle/Contents/MacOS/RawCamera
0x000000004b887000 	/System/Library/Frameworks/Accelerate.framework/Versions/A/Frameworks/vImage.framework/Versions/A/Libraries/libCGInterfaces.dylib
0x000000004b887000 	/System/Library/Frameworks/ApplicationServices.framework/Versions/A/Frameworks/ATS.framework/Versions/A/Resources/libTrueTypeScaler.dylib
0x0000000122eec000 	/System/Library/Frameworks/OpenGL.framework/Resources/GLEngine.bundle/GLEngine
0x000000004b887000 	/System/Library/Frameworks/OpenGL.framework/Versions/A/Libraries/libGLProgrammability.dylib
0x00000001230d1000 	/System/Library/Extensions/AppleIntelKBLGraphicsGLDriver.bundle/Contents/MacOS/AppleIntelKBLGraphicsGLDriver
0x000000004b887000 	/System/Library/PrivateFrameworks/GPUSupport.framework/Versions/A/Libraries/libGPUSupportMercury.dylib
0x0000000123e57000 	/System/Library/Frameworks/OpenGL.framework/Resources//GLRendererFloat.bundle/GLRendererFloat
0x000000004b887000 	/System/Library/Frameworks/OpenCL.framework/Versions/A/Libraries/libcldcpuengine.dylib
0x000000004b887000 	/usr/lib/libcrypto.0.9.8.dylib
0x000000004b887000 	/System/Library/PrivateFrameworks/TrustEvaluationAgent.framework/Versions/A/TrustEvaluationAgent
0x0000000123e8b000 	/System/Library/Extensions/AppleIntelKBLGraphicsMTLDriver.bundle/Contents/MacOS/AppleIntelKBLGraphicsMTLDriver
0x000000004b887000 	/System/Library/PrivateFrameworks/FamilyControls.framework/Versions/A/FamilyControls
0x000000004b887000 	/System/Library/PrivateFrameworks/CommerceKit.framework/Versions/A/Frameworks/CommerceCore.framework/Versions/A/CommerceCore
0x000000004b887000 	/System/Library/PrivateFrameworks/SystemAdministration.framework/Versions/A/SystemAdministration
0x000000004b887000 	/System/Library/PrivateFrameworks/AppContainer.framework/Versions/A/AppContainer
0x000000004b887000 	/System/Library/PrivateFrameworks/SecCodeWrapper.framework/Versions/A/SecCodeWrapper
0x000000004b887000 	/System/Library/Frameworks/DirectoryService.framework/Versions/A/DirectoryService
0x000000004b887000 	/System/Library/PrivateFrameworks/DiskImages.framework/Versions/A/DiskImages
0x000000004b887000 	/System/Library/PrivateFrameworks/LoginUIKit.framework/Versions/A/Frameworks/LoginUICore.framework/Versions/A/LoginUICore
0x000000004b887000 	/usr/lib/libCoreStorage.dylib
0x000000004b887000 	/usr/lib/libcsfde.dylib
0x000000004b887000 	/usr/lib/libodfde.dylib
0x000000004b887000 	/System/Library/Frameworks/DiscRecording.framework/Versions/A/DiscRecording
0x000000004b887000 	/usr/lib/libcurl.4.dylib
0x000000004b887000 	/System/Library/PrivateFrameworks/MediaKit.framework/Versions/A/MediaKit
0x000000004b887000 	/System/Library/PrivateFrameworks/ProtectedCloudStorage.framework/Versions/A/ProtectedCloudStorage
0x000000004b887000 	/System/Library/PrivateFrameworks/EFILogin.framework/Versions/A/EFILogin
0x000000004b887000 	/usr/lib/libutil.dylib
0x000000004b887000 	/System/Library/Frameworks/LDAP.framework/Versions/A/LDAP
0x000000004b887000 	/usr/lib/libsasl2.2.dylib
0x000000004b887000 	/System/Library/PrivateFrameworks/CoreDaemon.framework/Versions/B/CoreDaemon
0x000000004b887000 	/System/Library/PrivateFrameworks/AppleSRP.framework/Versions/A/AppleSRP
0x000000004b887000 	/System/Library/PrivateFrameworks/APFS.framework/Versions/A/APFS
0x000000012559b000 	/Library/Java/JavaVirtualMachines/jdk1.8.0_144.jdk/Contents/Home/jre/lib/libfontmanager.dylib
0x0000000125602000 	/Users/constantinoskavadias/Google Drive/University/Third Year/Semester2/SWEN20003/Project2/lib/liblwjgl.dylib
0x00000001214c9000 	/Library/Java/JavaVirtualMachines/jdk1.8.0_144.jdk/Contents/Home/jre/lib/libjawt.dylib
0x0000000122155000 	/Users/constantinoskavadias/Google Drive/University/Third Year/Semester2/SWEN20003/Project2/lib/libjinput-osx.dylib
0x0000000127d95000 	/System/Library/Extensions/IOHIDFamily.kext/Contents/PlugIns/IOHIDLib.plugin/Contents/MacOS/IOHIDLib
0x000000004b887000 	/System/Library/PrivateFrameworks/ViewBridge.framework/Versions/A/ViewBridge
0x000000004b887000 	/System/Library/PrivateFrameworks/XPCService.framework/Versions/A/XPCService
0x000000004b887000 	/System/Library/PrivateFrameworks/AppSandbox.framework/Versions/A/AppSandbox
0x000000004b887000 	/usr/lib/libsandbox.1.dylib
0x000000004b887000 	/usr/lib/libMatch.1.dylib

VM Arguments:
jvm_args: -Djava.library.path=/Users/constantinoskavadias/Google Drive/University/Third Year/Semester2/SWEN20003/Project2/lib -Dfile.encoding=UTF-8 
java_command: App
java_class_path (initial): /Users/constantinoskavadias/Google Drive/University/Third Year/Semester2/SWEN20003/Project2/bin:/Users/constantinoskavadias/Google Drive/University/Third Year/Semester2/SWEN20003/Project2/lib/jinput.jar:/Users/constantinoskavadias/Google Drive/University/Third Year/Semester2/SWEN20003/Project2/lib/lwjgl.jar:/Users/constantinoskavadias/Google Drive/University/Third Year/Semester2/SWEN20003/Project2/lib/slick.jar
Launcher Type: SUN_STANDARD

Environment Variables:
PATH=/usr/bin:/bin:/usr/sbin:/sbin
SHELL=/bin/bash

Signal Handlers:
SIGSEGV: [libjvm.dylib+0x5b26e5], sa_mask[0]=11111111011111110111111111111111, sa_flags=SA_ONSTACK|SA_RESTART|SA_SIGINFO
SIGBUS: [libjvm.dylib+0x5b26e5], sa_mask[0]=11111111011111110111111111111111, sa_flags=SA_RESTART|SA_SIGINFO
SIGFPE: [libjvm.dylib+0x489100], sa_mask[0]=11111111011111110111111111111111, sa_flags=SA_RESTART|SA_SIGINFO
SIGPIPE: [libjvm.dylib+0x489100], sa_mask[0]=11111111011111110111111111111111, sa_flags=SA_RESTART|SA_SIGINFO
SIGXFSZ: [libjvm.dylib+0x489100], sa_mask[0]=11111111011111110111111111111111, sa_flags=SA_RESTART|SA_SIGINFO
SIGILL: [libjvm.dylib+0x489100], sa_mask[0]=11111111011111110111111111111111, sa_flags=SA_RESTART|SA_SIGINFO
SIGUSR1: SIG_DFL, sa_mask[0]=00000000000000000000000000000000, sa_flags=none
SIGUSR2: [libjvm.dylib+0x488c1e], sa_mask[0]=00100000000000000000000000000000, sa_flags=SA_RESTART|SA_SIGINFO
SIGHUP: [libjvm.dylib+0x4871f5], sa_mask[0]=11111111011111110111111111111111, sa_flags=SA_RESTART|SA_SIGINFO
SIGINT: [libjvm.dylib+0x4871f5], sa_mask[0]=11111111011111110111111111111111, sa_flags=SA_RESTART|SA_SIGINFO
SIGTERM: [libjvm.dylib+0x4871f5], sa_mask[0]=11111111011111110111111111111111, sa_flags=SA_RESTART|SA_SIGINFO
SIGQUIT: [libjvm.dylib+0x4871f5], sa_mask[0]=11111111011111110111111111111111, sa_flags=SA_RESTART|SA_SIGINFO


---------------  S Y S T E M  ---------------

OS:Bsduname:Darwin 16.7.0 Darwin Kernel Version 16.7.0: Thu Jun 15 17:36:27 PDT 2017; root:xnu-3789.70.16~2/RELEASE_X86_64 x86_64
rlimit: STACK 8192k, CORE 0k, NPROC 709, NOFILE 10240, AS infinity
load average:1.82 1.73 1.73

CPU:total 4 (initial active 4) (2 cores per cpu, 2 threads per core) family 6 model 142 stepping 9, cmov, cx8, fxsr, mmx, sse, sse2, sse3, ssse3, sse4.1, sse4.2, popcnt, avx, avx2, aes, clmul, erms, 3dnowpref, lzcnt, ht, tsc, tscinvbit, bmi1, bmi2, adx

Memory: 4k page, physical 8388608k(117716k free)

/proc/meminfo:


vm_info: Java HotSpot(TM) 64-Bit Server VM (25.144-b01) for bsd-amd64 JRE (1.8.0_144-b01), built on Jul 21 2017 22:07:42 by "java_re" with gcc 4.2.1 (Based on Apple Inc. build 5658) (LLVM build 2336.11.00)

time: Thu Oct  5 09:54:03 2017
elapsed time: 40 seconds (0d 0h 0m 40s)

