#
# A fatal error has been detected by the Java Runtime Environment:
#
#  SIGSEGV (0xb) at pc=0x00007fffd040105d, pid=19726, tid=0x0000000000000307
#
# JRE version: Java(TM) SE Runtime Environment (8.0_144-b01) (build 1.8.0_144-b01)
# Java VM: Java HotSpot(TM) 64-Bit Server VM (25.144-b01 mixed mode bsd-amd64 compressed oops)
# Problematic frame:
# C  [libobjc.A.dylib+0x705d]  objc_msgSend+0x1d
#
# Failed to write core dump. Core dumps have been disabled. To enable core dumping, try "ulimit -c unlimited" before starting Java again
#
# If you would like to submit a bug report, please visit:
#   http://bugreport.java.com/bugreport/crash.jsp
# The crash happened outside the Java Virtual Machine in native code.
# See problematic frame for where to report the bug.
#

---------------  T H R E A D  ---------------

Current thread (0x00007fc2498e3800):  JavaThread "AppKit Thread" daemon [_thread_in_native, id=775, stack(0x00007fff503dd000,0x00007fff50bdd000)]

siginfo: si_signo: 11 (SIGSEGV), si_code: 1 (SEGV_MAPERR), si_addr: 0x000007fc248e72f8

Registers:
RAX=0x0000000000000000, RBX=0x00007fc248d9b300, RCX=0x0000000000000000, RDX=0x00000000000fb690
RSP=0x00007fff50bd7778, RBP=0x00007fff50bd77a0, RSI=0x00007fffb9cf57ab, RDI=0x00007fc248e4ff70
R8 =0x0000000000000003, R9 =0x0000000000000000, R10=0x000007fc248e72e0, R11=0x00007fffb9cf57ab
R12=0x0000000000000094, R13=0x00007fffb9cd817f, R14=0x00007fc248e4ff70, R15=0x0000000000000000
RIP=0x00007fffd040105d, EFLAGS=0x0000000000010202, ERR=0x0000000000000004
  TRAPNO=0x000000000000000e

Top of Stack: (sp=0x00007fff50bd7778)
0x00007fff50bd7778:   000000012c654598 00007fc248d9b300
0x00007fff50bd7788:   000000012c688c60 00007fc248f36ed0
0x00007fff50bd7798:   00007fc248f36ed0 00007fff50bd7d10
0x00007fff50bd77a8:   00007fffb91c4e7b 0000000000000000
0x00007fff50bd77b8:   0000000000000000 4089000000000000
0x00007fff50bd77c8:   4082c00000000000 0000000000000000
0x00007fff50bd77d8:   0000000000000000 4089000000000000
0x00007fff50bd77e8:   4082c00000000000 00007fff50bd7810
0x00007fff50bd77f8:   00007fffbbd09f20 0000000000000640
0x00007fff50bd7808:   ffff803db735eef0 00007fc248ca1110
0x00007fff50bd7818:   00007fffd9b55480 00007fff50bd7880
0x00007fff50bd7828:   00007fffd0409243 00007fffd9b55ac0
0x00007fff50bd7838:   00000001b9c90100 00007fc248ca1110
0x00007fff50bd7848:   ffff803db735eef0 00007fc24a9ef220
0x00007fff50bd7858:   00007fc248d9c4a0 00007fffb9c90100
0x00007fff50bd7868:   00007fc248d9b300 00007fffd0401040
0x00007fff50bd7878:   00007fff50bd78e0 00007fff50bd78d0
0x00007fff50bd7888:   00007fffb989e91f 401c000000000000
0x00007fff50bd7898:   4082e00000000000 402c000000000000
0x00007fff50bd78a8:   0000000000000000 00007fff00000000
0x00007fff50bd78b8:   0000000000000000 00007fffb9ca9bb8
0x00007fff50bd78c8:   00007fc248d9c400 0000000150bd7920
0x00007fff50bd78d8:   00007fc248d9c4a0 0000000000000088
0x00007fff50bd78e8:   00007fc248e2c180 012c000000000000
0x00007fff50bd78f8:   00007fc248d9b300 00007fff50bd7920
0x00007fff50bd7908:   00007fc248d9c4a0 00007fff50bd79f0
0x00007fff50bd7918:   00007fc248d9c4a0 00007fff50bd7960
0x00007fff50bd7928:   00007fffb927cc42 401c000000000000
0x00007fff50bd7938:   4082d80000000000 402c000000000000
0x00007fff50bd7948:   4030000000000000 00007fff50bd79f0
0x00007fff50bd7958:   00007fc248d9c4a0 00007fff50bd79e0
0x00007fff50bd7968:   00007fffb927cbe4 401c000000000000 

Instructions: (pc=0x00007fffd040105d)
0x00007fffd040103d:   0f 1f 00 48 85 ff 2e 74 62 40 f6 c7 01 2e 75 66
0x00007fffd040104d:   49 ba f8 ff ff ff ff 7f 00 00 4c 23 17 49 89 f3
0x00007fffd040105d:   45 23 5a 18 49 c1 e3 04 4d 03 5a 10 49 3b 33 75
0x00007fffd040106d:   04 41 ff 63 08 49 83 3b 01 76 0d 49 83 c3 10 49 

Register to memory mapping:

RAX=0x0000000000000000 is an unknown value
RBX=0x00007fc248d9b300 is an unknown value
RCX=0x0000000000000000 is an unknown value
RDX=0x00000000000fb690 is an unknown value
RSP=0x00007fff50bd7778 is pointing into the stack for thread: 0x00007fc2498e3800
RBP=0x00007fff50bd77a0 is pointing into the stack for thread: 0x00007fc2498e3800
RSI=0x00007fffb9cf57ab: __NSStyleNameIndexTable+0xe03f3 in /System/Library/Frameworks/AppKit.framework/Versions/C/AppKit at 0x00007fffb9028000
RDI=0x00007fc248e4ff70 is an unknown value
R8 =0x0000000000000003 is an unknown value
R9 =0x0000000000000000 is an unknown value
R10=0x000007fc248e72e0 is an unknown value
R11=0x00007fffb9cf57ab: __NSStyleNameIndexTable+0xe03f3 in /System/Library/Frameworks/AppKit.framework/Versions/C/AppKit at 0x00007fffb9028000
R12=0x0000000000000094 is an unknown value
R13=0x00007fffb9cd817f: __NSStyleNameIndexTable+0xc2dc7 in /System/Library/Frameworks/AppKit.framework/Versions/C/AppKit at 0x00007fffb9028000
R14=0x00007fc248e4ff70 is an unknown value
R15=0x0000000000000000 is an unknown value


Stack: [0x00007fff503dd000,0x00007fff50bdd000],  sp=0x00007fff50bd7778,  free space=8169k
Native frames: (J=compiled Java code, j=interpreted, Vv=VM code, C=native code)
C  [libobjc.A.dylib+0x705d]  objc_msgSend+0x1d
C  [AppKit+0x19ce7b]  -[NSView _recursiveDisplayRectIfNeededIgnoringOpacity:isVisibleRect:rectIsVisibleRectForView:topView:]+0x6ee
C  [AppKit+0x19d6d1]  -[NSView _recursiveDisplayRectIfNeededIgnoringOpacity:isVisibleRect:rectIsVisibleRectForView:topView:]+0xf44
C  [AppKit+0x19c2af]  -[NSThemeFrame _recursiveDisplayRectIfNeededIgnoringOpacity:isVisibleRect:rectIsVisibleRectForView:topView:]+0x14e
C  [AppKit+0x19a6d8]  -[NSView _displayRectIgnoringOpacity:isVisibleRect:rectIsVisibleRectForView:]+0x994
C  [AppKit+0x195fca]  -[NSView displayIfNeeded]+0x6d4
C  [AppKit+0x1958db]  -[NSWindow displayIfNeeded]+0xe6
C  [AppKit+0x8f5cb4]  ___NSWindowGetDisplayCycleObserver_block_invoke.6228+0x115
C  [AppKit+0x1953b9]  __37+[NSDisplayCycle currentDisplayCycle]_block_invoke+0x1c6
C  [QuartzCore+0x11d06]  _ZN2CA11Transaction19run_commit_handlersE18CATransactionPhase+0x2e
C  [QuartzCore+0x11b8bc]  _ZN2CA7Context18commit_transactionEPNS_11TransactionE+0xa0
C  [QuartzCore+0x107e1]  _ZN2CA11Transaction6commitEv+0x1db
C  [AppKit+0x4788b1]  __37+[NSDisplayCycle currentDisplayCycle]_block_invoke.31+0x143
C  [CoreFoundation+0xa6d37]  __CFRUNLOOP_IS_CALLING_OUT_TO_AN_OBSERVER_CALLBACK_FUNCTION__+0x17
C  [CoreFoundation+0xa6ca7]  __CFRunLoopDoObservers+0x187
C  [CoreFoundation+0x876d9]  __CFRunLoopRun+0x369
C  [CoreFoundation+0x87114]  CFRunLoopRunSpecific+0x1a4
C  [HIToolbox+0x30ebc]  RunCurrentEventLoopInMode+0xf0
C  [HIToolbox+0x30bf9]  ReceiveNextEventCommon+0xb8
C  [HIToolbox+0x30b26]  _BlockUntilNextEventMatchingListInModeWithFilter+0x47
C  [AppKit+0x46a54]  _DPSNextEvent+0x460
C  [AppKit+0x7c27ee]  -[NSApplication(NSEvent) _nextEventMatchingEventMask:untilDate:inMode:dequeue:]+0xaec
C  [libosxapp.dylib+0x23aa]  -[NSApplicationAWT nextEventMatchingMask:untilDate:inMode:dequeue:]+0x7c
C  [AppKit+0x3b3db]  -[NSApplication run]+0x39e
C  [libosxapp.dylib+0x214d]  +[NSApplicationAWT runAWTLoopWithApp:]+0x9c
C  [libawt_lwawt.dylib+0x45edf]  -[AWTStarter starter:]+0x389
C  [Foundation+0x7152a]  __NSThreadPerformPerform+0x146
C  [CoreFoundation+0xa7321]  __CFRUNLOOP_IS_CALLING_OUT_TO_A_SOURCE0_PERFORM_FUNCTION__+0x11
C  [CoreFoundation+0x8821d]  __CFRunLoopDoSources0+0x22d
C  [CoreFoundation+0x87716]  __CFRunLoopRun+0x3a6
C  [CoreFoundation+0x87114]  CFRunLoopRunSpecific+0x1a4
C  [java+0x6465]  CreateExecutionEnvironment+0x367
C  [java+0x218c]  JLI_Launch+0x7a0
C  [java+0x84c2]  main+0x65
C  [java+0x19e4]  start+0x34
C  0x0000000000000006


---------------  P R O C E S S  ---------------

Java Threads: ( => current thread )
  0x00007fc24a9ac800 JavaThread "AWT-Shutdown" [_thread_blocked, id=43063, stack(0x000070000332c000,0x000070000342c000)]
=>0x00007fc2498e3800 JavaThread "AppKit Thread" daemon [_thread_in_native, id=775, stack(0x00007fff503dd000,0x00007fff50bdd000)]
  0x00007fc249071800 JavaThread "Service Thread" daemon [_thread_blocked, id=18691, stack(0x00007000040d9000,0x00007000041d9000)]
  0x00007fc249810000 JavaThread "C1 CompilerThread2" daemon [_thread_blocked, id=18179, stack(0x0000700003fd6000,0x00007000040d6000)]
  0x00007fc24a85a000 JavaThread "C2 CompilerThread1" daemon [_thread_blocked, id=17667, stack(0x0000700003ed3000,0x0000700003fd3000)]
  0x00007fc24902e000 JavaThread "C2 CompilerThread0" daemon [_thread_blocked, id=17155, stack(0x0000700003dd0000,0x0000700003ed0000)]
  0x00007fc24a858800 JavaThread "Signal Dispatcher" daemon [_thread_blocked, id=16643, stack(0x0000700003ccd000,0x0000700003dcd000)]
  0x00007fc249029000 JavaThread "Finalizer" daemon [_thread_blocked, id=12547, stack(0x0000700003bca000,0x0000700003cca000)]
  0x00007fc249022800 JavaThread "Reference Handler" daemon [_thread_blocked, id=12035, stack(0x0000700003ac7000,0x0000700003bc7000)]
  0x00007fc24a002800 JavaThread "main" [_thread_in_native, id=7171, stack(0x00007000034b5000,0x00007000035b5000)]

Other Threads:
  0x00007fc24981e000 VMThread [stack: 0x00007000039c4000,0x0000700003ac4000] [id=11523]
  0x00007fc249082800 WatcherThread [stack: 0x00007000041dc000,0x00007000042dc000] [id=19203]

VM state:not at safepoint (normal execution)

VM Mutex/Monitor currently owned by a thread: None

Heap:
 PSYoungGen      total 38400K, used 7622K [0x0000000795580000, 0x0000000798000000, 0x00000007c0000000)
  eden space 33280K, 7% used [0x0000000795580000,0x00000007957f9190,0x0000000797600000)
  from space 5120K, 99% used [0x0000000797600000,0x0000000797af8900,0x0000000797b00000)
  to   space 5120K, 0% used [0x0000000797b00000,0x0000000797b00000,0x0000000798000000)
 ParOldGen       total 87552K, used 2779K [0x0000000740000000, 0x0000000745580000, 0x0000000795580000)
  object space 87552K, 3% used [0x0000000740000000,0x00000007402b6e20,0x0000000745580000)
 Metaspace       used 7488K, capacity 7679K, committed 7808K, reserved 1056768K
  class space    used 759K, capacity 826K, committed 896K, reserved 1048576K

Card table byte_map: [0x0000000110d67000,0x0000000111168000] byte_map_base: 0x000000010d367000

Marking Bits: (ParMarkBitMap*) 0x00000001102f35d0
 Begin Bits: [0x0000000120ac7000, 0x0000000122ac7000)
 End Bits:   [0x0000000122ac7000, 0x0000000124ac7000)

Polling page: 0x000000010f0e3000

CodeCache: size=245760Kb used=3437Kb max_used=3448Kb free=242322Kb
 bounds [0x0000000111ac7000, 0x0000000111e37000, 0x0000000120ac7000]
 total_blobs=1266 nmethods=872 adapters=308
 compilation: enabled

Compilation events (10 events):
Event: 70.789 Thread 0x00007fc249810000  867       3       java.nio.HeapByteBuffer::getLong (19 bytes)
Event: 70.790 Thread 0x00007fc249810000 nmethod 867 0x0000000111e22290 code [0x0000000111e22440, 0x0000000111e227e8]
Event: 70.790 Thread 0x00007fc249810000  868       3       java.nio.Bits::getLong (18 bytes)
Event: 70.790 Thread 0x00007fc249810000 nmethod 868 0x0000000111e22950 code [0x0000000111e22ac0, 0x0000000111e22cb8]
Event: 70.804 Thread 0x00007fc249810000  869  s    3       org.lwjgl.opengl.MacOSXNativeMouse::mouseMoved (138 bytes)
Event: 70.804 Thread 0x00007fc249810000 nmethod 869 0x0000000111e22d90 code [0x0000000111e22fa0, 0x0000000111e23828]
Event: 70.822 Thread 0x00007fc249810000  870   !   3       org.lwjgl.input.Mouse::getEventButton (17 bytes)
Event: 70.822 Thread 0x00007fc249810000 nmethod 870 0x0000000111e239d0 code [0x0000000111e23b40, 0x0000000111e23db0]
Event: 70.822 Thread 0x00007fc249810000  871   !   3       org.lwjgl.input.Mouse::getEventDWheel (17 bytes)
Event: 70.823 Thread 0x00007fc249810000 nmethod 871 0x0000000111e23e90 code [0x0000000111e24000, 0x0000000111e24270]

GC Heap History (2 events):
Event: 64.903 GC heap before
{Heap before GC invocations=1 (full 0):
 PSYoungGen      total 38400K, used 33280K [0x0000000795580000, 0x0000000798000000, 0x00000007c0000000)
  eden space 33280K, 100% used [0x0000000795580000,0x0000000797600000,0x0000000797600000)
  from space 5120K, 0% used [0x0000000797b00000,0x0000000797b00000,0x0000000798000000)
  to   space 5120K, 0% used [0x0000000797600000,0x0000000797600000,0x0000000797b00000)
 ParOldGen       total 87552K, used 0K [0x0000000740000000, 0x0000000745580000, 0x0000000795580000)
  object space 87552K, 0% used [0x0000000740000000,0x0000000740000000,0x0000000745580000)
 Metaspace       used 7467K, capacity 7615K, committed 7808K, reserved 1056768K
  class space    used 759K, capacity 826K, committed 896K, reserved 1048576K
Event: 64.917 GC heap after
Heap after GC invocations=1 (full 0):
 PSYoungGen      total 38400K, used 5090K [0x0000000795580000, 0x0000000798000000, 0x00000007c0000000)
  eden space 33280K, 0% used [0x0000000795580000,0x0000000795580000,0x0000000797600000)
  from space 5120K, 99% used [0x0000000797600000,0x0000000797af8900,0x0000000797b00000)
  to   space 5120K, 0% used [0x0000000797b00000,0x0000000797b00000,0x0000000798000000)
 ParOldGen       total 87552K, used 2779K [0x0000000740000000, 0x0000000745580000, 0x0000000795580000)
  object space 87552K, 3% used [0x0000000740000000,0x00000007402b6e20,0x0000000745580000)
 Metaspace       used 7467K, capacity 7615K, committed 7808K, reserved 1056768K
  class space    used 759K, capacity 826K, committed 896K, reserved 1048576K
}

Deoptimization events (4 events):
Event: 0.658 Thread 0x00007fc24a002800 Uncommon trap: reason=unstable_if action=reinterpret pc=0x0000000111c71080 method=java.lang.String.replace(CC)Ljava/lang/String; @ 26
Event: 1.325 Thread 0x00007fc24a002800 Uncommon trap: reason=unstable_if action=reinterpret pc=0x0000000111d21368 method=java.lang.String.regionMatches(ZILjava/lang/String;II)Z @ 123
Event: 8.728 Thread 0x00007fc24a950000 Uncommon trap: reason=unstable_if action=reinterpret pc=0x0000000111dfb4d8 method=java.util.HashMap$HashIterator.<init>(Ljava/util/HashMap;)V @ 38
Event: 71.363 Thread 0x00007fc24a002800 Uncommon trap: reason=unstable_if action=reinterpret pc=0x0000000111e139e0 method=org.newdawn.slick.AppGameContainer.gameLoop()V @ 60

Internal exceptions (10 events):
Event: 0.169 Thread 0x00007fc24a002800 Exception <a 'java/security/PrivilegedActionException'> (0x0000000795854d88) thrown at [/Users/java_re/workspace/8-2-build-macosx-x86_64/jdk8u144/9417/hotspot/src/share/vm/prims/jvm.cpp, line 1390]
Event: 0.169 Thread 0x00007fc24a002800 Exception <a 'java/security/PrivilegedActionException'> (0x00000007958582a0) thrown at [/Users/java_re/workspace/8-2-build-macosx-x86_64/jdk8u144/9417/hotspot/src/share/vm/prims/jvm.cpp, line 1390]
Event: 0.169 Thread 0x00007fc24a002800 Exception <a 'java/security/PrivilegedActionException'> (0x00000007958584b0) thrown at [/Users/java_re/workspace/8-2-build-macosx-x86_64/jdk8u144/9417/hotspot/src/share/vm/prims/jvm.cpp, line 1390]
Event: 0.210 Thread 0x00007fc24a002800 Exception <a 'java/lang/NoSuchFieldError': method resolution failed> (0x000000079592c288) thrown at [/Users/java_re/workspace/8-2-build-macosx-x86_64/jdk8u144/9417/hotspot/src/share/vm/prims/methodHandles.cpp, line 1146]
Event: 0.212 Thread 0x00007fc24a002800 Exception <a 'java/lang/NoSuchFieldError': method resolution failed> (0x00000007959399d8) thrown at [/Users/java_re/workspace/8-2-build-macosx-x86_64/jdk8u144/9417/hotspot/src/share/vm/prims/methodHandles.cpp, line 1146]
Event: 0.437 Thread 0x00007fc24a002800 Exception <a 'java/io/FileNotFoundException'> (0x00000007959b4508) thrown at [/Users/java_re/workspace/8-2-build-macosx-x86_64/jdk8u144/9417/hotspot/src/share/vm/prims/jni.cpp, line 709]
Event: 0.437 Thread 0x00007fc24a002800 Exception <a 'java/io/FileNotFoundException'> (0x00000007959b50e8) thrown at [/Users/java_re/workspace/8-2-build-macosx-x86_64/jdk8u144/9417/hotspot/src/share/vm/prims/jni.cpp, line 709]
Event: 2.503 Thread 0x00007fc24a002800 Exception <a 'java/lang/NullPointerException'> (0x0000000796a61f98) thrown at [/Users/java_re/workspace/8-2-build-macosx-x86_64/jdk8u144/9417/hotspot/src/share/vm/interpreter/linkResolver.cpp, line 1197]
Event: 3.085 Thread 0x00007fc24a002800 Exception <a 'java/lang/NullPointerException'> (0x0000000796a66cb8) thrown at [/Users/java_re/workspace/8-2-build-macosx-x86_64/jdk8u144/9417/hotspot/src/share/vm/interpreter/linkResolver.cpp, line 1197]
Event: 8.728 Thread 0x00007fc24a950000 Implicit null exception at 0x0000000111dfb303 to 0x0000000111dfb4c1

Events (10 events):
Event: 67.909 Thread 0x00007fc249968000 Thread added: 0x00007fc249968000
Event: 69.248 Executing VM operation: RevokeBias
Event: 69.248 Executing VM operation: RevokeBias done
Event: 69.248 Thread 0x00007fc249968000 Thread exited: 0x00007fc249968000
Event: 69.266 Thread 0x00007fc24a9ac800 Thread added: 0x00007fc24a9ac800
Event: 71.363 Thread 0x00007fc24a002800 Uncommon trap: trap_request=0xffffff65 fr.pc=0x0000000111e139e0
Event: 71.363 Thread 0x00007fc24a002800 DEOPT PACKING pc=0x0000000111e139e0 sp=0x00007000035b4840
Event: 71.363 Thread 0x00007fc24a002800 DEOPT UNPACKING pc=0x0000000111acc229 sp=0x00007000035b4808 mode 2
Event: 71.366 loading class org/lwjgl/opengl/CallbackUtil
Event: 71.366 loading class org/lwjgl/opengl/CallbackUtil done


Dynamic libraries:
0x0000000046177000 	/System/Library/Frameworks/Cocoa.framework/Versions/A/Cocoa
0x0000000046177000 	/System/Library/Frameworks/Security.framework/Versions/A/Security
0x0000000046177000 	/System/Library/Frameworks/ApplicationServices.framework/Versions/A/ApplicationServices
0x0000000046177000 	/usr/lib/libz.1.dylib
0x0000000046177000 	/usr/lib/libSystem.B.dylib
0x0000000046177000 	/usr/lib/libobjc.A.dylib
0x0000000046177000 	/System/Library/Frameworks/CoreFoundation.framework/Versions/A/CoreFoundation
0x0000000046177000 	/System/Library/Frameworks/Foundation.framework/Versions/C/Foundation
0x0000000046177000 	/System/Library/Frameworks/AppKit.framework/Versions/C/AppKit
0x0000000046177000 	/System/Library/Frameworks/CoreData.framework/Versions/A/CoreData
0x0000000046177000 	/System/Library/PrivateFrameworks/RemoteViewServices.framework/Versions/A/RemoteViewServices
0x0000000046177000 	/System/Library/PrivateFrameworks/UIFoundation.framework/Versions/A/UIFoundation
0x0000000046177000 	/System/Library/PrivateFrameworks/DFRFoundation.framework/Versions/A/DFRFoundation
0x0000000046177000 	/usr/lib/libenergytrace.dylib
0x0000000046177000 	/System/Library/PrivateFrameworks/SkyLight.framework/Versions/A/SkyLight
0x0000000046177000 	/System/Library/Frameworks/CoreGraphics.framework/Versions/A/CoreGraphics
0x0000000046177000 	/usr/lib/libScreenReader.dylib
0x0000000046177000 	/System/Library/Frameworks/Accelerate.framework/Versions/A/Accelerate
0x0000000046177000 	/System/Library/Frameworks/IOSurface.framework/Versions/A/IOSurface
0x0000000046177000 	/System/Library/Frameworks/AudioToolbox.framework/Versions/A/AudioToolbox
0x0000000046177000 	/System/Library/Frameworks/AudioUnit.framework/Versions/A/AudioUnit
0x0000000046177000 	/System/Library/PrivateFrameworks/DataDetectorsCore.framework/Versions/A/DataDetectorsCore
0x0000000046177000 	/System/Library/PrivateFrameworks/DesktopServicesPriv.framework/Versions/A/DesktopServicesPriv
0x0000000046177000 	/System/Library/Frameworks/Carbon.framework/Versions/A/Frameworks/HIToolbox.framework/Versions/A/HIToolbox
0x0000000046177000 	/usr/lib/libicucore.A.dylib
0x0000000046177000 	/System/Library/Frameworks/QuartzCore.framework/Versions/A/QuartzCore
0x0000000046177000 	/System/Library/Frameworks/Carbon.framework/Versions/A/Frameworks/SpeechRecognition.framework/Versions/A/SpeechRecognition
0x0000000046177000 	/usr/lib/libauto.dylib
0x0000000046177000 	/usr/lib/libxml2.2.dylib
0x0000000046177000 	/System/Library/PrivateFrameworks/CoreUI.framework/Versions/A/CoreUI
0x0000000046177000 	/System/Library/Frameworks/CoreAudio.framework/Versions/A/CoreAudio
0x0000000046177000 	/System/Library/Frameworks/DiskArbitration.framework/Versions/A/DiskArbitration
0x0000000046177000 	/usr/lib/liblangid.dylib
0x0000000046177000 	/System/Library/PrivateFrameworks/MultitouchSupport.framework/Versions/A/MultitouchSupport
0x0000000046177000 	/System/Library/Frameworks/IOKit.framework/Versions/A/IOKit
0x0000000046177000 	/usr/lib/libDiagnosticMessagesClient.dylib
0x0000000046177000 	/System/Library/Frameworks/CoreServices.framework/Versions/A/CoreServices
0x0000000046177000 	/System/Library/PrivateFrameworks/PerformanceAnalysis.framework/Versions/A/PerformanceAnalysis
0x0000000046177000 	/System/Library/PrivateFrameworks/GenerationalStorage.framework/Versions/A/GenerationalStorage
0x0000000046177000 	/System/Library/Frameworks/OpenGL.framework/Versions/A/OpenGL
0x0000000046177000 	/System/Library/Frameworks/CoreImage.framework/Versions/A/CoreImage
0x0000000046177000 	/System/Library/Frameworks/CoreText.framework/Versions/A/CoreText
0x0000000046177000 	/System/Library/Frameworks/ImageIO.framework/Versions/A/ImageIO
0x0000000046177000 	/System/Library/PrivateFrameworks/Backup.framework/Versions/A/Backup
0x0000000046177000 	/usr/lib/libarchive.2.dylib
0x0000000046177000 	/System/Library/Frameworks/CFNetwork.framework/Versions/A/CFNetwork
0x0000000046177000 	/System/Library/Frameworks/SystemConfiguration.framework/Versions/A/SystemConfiguration
0x0000000046177000 	/usr/lib/libCRFSuite.dylib
0x0000000046177000 	/usr/lib/libc++.1.dylib
0x0000000046177000 	/usr/lib/libc++abi.dylib
0x0000000046177000 	/usr/lib/system/libcache.dylib
0x0000000046177000 	/usr/lib/system/libcommonCrypto.dylib
0x0000000046177000 	/usr/lib/system/libcompiler_rt.dylib
0x0000000046177000 	/usr/lib/system/libcopyfile.dylib
0x0000000046177000 	/usr/lib/system/libcorecrypto.dylib
0x0000000046177000 	/usr/lib/system/libdispatch.dylib
0x0000000046177000 	/usr/lib/system/libdyld.dylib
0x0000000046177000 	/usr/lib/system/libkeymgr.dylib
0x0000000046177000 	/usr/lib/system/liblaunch.dylib
0x0000000046177000 	/usr/lib/system/libmacho.dylib
0x0000000046177000 	/usr/lib/system/libquarantine.dylib
0x0000000046177000 	/usr/lib/system/libremovefile.dylib
0x0000000046177000 	/usr/lib/system/libsystem_asl.dylib
0x0000000046177000 	/usr/lib/system/libsystem_blocks.dylib
0x0000000046177000 	/usr/lib/system/libsystem_c.dylib
0x0000000046177000 	/usr/lib/system/libsystem_configuration.dylib
0x0000000046177000 	/usr/lib/system/libsystem_coreservices.dylib
0x0000000046177000 	/usr/lib/system/libsystem_coretls.dylib
0x0000000046177000 	/usr/lib/system/libsystem_dnssd.dylib
0x0000000046177000 	/usr/lib/system/libsystem_info.dylib
0x0000000046177000 	/usr/lib/system/libsystem_kernel.dylib
0x0000000046177000 	/usr/lib/system/libsystem_m.dylib
0x0000000046177000 	/usr/lib/system/libsystem_malloc.dylib
0x0000000046177000 	/usr/lib/system/libsystem_network.dylib
0x0000000046177000 	/usr/lib/system/libsystem_networkextension.dylib
0x0000000046177000 	/usr/lib/system/libsystem_notify.dylib
0x0000000046177000 	/usr/lib/system/libsystem_platform.dylib
0x0000000046177000 	/usr/lib/system/libsystem_pthread.dylib
0x0000000046177000 	/usr/lib/system/libsystem_sandbox.dylib
0x0000000046177000 	/usr/lib/system/libsystem_secinit.dylib
0x0000000046177000 	/usr/lib/system/libsystem_symptoms.dylib
0x0000000046177000 	/usr/lib/system/libsystem_trace.dylib
0x0000000046177000 	/usr/lib/system/libunwind.dylib
0x0000000046177000 	/usr/lib/system/libxpc.dylib
0x0000000046177000 	/usr/lib/libbsm.0.dylib
0x0000000046177000 	/usr/lib/system/libkxld.dylib
0x0000000046177000 	/usr/lib/libcoretls.dylib
0x0000000046177000 	/usr/lib/libcoretls_cfhelpers.dylib
0x0000000046177000 	/usr/lib/libOpenScriptingUtil.dylib
0x0000000046177000 	/usr/lib/libpam.2.dylib
0x0000000046177000 	/usr/lib/libsqlite3.dylib
0x0000000046177000 	/usr/lib/libxar.1.dylib
0x0000000046177000 	/usr/lib/libbz2.1.0.dylib
0x0000000046177000 	/usr/lib/liblzma.5.dylib
0x0000000046177000 	/usr/lib/libnetwork.dylib
0x0000000046177000 	/usr/lib/libpcap.A.dylib
0x0000000046177000 	/System/Library/Frameworks/CoreServices.framework/Versions/A/Frameworks/FSEvents.framework/Versions/A/FSEvents
0x0000000046177000 	/System/Library/Frameworks/CoreServices.framework/Versions/A/Frameworks/CarbonCore.framework/Versions/A/CarbonCore
0x0000000046177000 	/System/Library/Frameworks/CoreServices.framework/Versions/A/Frameworks/Metadata.framework/Versions/A/Metadata
0x0000000046177000 	/System/Library/Frameworks/CoreServices.framework/Versions/A/Frameworks/OSServices.framework/Versions/A/OSServices
0x0000000046177000 	/System/Library/Frameworks/CoreServices.framework/Versions/A/Frameworks/SearchKit.framework/Versions/A/SearchKit
0x0000000046177000 	/System/Library/Frameworks/CoreServices.framework/Versions/A/Frameworks/AE.framework/Versions/A/AE
0x0000000046177000 	/System/Library/Frameworks/CoreServices.framework/Versions/A/Frameworks/LaunchServices.framework/Versions/A/LaunchServices
0x0000000046177000 	/System/Library/Frameworks/CoreServices.framework/Versions/A/Frameworks/DictionaryServices.framework/Versions/A/DictionaryServices
0x0000000046177000 	/System/Library/Frameworks/CoreServices.framework/Versions/A/Frameworks/SharedFileList.framework/Versions/A/SharedFileList
0x0000000046177000 	/System/Library/Frameworks/NetFS.framework/Versions/A/NetFS
0x0000000046177000 	/System/Library/PrivateFrameworks/NetAuth.framework/Versions/A/NetAuth
0x0000000046177000 	/System/Library/PrivateFrameworks/login.framework/Versions/A/Frameworks/loginsupport.framework/Versions/A/loginsupport
0x0000000046177000 	/System/Library/PrivateFrameworks/TCC.framework/Versions/A/TCC
0x0000000046177000 	/usr/lib/libmecabra.dylib
0x0000000046177000 	/System/Library/Frameworks/ApplicationServices.framework/Versions/A/Frameworks/ATS.framework/Versions/A/ATS
0x0000000046177000 	/System/Library/Frameworks/ApplicationServices.framework/Versions/A/Frameworks/ColorSync.framework/Versions/A/ColorSync
0x0000000046177000 	/System/Library/Frameworks/ApplicationServices.framework/Versions/A/Frameworks/HIServices.framework/Versions/A/HIServices
0x0000000046177000 	/System/Library/Frameworks/ApplicationServices.framework/Versions/A/Frameworks/LangAnalysis.framework/Versions/A/LangAnalysis
0x0000000046177000 	/System/Library/Frameworks/ApplicationServices.framework/Versions/A/Frameworks/PrintCore.framework/Versions/A/PrintCore
0x0000000046177000 	/System/Library/Frameworks/ApplicationServices.framework/Versions/A/Frameworks/QD.framework/Versions/A/QD
0x0000000046177000 	/System/Library/Frameworks/ApplicationServices.framework/Versions/A/Frameworks/SpeechSynthesis.framework/Versions/A/SpeechSynthesis
0x0000000046177000 	/System/Library/Frameworks/Accelerate.framework/Versions/A/Frameworks/vImage.framework/Versions/A/vImage
0x0000000046177000 	/System/Library/Frameworks/Accelerate.framework/Versions/A/Frameworks/vecLib.framework/Versions/A/vecLib
0x0000000046177000 	/System/Library/Frameworks/Accelerate.framework/Versions/A/Frameworks/vecLib.framework/Versions/A/libvDSP.dylib
0x0000000046177000 	/System/Library/Frameworks/Accelerate.framework/Versions/A/Frameworks/vecLib.framework/Versions/A/libBNNS.dylib
0x0000000046177000 	/System/Library/Frameworks/Accelerate.framework/Versions/A/Frameworks/vecLib.framework/Versions/A/libQuadrature.dylib
0x0000000046177000 	/System/Library/Frameworks/Accelerate.framework/Versions/A/Frameworks/vecLib.framework/Versions/A/libvMisc.dylib
0x0000000046177000 	/System/Library/Frameworks/Accelerate.framework/Versions/A/Frameworks/vecLib.framework/Versions/A/libLAPACK.dylib
0x0000000046177000 	/System/Library/Frameworks/Accelerate.framework/Versions/A/Frameworks/vecLib.framework/Versions/A/libBLAS.dylib
0x0000000046177000 	/System/Library/Frameworks/Accelerate.framework/Versions/A/Frameworks/vecLib.framework/Versions/A/libLinearAlgebra.dylib
0x0000000046177000 	/System/Library/Frameworks/Accelerate.framework/Versions/A/Frameworks/vecLib.framework/Versions/A/libSparseBLAS.dylib
0x0000000046177000 	/System/Library/Frameworks/ApplicationServices.framework/Versions/A/Frameworks/ATS.framework/Versions/A/Resources/libFontParser.dylib
0x0000000046177000 	/System/Library/Frameworks/ApplicationServices.framework/Versions/A/Frameworks/ATS.framework/Versions/A/Resources/libFontRegistry.dylib
0x0000000046177000 	/System/Library/Frameworks/ImageIO.framework/Versions/A/Resources/libJPEG.dylib
0x0000000046177000 	/System/Library/Frameworks/ImageIO.framework/Versions/A/Resources/libTIFF.dylib
0x0000000046177000 	/System/Library/Frameworks/ImageIO.framework/Versions/A/Resources/libPng.dylib
0x0000000046177000 	/System/Library/Frameworks/ImageIO.framework/Versions/A/Resources/libGIF.dylib
0x0000000046177000 	/System/Library/Frameworks/ImageIO.framework/Versions/A/Resources/libJP2.dylib
0x0000000046177000 	/System/Library/Frameworks/ImageIO.framework/Versions/A/Resources/libRadiance.dylib
0x0000000046177000 	/usr/lib/libcompression.dylib
0x0000000046177000 	/System/Library/PrivateFrameworks/AppleJPEG.framework/Versions/A/AppleJPEG
0x0000000046177000 	/usr/lib/libcups.2.dylib
0x0000000046177000 	/System/Library/Frameworks/Kerberos.framework/Versions/A/Kerberos
0x0000000046177000 	/System/Library/Frameworks/GSS.framework/Versions/A/GSS
0x0000000046177000 	/usr/lib/libresolv.9.dylib
0x0000000046177000 	/usr/lib/libiconv.2.dylib
0x0000000046177000 	/System/Library/PrivateFrameworks/Heimdal.framework/Versions/A/Heimdal
0x0000000046177000 	/usr/lib/libheimdal-asn1.dylib
0x0000000046177000 	/System/Library/Frameworks/OpenDirectory.framework/Versions/A/OpenDirectory
0x0000000046177000 	/System/Library/PrivateFrameworks/CommonAuth.framework/Versions/A/CommonAuth
0x0000000046177000 	/System/Library/Frameworks/OpenDirectory.framework/Versions/A/Frameworks/CFOpenDirectory.framework/Versions/A/CFOpenDirectory
0x0000000046177000 	/System/Library/Frameworks/SecurityFoundation.framework/Versions/A/SecurityFoundation
0x0000000046177000 	/System/Library/PrivateFrameworks/LanguageModeling.framework/Versions/A/LanguageModeling
0x0000000046177000 	/usr/lib/libmarisa.dylib
0x0000000046177000 	/usr/lib/libChineseTokenizer.dylib
0x0000000046177000 	/usr/lib/libcmph.dylib
0x0000000046177000 	/System/Library/PrivateFrameworks/CoreEmoji.framework/Versions/A/CoreEmoji
0x0000000046177000 	/System/Library/Frameworks/ServiceManagement.framework/Versions/A/ServiceManagement
0x0000000046177000 	/usr/lib/libxslt.1.dylib
0x0000000046177000 	/System/Library/Frameworks/Carbon.framework/Versions/A/Frameworks/Ink.framework/Versions/A/Ink
0x0000000046177000 	/System/Library/PrivateFrameworks/TextureIO.framework/Versions/A/TextureIO
0x0000000046177000 	/System/Library/Frameworks/Metal.framework/Versions/A/Metal
0x0000000046177000 	/usr/lib/libate.dylib
0x0000000046177000 	/System/Library/PrivateFrameworks/GPUCompiler.framework/libmetal_timestamp.dylib
0x0000000046177000 	/System/Library/Frameworks/OpenGL.framework/Versions/A/Libraries/libCoreFSCache.dylib
0x0000000046177000 	/System/Library/PrivateFrameworks/IOAccelerator.framework/Versions/A/IOAccelerator
0x0000000046177000 	/System/Library/Frameworks/CoreVideo.framework/Versions/A/CoreVideo
0x0000000046177000 	/usr/lib/libFosl_dynamic.dylib
0x0000000046177000 	/System/Library/PrivateFrameworks/MetalPerformanceShaders.framework/Versions/A/MetalPerformanceShaders
0x0000000046177000 	/System/Library/PrivateFrameworks/FaceCore.framework/Versions/A/FaceCore
0x0000000046177000 	/System/Library/Frameworks/OpenCL.framework/Versions/A/OpenCL
0x0000000046177000 	/System/Library/Frameworks/OpenGL.framework/Versions/A/Libraries/libGLU.dylib
0x0000000046177000 	/System/Library/Frameworks/OpenGL.framework/Versions/A/Libraries/libGFXShared.dylib
0x0000000046177000 	/System/Library/Frameworks/OpenGL.framework/Versions/A/Libraries/libGL.dylib
0x0000000046177000 	/System/Library/Frameworks/OpenGL.framework/Versions/A/Libraries/libGLImage.dylib
0x0000000046177000 	/System/Library/Frameworks/OpenGL.framework/Versions/A/Libraries/libCVMSPluginSupport.dylib
0x0000000046177000 	/System/Library/Frameworks/OpenGL.framework/Versions/A/Libraries/libCoreVMClient.dylib
0x0000000046177000 	/System/Library/PrivateFrameworks/CrashReporterSupport.framework/Versions/A/CrashReporterSupport
0x0000000046177000 	/System/Library/PrivateFrameworks/Sharing.framework/Versions/A/Sharing
0x0000000046177000 	/System/Library/PrivateFrameworks/IconServices.framework/Versions/A/IconServices
0x0000000046177000 	/System/Library/PrivateFrameworks/ProtocolBuffer.framework/Versions/A/ProtocolBuffer
0x0000000046177000 	/System/Library/PrivateFrameworks/Apple80211.framework/Versions/A/Apple80211
0x0000000046177000 	/System/Library/Frameworks/CoreWLAN.framework/Versions/A/CoreWLAN
0x0000000046177000 	/System/Library/PrivateFrameworks/CoreUtils.framework/Versions/A/CoreUtils
0x0000000046177000 	/System/Library/Frameworks/IOBluetooth.framework/Versions/A/IOBluetooth
0x0000000046177000 	/System/Library/PrivateFrameworks/CoreWiFi.framework/Versions/A/CoreWiFi
0x0000000046177000 	/System/Library/Frameworks/CoreBluetooth.framework/Versions/A/CoreBluetooth
0x0000000046177000 	/System/Library/Frameworks/CoreDisplay.framework/Versions/A/CoreDisplay
0x0000000046177000 	/System/Library/PrivateFrameworks/IOPresentment.framework/Versions/A/IOPresentment
0x0000000046177000 	/System/Library/PrivateFrameworks/DSExternalDisplay.framework/Versions/A/DSExternalDisplay
0x0000000046177000 	/System/Library/PrivateFrameworks/DebugSymbols.framework/Versions/A/DebugSymbols
0x0000000046177000 	/System/Library/PrivateFrameworks/CoreSymbolication.framework/Versions/A/CoreSymbolication
0x0000000046177000 	/System/Library/PrivateFrameworks/Symbolication.framework/Versions/A/Symbolication
0x0000000046177000 	/System/Library/PrivateFrameworks/AppleFSCompression.framework/Versions/A/AppleFSCompression
0x0000000046177000 	/System/Library/PrivateFrameworks/SpeechRecognitionCore.framework/Versions/A/SpeechRecognitionCore
0x0000000046177000 	/System/Library/PrivateFrameworks/ChunkingLibrary.framework/Versions/A/ChunkingLibrary
0x000000010fa00000 	/Library/Java/JavaVirtualMachines/jdk1.8.0_144.jdk/Contents/Home/jre/lib/server/libjvm.dylib
0x0000000046177000 	/usr/lib/libstdc++.6.dylib
0x000000010f0a0000 	/Library/Java/JavaVirtualMachines/jdk1.8.0_144.jdk/Contents/Home/jre/lib/libverify.dylib
0x000000010f0ae000 	/Library/Java/JavaVirtualMachines/jdk1.8.0_144.jdk/Contents/Home/jre/lib/libjava.dylib
0x000000010f0ed000 	/Library/Java/JavaVirtualMachines/jdk1.8.0_144.jdk/Contents/Home/jre/lib/libzip.dylib
0x00000001262ad000 	/System/Library/Frameworks/JavaVM.framework/Frameworks/JavaRuntimeSupport.framework/JavaRuntimeSupport
0x00000001262c7000 	/System/Library/Frameworks/JavaVM.framework/Versions/A/Frameworks/JavaNativeFoundation.framework/Versions/A/JavaNativeFoundation
0x000000010f1f3000 	/System/Library/Frameworks/JavaVM.framework/Versions/A/JavaVM
0x0000000046177000 	/System/Library/Frameworks/Carbon.framework/Versions/A/Carbon
0x0000000111a29000 	/System/Library/PrivateFrameworks/JavaLaunching.framework/Versions/A/JavaLaunching
0x0000000046177000 	/System/Library/Frameworks/Carbon.framework/Versions/A/Frameworks/CommonPanels.framework/Versions/A/CommonPanels
0x0000000046177000 	/System/Library/Frameworks/Carbon.framework/Versions/A/Frameworks/Help.framework/Versions/A/Help
0x0000000046177000 	/System/Library/Frameworks/Carbon.framework/Versions/A/Frameworks/ImageCapture.framework/Versions/A/ImageCapture
0x0000000046177000 	/System/Library/Frameworks/Carbon.framework/Versions/A/Frameworks/OpenScripting.framework/Versions/A/OpenScripting
0x0000000046177000 	/System/Library/Frameworks/Carbon.framework/Versions/A/Frameworks/Print.framework/Versions/A/Print
0x0000000046177000 	/System/Library/Frameworks/Carbon.framework/Versions/A/Frameworks/SecurityHI.framework/Versions/A/SecurityHI
0x0000000127c35000 	/Library/Java/JavaVirtualMachines/jdk1.8.0_144.jdk/Contents/Home/jre/lib/libawt.dylib
0x0000000127cdd000 	/Library/Java/JavaVirtualMachines/jdk1.8.0_144.jdk/Contents/Home/jre/lib/./libmlib_image.dylib
0x0000000127da9000 	/Library/Java/JavaVirtualMachines/jdk1.8.0_144.jdk/Contents/Home/jre/lib/libawt_lwawt.dylib
0x0000000127e60000 	/Library/Java/JavaVirtualMachines/jdk1.8.0_144.jdk/Contents/Home/jre/lib/./libosxapp.dylib
0x0000000046177000 	/System/Library/Frameworks/ExceptionHandling.framework/Versions/A/ExceptionHandling
0x0000000046177000 	/System/Library/PrivateFrameworks/CoreServicesInternal.framework/Versions/A/CoreServicesInternal
0x0000000046177000 	/System/Library/CoreServices/RawCamera.bundle/Contents/MacOS/RawCamera
0x0000000046177000 	/System/Library/Frameworks/Accelerate.framework/Versions/A/Frameworks/vImage.framework/Versions/A/Libraries/libCGInterfaces.dylib
0x0000000046177000 	/System/Library/Frameworks/ApplicationServices.framework/Versions/A/Frameworks/ATS.framework/Versions/A/Resources/libTrueTypeScaler.dylib
0x0000000129f34000 	/System/Library/Frameworks/OpenGL.framework/Resources/GLEngine.bundle/GLEngine
0x0000000046177000 	/System/Library/Frameworks/OpenGL.framework/Versions/A/Libraries/libGLProgrammability.dylib
0x000000012a119000 	/System/Library/Extensions/AppleIntelKBLGraphicsGLDriver.bundle/Contents/MacOS/AppleIntelKBLGraphicsGLDriver
0x0000000046177000 	/System/Library/PrivateFrameworks/GPUSupport.framework/Versions/A/Libraries/libGPUSupportMercury.dylib
0x000000012ae9c000 	/System/Library/Frameworks/OpenGL.framework/Resources//GLRendererFloat.bundle/GLRendererFloat
0x0000000046177000 	/System/Library/Frameworks/OpenCL.framework/Versions/A/Libraries/libcldcpuengine.dylib
0x0000000046177000 	/usr/lib/libcrypto.0.9.8.dylib
0x0000000046177000 	/System/Library/PrivateFrameworks/TrustEvaluationAgent.framework/Versions/A/TrustEvaluationAgent
0x000000012aed0000 	/System/Library/Extensions/AppleIntelKBLGraphicsMTLDriver.bundle/Contents/MacOS/AppleIntelKBLGraphicsMTLDriver
0x0000000046177000 	/System/Library/PrivateFrameworks/FamilyControls.framework/Versions/A/FamilyControls
0x0000000046177000 	/System/Library/PrivateFrameworks/CommerceKit.framework/Versions/A/Frameworks/CommerceCore.framework/Versions/A/CommerceCore
0x0000000046177000 	/System/Library/PrivateFrameworks/SystemAdministration.framework/Versions/A/SystemAdministration
0x0000000046177000 	/System/Library/PrivateFrameworks/AppContainer.framework/Versions/A/AppContainer
0x0000000046177000 	/System/Library/PrivateFrameworks/SecCodeWrapper.framework/Versions/A/SecCodeWrapper
0x0000000046177000 	/System/Library/Frameworks/DirectoryService.framework/Versions/A/DirectoryService
0x0000000046177000 	/System/Library/PrivateFrameworks/DiskImages.framework/Versions/A/DiskImages
0x0000000046177000 	/System/Library/PrivateFrameworks/LoginUIKit.framework/Versions/A/Frameworks/LoginUICore.framework/Versions/A/LoginUICore
0x0000000046177000 	/usr/lib/libCoreStorage.dylib
0x0000000046177000 	/usr/lib/libcsfde.dylib
0x0000000046177000 	/usr/lib/libodfde.dylib
0x0000000046177000 	/System/Library/Frameworks/DiscRecording.framework/Versions/A/DiscRecording
0x0000000046177000 	/usr/lib/libcurl.4.dylib
0x0000000046177000 	/System/Library/PrivateFrameworks/MediaKit.framework/Versions/A/MediaKit
0x0000000046177000 	/System/Library/PrivateFrameworks/ProtectedCloudStorage.framework/Versions/A/ProtectedCloudStorage
0x0000000046177000 	/System/Library/PrivateFrameworks/EFILogin.framework/Versions/A/EFILogin
0x0000000046177000 	/usr/lib/libutil.dylib
0x0000000046177000 	/System/Library/Frameworks/LDAP.framework/Versions/A/LDAP
0x0000000046177000 	/usr/lib/libsasl2.2.dylib
0x0000000046177000 	/System/Library/PrivateFrameworks/CoreDaemon.framework/Versions/B/CoreDaemon
0x0000000046177000 	/System/Library/PrivateFrameworks/AppleSRP.framework/Versions/A/AppleSRP
0x0000000046177000 	/System/Library/PrivateFrameworks/APFS.framework/Versions/A/APFS
0x000000012c5e3000 	/Library/Java/JavaVirtualMachines/jdk1.8.0_144.jdk/Contents/Home/jre/lib/libfontmanager.dylib
0x000000012c64a000 	/Users/constantinoskavadias/Google Drive/University/Third Year/Semester2/SWEN20003/Project2/lib/liblwjgl.dylib
0x00000001284de000 	/Library/Java/JavaVirtualMachines/jdk1.8.0_144.jdk/Contents/Home/jre/lib/libjawt.dylib
0x000000012b0d2000 	/Users/constantinoskavadias/Google Drive/University/Third Year/Semester2/SWEN20003/Project2/lib/libjinput-osx.dylib
0x000000012eddd000 	/System/Library/Extensions/IOHIDFamily.kext/Contents/PlugIns/IOHIDLib.plugin/Contents/MacOS/IOHIDLib
0x0000000046177000 	/System/Library/PrivateFrameworks/ViewBridge.framework/Versions/A/ViewBridge
0x0000000046177000 	/System/Library/PrivateFrameworks/XPCService.framework/Versions/A/XPCService
0x0000000046177000 	/System/Library/PrivateFrameworks/AppSandbox.framework/Versions/A/AppSandbox
0x0000000046177000 	/usr/lib/libsandbox.1.dylib
0x0000000046177000 	/usr/lib/libMatch.1.dylib

VM Arguments:
jvm_args: -Djava.library.path=/Users/constantinoskavadias/Google Drive/University/Third Year/Semester2/SWEN20003/Project2/lib -Dfile.encoding=UTF-8 
java_command: App
java_class_path (initial): /Users/constantinoskavadias/Google Drive/University/Third Year/Semester2/SWEN20003/Project2/bin:/Users/constantinoskavadias/Google Drive/University/Third Year/Semester2/SWEN20003/Project2/lib/jinput.jar:/Users/constantinoskavadias/Google Drive/University/Third Year/Semester2/SWEN20003/Project2/lib/lwjgl.jar:/Users/constantinoskavadias/Google Drive/University/Third Year/Semester2/SWEN20003/Project2/lib/slick.jar
Launcher Type: SUN_STANDARD

Environment Variables:
PATH=/usr/bin:/bin:/usr/sbin:/sbin
SHELL=/bin/bash

Signal Handlers:
SIGSEGV: [libjvm.dylib+0x5b26e5], sa_mask[0]=11111111011111110111111111111111, sa_flags=SA_ONSTACK|SA_RESTART|SA_SIGINFO
SIGBUS: [libjvm.dylib+0x5b26e5], sa_mask[0]=11111111011111110111111111111111, sa_flags=SA_RESTART|SA_SIGINFO
SIGFPE: [libjvm.dylib+0x489100], sa_mask[0]=11111111011111110111111111111111, sa_flags=SA_RESTART|SA_SIGINFO
SIGPIPE: [libjvm.dylib+0x489100], sa_mask[0]=11111111011111110111111111111111, sa_flags=SA_RESTART|SA_SIGINFO
SIGXFSZ: [libjvm.dylib+0x489100], sa_mask[0]=11111111011111110111111111111111, sa_flags=SA_RESTART|SA_SIGINFO
SIGILL: [libjvm.dylib+0x489100], sa_mask[0]=11111111011111110111111111111111, sa_flags=SA_RESTART|SA_SIGINFO
SIGUSR1: SIG_DFL, sa_mask[0]=00000000000000000000000000000000, sa_flags=none
SIGUSR2: [libjvm.dylib+0x488c1e], sa_mask[0]=00100000000000000000000000000000, sa_flags=SA_RESTART|SA_SIGINFO
SIGHUP: [libjvm.dylib+0x4871f5], sa_mask[0]=11111111011111110111111111111111, sa_flags=SA_RESTART|SA_SIGINFO
SIGINT: [libjvm.dylib+0x4871f5], sa_mask[0]=11111111011111110111111111111111, sa_flags=SA_RESTART|SA_SIGINFO
SIGTERM: [libjvm.dylib+0x4871f5], sa_mask[0]=11111111011111110111111111111111, sa_flags=SA_RESTART|SA_SIGINFO
SIGQUIT: [libjvm.dylib+0x4871f5], sa_mask[0]=11111111011111110111111111111111, sa_flags=SA_RESTART|SA_SIGINFO


---------------  S Y S T E M  ---------------

OS:Bsduname:Darwin 16.7.0 Darwin Kernel Version 16.7.0: Thu Jun 15 17:36:27 PDT 2017; root:xnu-3789.70.16~2/RELEASE_X86_64 x86_64
rlimit: STACK 8192k, CORE 0k, NPROC 709, NOFILE 10240, AS infinity
load average:2.05 1.98 1.94

CPU:total 4 (initial active 4) (2 cores per cpu, 2 threads per core) family 6 model 142 stepping 9, cmov, cx8, fxsr, mmx, sse, sse2, sse3, ssse3, sse4.1, sse4.2, popcnt, avx, avx2, aes, clmul, erms, 3dnowpref, lzcnt, ht, tsc, tscinvbit, bmi1, bmi2, adx

Memory: 4k page, physical 8388608k(34684k free)

/proc/meminfo:


vm_info: Java HotSpot(TM) 64-Bit Server VM (25.144-b01) for bsd-amd64 JRE (1.8.0_144-b01), built on Jul 21 2017 22:07:42 by "java_re" with gcc 4.2.1 (Based on Apple Inc. build 5658) (LLVM build 2336.11.00)

time: Wed Sep 20 15:27:18 2017
elapsed time: 71 seconds (0d 0h 1m 11s)

