#
# A fatal error has been detected by the Java Runtime Environment:
#
#  SIGSEGV (0xb) at pc=0x00007fffd5b1dcfa, pid=17810, tid=0x0000000000000307
#
# JRE version: Java(TM) SE Runtime Environment (8.0_144-b01) (build 1.8.0_144-b01)
# Java VM: Java HotSpot(TM) 64-Bit Server VM (25.144-b01 mixed mode bsd-amd64 compressed oops)
# Problematic frame:
# C  [libobjc.A.dylib+0xbcfa]  objc_storeWeak+0x160
#
# Failed to write core dump. Core dumps have been disabled. To enable core dumping, try "ulimit -c unlimited" before starting Java again
#
# If you would like to submit a bug report, please visit:
#   http://bugreport.java.com/bugreport/crash.jsp
# The crash happened outside the Java Virtual Machine in native code.
# See problematic frame for where to report the bug.
#

---------------  T H R E A D  ---------------

Current thread (0x00007fe60a90e000):  JavaThread "AppKit Thread" daemon [_thread_in_native, id=775, stack(0x00007fff5e505000,0x00007fff5ed05000)]

siginfo: si_signo: 11 (SIGSEGV), si_code: 1 (SEGV_MAPERR), si_addr: 0x000007fe60ce2838

Registers:
RAX=0x0000000000000000, RBX=0x00007fffdf276480, RCX=0x0000000000000307, RDX=0x00007ffffffffff8
RSP=0x00007fff5ecff5b0, RBP=0x00007fff5ecff630, RSI=0x000007fe60ce2818, RDI=0x00007fffdf276480
R8 =0x000000000000003f, R9 =0x00007fe60a5af690, R10=0x0000000000000006, R11=0x00007fe60b186460
R12=0x00007fffdf276f00, R13=0x0000000000000000, R14=0x00007fe60a5c82b0, R15=0x0000000000000000
RIP=0x00007fffd5b1dcfa, EFLAGS=0x0000000000010206, ERR=0x0000000000000004
  TRAPNO=0x000000000000000e

Top of Stack: (sp=0x00007fff5ecff5b0)
0x00007fff5ecff5b0:   0000000000000000 00007fe60a5d80b0
0x00007fff5ecff5c0:   ffff8019f5a50970 0000000000000a80
0x00007fff5ecff5d0:   00007fffdf1c0630 0000000000000000
0x00007fff5ecff5e0:   00007fffdf276f00 00007fe60a5c82b0
0x00007fff5ecff5f0:   0000000000000000 00007fe60a5d8130
0x00007fff5ecff600:   0000000000000004 00007fe60a5af690
0x00007fff5ecff610:   0000000000000000 00007fe60a5af690
0x00007fff5ecff620:   00007fe60a5d7f70 00007fe60a5c82b0
0x00007fff5ecff630:   00007fff5ecff670 00007fffc268dacf
0x00007fff5ecff640:   00007fff5ecff670 0000000000000000
0x00007fff5ecff650:   00007fe60a5c82b0 00007fffbf3c2006
0x00007fff5ecff660:   00007fe60a5af690 00007fffd5b19040
0x00007fff5ecff670:   00007fff5ecff6a0 00007fffbea5a6fb
0x00007fff5ecff680:   00007fffd5b19040 00007fff5ecff728
0x00007fff5ecff690:   00007fffbf405759 00007fffd5b19040
0x00007fff5ecff6a0:   00007fff5ecff6e0 00007fffbee27c73
0x00007fff5ecff6b0:   0000000000000000 0000000000000000
0x00007fff5ecff6c0:   0000000000000094 00007fffbf3e817f
0x00007fff5ecff6d0:   00007fff5ecff728 0000000000000001
0x00007fff5ecff6e0:   00007fff5ecff710 00007fffbe8b1d48
0x00007fff5ecff6f0:   0000000000000000 00007fe60a5c82b0
0x00007fff5ecff700:   00007fe60a5af690 0000000000000000
0x00007fff5ecff710:   00007fff5ecff770 00007fffbea5a538
0x00007fff5ecff720:   0000000000000000 00007fffdf309060
0x00007fff5ecff730:   00000000c2000000 00007fffbee27b84
0x00007fff5ecff740:   00007fffdb3d5cf0 0000000000000000
0x00007fff5ecff750:   00007fe60a5c82b0 00007fe60a5af690
0x00007fff5ecff760:   00007fe60a5af690 00007fe60a5c82b0
0x00007fff5ecff770:   00007fff5ecff7a0 000000011e4f6586
0x00007fff5ecff780:   00007fe60a5af690 000000011e52ac60
0x00007fff5ecff790:   00007fe60a7353d0 00007fe60a7353d0
0x00007fff5ecff7a0:   00007fff5ecffd10 00007fffbe8d4e7b 

Instructions: (pc=0x00007fffd5b1dcfa)
0x00007fffd5b1dcda:   49 48 83 7d a8 00 75 08 49 8b 36 48 21 d6 eb 07
0x00007fffd5b1dcea:   48 8b 45 a0 48 8b 30 48 8b 45 c0 48 39 c6 74 2a
0x00007fffd5b1dcfa:   48 8b 46 20 48 89 c1 48 21 d1 48 8b 49 08 f6 01
0x00007fffd5b1dd0a:   01 75 0a 48 8b 06 48 21 d0 48 8b 40 20 48 21 d0 

Register to memory mapping:

RAX=0x0000000000000000 is an unknown value
RBX=0x00007fffdf276480: _ZN12_GLOBAL__N_1L12SideTableBufE+0 in /usr/lib/libobjc.A.dylib at 0x00007fffd5b12000
RCX=0x0000000000000307 is an unknown value
RDX=0x00007ffffffffff8 is an unknown value
RSP=0x00007fff5ecff5b0 is pointing into the stack for thread: 0x00007fe60a90e000
RBP=0x00007fff5ecff630 is pointing into the stack for thread: 0x00007fe60a90e000
RSI=0x000007fe60ce2818 is an unknown value
RDI=0x00007fffdf276480: _ZN12_GLOBAL__N_1L12SideTableBufE+0 in /usr/lib/libobjc.A.dylib at 0x00007fffd5b12000
R8 =0x000000000000003f is an unknown value
R9 =0x00007fe60a5af690 is an unknown value
R10=0x0000000000000006 is an unknown value
R11=0x00007fe60b186460 is an unknown value
R12=0x00007fffdf276f00: _ZN12_GLOBAL__N_1L12SideTableBufE+0xa80 in /usr/lib/libobjc.A.dylib at 0x00007fffd5b12000
R13=0x0000000000000000 is an unknown value
R14=0x00007fe60a5c82b0 is an unknown value
R15=0x0000000000000000 is an unknown value


Stack: [0x00007fff5e505000,0x00007fff5ed05000],  sp=0x00007fff5ecff5b0,  free space=8169k
Native frames: (J=compiled Java code, j=interpreted, Vv=VM code, C=native code)
C  [libobjc.A.dylib+0xbcfa]  objc_storeWeak+0x160
C  [Foundation+0x17acf]  -[NSConcreteMapTable setObject:forKey:]+0x6a
C  [AppKit+0x3226fb]  -[NSView(NSOpenGLContextAssociation) _setOpenGLContext:]+0x9b
C  [AppKit+0x6efc73]  __27-[NSOpenGLContext setView:]_block_invoke+0xef
C  [AppKit+0x179d48]  NSPerformVisuallyAtomicChange+0x93
C  [AppKit+0x322538]  -[NSOpenGLContext setView:]+0x69
C  [liblwjgl.dylib+0xa586]  -[MacOSXOpenGLView lockFocus]+0x76
C  [AppKit+0x19ce7b]  -[NSView _recursiveDisplayRectIfNeededIgnoringOpacity:isVisibleRect:rectIsVisibleRectForView:topView:]+0x6ee
C  [AppKit+0x19d6d1]  -[NSView _recursiveDisplayRectIfNeededIgnoringOpacity:isVisibleRect:rectIsVisibleRectForView:topView:]+0xf44
C  [AppKit+0x19c2af]  -[NSThemeFrame _recursiveDisplayRectIfNeededIgnoringOpacity:isVisibleRect:rectIsVisibleRectForView:topView:]+0x14e
C  [AppKit+0x19a6d8]  -[NSView _displayRectIgnoringOpacity:isVisibleRect:rectIsVisibleRectForView:]+0x994
C  [AppKit+0x195fca]  -[NSView displayIfNeeded]+0x6d4
C  [AppKit+0x1958db]  -[NSWindow displayIfNeeded]+0xe6
C  [AppKit+0x8f5cb4]  ___NSWindowGetDisplayCycleObserver_block_invoke.6228+0x115
C  [AppKit+0x1953b9]  __37+[NSDisplayCycle currentDisplayCycle]_block_invoke+0x1c6
C  [QuartzCore+0x11d06]  _ZN2CA11Transaction19run_commit_handlersE18CATransactionPhase+0x2e
C  [QuartzCore+0x11b8bc]  _ZN2CA7Context18commit_transactionEPNS_11TransactionE+0xa0
C  [QuartzCore+0x107e1]  _ZN2CA11Transaction6commitEv+0x1db
C  [AppKit+0x4788b1]  __37+[NSDisplayCycle currentDisplayCycle]_block_invoke.31+0x143
C  [CoreFoundation+0xa6d37]  __CFRUNLOOP_IS_CALLING_OUT_TO_AN_OBSERVER_CALLBACK_FUNCTION__+0x17
C  [CoreFoundation+0xa6ca7]  __CFRunLoopDoObservers+0x187
C  [CoreFoundation+0x876d9]  __CFRunLoopRun+0x369
C  [CoreFoundation+0x87114]  CFRunLoopRunSpecific+0x1a4
C  [HIToolbox+0x30ebc]  RunCurrentEventLoopInMode+0xf0
C  [HIToolbox+0x30bf9]  ReceiveNextEventCommon+0xb8
C  [HIToolbox+0x30b26]  _BlockUntilNextEventMatchingListInModeWithFilter+0x47
C  [AppKit+0x46a54]  _DPSNextEvent+0x460
C  [AppKit+0x7c27ee]  -[NSApplication(NSEvent) _nextEventMatchingEventMask:untilDate:inMode:dequeue:]+0xaec
C  [libosxapp.dylib+0x23aa]  -[NSApplicationAWT nextEventMatchingMask:untilDate:inMode:dequeue:]+0x7c
C  [AppKit+0x3b3db]  -[NSApplication run]+0x39e
C  [libosxapp.dylib+0x214d]  +[NSApplicationAWT runAWTLoopWithApp:]+0x9c
C  [libawt_lwawt.dylib+0x45edf]  -[AWTStarter starter:]+0x389
C  [Foundation+0x7152a]  __NSThreadPerformPerform+0x146
C  [CoreFoundation+0xa7321]  __CFRUNLOOP_IS_CALLING_OUT_TO_A_SOURCE0_PERFORM_FUNCTION__+0x11
C  [CoreFoundation+0x8821d]  __CFRunLoopDoSources0+0x22d
C  [CoreFoundation+0x87716]  __CFRunLoopRun+0x3a6
C  [CoreFoundation+0x87114]  CFRunLoopRunSpecific+0x1a4
C  [java+0x6465]  CreateExecutionEnvironment+0x367
C  [java+0x218c]  JLI_Launch+0x7a0
C  [java+0x84c2]  main+0x65
C  [java+0x19e4]  start+0x34
C  0x0000000000000006


---------------  P R O C E S S  ---------------

Java Threads: ( => current thread )
  0x00007fe60b9b5800 JavaThread "AWT-Shutdown" [_thread_blocked, id=38711, stack(0x000070000b7de000,0x000070000b8de000)]
=>0x00007fe60a90e000 JavaThread "AppKit Thread" daemon [_thread_in_native, id=775, stack(0x00007fff5e505000,0x00007fff5ed05000)]
  0x00007fe60b031000 JavaThread "Service Thread" daemon [_thread_blocked, id=18691, stack(0x000070000c58b000,0x000070000c68b000)]
  0x00007fe60b82f800 JavaThread "C1 CompilerThread2" daemon [_thread_blocked, id=18179, stack(0x000070000c488000,0x000070000c588000)]
  0x00007fe60b82c800 JavaThread "C2 CompilerThread1" daemon [_thread_blocked, id=17667, stack(0x000070000c385000,0x000070000c485000)]
  0x00007fe60c029000 JavaThread "C2 CompilerThread0" daemon [_thread_blocked, id=17155, stack(0x000070000c282000,0x000070000c382000)]
  0x00007fe60c01d000 JavaThread "Signal Dispatcher" daemon [_thread_blocked, id=16643, stack(0x000070000c17f000,0x000070000c27f000)]
  0x00007fe60b029800 JavaThread "Finalizer" daemon [_thread_blocked, id=12547, stack(0x000070000c07c000,0x000070000c17c000)]
  0x00007fe60a80f000 JavaThread "Reference Handler" daemon [_thread_blocked, id=12035, stack(0x000070000bf79000,0x000070000c079000)]
  0x00007fe60b804800 JavaThread "main" [_thread_in_native, id=7171, stack(0x000070000b967000,0x000070000ba67000)]

Other Threads:
  0x00007fe60a80a800 VMThread [stack: 0x000070000be76000,0x000070000bf76000] [id=11523]
  0x00007fe60b000000 WatcherThread [stack: 0x000070000c68e000,0x000070000c78e000] [id=19203]

VM state:not at safepoint (normal execution)

VM Mutex/Monitor currently owned by a thread: None

Heap:
 PSYoungGen      total 38400K, used 24969K [0x0000000795580000, 0x0000000798000000, 0x00000007c0000000)
  eden space 33280K, 59% used [0x0000000795580000,0x00000007968e45d8,0x0000000797600000)
  from space 5120K, 99% used [0x0000000797600000,0x0000000797afe158,0x0000000797b00000)
  to   space 5120K, 0% used [0x0000000797b00000,0x0000000797b00000,0x0000000798000000)
 ParOldGen       total 87552K, used 3263K [0x0000000740000000, 0x0000000745580000, 0x0000000795580000)
  object space 87552K, 3% used [0x0000000740000000,0x000000074032fde8,0x0000000745580000)
 Metaspace       used 7600K, capacity 7747K, committed 8064K, reserved 1056768K
  class space    used 766K, capacity 826K, committed 896K, reserved 1048576K

Card table byte_map: [0x0000000102b67000,0x0000000102f68000] byte_map_base: 0x00000000ff167000

Marking Bits: (ParMarkBitMap*) 0x00000001020f35d0
 Begin Bits: [0x0000000103213000, 0x0000000105213000)
 End Bits:   [0x0000000105213000, 0x0000000107213000)

Polling page: 0x0000000100fbb000

CodeCache: size=245760Kb used=4063Kb max_used=4074Kb free=241696Kb
 bounds [0x000000010c913000, 0x000000010cd23000, 0x000000011b913000]
 total_blobs=1403 nmethods=1009 adapters=308
 compilation: enabled

Compilation events (10 events):
Event: 228.809 Thread 0x00007fe60b82c800 nmethod 1015 0x000000010cce6550 code [0x000000010cce66a0, 0x000000010cce68b8]
Event: 228.811 Thread 0x00007fe60b82f800 nmethod 1014 0x000000010cd01210 code [0x000000010cd02300, 0x000000010cd0f838]
Event: 228.951 Thread 0x00007fe60b82f800 1016   !   3       org.lwjgl.opengl.Display::update (154 bytes)
Event: 228.952 Thread 0x00007fe60b82f800 nmethod 1016 0x000000010ccdfb90 code [0x000000010ccdfe40, 0x000000010cce0fd8]
Event: 229.098 Thread 0x00007fe60b82f800 1017   !   3       org.lwjgl.opengl.Display::processMessages (44 bytes)
Event: 229.099 Thread 0x00007fe60b82f800 nmethod 1017 0x000000010ccf2e90 code [0x000000010ccf3120, 0x000000010ccf4148]
Event: 229.731 Thread 0x00007fe60b82f800 1019   !   3       org.lwjgl.input.Mouse::isButtonDown (61 bytes)
Event: 229.731 Thread 0x00007fe60b82f800 nmethod 1019 0x000000010ca15bd0 code [0x000000010ca15d80, 0x000000010ca16398]
Event: 229.731 Thread 0x00007fe60b82f800 1020       3       java.nio.DirectByteBuffer::get (16 bytes)
Event: 229.732 Thread 0x00007fe60b82f800 nmethod 1020 0x000000010ca57150 code [0x000000010ca572c0, 0x000000010ca57530]

GC Heap History (2 events):
Event: 59.580 GC heap before
{Heap before GC invocations=1 (full 0):
 PSYoungGen      total 38400K, used 33280K [0x0000000795580000, 0x0000000798000000, 0x00000007c0000000)
  eden space 33280K, 100% used [0x0000000795580000,0x0000000797600000,0x0000000797600000)
  from space 5120K, 0% used [0x0000000797b00000,0x0000000797b00000,0x0000000798000000)
  to   space 5120K, 0% used [0x0000000797600000,0x0000000797600000,0x0000000797b00000)
 ParOldGen       total 87552K, used 0K [0x0000000740000000, 0x0000000745580000, 0x0000000795580000)
  object space 87552K, 0% used [0x0000000740000000,0x0000000740000000,0x0000000745580000)
 Metaspace       used 7568K, capacity 7747K, committed 8064K, reserved 1056768K
  class space    used 765K, capacity 826K, committed 896K, reserved 1048576K
Event: 59.590 GC heap after
Heap after GC invocations=1 (full 0):
 PSYoungGen      total 38400K, used 5112K [0x0000000795580000, 0x0000000798000000, 0x00000007c0000000)
  eden space 33280K, 0% used [0x0000000795580000,0x0000000795580000,0x0000000797600000)
  from space 5120K, 99% used [0x0000000797600000,0x0000000797afe158,0x0000000797b00000)
  to   space 5120K, 0% used [0x0000000797b00000,0x0000000797b00000,0x0000000798000000)
 ParOldGen       total 87552K, used 3263K [0x0000000740000000, 0x0000000745580000, 0x0000000795580000)
  object space 87552K, 3% used [0x0000000740000000,0x000000074032fde8,0x0000000745580000)
 Metaspace       used 7568K, capacity 7747K, committed 8064K, reserved 1056768K
  class space    used 765K, capacity 826K, committed 896K, reserved 1048576K
}

Deoptimization events (10 events):
Event: 23.507 Thread 0x00007fe60b804800 Uncommon trap: reason=unstable_if action=reinterpret pc=0x000000010cc660dc method=GameMap.unitContact(LUnit;)V @ 32
Event: 36.455 Thread 0x00007fe60b804800 Uncommon trap: reason=unstable_if action=reinterpret pc=0x000000010cc983d0 method=Player.update(Lorg/newdawn/slick/Input;FLGameMap;)V @ 60
Event: 50.749 Thread 0x00007fe60b804800 Uncommon trap: reason=unstable_if action=reinterpret pc=0x000000010cc7b134 method=GameMap.putInCell(IILSprite;)V @ 37
Event: 73.270 Thread 0x00007fe60b804800 Uncommon trap: reason=unstable_if action=reinterpret pc=0x000000010cc84c14 method=World.update(Lorg/newdawn/slick/Input;I)V @ 28
Event: 159.942 Thread 0x00007fe60b804800 Uncommon trap: reason=unstable_if action=reinterpret pc=0x000000010cc8a2b0 method=org.lwjgl.input.Mouse.next()Z @ 28
Event: 160.757 Thread 0x00007fe60b804800 Uncommon trap: reason=unstable_if action=reinterpret pc=0x000000010cc9071c method=org.newdawn.slick.GameContainer.updateAndRender(I)V @ 69
Event: 228.576 Thread 0x00007fe60b804800 Uncommon trap: reason=unstable_if action=reinterpret pc=0x000000010ccf98a4 method=org.newdawn.slick.Input.poll(II)V @ 1039
Event: 228.625 Thread 0x00007fe60b804800 Uncommon trap: reason=unstable_if action=reinterpret pc=0x000000010cc7f298 method=org.lwjgl.opengl.MacOSXDisplay.update()V @ 86
Event: 228.911 Thread 0x00007fe60b804800 Uncommon trap: reason=unstable_if action=reinterpret pc=0x000000010cc7814c method=org.lwjgl.opengl.MacOSXDisplay.update()V @ 86
Event: 230.146 Thread 0x00007fe60b804800 Uncommon trap: reason=unstable_if action=reinterpret pc=0x000000010ccf5338 method=org.newdawn.slick.AppGameContainer.gameLoop()V @ 60

Internal exceptions (10 events):
Event: 0.155 Thread 0x00007fe60b804800 Exception <a 'java/security/PrivilegedActionException'> (0x0000000795854bd8) thrown at [/Users/java_re/workspace/8-2-build-macosx-x86_64/jdk8u144/9417/hotspot/src/share/vm/prims/jvm.cpp, line 1390]
Event: 0.155 Thread 0x00007fe60b804800 Exception <a 'java/security/PrivilegedActionException'> (0x0000000795854de8) thrown at [/Users/java_re/workspace/8-2-build-macosx-x86_64/jdk8u144/9417/hotspot/src/share/vm/prims/jvm.cpp, line 1390]
Event: 0.155 Thread 0x00007fe60b804800 Exception <a 'java/security/PrivilegedActionException'> (0x0000000795858300) thrown at [/Users/java_re/workspace/8-2-build-macosx-x86_64/jdk8u144/9417/hotspot/src/share/vm/prims/jvm.cpp, line 1390]
Event: 0.155 Thread 0x00007fe60b804800 Exception <a 'java/security/PrivilegedActionException'> (0x0000000795858510) thrown at [/Users/java_re/workspace/8-2-build-macosx-x86_64/jdk8u144/9417/hotspot/src/share/vm/prims/jvm.cpp, line 1390]
Event: 0.197 Thread 0x00007fe60b804800 Exception <a 'java/lang/NoSuchFieldError': method resolution failed> (0x000000079592c2e8) thrown at [/Users/java_re/workspace/8-2-build-macosx-x86_64/jdk8u144/9417/hotspot/src/share/vm/prims/methodHandles.cpp, line 1146]
Event: 0.199 Thread 0x00007fe60b804800 Exception <a 'java/lang/NoSuchFieldError': method resolution failed> (0x0000000795939a38) thrown at [/Users/java_re/workspace/8-2-build-macosx-x86_64/jdk8u144/9417/hotspot/src/share/vm/prims/methodHandles.cpp, line 1146]
Event: 0.371 Thread 0x00007fe60b804800 Exception <a 'java/io/FileNotFoundException'> (0x00000007959b4568) thrown at [/Users/java_re/workspace/8-2-build-macosx-x86_64/jdk8u144/9417/hotspot/src/share/vm/prims/jni.cpp, line 709]
Event: 0.371 Thread 0x00007fe60b804800 Exception <a 'java/io/FileNotFoundException'> (0x00000007959b5148) thrown at [/Users/java_re/workspace/8-2-build-macosx-x86_64/jdk8u144/9417/hotspot/src/share/vm/prims/jni.cpp, line 709]
Event: 9.046 Thread 0x00007fe60c170800 Implicit null exception at 0x000000010cc63d55 to 0x000000010cc63f55
Event: 11.369 Thread 0x00007fe60c170000 Implicit null exception at 0x000000010cc60803 to 0x000000010cc609c1

Events (10 events):
Event: 228.811 Thread 0x00007fe60b82f800 flushing nmethod 0x000000010ca57350
Event: 228.911 Thread 0x00007fe60b804800 Uncommon trap: trap_request=0xffffff65 fr.pc=0x000000010cc7814c
Event: 228.911 Thread 0x00007fe60b804800 DEOPT PACKING pc=0x000000010cc7814c sp=0x000070000ba667a0
Event: 228.911 Thread 0x00007fe60b804800 DEOPT UNPACKING pc=0x000000010c918229 sp=0x000070000ba66708 mode 2
Event: 228.952 Thread 0x00007fe60b82f800 flushing nmethod 0x000000010ca6a750
Event: 230.146 Thread 0x00007fe60b804800 Uncommon trap: trap_request=0xffffff65 fr.pc=0x000000010ccf5338
Event: 230.146 Thread 0x00007fe60b804800 DEOPT PACKING pc=0x000000010ccf5338 sp=0x000070000ba66890
Event: 230.146 Thread 0x00007fe60b804800 DEOPT UNPACKING pc=0x000000010c918229 sp=0x000070000ba66808 mode 2
Event: 230.162 loading class org/lwjgl/opengl/CallbackUtil
Event: 230.162 loading class org/lwjgl/opengl/CallbackUtil done


Dynamic libraries:
0x000000004b887000 	/System/Library/Frameworks/Cocoa.framework/Versions/A/Cocoa
0x000000004b887000 	/System/Library/Frameworks/Security.framework/Versions/A/Security
0x000000004b887000 	/System/Library/Frameworks/ApplicationServices.framework/Versions/A/ApplicationServices
0x000000004b887000 	/usr/lib/libz.1.dylib
0x000000004b887000 	/usr/lib/libSystem.B.dylib
0x000000004b887000 	/usr/lib/libobjc.A.dylib
0x000000004b887000 	/System/Library/Frameworks/CoreFoundation.framework/Versions/A/CoreFoundation
0x000000004b887000 	/System/Library/Frameworks/Foundation.framework/Versions/C/Foundation
0x000000004b887000 	/System/Library/Frameworks/AppKit.framework/Versions/C/AppKit
0x000000004b887000 	/System/Library/Frameworks/CoreData.framework/Versions/A/CoreData
0x000000004b887000 	/System/Library/PrivateFrameworks/RemoteViewServices.framework/Versions/A/RemoteViewServices
0x000000004b887000 	/System/Library/PrivateFrameworks/UIFoundation.framework/Versions/A/UIFoundation
0x000000004b887000 	/System/Library/PrivateFrameworks/DFRFoundation.framework/Versions/A/DFRFoundation
0x000000004b887000 	/usr/lib/libenergytrace.dylib
0x000000004b887000 	/System/Library/PrivateFrameworks/SkyLight.framework/Versions/A/SkyLight
0x000000004b887000 	/System/Library/Frameworks/CoreGraphics.framework/Versions/A/CoreGraphics
0x000000004b887000 	/usr/lib/libScreenReader.dylib
0x000000004b887000 	/System/Library/Frameworks/Accelerate.framework/Versions/A/Accelerate
0x000000004b887000 	/System/Library/Frameworks/IOSurface.framework/Versions/A/IOSurface
0x000000004b887000 	/System/Library/Frameworks/AudioToolbox.framework/Versions/A/AudioToolbox
0x000000004b887000 	/System/Library/Frameworks/AudioUnit.framework/Versions/A/AudioUnit
0x000000004b887000 	/System/Library/PrivateFrameworks/DataDetectorsCore.framework/Versions/A/DataDetectorsCore
0x000000004b887000 	/System/Library/PrivateFrameworks/DesktopServicesPriv.framework/Versions/A/DesktopServicesPriv
0x000000004b887000 	/System/Library/Frameworks/Carbon.framework/Versions/A/Frameworks/HIToolbox.framework/Versions/A/HIToolbox
0x000000004b887000 	/usr/lib/libicucore.A.dylib
0x000000004b887000 	/System/Library/Frameworks/QuartzCore.framework/Versions/A/QuartzCore
0x000000004b887000 	/System/Library/Frameworks/Carbon.framework/Versions/A/Frameworks/SpeechRecognition.framework/Versions/A/SpeechRecognition
0x000000004b887000 	/usr/lib/libauto.dylib
0x000000004b887000 	/usr/lib/libxml2.2.dylib
0x000000004b887000 	/System/Library/PrivateFrameworks/CoreUI.framework/Versions/A/CoreUI
0x000000004b887000 	/System/Library/Frameworks/CoreAudio.framework/Versions/A/CoreAudio
0x000000004b887000 	/System/Library/Frameworks/DiskArbitration.framework/Versions/A/DiskArbitration
0x000000004b887000 	/usr/lib/liblangid.dylib
0x000000004b887000 	/System/Library/PrivateFrameworks/MultitouchSupport.framework/Versions/A/MultitouchSupport
0x000000004b887000 	/System/Library/Frameworks/IOKit.framework/Versions/A/IOKit
0x000000004b887000 	/usr/lib/libDiagnosticMessagesClient.dylib
0x000000004b887000 	/System/Library/Frameworks/CoreServices.framework/Versions/A/CoreServices
0x000000004b887000 	/System/Library/PrivateFrameworks/PerformanceAnalysis.framework/Versions/A/PerformanceAnalysis
0x000000004b887000 	/System/Library/PrivateFrameworks/GenerationalStorage.framework/Versions/A/GenerationalStorage
0x000000004b887000 	/System/Library/Frameworks/OpenGL.framework/Versions/A/OpenGL
0x000000004b887000 	/System/Library/Frameworks/CoreImage.framework/Versions/A/CoreImage
0x000000004b887000 	/System/Library/Frameworks/CoreText.framework/Versions/A/CoreText
0x000000004b887000 	/System/Library/Frameworks/ImageIO.framework/Versions/A/ImageIO
0x000000004b887000 	/System/Library/PrivateFrameworks/Backup.framework/Versions/A/Backup
0x000000004b887000 	/usr/lib/libarchive.2.dylib
0x000000004b887000 	/System/Library/Frameworks/CFNetwork.framework/Versions/A/CFNetwork
0x000000004b887000 	/System/Library/Frameworks/SystemConfiguration.framework/Versions/A/SystemConfiguration
0x000000004b887000 	/usr/lib/libCRFSuite.dylib
0x000000004b887000 	/usr/lib/libc++.1.dylib
0x000000004b887000 	/usr/lib/libc++abi.dylib
0x000000004b887000 	/usr/lib/system/libcache.dylib
0x000000004b887000 	/usr/lib/system/libcommonCrypto.dylib
0x000000004b887000 	/usr/lib/system/libcompiler_rt.dylib
0x000000004b887000 	/usr/lib/system/libcopyfile.dylib
0x000000004b887000 	/usr/lib/system/libcorecrypto.dylib
0x000000004b887000 	/usr/lib/system/libdispatch.dylib
0x000000004b887000 	/usr/lib/system/libdyld.dylib
0x000000004b887000 	/usr/lib/system/libkeymgr.dylib
0x000000004b887000 	/usr/lib/system/liblaunch.dylib
0x000000004b887000 	/usr/lib/system/libmacho.dylib
0x000000004b887000 	/usr/lib/system/libquarantine.dylib
0x000000004b887000 	/usr/lib/system/libremovefile.dylib
0x000000004b887000 	/usr/lib/system/libsystem_asl.dylib
0x000000004b887000 	/usr/lib/system/libsystem_blocks.dylib
0x000000004b887000 	/usr/lib/system/libsystem_c.dylib
0x000000004b887000 	/usr/lib/system/libsystem_configuration.dylib
0x000000004b887000 	/usr/lib/system/libsystem_coreservices.dylib
0x000000004b887000 	/usr/lib/system/libsystem_coretls.dylib
0x000000004b887000 	/usr/lib/system/libsystem_dnssd.dylib
0x000000004b887000 	/usr/lib/system/libsystem_info.dylib
0x000000004b887000 	/usr/lib/system/libsystem_kernel.dylib
0x000000004b887000 	/usr/lib/system/libsystem_m.dylib
0x000000004b887000 	/usr/lib/system/libsystem_malloc.dylib
0x000000004b887000 	/usr/lib/system/libsystem_network.dylib
0x000000004b887000 	/usr/lib/system/libsystem_networkextension.dylib
0x000000004b887000 	/usr/lib/system/libsystem_notify.dylib
0x000000004b887000 	/usr/lib/system/libsystem_platform.dylib
0x000000004b887000 	/usr/lib/system/libsystem_pthread.dylib
0x000000004b887000 	/usr/lib/system/libsystem_sandbox.dylib
0x000000004b887000 	/usr/lib/system/libsystem_secinit.dylib
0x000000004b887000 	/usr/lib/system/libsystem_symptoms.dylib
0x000000004b887000 	/usr/lib/system/libsystem_trace.dylib
0x000000004b887000 	/usr/lib/system/libunwind.dylib
0x000000004b887000 	/usr/lib/system/libxpc.dylib
0x000000004b887000 	/usr/lib/libbsm.0.dylib
0x000000004b887000 	/usr/lib/system/libkxld.dylib
0x000000004b887000 	/usr/lib/libcoretls.dylib
0x000000004b887000 	/usr/lib/libcoretls_cfhelpers.dylib
0x000000004b887000 	/usr/lib/libOpenScriptingUtil.dylib
0x000000004b887000 	/usr/lib/libpam.2.dylib
0x000000004b887000 	/usr/lib/libsqlite3.dylib
0x000000004b887000 	/usr/lib/libxar.1.dylib
0x000000004b887000 	/usr/lib/libbz2.1.0.dylib
0x000000004b887000 	/usr/lib/liblzma.5.dylib
0x000000004b887000 	/usr/lib/libnetwork.dylib
0x000000004b887000 	/usr/lib/libpcap.A.dylib
0x000000004b887000 	/System/Library/Frameworks/CoreServices.framework/Versions/A/Frameworks/FSEvents.framework/Versions/A/FSEvents
0x000000004b887000 	/System/Library/Frameworks/CoreServices.framework/Versions/A/Frameworks/CarbonCore.framework/Versions/A/CarbonCore
0x000000004b887000 	/System/Library/Frameworks/CoreServices.framework/Versions/A/Frameworks/Metadata.framework/Versions/A/Metadata
0x000000004b887000 	/System/Library/Frameworks/CoreServices.framework/Versions/A/Frameworks/OSServices.framework/Versions/A/OSServices
0x000000004b887000 	/System/Library/Frameworks/CoreServices.framework/Versions/A/Frameworks/SearchKit.framework/Versions/A/SearchKit
0x000000004b887000 	/System/Library/Frameworks/CoreServices.framework/Versions/A/Frameworks/AE.framework/Versions/A/AE
0x000000004b887000 	/System/Library/Frameworks/CoreServices.framework/Versions/A/Frameworks/LaunchServices.framework/Versions/A/LaunchServices
0x000000004b887000 	/System/Library/Frameworks/CoreServices.framework/Versions/A/Frameworks/DictionaryServices.framework/Versions/A/DictionaryServices
0x000000004b887000 	/System/Library/Frameworks/CoreServices.framework/Versions/A/Frameworks/SharedFileList.framework/Versions/A/SharedFileList
0x000000004b887000 	/System/Library/Frameworks/NetFS.framework/Versions/A/NetFS
0x000000004b887000 	/System/Library/PrivateFrameworks/NetAuth.framework/Versions/A/NetAuth
0x000000004b887000 	/System/Library/PrivateFrameworks/login.framework/Versions/A/Frameworks/loginsupport.framework/Versions/A/loginsupport
0x000000004b887000 	/System/Library/PrivateFrameworks/TCC.framework/Versions/A/TCC
0x000000004b887000 	/usr/lib/libmecabra.dylib
0x000000004b887000 	/System/Library/Frameworks/ApplicationServices.framework/Versions/A/Frameworks/ATS.framework/Versions/A/ATS
0x000000004b887000 	/System/Library/Frameworks/ApplicationServices.framework/Versions/A/Frameworks/ColorSync.framework/Versions/A/ColorSync
0x000000004b887000 	/System/Library/Frameworks/ApplicationServices.framework/Versions/A/Frameworks/HIServices.framework/Versions/A/HIServices
0x000000004b887000 	/System/Library/Frameworks/ApplicationServices.framework/Versions/A/Frameworks/LangAnalysis.framework/Versions/A/LangAnalysis
0x000000004b887000 	/System/Library/Frameworks/ApplicationServices.framework/Versions/A/Frameworks/PrintCore.framework/Versions/A/PrintCore
0x000000004b887000 	/System/Library/Frameworks/ApplicationServices.framework/Versions/A/Frameworks/QD.framework/Versions/A/QD
0x000000004b887000 	/System/Library/Frameworks/ApplicationServices.framework/Versions/A/Frameworks/SpeechSynthesis.framework/Versions/A/SpeechSynthesis
0x000000004b887000 	/System/Library/Frameworks/Accelerate.framework/Versions/A/Frameworks/vImage.framework/Versions/A/vImage
0x000000004b887000 	/System/Library/Frameworks/Accelerate.framework/Versions/A/Frameworks/vecLib.framework/Versions/A/vecLib
0x000000004b887000 	/System/Library/Frameworks/Accelerate.framework/Versions/A/Frameworks/vecLib.framework/Versions/A/libvDSP.dylib
0x000000004b887000 	/System/Library/Frameworks/Accelerate.framework/Versions/A/Frameworks/vecLib.framework/Versions/A/libBNNS.dylib
0x000000004b887000 	/System/Library/Frameworks/Accelerate.framework/Versions/A/Frameworks/vecLib.framework/Versions/A/libQuadrature.dylib
0x000000004b887000 	/System/Library/Frameworks/Accelerate.framework/Versions/A/Frameworks/vecLib.framework/Versions/A/libvMisc.dylib
0x000000004b887000 	/System/Library/Frameworks/Accelerate.framework/Versions/A/Frameworks/vecLib.framework/Versions/A/libLAPACK.dylib
0x000000004b887000 	/System/Library/Frameworks/Accelerate.framework/Versions/A/Frameworks/vecLib.framework/Versions/A/libBLAS.dylib
0x000000004b887000 	/System/Library/Frameworks/Accelerate.framework/Versions/A/Frameworks/vecLib.framework/Versions/A/libLinearAlgebra.dylib
0x000000004b887000 	/System/Library/Frameworks/Accelerate.framework/Versions/A/Frameworks/vecLib.framework/Versions/A/libSparseBLAS.dylib
0x000000004b887000 	/System/Library/Frameworks/ApplicationServices.framework/Versions/A/Frameworks/ATS.framework/Versions/A/Resources/libFontParser.dylib
0x000000004b887000 	/System/Library/Frameworks/ApplicationServices.framework/Versions/A/Frameworks/ATS.framework/Versions/A/Resources/libFontRegistry.dylib
0x000000004b887000 	/System/Library/Frameworks/ImageIO.framework/Versions/A/Resources/libJPEG.dylib
0x000000004b887000 	/System/Library/Frameworks/ImageIO.framework/Versions/A/Resources/libTIFF.dylib
0x000000004b887000 	/System/Library/Frameworks/ImageIO.framework/Versions/A/Resources/libPng.dylib
0x000000004b887000 	/System/Library/Frameworks/ImageIO.framework/Versions/A/Resources/libGIF.dylib
0x000000004b887000 	/System/Library/Frameworks/ImageIO.framework/Versions/A/Resources/libJP2.dylib
0x000000004b887000 	/System/Library/Frameworks/ImageIO.framework/Versions/A/Resources/libRadiance.dylib
0x000000004b887000 	/usr/lib/libcompression.dylib
0x000000004b887000 	/System/Library/PrivateFrameworks/AppleJPEG.framework/Versions/A/AppleJPEG
0x000000004b887000 	/usr/lib/libcups.2.dylib
0x000000004b887000 	/System/Library/Frameworks/Kerberos.framework/Versions/A/Kerberos
0x000000004b887000 	/System/Library/Frameworks/GSS.framework/Versions/A/GSS
0x000000004b887000 	/usr/lib/libresolv.9.dylib
0x000000004b887000 	/usr/lib/libiconv.2.dylib
0x000000004b887000 	/System/Library/PrivateFrameworks/Heimdal.framework/Versions/A/Heimdal
0x000000004b887000 	/usr/lib/libheimdal-asn1.dylib
0x000000004b887000 	/System/Library/Frameworks/OpenDirectory.framework/Versions/A/OpenDirectory
0x000000004b887000 	/System/Library/PrivateFrameworks/CommonAuth.framework/Versions/A/CommonAuth
0x000000004b887000 	/System/Library/Frameworks/OpenDirectory.framework/Versions/A/Frameworks/CFOpenDirectory.framework/Versions/A/CFOpenDirectory
0x000000004b887000 	/System/Library/Frameworks/SecurityFoundation.framework/Versions/A/SecurityFoundation
0x000000004b887000 	/System/Library/PrivateFrameworks/LanguageModeling.framework/Versions/A/LanguageModeling
0x000000004b887000 	/usr/lib/libmarisa.dylib
0x000000004b887000 	/usr/lib/libChineseTokenizer.dylib
0x000000004b887000 	/usr/lib/libcmph.dylib
0x000000004b887000 	/System/Library/PrivateFrameworks/CoreEmoji.framework/Versions/A/CoreEmoji
0x000000004b887000 	/System/Library/Frameworks/ServiceManagement.framework/Versions/A/ServiceManagement
0x000000004b887000 	/usr/lib/libxslt.1.dylib
0x000000004b887000 	/System/Library/Frameworks/Carbon.framework/Versions/A/Frameworks/Ink.framework/Versions/A/Ink
0x000000004b887000 	/System/Library/PrivateFrameworks/TextureIO.framework/Versions/A/TextureIO
0x000000004b887000 	/System/Library/Frameworks/Metal.framework/Versions/A/Metal
0x000000004b887000 	/usr/lib/libate.dylib
0x000000004b887000 	/System/Library/PrivateFrameworks/GPUCompiler.framework/libmetal_timestamp.dylib
0x000000004b887000 	/System/Library/Frameworks/OpenGL.framework/Versions/A/Libraries/libCoreFSCache.dylib
0x000000004b887000 	/System/Library/PrivateFrameworks/IOAccelerator.framework/Versions/A/IOAccelerator
0x000000004b887000 	/System/Library/Frameworks/CoreVideo.framework/Versions/A/CoreVideo
0x000000004b887000 	/usr/lib/libFosl_dynamic.dylib
0x000000004b887000 	/System/Library/PrivateFrameworks/MetalPerformanceShaders.framework/Versions/A/MetalPerformanceShaders
0x000000004b887000 	/System/Library/PrivateFrameworks/FaceCore.framework/Versions/A/FaceCore
0x000000004b887000 	/System/Library/Frameworks/OpenCL.framework/Versions/A/OpenCL
0x000000004b887000 	/System/Library/Frameworks/OpenGL.framework/Versions/A/Libraries/libGLU.dylib
0x000000004b887000 	/System/Library/Frameworks/OpenGL.framework/Versions/A/Libraries/libGFXShared.dylib
0x000000004b887000 	/System/Library/Frameworks/OpenGL.framework/Versions/A/Libraries/libGL.dylib
0x000000004b887000 	/System/Library/Frameworks/OpenGL.framework/Versions/A/Libraries/libGLImage.dylib
0x000000004b887000 	/System/Library/Frameworks/OpenGL.framework/Versions/A/Libraries/libCVMSPluginSupport.dylib
0x000000004b887000 	/System/Library/Frameworks/OpenGL.framework/Versions/A/Libraries/libCoreVMClient.dylib
0x000000004b887000 	/System/Library/PrivateFrameworks/CrashReporterSupport.framework/Versions/A/CrashReporterSupport
0x000000004b887000 	/System/Library/PrivateFrameworks/Sharing.framework/Versions/A/Sharing
0x000000004b887000 	/System/Library/PrivateFrameworks/IconServices.framework/Versions/A/IconServices
0x000000004b887000 	/System/Library/PrivateFrameworks/ProtocolBuffer.framework/Versions/A/ProtocolBuffer
0x000000004b887000 	/System/Library/PrivateFrameworks/Apple80211.framework/Versions/A/Apple80211
0x000000004b887000 	/System/Library/Frameworks/CoreWLAN.framework/Versions/A/CoreWLAN
0x000000004b887000 	/System/Library/PrivateFrameworks/CoreUtils.framework/Versions/A/CoreUtils
0x000000004b887000 	/System/Library/Frameworks/IOBluetooth.framework/Versions/A/IOBluetooth
0x000000004b887000 	/System/Library/PrivateFrameworks/CoreWiFi.framework/Versions/A/CoreWiFi
0x000000004b887000 	/System/Library/Frameworks/CoreBluetooth.framework/Versions/A/CoreBluetooth
0x000000004b887000 	/System/Library/Frameworks/CoreDisplay.framework/Versions/A/CoreDisplay
0x000000004b887000 	/System/Library/PrivateFrameworks/IOPresentment.framework/Versions/A/IOPresentment
0x000000004b887000 	/System/Library/PrivateFrameworks/DSExternalDisplay.framework/Versions/A/DSExternalDisplay
0x000000004b887000 	/System/Library/PrivateFrameworks/DebugSymbols.framework/Versions/A/DebugSymbols
0x000000004b887000 	/System/Library/PrivateFrameworks/CoreSymbolication.framework/Versions/A/CoreSymbolication
0x000000004b887000 	/System/Library/PrivateFrameworks/Symbolication.framework/Versions/A/Symbolication
0x000000004b887000 	/System/Library/PrivateFrameworks/AppleFSCompression.framework/Versions/A/AppleFSCompression
0x000000004b887000 	/System/Library/PrivateFrameworks/SpeechRecognitionCore.framework/Versions/A/SpeechRecognitionCore
0x000000004b887000 	/System/Library/PrivateFrameworks/ChunkingLibrary.framework/Versions/A/ChunkingLibrary
0x0000000101800000 	/Library/Java/JavaVirtualMachines/jdk1.8.0_144.jdk/Contents/Home/jre/lib/server/libjvm.dylib
0x000000004b887000 	/usr/lib/libstdc++.6.dylib
0x0000000100f78000 	/Library/Java/JavaVirtualMachines/jdk1.8.0_144.jdk/Contents/Home/jre/lib/libverify.dylib
0x0000000100f86000 	/Library/Java/JavaVirtualMachines/jdk1.8.0_144.jdk/Contents/Home/jre/lib/libjava.dylib
0x0000000100fc5000 	/Library/Java/JavaVirtualMachines/jdk1.8.0_144.jdk/Contents/Home/jre/lib/libzip.dylib
0x00000001090e3000 	/System/Library/Frameworks/JavaVM.framework/Frameworks/JavaRuntimeSupport.framework/JavaRuntimeSupport
0x00000001090fd000 	/System/Library/Frameworks/JavaVM.framework/Versions/A/Frameworks/JavaNativeFoundation.framework/Versions/A/JavaNativeFoundation
0x0000000109112000 	/System/Library/Frameworks/JavaVM.framework/Versions/A/JavaVM
0x000000004b887000 	/System/Library/Frameworks/Carbon.framework/Versions/A/Carbon
0x000000010911f000 	/System/Library/PrivateFrameworks/JavaLaunching.framework/Versions/A/JavaLaunching
0x000000004b887000 	/System/Library/Frameworks/Carbon.framework/Versions/A/Frameworks/CommonPanels.framework/Versions/A/CommonPanels
0x000000004b887000 	/System/Library/Frameworks/Carbon.framework/Versions/A/Frameworks/Help.framework/Versions/A/Help
0x000000004b887000 	/System/Library/Frameworks/Carbon.framework/Versions/A/Frameworks/ImageCapture.framework/Versions/A/ImageCapture
0x000000004b887000 	/System/Library/Frameworks/Carbon.framework/Versions/A/Frameworks/OpenScripting.framework/Versions/A/OpenScripting
0x000000004b887000 	/System/Library/Frameworks/Carbon.framework/Versions/A/Frameworks/Print.framework/Versions/A/Print
0x000000004b887000 	/System/Library/Frameworks/Carbon.framework/Versions/A/Frameworks/SecurityHI.framework/Versions/A/SecurityHI
0x000000010aa82000 	/Library/Java/JavaVirtualMachines/jdk1.8.0_144.jdk/Contents/Home/jre/lib/libawt.dylib
0x000000010ab2a000 	/Library/Java/JavaVirtualMachines/jdk1.8.0_144.jdk/Contents/Home/jre/lib/./libmlib_image.dylib
0x000000010abf6000 	/Library/Java/JavaVirtualMachines/jdk1.8.0_144.jdk/Contents/Home/jre/lib/libawt_lwawt.dylib
0x000000010acad000 	/Library/Java/JavaVirtualMachines/jdk1.8.0_144.jdk/Contents/Home/jre/lib/./libosxapp.dylib
0x000000004b887000 	/System/Library/Frameworks/ExceptionHandling.framework/Versions/A/ExceptionHandling
0x000000004b887000 	/System/Library/PrivateFrameworks/CoreServicesInternal.framework/Versions/A/CoreServicesInternal
0x000000004b887000 	/System/Library/CoreServices/RawCamera.bundle/Contents/MacOS/RawCamera
0x000000004b887000 	/System/Library/Frameworks/Accelerate.framework/Versions/A/Frameworks/vImage.framework/Versions/A/Libraries/libCGInterfaces.dylib
0x000000004b887000 	/System/Library/Frameworks/ApplicationServices.framework/Versions/A/Frameworks/ATS.framework/Versions/A/Resources/libTrueTypeScaler.dylib
0x000000011be40000 	/System/Library/Frameworks/OpenGL.framework/Resources/GLEngine.bundle/GLEngine
0x000000004b887000 	/System/Library/Frameworks/OpenGL.framework/Versions/A/Libraries/libGLProgrammability.dylib
0x000000011c025000 	/System/Library/Extensions/AppleIntelKBLGraphicsGLDriver.bundle/Contents/MacOS/AppleIntelKBLGraphicsGLDriver
0x000000004b887000 	/System/Library/PrivateFrameworks/GPUSupport.framework/Versions/A/Libraries/libGPUSupportMercury.dylib
0x000000010c821000 	/System/Library/Frameworks/OpenGL.framework/Resources//GLRendererFloat.bundle/GLRendererFloat
0x000000004b887000 	/System/Library/Frameworks/OpenCL.framework/Versions/A/Libraries/libcldcpuengine.dylib
0x000000004b887000 	/usr/lib/libcrypto.0.9.8.dylib
0x000000004b887000 	/System/Library/PrivateFrameworks/TrustEvaluationAgent.framework/Versions/A/TrustEvaluationAgent
0x000000011cda8000 	/System/Library/Extensions/AppleIntelKBLGraphicsMTLDriver.bundle/Contents/MacOS/AppleIntelKBLGraphicsMTLDriver
0x000000004b887000 	/System/Library/PrivateFrameworks/FamilyControls.framework/Versions/A/FamilyControls
0x000000004b887000 	/System/Library/PrivateFrameworks/CommerceKit.framework/Versions/A/Frameworks/CommerceCore.framework/Versions/A/CommerceCore
0x000000004b887000 	/System/Library/PrivateFrameworks/SystemAdministration.framework/Versions/A/SystemAdministration
0x000000004b887000 	/System/Library/PrivateFrameworks/AppContainer.framework/Versions/A/AppContainer
0x000000004b887000 	/System/Library/PrivateFrameworks/SecCodeWrapper.framework/Versions/A/SecCodeWrapper
0x000000004b887000 	/System/Library/Frameworks/DirectoryService.framework/Versions/A/DirectoryService
0x000000004b887000 	/System/Library/PrivateFrameworks/DiskImages.framework/Versions/A/DiskImages
0x000000004b887000 	/System/Library/PrivateFrameworks/LoginUIKit.framework/Versions/A/Frameworks/LoginUICore.framework/Versions/A/LoginUICore
0x000000004b887000 	/usr/lib/libCoreStorage.dylib
0x000000004b887000 	/usr/lib/libcsfde.dylib
0x000000004b887000 	/usr/lib/libodfde.dylib
0x000000004b887000 	/System/Library/Frameworks/DiscRecording.framework/Versions/A/DiscRecording
0x000000004b887000 	/usr/lib/libcurl.4.dylib
0x000000004b887000 	/System/Library/PrivateFrameworks/MediaKit.framework/Versions/A/MediaKit
0x000000004b887000 	/System/Library/PrivateFrameworks/ProtectedCloudStorage.framework/Versions/A/ProtectedCloudStorage
0x000000004b887000 	/System/Library/PrivateFrameworks/EFILogin.framework/Versions/A/EFILogin
0x000000004b887000 	/usr/lib/libutil.dylib
0x000000004b887000 	/System/Library/Frameworks/LDAP.framework/Versions/A/LDAP
0x000000004b887000 	/usr/lib/libsasl2.2.dylib
0x000000004b887000 	/System/Library/PrivateFrameworks/CoreDaemon.framework/Versions/B/CoreDaemon
0x000000004b887000 	/System/Library/PrivateFrameworks/AppleSRP.framework/Versions/A/AppleSRP
0x000000004b887000 	/System/Library/PrivateFrameworks/APFS.framework/Versions/A/APFS
0x000000011e485000 	/Library/Java/JavaVirtualMachines/jdk1.8.0_144.jdk/Contents/Home/jre/lib/libfontmanager.dylib
0x000000011e4ec000 	/Users/constantinoskavadias/Google Drive/University/Third Year/Semester2/SWEN20003/Project2/lib/liblwjgl.dylib
0x000000010b323000 	/Library/Java/JavaVirtualMachines/jdk1.8.0_144.jdk/Contents/Home/jre/lib/libjawt.dylib
0x000000011cf74000 	/Users/constantinoskavadias/Google Drive/University/Third Year/Semester2/SWEN20003/Project2/lib/libjinput-osx.dylib
0x000000004b887000 	/System/Library/PrivateFrameworks/ViewBridge.framework/Versions/A/ViewBridge
0x000000004b887000 	/System/Library/PrivateFrameworks/XPCService.framework/Versions/A/XPCService
0x000000004b887000 	/System/Library/PrivateFrameworks/AppSandbox.framework/Versions/A/AppSandbox
0x000000004b887000 	/usr/lib/libsandbox.1.dylib
0x000000004b887000 	/usr/lib/libMatch.1.dylib
0x0000000120c7f000 	/System/Library/Extensions/IOHIDFamily.kext/Contents/PlugIns/IOHIDLib.plugin/Contents/MacOS/IOHIDLib

VM Arguments:
jvm_args: -Djava.library.path=/Users/constantinoskavadias/Google Drive/University/Third Year/Semester2/SWEN20003/Project2/lib -Dfile.encoding=UTF-8 
java_command: App
java_class_path (initial): /Users/constantinoskavadias/Google Drive/University/Third Year/Semester2/SWEN20003/Project2/bin:/Users/constantinoskavadias/Google Drive/University/Third Year/Semester2/SWEN20003/Project2/lib/jinput.jar:/Users/constantinoskavadias/Google Drive/University/Third Year/Semester2/SWEN20003/Project2/lib/lwjgl.jar:/Users/constantinoskavadias/Google Drive/University/Third Year/Semester2/SWEN20003/Project2/lib/slick.jar
Launcher Type: SUN_STANDARD

Environment Variables:
PATH=/usr/bin:/bin:/usr/sbin:/sbin
SHELL=/bin/bash

Signal Handlers:
SIGSEGV: [libjvm.dylib+0x5b26e5], sa_mask[0]=11111111011111110111111111111111, sa_flags=SA_ONSTACK|SA_RESTART|SA_SIGINFO
SIGBUS: [libjvm.dylib+0x5b26e5], sa_mask[0]=11111111011111110111111111111111, sa_flags=SA_RESTART|SA_SIGINFO
SIGFPE: [libjvm.dylib+0x489100], sa_mask[0]=11111111011111110111111111111111, sa_flags=SA_RESTART|SA_SIGINFO
SIGPIPE: [libjvm.dylib+0x489100], sa_mask[0]=11111111011111110111111111111111, sa_flags=SA_RESTART|SA_SIGINFO
SIGXFSZ: [libjvm.dylib+0x489100], sa_mask[0]=11111111011111110111111111111111, sa_flags=SA_RESTART|SA_SIGINFO
SIGILL: [libjvm.dylib+0x489100], sa_mask[0]=11111111011111110111111111111111, sa_flags=SA_RESTART|SA_SIGINFO
SIGUSR1: SIG_DFL, sa_mask[0]=00000000000000000000000000000000, sa_flags=none
SIGUSR2: [libjvm.dylib+0x488c1e], sa_mask[0]=00100000000000000000000000000000, sa_flags=SA_RESTART|SA_SIGINFO
SIGHUP: [libjvm.dylib+0x4871f5], sa_mask[0]=11111111011111110111111111111111, sa_flags=SA_RESTART|SA_SIGINFO
SIGINT: [libjvm.dylib+0x4871f5], sa_mask[0]=11111111011111110111111111111111, sa_flags=SA_RESTART|SA_SIGINFO
SIGTERM: [libjvm.dylib+0x4871f5], sa_mask[0]=11111111011111110111111111111111, sa_flags=SA_RESTART|SA_SIGINFO
SIGQUIT: [libjvm.dylib+0x4871f5], sa_mask[0]=11111111011111110111111111111111, sa_flags=SA_RESTART|SA_SIGINFO


---------------  S Y S T E M  ---------------

OS:Bsduname:Darwin 16.7.0 Darwin Kernel Version 16.7.0: Thu Jun 15 17:36:27 PDT 2017; root:xnu-3789.70.16~2/RELEASE_X86_64 x86_64
rlimit: STACK 8192k, CORE 0k, NPROC 709, NOFILE 10240, AS infinity
load average:2.34 1.96 1.71

CPU:total 4 (initial active 4) (2 cores per cpu, 2 threads per core) family 6 model 142 stepping 9, cmov, cx8, fxsr, mmx, sse, sse2, sse3, ssse3, sse4.1, sse4.2, popcnt, avx, avx2, aes, clmul, erms, 3dnowpref, lzcnt, ht, tsc, tscinvbit, bmi1, bmi2, adx

Memory: 4k page, physical 8388608k(57028k free)

/proc/meminfo:


vm_info: Java HotSpot(TM) 64-Bit Server VM (25.144-b01) for bsd-amd64 JRE (1.8.0_144-b01), built on Jul 21 2017 22:07:42 by "java_re" with gcc 4.2.1 (Based on Apple Inc. build 5658) (LLVM build 2336.11.00)

time: Thu Oct  5 14:01:27 2017
elapsed time: 230 seconds (0d 0h 3m 50s)

