#
# A fatal error has been detected by the Java Runtime Environment:
#
#  SIGSEGV (0xb) at pc=0x00007fffd0401069, pid=23353, tid=0x0000000000000307
#
# JRE version: Java(TM) SE Runtime Environment (8.0_144-b01) (build 1.8.0_144-b01)
# Java VM: Java HotSpot(TM) 64-Bit Server VM (25.144-b01 mixed mode bsd-amd64 compressed oops)
# Problematic frame:
# C  [libobjc.A.dylib+0x7069]  objc_msgSend+0x29
#
# Failed to write core dump. Core dumps have been disabled. To enable core dumping, try "ulimit -c unlimited" before starting Java again
#
# If you would like to submit a bug report, please visit:
#   http://bugreport.java.com/bugreport/crash.jsp
# The crash happened outside the Java Virtual Machine in native code.
# See problematic frame for where to report the bug.
#

---------------  T H R E A D  ---------------

Current thread (0x00007fb45111f800):  JavaThread "AppKit Thread" daemon [_thread_in_native, id=775, stack(0x00007fff50529000,0x00007fff50d29000)]

siginfo: si_signo: 11 (SIGSEGV), si_code: 1 (SEGV_MAPERR), si_addr: 0x000000004d555458

Registers:
RAX=0x00007fb44f59fc10, RBX=0x00007fb451e18620, RCX=0x00007fb44f763500, RDX=0x00007fb44f59fc10
RSP=0x00007fff50d23f58, RBP=0x00007fff50d23f60, RSI=0x00007fffb9cf5843, RDI=0x00007fb44f763500
R8 =0x000000000000003f, R9 =0x00007fb44f598140, R10=0x00007fb44f7d3010, R11=0x000000004d555458
R12=0x0000000000000000, R13=0x00007fb44f598140, R14=0x00007fb44f59fc10, R15=0x0000000000000000
RIP=0x00007fffd0401069, EFLAGS=0x0000000000010202, ERR=0x0000000000000004
  TRAPNO=0x000000000000000e

Top of Stack: (sp=0x00007fff50d23f58)
0x00007fff50d23f58:   00007fffbb58b45c 00007fff50d23fd0
0x00007fff50d23f68:   00007fffbb58b35b 0000000000000000
0x00007fff50d23f78:   00007fffd9be8060 00000000c2000000
0x00007fff50d23f88:   00007fffbb58b3b0 00007fffd6466680
0x00007fff50d23f98:   00007fb44f598140 00007fb44f59fc10
0x00007fff50d23fa8:   00007fff50d24798 00007fffd0401040
0x00007fff50d23fb8:   00007fff50d240a0 00007fb44f598140
0x00007fff50d23fc8:   00007fffb9c8d05a 00007fff50d24010
0x00007fff50d23fd8:   00007fffbb58b0c2 00007fff50d245e0
0x00007fff50d23fe8:   0000000000000001 00007fffd0401040
0x00007fff50d23ff8:   00007fff50d240a0 00007fff50d24798
0x00007fff50d24008:   00007fffb9c8d05a 00007fff50d24730
0x00007fff50d24018:   00007fffbb548523 0000000000000004
0x00007fff50d24028:   00000003000003c0 0000000000000040
0x00007fff50d24038:   000000010eef8800 00007fb44f50b900
0x00007fff50d24048:   00007fffd6467cb0 0000000000000000
0x00007fff50d24058:   00007fb4509610d0 00007fb44f50b901
0x00007fff50d24068:   00007fb44f58d9f0 00007fffd659a0e0
0x00007fff50d24078:   0000000000000000 0000000000000000
0x00007fff50d24088:   0000000000000000 00007fb44f592380
0x00007fff50d24098:   00007fffd64a6900 00007fff50d245e0
0x00007fff50d240a8:   0000000000000002 0000000000000100
0x00007fff50d240b8:   00007fb44f453500 00007fff50d244e0
0x00007fff50d240c8:   0000000000000000 0000000000000100
0x00007fff50d240d8:   00007fffd9b55400 00007fff50d24100
0x00007fff50d240e8:   00007fffd0403591 0000000000000000
0x00007fff50d240f8:   00007fb44f453550 00007fff50d24130
0x00007fff50d24108:   00007fffbb58bd0c ffff804bb0bacab0
0x00007fff50d24118:   00007fb44f453550 00007fffd6597640
0x00007fff50d24128:   00007fb44f453550 00007fff50d24160
0x00007fff50d24138:   00007fffbb58bd58 00000000000005c0
0x00007fff50d24148:   ffff804bb0861da0 00007fb44f79e260 

Instructions: (pc=0x00007fffd0401069)
0x00007fffd0401049:   01 2e 75 66 49 ba f8 ff ff ff ff 7f 00 00 4c 23
0x00007fffd0401059:   17 49 89 f3 45 23 5a 18 49 c1 e3 04 4d 03 5a 10
0x00007fffd0401069:   49 3b 33 75 04 41 ff 63 08 49 83 3b 01 76 0d 49
0x00007fffd0401079:   83 c3 10 49 3b 33 75 f1 41 ff 63 08 72 64 4d 8b 

Register to memory mapping:

RAX=0x00007fb44f59fc10 is an unknown value
RBX=0x00007fb451e18620 is an unknown value
RCX=0x00007fb44f763500 is an unknown value
RDX=0x00007fb44f59fc10 is an unknown value
RSP=0x00007fff50d23f58 is pointing into the stack for thread: 0x00007fb45111f800
RBP=0x00007fff50d23f60 is pointing into the stack for thread: 0x00007fb45111f800
RSI=0x00007fffb9cf5843: __NSStyleNameIndexTable+0xe048b in /System/Library/Frameworks/AppKit.framework/Versions/C/AppKit at 0x00007fffb9028000
RDI=0x00007fb44f763500 is an unknown value
R8 =0x000000000000003f is an unknown value
R9 =0x00007fb44f598140 is an unknown value
R10=0x00007fb44f7d3010 is an unknown value
R11=0x000000004d555458 is an unknown value
R12=0x0000000000000000 is an unknown value
R13=0x00007fb44f598140 is an unknown value
R14=0x00007fb44f59fc10 is an unknown value
R15=0x0000000000000000 is an unknown value


Stack: [0x00007fff50529000,0x00007fff50d29000],  sp=0x00007fff50d23f58,  free space=8171k
Native frames: (J=compiled Java code, j=interpreted, Vv=VM code, C=native code)
C  [libobjc.A.dylib+0x7069]  objc_msgSend+0x29
C  [CoreFoundation+0x9d35b]  _CFXRegistrationPost+0x1ab
C  [CoreFoundation+0x9d0c2]  ___CFXNotificationPost_block_invoke+0x32
C  [CoreFoundation+0x5a523]  -[_CFXNotificationRegistrar find:object:observer:enumerator:]+0x723
C  [CoreFoundation+0x5955c]  _CFXNotificationPost+0x25c
C  [Foundation+0x6677]  -[NSNotificationCenter postNotificationName:object:userInfo:]+0x42
C  [AppKit+0x24ee3b]  -[NSSurface _disposeSurface]+0x98
C  [AppKit+0x24e9ea]  -[NSSurface setWindow:]+0x35
C  [AppKit+0x28960]  -[NSView _setWindow:]+0xa0f
C  [AppKit+0x2b587]  -[NSView removeFromSuperview]+0x1d1
C  [AppKit+0x14cd60]  -[NSView removeFromSuperviewWithoutNeedingDisplay]+0x26
C  [liblwjgl.dylib+0xa205]  +[MacOSXKeyableWindow destroyWindow]+0xb5
C  [Foundation+0x7152a]  __NSThreadPerformPerform+0x146
C  [CoreFoundation+0xa7321]  __CFRUNLOOP_IS_CALLING_OUT_TO_A_SOURCE0_PERFORM_FUNCTION__+0x11
C  [CoreFoundation+0x8821d]  __CFRunLoopDoSources0+0x22d
C  [CoreFoundation+0x87716]  __CFRunLoopRun+0x3a6
C  [CoreFoundation+0x87114]  CFRunLoopRunSpecific+0x1a4
C  [HIToolbox+0x30ebc]  RunCurrentEventLoopInMode+0xf0
C  [HIToolbox+0x30cf1]  ReceiveNextEventCommon+0x1b0
C  [HIToolbox+0x30b26]  _BlockUntilNextEventMatchingListInModeWithFilter+0x47
C  [AppKit+0x46a54]  _DPSNextEvent+0x460
C  [AppKit+0x7c27ee]  -[NSApplication(NSEvent) _nextEventMatchingEventMask:untilDate:inMode:dequeue:]+0xaec
C  [libosxapp.dylib+0x23aa]  -[NSApplicationAWT nextEventMatchingMask:untilDate:inMode:dequeue:]+0x7c
C  [AppKit+0x3b3db]  -[NSApplication run]+0x39e
C  [libosxapp.dylib+0x214d]  +[NSApplicationAWT runAWTLoopWithApp:]+0x9c
C  [libawt_lwawt.dylib+0x45edf]  -[AWTStarter starter:]+0x389
C  [Foundation+0x7152a]  __NSThreadPerformPerform+0x146
C  [CoreFoundation+0xa7321]  __CFRUNLOOP_IS_CALLING_OUT_TO_A_SOURCE0_PERFORM_FUNCTION__+0x11
C  [CoreFoundation+0x8821d]  __CFRunLoopDoSources0+0x22d
C  [CoreFoundation+0x87716]  __CFRunLoopRun+0x3a6
C  [CoreFoundation+0x87114]  CFRunLoopRunSpecific+0x1a4
C  [java+0x6465]  CreateExecutionEnvironment+0x367
C  [java+0x218c]  JLI_Launch+0x7a0
C  [java+0x84c2]  main+0x65
C  [java+0x19e4]  start+0x34
C  0x0000000000000006


---------------  P R O C E S S  ---------------

Java Threads: ( => current thread )
  0x00007fb450172800 JavaThread "AWT-Shutdown" [_thread_blocked, id=29967, stack(0x000070000bbf3000,0x000070000bcf3000)]
=>0x00007fb45111f800 JavaThread "AppKit Thread" daemon [_thread_in_native, id=775, stack(0x00007fff50529000,0x00007fff50d29000)]
  0x00007fb44f82e800 JavaThread "Service Thread" daemon [_thread_blocked, id=18691, stack(0x000070000c9a0000,0x000070000caa0000)]
  0x00007fb44f82d800 JavaThread "C1 CompilerThread2" daemon [_thread_blocked, id=18179, stack(0x000070000c89d000,0x000070000c99d000)]
  0x00007fb45001c000 JavaThread "C2 CompilerThread1" daemon [_thread_blocked, id=17667, stack(0x000070000c79a000,0x000070000c89a000)]
  0x00007fb450017000 JavaThread "C2 CompilerThread0" daemon [_thread_blocked, id=17155, stack(0x000070000c697000,0x000070000c797000)]
  0x00007fb44f815000 JavaThread "Signal Dispatcher" daemon [_thread_blocked, id=16643, stack(0x000070000c594000,0x000070000c694000)]
  0x00007fb450011800 JavaThread "Finalizer" daemon [_thread_blocked, id=12547, stack(0x000070000c491000,0x000070000c591000)]
  0x00007fb44f802800 JavaThread "Reference Handler" daemon [_thread_blocked, id=12035, stack(0x000070000c38e000,0x000070000c48e000)]
  0x00007fb450001800 JavaThread "main" [_thread_in_native, id=7171, stack(0x000070000bd7c000,0x000070000be7c000)]

Other Threads:
  0x00007fb45082f800 VMThread [stack: 0x000070000c28b000,0x000070000c38b000] [id=11523]
  0x00007fb44f810800 WatcherThread [stack: 0x000070000caa3000,0x000070000cba3000] [id=19203]

VM state:not at safepoint (normal execution)

VM Mutex/Monitor currently owned by a thread: None

Heap:
 PSYoungGen      total 38400K, used 19744K [0x0000000795580000, 0x0000000798000000, 0x00000007c0000000)
  eden space 33280K, 44% used [0x0000000795580000,0x00000007963cf990,0x0000000797600000)
  from space 5120K, 99% used [0x0000000797600000,0x0000000797af8900,0x0000000797b00000)
  to   space 5120K, 0% used [0x0000000797b00000,0x0000000797b00000,0x0000000798000000)
 ParOldGen       total 87552K, used 3063K [0x0000000740000000, 0x0000000745580000, 0x0000000795580000)
  object space 87552K, 3% used [0x0000000740000000,0x00000007402fdde8,0x0000000745580000)
 Metaspace       used 7588K, capacity 7751K, committed 8064K, reserved 1056768K
  class space    used 766K, capacity 826K, committed 896K, reserved 1048576K

Card table byte_map: [0x0000000110b67000,0x0000000110f68000] byte_map_base: 0x000000010d167000

Marking Bits: (ParMarkBitMap*) 0x00000001100f35d0
 Begin Bits: [0x0000000111213000, 0x0000000113213000)
 End Bits:   [0x0000000113213000, 0x0000000115213000)

Polling page: 0x000000010ef97000

CodeCache: size=245760Kb used=3718Kb max_used=3737Kb free=242041Kb
 bounds [0x0000000119ed7000, 0x000000011a287000, 0x0000000128ed7000]
 total_blobs=1365 nmethods=971 adapters=308
 compilation: enabled

Compilation events (10 events):
Event: 21.254 Thread 0x00007fb45001c000 nmethod 967 0x000000011a26bbd0 code [0x000000011a26bd40, 0x000000011a26c198]
Event: 21.266 Thread 0x00007fb450017000 nmethod 965 0x000000011a273150 code [0x000000011a2733a0, 0x000000011a274428]
Event: 21.565 Thread 0x00007fb45001c000  968   !   4       org.newdawn.slick.Input::initControllers (191 bytes)
Event: 21.566 Thread 0x00007fb450017000  969   !   4       org.lwjgl.opengl.Display::update (154 bytes)
Event: 21.567 Thread 0x00007fb45001c000 nmethod 968 0x000000011a26b950 code [0x000000011a26baa0, 0x000000011a26bb38]
Event: 21.567 Thread 0x00007fb45001c000  970   !   4       org.lwjgl.opengl.Display::processMessages (44 bytes)
Event: 21.595 Thread 0x00007fb45001c000 nmethod 970 0x000000011a278c10 code [0x000000011a278f40, 0x000000011a27ad10]
Event: 21.595 Thread 0x00007fb45001c000  971   !   4       org.newdawn.slick.AppGameContainer::gameLoop (81 bytes)
Event: 21.605 Thread 0x00007fb45001c000 nmethod 971 0x000000011a2759d0 code [0x000000011a275c20, 0x000000011a276a60]
Event: 21.605 Thread 0x00007fb450017000 nmethod 969 0x000000011a2800d0 code [0x000000011a280460, 0x000000011a2822e8]

GC Heap History (2 events):
Event: 4.010 GC heap before
{Heap before GC invocations=1 (full 0):
 PSYoungGen      total 38400K, used 33280K [0x0000000795580000, 0x0000000798000000, 0x00000007c0000000)
  eden space 33280K, 100% used [0x0000000795580000,0x0000000797600000,0x0000000797600000)
  from space 5120K, 0% used [0x0000000797b00000,0x0000000797b00000,0x0000000798000000)
  to   space 5120K, 0% used [0x0000000797600000,0x0000000797600000,0x0000000797b00000)
 ParOldGen       total 87552K, used 0K [0x0000000740000000, 0x0000000745580000, 0x0000000795580000)
  object space 87552K, 0% used [0x0000000740000000,0x0000000740000000,0x0000000745580000)
 Metaspace       used 7513K, capacity 7687K, committed 7808K, reserved 1056768K
  class space    used 759K, capacity 826K, committed 896K, reserved 1048576K
Event: 4.023 GC heap after
Heap after GC invocations=1 (full 0):
 PSYoungGen      total 38400K, used 5090K [0x0000000795580000, 0x0000000798000000, 0x00000007c0000000)
  eden space 33280K, 0% used [0x0000000795580000,0x0000000795580000,0x0000000797600000)
  from space 5120K, 99% used [0x0000000797600000,0x0000000797af8900,0x0000000797b00000)
  to   space 5120K, 0% used [0x0000000797b00000,0x0000000797b00000,0x0000000798000000)
 ParOldGen       total 87552K, used 3063K [0x0000000740000000, 0x0000000745580000, 0x0000000795580000)
  object space 87552K, 3% used [0x0000000740000000,0x00000007402fdde8,0x0000000745580000)
 Metaspace       used 7513K, capacity 7687K, committed 7808K, reserved 1056768K
  class space    used 759K, capacity 826K, committed 896K, reserved 1048576K
}

Deoptimization events (6 events):
Event: 0.556 Thread 0x00007fb450001800 Uncommon trap: reason=unstable_if action=reinterpret pc=0x000000011a08adc0 method=java.lang.String.replace(CC)Ljava/lang/String; @ 26
Event: 1.061 Thread 0x00007fb450001800 Uncommon trap: reason=unstable_if action=reinterpret pc=0x000000011a140640 method=java.lang.String.regionMatches(ZILjava/lang/String;II)Z @ 123
Event: 9.464 Thread 0x00007fb450001800 Uncommon trap: reason=unstable_if action=reinterpret pc=0x000000011a242060 method=java.util.ArrayList$Itr.checkForComodification()V @ 11
Event: 10.570 Thread 0x00007fb450966000 Uncommon trap: reason=unstable_if action=reinterpret pc=0x000000011a258018 method=java.util.HashMap$HashIterator.<init>(Ljava/util/HashMap;)V @ 38
Event: 21.767 Thread 0x00007fb450001800 Uncommon trap: reason=unstable_if action=reinterpret pc=0x000000011a276738 method=org.newdawn.slick.AppGameContainer.gameLoop()V @ 60
Event: 21.778 Thread 0x00007fb450001800 Uncommon trap: reason=unstable_if action=reinterpret pc=0x000000011a1b8e3c method=java.lang.ref.SoftReference.get()Ljava/lang/Object; @ 17

Internal exceptions (10 events):
Event: 0.081 Thread 0x00007fb450001800 Exception <a 'java/security/PrivilegedActionException'> (0x00000007956e27a0) thrown at [/Users/java_re/workspace/8-2-build-macosx-x86_64/jdk8u144/9417/hotspot/src/share/vm/prims/jvm.cpp, line 1390]
Event: 0.127 Thread 0x00007fb450001800 Exception <a 'java/security/PrivilegedActionException'> (0x0000000795854bd0) thrown at [/Users/java_re/workspace/8-2-build-macosx-x86_64/jdk8u144/9417/hotspot/src/share/vm/prims/jvm.cpp, line 1390]
Event: 0.127 Thread 0x00007fb450001800 Exception <a 'java/security/PrivilegedActionException'> (0x0000000795854de0) thrown at [/Users/java_re/workspace/8-2-build-macosx-x86_64/jdk8u144/9417/hotspot/src/share/vm/prims/jvm.cpp, line 1390]
Event: 0.127 Thread 0x00007fb450001800 Exception <a 'java/security/PrivilegedActionException'> (0x00000007958582f8) thrown at [/Users/java_re/workspace/8-2-build-macosx-x86_64/jdk8u144/9417/hotspot/src/share/vm/prims/jvm.cpp, line 1390]
Event: 0.127 Thread 0x00007fb450001800 Exception <a 'java/security/PrivilegedActionException'> (0x0000000795858508) thrown at [/Users/java_re/workspace/8-2-build-macosx-x86_64/jdk8u144/9417/hotspot/src/share/vm/prims/jvm.cpp, line 1390]
Event: 0.163 Thread 0x00007fb450001800 Exception <a 'java/lang/NoSuchFieldError': method resolution failed> (0x000000079592c2f0) thrown at [/Users/java_re/workspace/8-2-build-macosx-x86_64/jdk8u144/9417/hotspot/src/share/vm/prims/methodHandles.cpp, line 1146]
Event: 0.164 Thread 0x00007fb450001800 Exception <a 'java/lang/NoSuchFieldError': method resolution failed> (0x0000000795939a40) thrown at [/Users/java_re/workspace/8-2-build-macosx-x86_64/jdk8u144/9417/hotspot/src/share/vm/prims/methodHandles.cpp, line 1146]
Event: 0.330 Thread 0x00007fb450001800 Exception <a 'java/io/FileNotFoundException'> (0x00000007959b4558) thrown at [/Users/java_re/workspace/8-2-build-macosx-x86_64/jdk8u144/9417/hotspot/src/share/vm/prims/jni.cpp, line 709]
Event: 0.330 Thread 0x00007fb450001800 Exception <a 'java/io/FileNotFoundException'> (0x00000007959b5138) thrown at [/Users/java_re/workspace/8-2-build-macosx-x86_64/jdk8u144/9417/hotspot/src/share/vm/prims/jni.cpp, line 709]
Event: 10.570 Thread 0x00007fb450966000 Implicit null exception at 0x000000011a257e43 to 0x000000011a258001

Events (10 events):
Event: 20.737 Thread 0x00007fb450966000 Thread exited: 0x00007fb450966000
Event: 21.146 Thread 0x00007fb450172800 Thread added: 0x00007fb450172800
Event: 21.767 Thread 0x00007fb450001800 Uncommon trap: trap_request=0xffffff65 fr.pc=0x000000011a276738
Event: 21.767 Thread 0x00007fb450001800 DEOPT PACKING pc=0x000000011a276738 sp=0x000070000be7b830
Event: 21.767 Thread 0x00007fb450001800 DEOPT UNPACKING pc=0x0000000119edc229 sp=0x000070000be7b808 mode 2
Event: 21.777 loading class org/lwjgl/opengl/CallbackUtil
Event: 21.777 loading class org/lwjgl/opengl/CallbackUtil done
Event: 21.778 Thread 0x00007fb450001800 Uncommon trap: trap_request=0xffffff65 fr.pc=0x000000011a1b8e3c
Event: 21.778 Thread 0x00007fb450001800 DEOPT PACKING pc=0x000000011a1b8e3c sp=0x000070000be79340
Event: 21.778 Thread 0x00007fb450001800 DEOPT UNPACKING pc=0x0000000119edc229 sp=0x000070000be79300 mode 2


Dynamic libraries:
0x0000000046177000 	/System/Library/Frameworks/Cocoa.framework/Versions/A/Cocoa
0x0000000046177000 	/System/Library/Frameworks/Security.framework/Versions/A/Security
0x0000000046177000 	/System/Library/Frameworks/ApplicationServices.framework/Versions/A/ApplicationServices
0x0000000046177000 	/usr/lib/libz.1.dylib
0x0000000046177000 	/usr/lib/libSystem.B.dylib
0x0000000046177000 	/usr/lib/libobjc.A.dylib
0x0000000046177000 	/System/Library/Frameworks/CoreFoundation.framework/Versions/A/CoreFoundation
0x0000000046177000 	/System/Library/Frameworks/Foundation.framework/Versions/C/Foundation
0x0000000046177000 	/System/Library/Frameworks/AppKit.framework/Versions/C/AppKit
0x0000000046177000 	/System/Library/Frameworks/CoreData.framework/Versions/A/CoreData
0x0000000046177000 	/System/Library/PrivateFrameworks/RemoteViewServices.framework/Versions/A/RemoteViewServices
0x0000000046177000 	/System/Library/PrivateFrameworks/UIFoundation.framework/Versions/A/UIFoundation
0x0000000046177000 	/System/Library/PrivateFrameworks/DFRFoundation.framework/Versions/A/DFRFoundation
0x0000000046177000 	/usr/lib/libenergytrace.dylib
0x0000000046177000 	/System/Library/PrivateFrameworks/SkyLight.framework/Versions/A/SkyLight
0x0000000046177000 	/System/Library/Frameworks/CoreGraphics.framework/Versions/A/CoreGraphics
0x0000000046177000 	/usr/lib/libScreenReader.dylib
0x0000000046177000 	/System/Library/Frameworks/Accelerate.framework/Versions/A/Accelerate
0x0000000046177000 	/System/Library/Frameworks/IOSurface.framework/Versions/A/IOSurface
0x0000000046177000 	/System/Library/Frameworks/AudioToolbox.framework/Versions/A/AudioToolbox
0x0000000046177000 	/System/Library/Frameworks/AudioUnit.framework/Versions/A/AudioUnit
0x0000000046177000 	/System/Library/PrivateFrameworks/DataDetectorsCore.framework/Versions/A/DataDetectorsCore
0x0000000046177000 	/System/Library/PrivateFrameworks/DesktopServicesPriv.framework/Versions/A/DesktopServicesPriv
0x0000000046177000 	/System/Library/Frameworks/Carbon.framework/Versions/A/Frameworks/HIToolbox.framework/Versions/A/HIToolbox
0x0000000046177000 	/usr/lib/libicucore.A.dylib
0x0000000046177000 	/System/Library/Frameworks/QuartzCore.framework/Versions/A/QuartzCore
0x0000000046177000 	/System/Library/Frameworks/Carbon.framework/Versions/A/Frameworks/SpeechRecognition.framework/Versions/A/SpeechRecognition
0x0000000046177000 	/usr/lib/libauto.dylib
0x0000000046177000 	/usr/lib/libxml2.2.dylib
0x0000000046177000 	/System/Library/PrivateFrameworks/CoreUI.framework/Versions/A/CoreUI
0x0000000046177000 	/System/Library/Frameworks/CoreAudio.framework/Versions/A/CoreAudio
0x0000000046177000 	/System/Library/Frameworks/DiskArbitration.framework/Versions/A/DiskArbitration
0x0000000046177000 	/usr/lib/liblangid.dylib
0x0000000046177000 	/System/Library/PrivateFrameworks/MultitouchSupport.framework/Versions/A/MultitouchSupport
0x0000000046177000 	/System/Library/Frameworks/IOKit.framework/Versions/A/IOKit
0x0000000046177000 	/usr/lib/libDiagnosticMessagesClient.dylib
0x0000000046177000 	/System/Library/Frameworks/CoreServices.framework/Versions/A/CoreServices
0x0000000046177000 	/System/Library/PrivateFrameworks/PerformanceAnalysis.framework/Versions/A/PerformanceAnalysis
0x0000000046177000 	/System/Library/PrivateFrameworks/GenerationalStorage.framework/Versions/A/GenerationalStorage
0x0000000046177000 	/System/Library/Frameworks/OpenGL.framework/Versions/A/OpenGL
0x0000000046177000 	/System/Library/Frameworks/CoreImage.framework/Versions/A/CoreImage
0x0000000046177000 	/System/Library/Frameworks/CoreText.framework/Versions/A/CoreText
0x0000000046177000 	/System/Library/Frameworks/ImageIO.framework/Versions/A/ImageIO
0x0000000046177000 	/System/Library/PrivateFrameworks/Backup.framework/Versions/A/Backup
0x0000000046177000 	/usr/lib/libarchive.2.dylib
0x0000000046177000 	/System/Library/Frameworks/CFNetwork.framework/Versions/A/CFNetwork
0x0000000046177000 	/System/Library/Frameworks/SystemConfiguration.framework/Versions/A/SystemConfiguration
0x0000000046177000 	/usr/lib/libCRFSuite.dylib
0x0000000046177000 	/usr/lib/libc++.1.dylib
0x0000000046177000 	/usr/lib/libc++abi.dylib
0x0000000046177000 	/usr/lib/system/libcache.dylib
0x0000000046177000 	/usr/lib/system/libcommonCrypto.dylib
0x0000000046177000 	/usr/lib/system/libcompiler_rt.dylib
0x0000000046177000 	/usr/lib/system/libcopyfile.dylib
0x0000000046177000 	/usr/lib/system/libcorecrypto.dylib
0x0000000046177000 	/usr/lib/system/libdispatch.dylib
0x0000000046177000 	/usr/lib/system/libdyld.dylib
0x0000000046177000 	/usr/lib/system/libkeymgr.dylib
0x0000000046177000 	/usr/lib/system/liblaunch.dylib
0x0000000046177000 	/usr/lib/system/libmacho.dylib
0x0000000046177000 	/usr/lib/system/libquarantine.dylib
0x0000000046177000 	/usr/lib/system/libremovefile.dylib
0x0000000046177000 	/usr/lib/system/libsystem_asl.dylib
0x0000000046177000 	/usr/lib/system/libsystem_blocks.dylib
0x0000000046177000 	/usr/lib/system/libsystem_c.dylib
0x0000000046177000 	/usr/lib/system/libsystem_configuration.dylib
0x0000000046177000 	/usr/lib/system/libsystem_coreservices.dylib
0x0000000046177000 	/usr/lib/system/libsystem_coretls.dylib
0x0000000046177000 	/usr/lib/system/libsystem_dnssd.dylib
0x0000000046177000 	/usr/lib/system/libsystem_info.dylib
0x0000000046177000 	/usr/lib/system/libsystem_kernel.dylib
0x0000000046177000 	/usr/lib/system/libsystem_m.dylib
0x0000000046177000 	/usr/lib/system/libsystem_malloc.dylib
0x0000000046177000 	/usr/lib/system/libsystem_network.dylib
0x0000000046177000 	/usr/lib/system/libsystem_networkextension.dylib
0x0000000046177000 	/usr/lib/system/libsystem_notify.dylib
0x0000000046177000 	/usr/lib/system/libsystem_platform.dylib
0x0000000046177000 	/usr/lib/system/libsystem_pthread.dylib
0x0000000046177000 	/usr/lib/system/libsystem_sandbox.dylib
0x0000000046177000 	/usr/lib/system/libsystem_secinit.dylib
0x0000000046177000 	/usr/lib/system/libsystem_symptoms.dylib
0x0000000046177000 	/usr/lib/system/libsystem_trace.dylib
0x0000000046177000 	/usr/lib/system/libunwind.dylib
0x0000000046177000 	/usr/lib/system/libxpc.dylib
0x0000000046177000 	/usr/lib/libbsm.0.dylib
0x0000000046177000 	/usr/lib/system/libkxld.dylib
0x0000000046177000 	/usr/lib/libcoretls.dylib
0x0000000046177000 	/usr/lib/libcoretls_cfhelpers.dylib
0x0000000046177000 	/usr/lib/libOpenScriptingUtil.dylib
0x0000000046177000 	/usr/lib/libpam.2.dylib
0x0000000046177000 	/usr/lib/libsqlite3.dylib
0x0000000046177000 	/usr/lib/libxar.1.dylib
0x0000000046177000 	/usr/lib/libbz2.1.0.dylib
0x0000000046177000 	/usr/lib/liblzma.5.dylib
0x0000000046177000 	/usr/lib/libnetwork.dylib
0x0000000046177000 	/usr/lib/libpcap.A.dylib
0x0000000046177000 	/System/Library/Frameworks/CoreServices.framework/Versions/A/Frameworks/FSEvents.framework/Versions/A/FSEvents
0x0000000046177000 	/System/Library/Frameworks/CoreServices.framework/Versions/A/Frameworks/CarbonCore.framework/Versions/A/CarbonCore
0x0000000046177000 	/System/Library/Frameworks/CoreServices.framework/Versions/A/Frameworks/Metadata.framework/Versions/A/Metadata
0x0000000046177000 	/System/Library/Frameworks/CoreServices.framework/Versions/A/Frameworks/OSServices.framework/Versions/A/OSServices
0x0000000046177000 	/System/Library/Frameworks/CoreServices.framework/Versions/A/Frameworks/SearchKit.framework/Versions/A/SearchKit
0x0000000046177000 	/System/Library/Frameworks/CoreServices.framework/Versions/A/Frameworks/AE.framework/Versions/A/AE
0x0000000046177000 	/System/Library/Frameworks/CoreServices.framework/Versions/A/Frameworks/LaunchServices.framework/Versions/A/LaunchServices
0x0000000046177000 	/System/Library/Frameworks/CoreServices.framework/Versions/A/Frameworks/DictionaryServices.framework/Versions/A/DictionaryServices
0x0000000046177000 	/System/Library/Frameworks/CoreServices.framework/Versions/A/Frameworks/SharedFileList.framework/Versions/A/SharedFileList
0x0000000046177000 	/System/Library/Frameworks/NetFS.framework/Versions/A/NetFS
0x0000000046177000 	/System/Library/PrivateFrameworks/NetAuth.framework/Versions/A/NetAuth
0x0000000046177000 	/System/Library/PrivateFrameworks/login.framework/Versions/A/Frameworks/loginsupport.framework/Versions/A/loginsupport
0x0000000046177000 	/System/Library/PrivateFrameworks/TCC.framework/Versions/A/TCC
0x0000000046177000 	/usr/lib/libmecabra.dylib
0x0000000046177000 	/System/Library/Frameworks/ApplicationServices.framework/Versions/A/Frameworks/ATS.framework/Versions/A/ATS
0x0000000046177000 	/System/Library/Frameworks/ApplicationServices.framework/Versions/A/Frameworks/ColorSync.framework/Versions/A/ColorSync
0x0000000046177000 	/System/Library/Frameworks/ApplicationServices.framework/Versions/A/Frameworks/HIServices.framework/Versions/A/HIServices
0x0000000046177000 	/System/Library/Frameworks/ApplicationServices.framework/Versions/A/Frameworks/LangAnalysis.framework/Versions/A/LangAnalysis
0x0000000046177000 	/System/Library/Frameworks/ApplicationServices.framework/Versions/A/Frameworks/PrintCore.framework/Versions/A/PrintCore
0x0000000046177000 	/System/Library/Frameworks/ApplicationServices.framework/Versions/A/Frameworks/QD.framework/Versions/A/QD
0x0000000046177000 	/System/Library/Frameworks/ApplicationServices.framework/Versions/A/Frameworks/SpeechSynthesis.framework/Versions/A/SpeechSynthesis
0x0000000046177000 	/System/Library/Frameworks/Accelerate.framework/Versions/A/Frameworks/vImage.framework/Versions/A/vImage
0x0000000046177000 	/System/Library/Frameworks/Accelerate.framework/Versions/A/Frameworks/vecLib.framework/Versions/A/vecLib
0x0000000046177000 	/System/Library/Frameworks/Accelerate.framework/Versions/A/Frameworks/vecLib.framework/Versions/A/libvDSP.dylib
0x0000000046177000 	/System/Library/Frameworks/Accelerate.framework/Versions/A/Frameworks/vecLib.framework/Versions/A/libBNNS.dylib
0x0000000046177000 	/System/Library/Frameworks/Accelerate.framework/Versions/A/Frameworks/vecLib.framework/Versions/A/libQuadrature.dylib
0x0000000046177000 	/System/Library/Frameworks/Accelerate.framework/Versions/A/Frameworks/vecLib.framework/Versions/A/libvMisc.dylib
0x0000000046177000 	/System/Library/Frameworks/Accelerate.framework/Versions/A/Frameworks/vecLib.framework/Versions/A/libLAPACK.dylib
0x0000000046177000 	/System/Library/Frameworks/Accelerate.framework/Versions/A/Frameworks/vecLib.framework/Versions/A/libBLAS.dylib
0x0000000046177000 	/System/Library/Frameworks/Accelerate.framework/Versions/A/Frameworks/vecLib.framework/Versions/A/libLinearAlgebra.dylib
0x0000000046177000 	/System/Library/Frameworks/Accelerate.framework/Versions/A/Frameworks/vecLib.framework/Versions/A/libSparseBLAS.dylib
0x0000000046177000 	/System/Library/Frameworks/ApplicationServices.framework/Versions/A/Frameworks/ATS.framework/Versions/A/Resources/libFontParser.dylib
0x0000000046177000 	/System/Library/Frameworks/ApplicationServices.framework/Versions/A/Frameworks/ATS.framework/Versions/A/Resources/libFontRegistry.dylib
0x0000000046177000 	/System/Library/Frameworks/ImageIO.framework/Versions/A/Resources/libJPEG.dylib
0x0000000046177000 	/System/Library/Frameworks/ImageIO.framework/Versions/A/Resources/libTIFF.dylib
0x0000000046177000 	/System/Library/Frameworks/ImageIO.framework/Versions/A/Resources/libPng.dylib
0x0000000046177000 	/System/Library/Frameworks/ImageIO.framework/Versions/A/Resources/libGIF.dylib
0x0000000046177000 	/System/Library/Frameworks/ImageIO.framework/Versions/A/Resources/libJP2.dylib
0x0000000046177000 	/System/Library/Frameworks/ImageIO.framework/Versions/A/Resources/libRadiance.dylib
0x0000000046177000 	/usr/lib/libcompression.dylib
0x0000000046177000 	/System/Library/PrivateFrameworks/AppleJPEG.framework/Versions/A/AppleJPEG
0x0000000046177000 	/usr/lib/libcups.2.dylib
0x0000000046177000 	/System/Library/Frameworks/Kerberos.framework/Versions/A/Kerberos
0x0000000046177000 	/System/Library/Frameworks/GSS.framework/Versions/A/GSS
0x0000000046177000 	/usr/lib/libresolv.9.dylib
0x0000000046177000 	/usr/lib/libiconv.2.dylib
0x0000000046177000 	/System/Library/PrivateFrameworks/Heimdal.framework/Versions/A/Heimdal
0x0000000046177000 	/usr/lib/libheimdal-asn1.dylib
0x0000000046177000 	/System/Library/Frameworks/OpenDirectory.framework/Versions/A/OpenDirectory
0x0000000046177000 	/System/Library/PrivateFrameworks/CommonAuth.framework/Versions/A/CommonAuth
0x0000000046177000 	/System/Library/Frameworks/OpenDirectory.framework/Versions/A/Frameworks/CFOpenDirectory.framework/Versions/A/CFOpenDirectory
0x0000000046177000 	/System/Library/Frameworks/SecurityFoundation.framework/Versions/A/SecurityFoundation
0x0000000046177000 	/System/Library/PrivateFrameworks/LanguageModeling.framework/Versions/A/LanguageModeling
0x0000000046177000 	/usr/lib/libmarisa.dylib
0x0000000046177000 	/usr/lib/libChineseTokenizer.dylib
0x0000000046177000 	/usr/lib/libcmph.dylib
0x0000000046177000 	/System/Library/PrivateFrameworks/CoreEmoji.framework/Versions/A/CoreEmoji
0x0000000046177000 	/System/Library/Frameworks/ServiceManagement.framework/Versions/A/ServiceManagement
0x0000000046177000 	/usr/lib/libxslt.1.dylib
0x0000000046177000 	/System/Library/Frameworks/Carbon.framework/Versions/A/Frameworks/Ink.framework/Versions/A/Ink
0x0000000046177000 	/System/Library/PrivateFrameworks/TextureIO.framework/Versions/A/TextureIO
0x0000000046177000 	/System/Library/Frameworks/Metal.framework/Versions/A/Metal
0x0000000046177000 	/usr/lib/libate.dylib
0x0000000046177000 	/System/Library/PrivateFrameworks/GPUCompiler.framework/libmetal_timestamp.dylib
0x0000000046177000 	/System/Library/Frameworks/OpenGL.framework/Versions/A/Libraries/libCoreFSCache.dylib
0x0000000046177000 	/System/Library/PrivateFrameworks/IOAccelerator.framework/Versions/A/IOAccelerator
0x0000000046177000 	/System/Library/Frameworks/CoreVideo.framework/Versions/A/CoreVideo
0x0000000046177000 	/usr/lib/libFosl_dynamic.dylib
0x0000000046177000 	/System/Library/PrivateFrameworks/MetalPerformanceShaders.framework/Versions/A/MetalPerformanceShaders
0x0000000046177000 	/System/Library/PrivateFrameworks/FaceCore.framework/Versions/A/FaceCore
0x0000000046177000 	/System/Library/Frameworks/OpenCL.framework/Versions/A/OpenCL
0x0000000046177000 	/System/Library/Frameworks/OpenGL.framework/Versions/A/Libraries/libGLU.dylib
0x0000000046177000 	/System/Library/Frameworks/OpenGL.framework/Versions/A/Libraries/libGFXShared.dylib
0x0000000046177000 	/System/Library/Frameworks/OpenGL.framework/Versions/A/Libraries/libGL.dylib
0x0000000046177000 	/System/Library/Frameworks/OpenGL.framework/Versions/A/Libraries/libGLImage.dylib
0x0000000046177000 	/System/Library/Frameworks/OpenGL.framework/Versions/A/Libraries/libCVMSPluginSupport.dylib
0x0000000046177000 	/System/Library/Frameworks/OpenGL.framework/Versions/A/Libraries/libCoreVMClient.dylib
0x0000000046177000 	/System/Library/PrivateFrameworks/CrashReporterSupport.framework/Versions/A/CrashReporterSupport
0x0000000046177000 	/System/Library/PrivateFrameworks/Sharing.framework/Versions/A/Sharing
0x0000000046177000 	/System/Library/PrivateFrameworks/IconServices.framework/Versions/A/IconServices
0x0000000046177000 	/System/Library/PrivateFrameworks/ProtocolBuffer.framework/Versions/A/ProtocolBuffer
0x0000000046177000 	/System/Library/PrivateFrameworks/Apple80211.framework/Versions/A/Apple80211
0x0000000046177000 	/System/Library/Frameworks/CoreWLAN.framework/Versions/A/CoreWLAN
0x0000000046177000 	/System/Library/PrivateFrameworks/CoreUtils.framework/Versions/A/CoreUtils
0x0000000046177000 	/System/Library/Frameworks/IOBluetooth.framework/Versions/A/IOBluetooth
0x0000000046177000 	/System/Library/PrivateFrameworks/CoreWiFi.framework/Versions/A/CoreWiFi
0x0000000046177000 	/System/Library/Frameworks/CoreBluetooth.framework/Versions/A/CoreBluetooth
0x0000000046177000 	/System/Library/Frameworks/CoreDisplay.framework/Versions/A/CoreDisplay
0x0000000046177000 	/System/Library/PrivateFrameworks/IOPresentment.framework/Versions/A/IOPresentment
0x0000000046177000 	/System/Library/PrivateFrameworks/DSExternalDisplay.framework/Versions/A/DSExternalDisplay
0x0000000046177000 	/System/Library/PrivateFrameworks/DebugSymbols.framework/Versions/A/DebugSymbols
0x0000000046177000 	/System/Library/PrivateFrameworks/CoreSymbolication.framework/Versions/A/CoreSymbolication
0x0000000046177000 	/System/Library/PrivateFrameworks/Symbolication.framework/Versions/A/Symbolication
0x0000000046177000 	/System/Library/PrivateFrameworks/AppleFSCompression.framework/Versions/A/AppleFSCompression
0x0000000046177000 	/System/Library/PrivateFrameworks/SpeechRecognitionCore.framework/Versions/A/SpeechRecognitionCore
0x0000000046177000 	/System/Library/PrivateFrameworks/ChunkingLibrary.framework/Versions/A/ChunkingLibrary
0x000000010f800000 	/Library/Java/JavaVirtualMachines/jdk1.8.0_144.jdk/Contents/Home/jre/lib/server/libjvm.dylib
0x0000000046177000 	/usr/lib/libstdc++.6.dylib
0x000000010ef54000 	/Library/Java/JavaVirtualMachines/jdk1.8.0_144.jdk/Contents/Home/jre/lib/libverify.dylib
0x000000010ef62000 	/Library/Java/JavaVirtualMachines/jdk1.8.0_144.jdk/Contents/Home/jre/lib/libjava.dylib
0x000000010efa1000 	/Library/Java/JavaVirtualMachines/jdk1.8.0_144.jdk/Contents/Home/jre/lib/libzip.dylib
0x00000001170bb000 	/System/Library/Frameworks/JavaVM.framework/Frameworks/JavaRuntimeSupport.framework/JavaRuntimeSupport
0x00000001170d5000 	/System/Library/Frameworks/JavaVM.framework/Versions/A/Frameworks/JavaNativeFoundation.framework/Versions/A/JavaNativeFoundation
0x00000001170ea000 	/System/Library/Frameworks/JavaVM.framework/Versions/A/JavaVM
0x0000000046177000 	/System/Library/Frameworks/Carbon.framework/Versions/A/Carbon
0x00000001170f7000 	/System/Library/PrivateFrameworks/JavaLaunching.framework/Versions/A/JavaLaunching
0x0000000046177000 	/System/Library/Frameworks/Carbon.framework/Versions/A/Frameworks/CommonPanels.framework/Versions/A/CommonPanels
0x0000000046177000 	/System/Library/Frameworks/Carbon.framework/Versions/A/Frameworks/Help.framework/Versions/A/Help
0x0000000046177000 	/System/Library/Frameworks/Carbon.framework/Versions/A/Frameworks/ImageCapture.framework/Versions/A/ImageCapture
0x0000000046177000 	/System/Library/Frameworks/Carbon.framework/Versions/A/Frameworks/OpenScripting.framework/Versions/A/OpenScripting
0x0000000046177000 	/System/Library/Frameworks/Carbon.framework/Versions/A/Frameworks/Print.framework/Versions/A/Print
0x0000000046177000 	/System/Library/Frameworks/Carbon.framework/Versions/A/Frameworks/SecurityHI.framework/Versions/A/SecurityHI
0x0000000118a5e000 	/Library/Java/JavaVirtualMachines/jdk1.8.0_144.jdk/Contents/Home/jre/lib/libawt.dylib
0x0000000118b06000 	/Library/Java/JavaVirtualMachines/jdk1.8.0_144.jdk/Contents/Home/jre/lib/./libmlib_image.dylib
0x0000000118bd2000 	/Library/Java/JavaVirtualMachines/jdk1.8.0_144.jdk/Contents/Home/jre/lib/libawt_lwawt.dylib
0x0000000118c89000 	/Library/Java/JavaVirtualMachines/jdk1.8.0_144.jdk/Contents/Home/jre/lib/./libosxapp.dylib
0x0000000046177000 	/System/Library/Frameworks/ExceptionHandling.framework/Versions/A/ExceptionHandling
0x0000000046177000 	/System/Library/PrivateFrameworks/CoreServicesInternal.framework/Versions/A/CoreServicesInternal
0x0000000046177000 	/System/Library/CoreServices/RawCamera.bundle/Contents/MacOS/RawCamera
0x0000000046177000 	/System/Library/Frameworks/Accelerate.framework/Versions/A/Frameworks/vImage.framework/Versions/A/Libraries/libCGInterfaces.dylib
0x0000000046177000 	/System/Library/Frameworks/ApplicationServices.framework/Versions/A/Frameworks/ATS.framework/Versions/A/Resources/libTrueTypeScaler.dylib
0x0000000129e01000 	/System/Library/Frameworks/OpenGL.framework/Resources/GLEngine.bundle/GLEngine
0x0000000046177000 	/System/Library/Frameworks/OpenGL.framework/Versions/A/Libraries/libGLProgrammability.dylib
0x0000000129fe6000 	/System/Library/Extensions/AppleIntelKBLGraphicsGLDriver.bundle/Contents/MacOS/AppleIntelKBLGraphicsGLDriver
0x0000000046177000 	/System/Library/PrivateFrameworks/GPUSupport.framework/Versions/A/Libraries/libGPUSupportMercury.dylib
0x000000012ad69000 	/System/Library/Frameworks/OpenGL.framework/Resources//GLRendererFloat.bundle/GLRendererFloat
0x0000000046177000 	/System/Library/Frameworks/OpenCL.framework/Versions/A/Libraries/libcldcpuengine.dylib
0x0000000046177000 	/usr/lib/libcrypto.0.9.8.dylib
0x0000000046177000 	/System/Library/PrivateFrameworks/TrustEvaluationAgent.framework/Versions/A/TrustEvaluationAgent
0x000000012ad9d000 	/System/Library/Extensions/AppleIntelKBLGraphicsMTLDriver.bundle/Contents/MacOS/AppleIntelKBLGraphicsMTLDriver
0x0000000046177000 	/System/Library/PrivateFrameworks/FamilyControls.framework/Versions/A/FamilyControls
0x0000000046177000 	/System/Library/PrivateFrameworks/CommerceKit.framework/Versions/A/Frameworks/CommerceCore.framework/Versions/A/CommerceCore
0x0000000046177000 	/System/Library/PrivateFrameworks/SystemAdministration.framework/Versions/A/SystemAdministration
0x0000000046177000 	/System/Library/PrivateFrameworks/AppContainer.framework/Versions/A/AppContainer
0x0000000046177000 	/System/Library/PrivateFrameworks/SecCodeWrapper.framework/Versions/A/SecCodeWrapper
0x0000000046177000 	/System/Library/Frameworks/DirectoryService.framework/Versions/A/DirectoryService
0x0000000046177000 	/System/Library/PrivateFrameworks/DiskImages.framework/Versions/A/DiskImages
0x0000000046177000 	/System/Library/PrivateFrameworks/LoginUIKit.framework/Versions/A/Frameworks/LoginUICore.framework/Versions/A/LoginUICore
0x0000000046177000 	/usr/lib/libCoreStorage.dylib
0x0000000046177000 	/usr/lib/libcsfde.dylib
0x0000000046177000 	/usr/lib/libodfde.dylib
0x0000000046177000 	/System/Library/Frameworks/DiscRecording.framework/Versions/A/DiscRecording
0x0000000046177000 	/usr/lib/libcurl.4.dylib
0x0000000046177000 	/System/Library/PrivateFrameworks/MediaKit.framework/Versions/A/MediaKit
0x0000000046177000 	/System/Library/PrivateFrameworks/ProtectedCloudStorage.framework/Versions/A/ProtectedCloudStorage
0x0000000046177000 	/System/Library/PrivateFrameworks/EFILogin.framework/Versions/A/EFILogin
0x0000000046177000 	/usr/lib/libutil.dylib
0x0000000046177000 	/System/Library/Frameworks/LDAP.framework/Versions/A/LDAP
0x0000000046177000 	/usr/lib/libsasl2.2.dylib
0x0000000046177000 	/System/Library/PrivateFrameworks/CoreDaemon.framework/Versions/B/CoreDaemon
0x0000000046177000 	/System/Library/PrivateFrameworks/AppleSRP.framework/Versions/A/AppleSRP
0x0000000046177000 	/System/Library/PrivateFrameworks/APFS.framework/Versions/A/APFS
0x000000012c4ad000 	/Library/Java/JavaVirtualMachines/jdk1.8.0_144.jdk/Contents/Home/jre/lib/libfontmanager.dylib
0x000000012c514000 	/Users/constantinoskavadias/Google Drive/University/Third Year/Semester2/SWEN20003/Project2/lib/liblwjgl.dylib
0x00000001192ff000 	/Library/Java/JavaVirtualMachines/jdk1.8.0_144.jdk/Contents/Home/jre/lib/libjawt.dylib
0x0000000046177000 	/System/Library/PrivateFrameworks/ViewBridge.framework/Versions/A/ViewBridge
0x0000000046177000 	/System/Library/PrivateFrameworks/XPCService.framework/Versions/A/XPCService
0x0000000046177000 	/System/Library/PrivateFrameworks/AppSandbox.framework/Versions/A/AppSandbox
0x0000000046177000 	/usr/lib/libsandbox.1.dylib
0x0000000046177000 	/usr/lib/libMatch.1.dylib
0x000000012af9c000 	/Users/constantinoskavadias/Google Drive/University/Third Year/Semester2/SWEN20003/Project2/lib/libjinput-osx.dylib
0x000000012eca7000 	/System/Library/Extensions/IOHIDFamily.kext/Contents/PlugIns/IOHIDLib.plugin/Contents/MacOS/IOHIDLib

VM Arguments:
jvm_args: -Djava.library.path=/Users/constantinoskavadias/Google Drive/University/Third Year/Semester2/SWEN20003/Project2/lib -Dfile.encoding=UTF-8 
java_command: App
java_class_path (initial): /Users/constantinoskavadias/Google Drive/University/Third Year/Semester2/SWEN20003/Project2/bin:/Users/constantinoskavadias/Google Drive/University/Third Year/Semester2/SWEN20003/Project2/lib/jinput.jar:/Users/constantinoskavadias/Google Drive/University/Third Year/Semester2/SWEN20003/Project2/lib/lwjgl.jar:/Users/constantinoskavadias/Google Drive/University/Third Year/Semester2/SWEN20003/Project2/lib/slick.jar
Launcher Type: SUN_STANDARD

Environment Variables:
PATH=/usr/bin:/bin:/usr/sbin:/sbin
SHELL=/bin/bash

Signal Handlers:
SIGSEGV: [libjvm.dylib+0x5b26e5], sa_mask[0]=11111111011111110111111111111111, sa_flags=SA_ONSTACK|SA_RESTART|SA_SIGINFO
SIGBUS: [libjvm.dylib+0x5b26e5], sa_mask[0]=11111111011111110111111111111111, sa_flags=SA_RESTART|SA_SIGINFO
SIGFPE: [libjvm.dylib+0x489100], sa_mask[0]=11111111011111110111111111111111, sa_flags=SA_RESTART|SA_SIGINFO
SIGPIPE: [libjvm.dylib+0x489100], sa_mask[0]=11111111011111110111111111111111, sa_flags=SA_RESTART|SA_SIGINFO
SIGXFSZ: [libjvm.dylib+0x489100], sa_mask[0]=11111111011111110111111111111111, sa_flags=SA_RESTART|SA_SIGINFO
SIGILL: [libjvm.dylib+0x489100], sa_mask[0]=11111111011111110111111111111111, sa_flags=SA_RESTART|SA_SIGINFO
SIGUSR1: SIG_DFL, sa_mask[0]=00000000000000000000000000000000, sa_flags=none
SIGUSR2: [libjvm.dylib+0x488c1e], sa_mask[0]=00100000000000000000000000000000, sa_flags=SA_RESTART|SA_SIGINFO
SIGHUP: [libjvm.dylib+0x4871f5], sa_mask[0]=11111111011111110111111111111111, sa_flags=SA_RESTART|SA_SIGINFO
SIGINT: [libjvm.dylib+0x4871f5], sa_mask[0]=11111111011111110111111111111111, sa_flags=SA_RESTART|SA_SIGINFO
SIGTERM: [libjvm.dylib+0x4871f5], sa_mask[0]=11111111011111110111111111111111, sa_flags=SA_RESTART|SA_SIGINFO
SIGQUIT: [libjvm.dylib+0x4871f5], sa_mask[0]=11111111011111110111111111111111, sa_flags=SA_RESTART|SA_SIGINFO


---------------  S Y S T E M  ---------------

OS:Bsduname:Darwin 16.7.0 Darwin Kernel Version 16.7.0: Thu Jun 15 17:36:27 PDT 2017; root:xnu-3789.70.16~2/RELEASE_X86_64 x86_64
rlimit: STACK 8192k, CORE 0k, NPROC 709, NOFILE 10240, AS infinity
load average:1.98 1.81 1.61

CPU:total 4 (initial active 4) (2 cores per cpu, 2 threads per core) family 6 model 142 stepping 9, cmov, cx8, fxsr, mmx, sse, sse2, sse3, ssse3, sse4.1, sse4.2, popcnt, avx, avx2, aes, clmul, erms, 3dnowpref, lzcnt, ht, tsc, tscinvbit, bmi1, bmi2, adx

Memory: 4k page, physical 8388608k(66772k free)

/proc/meminfo:


vm_info: Java HotSpot(TM) 64-Bit Server VM (25.144-b01) for bsd-amd64 JRE (1.8.0_144-b01), built on Jul 21 2017 22:07:42 by "java_re" with gcc 4.2.1 (Based on Apple Inc. build 5658) (LLVM build 2336.11.00)

time: Thu Sep 21 19:17:00 2017
elapsed time: 21 seconds (0d 0h 0m 21s)

